activate torch environment
/data/joohyun7u/cjh/sh/setup.sh: line 7: activate: No such file or directory
mlp Activate Failed
20230521-21:23:07
running: cuda, 	Model: DnCNN 	epoch: 300,            	batch: 48, 	lr: 0.001 	Summary: False
./save/best_DnCNN_model17.pth
./loss/DnCNN_model11.pth
Train Size : 9000 	Validattion Size : 1000
모든 parameter 개수기준임
Number of parameters: 559363
10M 1천만보다 9440637개 여유 있음...
grad인 parameter 개수기준임
Number of parameters: 559363
10M 1천만보다 9440637개 여유 있음...
/data/joohyun7u/anaconda3/envs/mlp/lib/python3.9/site-packages/torchvision/models/_utils.py:208: UserWarning: The parameter 'pretrained' is deprecated since 0.13 and will be removed in 0.15, please use 'weights' instead.
  warnings.warn(
/data/joohyun7u/anaconda3/envs/mlp/lib/python3.9/site-packages/torchvision/models/_utils.py:223: UserWarning: Arguments other than a weight enum or `None` for 'weights' are deprecated since 0.13 and will be removed in 0.15. The current behavior is equivalent to passing `weights=VGG16_Weights.IMAGENET1K_V1`. You can also use `weights=VGG16_Weights.DEFAULT` to get the most up-to-date weights.
  warnings.warn(msg)
모델 학습 시작
torch.Size([48, 3, 128, 128]) torch.Size([48, 3, 128, 128])
	[47/188] 	Train_Loss: 3.0289
	[94/188] 	Train_Loss: 2.7722
	[141/188] 	Train_Loss: 3.0100
	[188/188] 	Train_Loss: 3.1080
Epoch 1/300 	Time: 90초               	Train_Loss: 3.0364 	Val_Loss: 2.9733
1epoch 모델 저장 완료
	[47/188] 	Train_Loss: 2.9984
	[94/188] 	Train_Loss: 3.3531
	[141/188] 	Train_Loss: 3.0798
	[188/188] 	Train_Loss: 2.4892
Epoch 2/300 	Time: 88초               	Train_Loss: 2.9056 	Val_Loss: 2.9947
	[47/188] 	Train_Loss: 2.7338
	[94/188] 	Train_Loss: 2.2966
	[141/188] 	Train_Loss: 2.5748
	[188/188] 	Train_Loss: 2.4422
Epoch 3/300 	Time: 88초               	Train_Loss: 2.6712 	Val_Loss: 2.5121
3epoch 모델 저장 완료
	[47/188] 	Train_Loss: 2.7130
	[94/188] 	Train_Loss: 2.5500
	[141/188] 	Train_Loss: 2.7100
	[188/188] 	Train_Loss: 2.4431
Epoch 4/300 	Time: 88초               	Train_Loss: 2.5053 	Val_Loss: 2.4428
4epoch 모델 저장 완료
	[47/188] 	Train_Loss: 2.3764
	[94/188] 	Train_Loss: 2.3526
	[141/188] 	Train_Loss: 2.5828
	[188/188] 	Train_Loss: 2.5239
Epoch 5/300 	Time: 88초               	Train_Loss: 2.3888 	Val_Loss: 2.4268
5epoch 모델 저장 완료
	[47/188] 	Train_Loss: 2.1417
	[94/188] 	Train_Loss: 2.2227
	[141/188] 	Train_Loss: 2.5173
	[188/188] 	Train_Loss: 2.4243
Epoch 6/300 	Time: 88초               	Train_Loss: 2.3556 	Val_Loss: 2.3721
6epoch 모델 저장 완료
	[47/188] 	Train_Loss: 2.3180
	[94/188] 	Train_Loss: 2.1921
	[141/188] 	Train_Loss: 2.1587
	[188/188] 	Train_Loss: 2.4170
Epoch 7/300 	Time: 89초               	Train_Loss: 2.3156 	Val_Loss: 2.4040
	[47/188] 	Train_Loss: 2.4178
	[94/188] 	Train_Loss: 2.3152
	[141/188] 	Train_Loss: 2.4574
	[188/188] 	Train_Loss: 2.4150
Epoch 8/300 	Time: 88초               	Train_Loss: 2.3532 	Val_Loss: 2.4451
	[47/188] 	Train_Loss: 2.3707
	[94/188] 	Train_Loss: 2.3584
	[141/188] 	Train_Loss: 2.6237
	[188/188] 	Train_Loss: 2.0903
Epoch 9/300 	Time: 88초               	Train_Loss: 2.3282 	Val_Loss: 2.3789
	[47/188] 	Train_Loss: 2.5229
	[94/188] 	Train_Loss: 2.3778
	[141/188] 	Train_Loss: 2.3102
	[188/188] 	Train_Loss: 2.3685
Epoch 10/300 	Time: 88초               	Train_Loss: 2.2721 	Val_Loss: 2.2741
10epoch 모델 저장 완료
	[47/188] 	Train_Loss: 2.2915
	[94/188] 	Train_Loss: 2.5516
	[141/188] 	Train_Loss: 2.2996
	[188/188] 	Train_Loss: 2.3697
Epoch 11/300 	Time: 88초               	Train_Loss: 2.2526 	Val_Loss: 2.3540
	[47/188] 	Train_Loss: 2.3966
	[94/188] 	Train_Loss: 2.4774
	[141/188] 	Train_Loss: 2.0648
	[188/188] 	Train_Loss: 2.3233
Epoch 12/300 	Time: 88초               	Train_Loss: 2.2249 	Val_Loss: 2.2469
12epoch 모델 저장 완료
	[47/188] 	Train_Loss: 2.2739
	[94/188] 	Train_Loss: 2.0810
	[141/188] 	Train_Loss: 2.3652
	[188/188] 	Train_Loss: 2.3129
Epoch 13/300 	Time: 88초               	Train_Loss: 2.2100 	Val_Loss: 2.2804
	[47/188] 	Train_Loss: 2.0174
	[94/188] 	Train_Loss: 2.3153
	[141/188] 	Train_Loss: 2.3061
	[188/188] 	Train_Loss: 2.0813
Epoch 14/300 	Time: 88초               	Train_Loss: 2.1995 	Val_Loss: 2.2259
14epoch 모델 저장 완료
	[47/188] 	Train_Loss: 2.2223
	[94/188] 	Train_Loss: 2.0614
	[141/188] 	Train_Loss: 2.0374
	[188/188] 	Train_Loss: 2.3006
Epoch 15/300 	Time: 88초               	Train_Loss: 2.1767 	Val_Loss: 2.2495
	[47/188] 	Train_Loss: 2.3426
	[94/188] 	Train_Loss: 2.2914
	[141/188] 	Train_Loss: 2.5893
	[188/188] 	Train_Loss: 2.3005
Epoch 16/300 	Time: 88초               	Train_Loss: 2.2437 	Val_Loss: 2.2370
	[47/188] 	Train_Loss: 2.6501
	[94/188] 	Train_Loss: 1.9587
	[141/188] 	Train_Loss: 2.3587
	[188/188] 	Train_Loss: 2.3279
Epoch 17/300 	Time: 88초               	Train_Loss: 2.2050 	Val_Loss: 2.2351
	[47/188] 	Train_Loss: 2.0900
	[94/188] 	Train_Loss: 2.3363
	[141/188] 	Train_Loss: 2.2619
	[188/188] 	Train_Loss: 1.9465
Epoch 18/300 	Time: 88초               	Train_Loss: 2.1710 	Val_Loss: 2.1657
18epoch 모델 저장 완료
	[47/188] 	Train_Loss: 2.1231
	[94/188] 	Train_Loss: 2.3178
	[141/188] 	Train_Loss: 2.2495
	[188/188] 	Train_Loss: 2.0913
Epoch 19/300 	Time: 88초               	Train_Loss: 2.1531 	Val_Loss: 2.3490
	[47/188] 	Train_Loss: 2.0744
	[94/188] 	Train_Loss: 1.8717
	[141/188] 	Train_Loss: 1.9215
	[188/188] 	Train_Loss: 2.1689
Epoch 20/300 	Time: 88초               	Train_Loss: 2.1416 	Val_Loss: 2.1461
20epoch 모델 저장 완료
	[47/188] 	Train_Loss: 1.9726
	[94/188] 	Train_Loss: 2.0018
	[141/188] 	Train_Loss: 2.5100
	[188/188] 	Train_Loss: 2.1260
Epoch 21/300 	Time: 88초               	Train_Loss: 2.1296 	Val_Loss: 2.1660
	[47/188] 	Train_Loss: 2.1101
	[94/188] 	Train_Loss: 2.0902
	[141/188] 	Train_Loss: 2.0456
	[188/188] 	Train_Loss: 2.0820
Epoch 22/300 	Time: 88초               	Train_Loss: 2.1316 	Val_Loss: 2.0938
22epoch 모델 저장 완료
	[47/188] 	Train_Loss: 2.0903
	[94/188] 	Train_Loss: 2.0490
	[141/188] 	Train_Loss: 2.0339
	[188/188] 	Train_Loss: 2.2534
Epoch 23/300 	Time: 88초               	Train_Loss: 2.1403 	Val_Loss: 2.2172
	[47/188] 	Train_Loss: 2.5249
	[94/188] 	Train_Loss: 1.9071
	[141/188] 	Train_Loss: 2.0787
	[188/188] 	Train_Loss: 1.8970
Epoch 24/300 	Time: 88초               	Train_Loss: 2.1343 	Val_Loss: 2.1441
	[47/188] 	Train_Loss: 1.9169
	[94/188] 	Train_Loss: 2.1312
	[141/188] 	Train_Loss: 2.0623
	[188/188] 	Train_Loss: 2.4278
Epoch 25/300 	Time: 88초               	Train_Loss: 2.1253 	Val_Loss: 2.5311
	[47/188] 	Train_Loss: 2.0633
	[94/188] 	Train_Loss: 2.1802
	[141/188] 	Train_Loss: 2.1358
	[188/188] 	Train_Loss: 2.5290
Epoch 26/300 	Time: 88초               	Train_Loss: 2.1070 	Val_Loss: 2.1557
	[47/188] 	Train_Loss: 2.3599
	[94/188] 	Train_Loss: 2.1319
	[141/188] 	Train_Loss: 1.9689
	[188/188] 	Train_Loss: 2.0726
Epoch 27/300 	Time: 88초               	Train_Loss: 2.1043 	Val_Loss: 2.1841
	[47/188] 	Train_Loss: 2.2103
	[94/188] 	Train_Loss: 1.9788
	[141/188] 	Train_Loss: 2.2073
	[188/188] 	Train_Loss: 2.1507
Epoch 28/300 	Time: 88초               	Train_Loss: 2.1079 	Val_Loss: 2.2341
	[47/188] 	Train_Loss: 2.3831
	[94/188] 	Train_Loss: 1.9486
	[141/188] 	Train_Loss: 2.1555
	[188/188] 	Train_Loss: 2.0705
Epoch 29/300 	Time: 88초               	Train_Loss: 2.0929 	Val_Loss: 2.1195
	[47/188] 	Train_Loss: 1.9192
	[94/188] 	Train_Loss: 2.4647
	[141/188] 	Train_Loss: 2.1341
	[188/188] 	Train_Loss: 2.1271
Epoch 30/300 	Time: 88초               	Train_Loss: 2.2012 	Val_Loss: 2.2880
	[47/188] 	Train_Loss: 2.3006
	[94/188] 	Train_Loss: 2.0363
	[141/188] 	Train_Loss: 1.9470
	[188/188] 	Train_Loss: 2.1743
Epoch 31/300 	Time: 88초               	Train_Loss: 2.1518 	Val_Loss: 2.2086
	[47/188] 	Train_Loss: 2.3307
	[94/188] 	Train_Loss: 1.8806
	[141/188] 	Train_Loss: 2.1289
	[188/188] 	Train_Loss: 2.0599
Epoch 32/300 	Time: 88초               	Train_Loss: 2.1191 	Val_Loss: 2.1635
	[47/188] 	Train_Loss: 1.9530
	[94/188] 	Train_Loss: 2.2454
	[141/188] 	Train_Loss: 1.9606
	[188/188] 	Train_Loss: 2.0389
Epoch 33/300 	Time: 88초               	Train_Loss: 2.1027 	Val_Loss: 2.1277
	[47/188] 	Train_Loss: 2.2668
	[94/188] 	Train_Loss: 2.0214
	[141/188] 	Train_Loss: 2.1863
	[188/188] 	Train_Loss: 2.1195
Epoch 34/300 	Time: 88초               	Train_Loss: 2.0858 	Val_Loss: 2.1280
	[47/188] 	Train_Loss: 2.1895
	[94/188] 	Train_Loss: 2.1378
	[141/188] 	Train_Loss: 1.9708
	[188/188] 	Train_Loss: 2.3161
Epoch 35/300 	Time: 88초               	Train_Loss: 2.0855 	Val_Loss: 2.2051
	[47/188] 	Train_Loss: 2.3062
	[94/188] 	Train_Loss: 2.1958
	[141/188] 	Train_Loss: 2.2063
	[188/188] 	Train_Loss: 1.7027
Epoch 36/300 	Time: 88초               	Train_Loss: 2.0893 	Val_Loss: 2.1262
	[47/188] 	Train_Loss: 2.3681
	[94/188] 	Train_Loss: 2.4877
	[141/188] 	Train_Loss: 2.0896
	[188/188] 	Train_Loss: 2.2031
Epoch 37/300 	Time: 88초               	Train_Loss: 2.0903 	Val_Loss: 2.1099
	[47/188] 	Train_Loss: 2.1233
	[94/188] 	Train_Loss: 2.3724
	[141/188] 	Train_Loss: 2.2363
	[188/188] 	Train_Loss: 2.0956
Epoch 38/300 	Time: 88초               	Train_Loss: 2.0824 	Val_Loss: 2.1134
	[47/188] 	Train_Loss: 2.0411
	[94/188] 	Train_Loss: 2.0275
	[141/188] 	Train_Loss: 1.9514
	[188/188] 	Train_Loss: 2.0915
Epoch 39/300 	Time: 88초               	Train_Loss: 2.0698 	Val_Loss: 2.1366
	[47/188] 	Train_Loss: 1.9467
	[94/188] 	Train_Loss: 2.0769
	[141/188] 	Train_Loss: 2.1561
	[188/188] 	Train_Loss: 2.2980
Epoch 40/300 	Time: 88초               	Train_Loss: 2.0790 	Val_Loss: 2.6662
	[47/188] 	Train_Loss: 2.3154
	[94/188] 	Train_Loss: 2.0681
	[141/188] 	Train_Loss: 2.1623
	[188/188] 	Train_Loss: 1.9450
Epoch 41/300 	Time: 88초               	Train_Loss: 2.1386 	Val_Loss: 2.1278
	[47/188] 	Train_Loss: 2.0205
	[94/188] 	Train_Loss: 2.1868
	[141/188] 	Train_Loss: 1.9495
	[188/188] 	Train_Loss: 1.9280
Epoch 42/300 	Time: 88초               	Train_Loss: 2.1037 	Val_Loss: 2.1037
	[47/188] 	Train_Loss: 2.3108
	[94/188] 	Train_Loss: 2.1298
	[141/188] 	Train_Loss: 1.8905
	[188/188] 	Train_Loss: 2.4793
Epoch 43/300 	Time: 88초               	Train_Loss: 2.0853 	Val_Loss: 2.1253
	[47/188] 	Train_Loss: 1.9370
	[94/188] 	Train_Loss: 1.9040
	[141/188] 	Train_Loss: 1.9955
	[188/188] 	Train_Loss: 1.9149
Epoch 44/300 	Time: 88초               	Train_Loss: 2.0619 	Val_Loss: 2.0600
44epoch 모델 저장 완료
	[47/188] 	Train_Loss: 1.9472
	[94/188] 	Train_Loss: 2.2424
	[141/188] 	Train_Loss: 1.9252
	[188/188] 	Train_Loss: 1.9556
Epoch 45/300 	Time: 88초               	Train_Loss: 2.0644 	Val_Loss: 2.0413
45epoch 모델 저장 완료
	[47/188] 	Train_Loss: 2.1226
	[94/188] 	Train_Loss: 1.9910
	[141/188] 	Train_Loss: 2.1420
	[188/188] 	Train_Loss: 2.1487
Epoch 46/300 	Time: 88초               	Train_Loss: 2.0505 	Val_Loss: 2.2005
	[47/188] 	Train_Loss: 2.0435
	[94/188] 	Train_Loss: 2.0436
	[141/188] 	Train_Loss: 2.1912
	[188/188] 	Train_Loss: 1.9660
Epoch 47/300 	Time: 88초               	Train_Loss: 2.0522 	Val_Loss: 2.2827
	[47/188] 	Train_Loss: 2.1538
	[94/188] 	Train_Loss: 1.9985
	[141/188] 	Train_Loss: 1.9441
	[188/188] 	Train_Loss: 2.7301
Epoch 48/300 	Time: 88초               	Train_Loss: 2.0593 	Val_Loss: 2.1311
	[47/188] 	Train_Loss: 2.0026
	[94/188] 	Train_Loss: 1.8192
	[141/188] 	Train_Loss: 2.0589
	[188/188] 	Train_Loss: 2.1625
Epoch 49/300 	Time: 88초               	Train_Loss: 2.0465 	Val_Loss: 2.0304
49epoch 모델 저장 완료
	[47/188] 	Train_Loss: 2.0424
	[94/188] 	Train_Loss: 2.0301
	[141/188] 	Train_Loss: 2.3231
	[188/188] 	Train_Loss: 2.3339
Epoch 50/300 	Time: 88초               	Train_Loss: 2.0756 	Val_Loss: 2.1485
	[47/188] 	Train_Loss: 2.0074
	[94/188] 	Train_Loss: 1.9324
	[141/188] 	Train_Loss: 2.2299
	[188/188] 	Train_Loss: 2.2426
Epoch 51/300 	Time: 88초               	Train_Loss: 2.0563 	Val_Loss: 2.1750
	[47/188] 	Train_Loss: 1.9849
	[94/188] 	Train_Loss: 2.1692
	[141/188] 	Train_Loss: 2.1285
	[188/188] 	Train_Loss: 2.0347
Epoch 52/300 	Time: 88초               	Train_Loss: 2.0571 	Val_Loss: 2.1144
	[47/188] 	Train_Loss: 1.9960
	[94/188] 	Train_Loss: 1.9231
	[141/188] 	Train_Loss: 2.0639
	[188/188] 	Train_Loss: 2.0199
Epoch 53/300 	Time: 88초               	Train_Loss: 2.0477 	Val_Loss: 2.1815
	[47/188] 	Train_Loss: 2.2057
	[94/188] 	Train_Loss: 2.1871
	[141/188] 	Train_Loss: 2.0014
	[188/188] 	Train_Loss: 2.1907
Epoch 54/300 	Time: 88초               	Train_Loss: 2.0411 	Val_Loss: 2.0634
	[47/188] 	Train_Loss: 2.0005
	[94/188] 	Train_Loss: 2.0209
	[141/188] 	Train_Loss: 1.5935
	[188/188] 	Train_Loss: 1.8707
Epoch 55/300 	Time: 88초               	Train_Loss: 2.0392 	Val_Loss: 2.0479
	[47/188] 	Train_Loss: 2.0185
	[94/188] 	Train_Loss: 2.2815
	[141/188] 	Train_Loss: 2.0378
	[188/188] 	Train_Loss: 1.9295
Epoch 56/300 	Time: 88초               	Train_Loss: 2.0275 	Val_Loss: 2.1763
	[47/188] 	Train_Loss: 2.0792
	[94/188] 	Train_Loss: 2.2764
	[141/188] 	Train_Loss: 2.4698
	[188/188] 	Train_Loss: 1.9094
Epoch 57/300 	Time: 88초               	Train_Loss: 2.0286 	Val_Loss: 2.2085
	[47/188] 	Train_Loss: 1.9837
	[94/188] 	Train_Loss: 1.8092
	[141/188] 	Train_Loss: 2.0888
	[188/188] 	Train_Loss: 1.9768
Epoch 58/300 	Time: 88초               	Train_Loss: 2.0469 	Val_Loss: 2.1877
	[47/188] 	Train_Loss: 2.0881
	[94/188] 	Train_Loss: 2.2856
	[141/188] 	Train_Loss: 1.7680
	[188/188] 	Train_Loss: 2.5433
Epoch 59/300 	Time: 88초               	Train_Loss: 2.0320 	Val_Loss: 2.1336
	[47/188] 	Train_Loss: 1.9800
	[94/188] 	Train_Loss: 1.9098
	[141/188] 	Train_Loss: 2.3543
	[188/188] 	Train_Loss: 2.3676
Epoch 60/300 	Time: 88초               	Train_Loss: 2.0218 	Val_Loss: 2.1202
	[47/188] 	Train_Loss: 2.0746
	[94/188] 	Train_Loss: 2.1981
	[141/188] 	Train_Loss: 2.2352
	[188/188] 	Train_Loss: 2.0441
Epoch 61/300 	Time: 88초               	Train_Loss: 2.0387 	Val_Loss: 2.0432
	[47/188] 	Train_Loss: 1.8625
	[94/188] 	Train_Loss: 2.3755
	[141/188] 	Train_Loss: 2.0691
	[188/188] 	Train_Loss: 1.9996
Epoch 62/300 	Time: 88초               	Train_Loss: 2.0250 	Val_Loss: 2.0310
	[47/188] 	Train_Loss: 1.6196
	[94/188] 	Train_Loss: 1.9614
	[141/188] 	Train_Loss: 1.9554
	[188/188] 	Train_Loss: 2.2997
Epoch 63/300 	Time: 88초               	Train_Loss: 2.0194 	Val_Loss: 2.0651
	[47/188] 	Train_Loss: 1.7758
	[94/188] 	Train_Loss: 2.0602
	[141/188] 	Train_Loss: 1.8162
	[188/188] 	Train_Loss: 2.1141
Epoch 64/300 	Time: 88초               	Train_Loss: 2.0152 	Val_Loss: 2.0107
64epoch 모델 저장 완료
	[47/188] 	Train_Loss: 1.9036
	[94/188] 	Train_Loss: 2.1566
	[141/188] 	Train_Loss: 1.9805
	[188/188] 	Train_Loss: 2.2975
Epoch 65/300 	Time: 88초               	Train_Loss: 2.0003 	Val_Loss: 2.0093
65epoch 모델 저장 완료
	[47/188] 	Train_Loss: 1.8290
	[94/188] 	Train_Loss: 2.0456
	[141/188] 	Train_Loss: 2.0998
	[188/188] 	Train_Loss: 1.8833
Epoch 66/300 	Time: 88초               	Train_Loss: 1.9956 	Val_Loss: 2.0145
	[47/188] 	Train_Loss: 1.8040
	[94/188] 	Train_Loss: 1.8221
	[141/188] 	Train_Loss: 2.1244
	[188/188] 	Train_Loss: 1.8725
Epoch 67/300 	Time: 88초               	Train_Loss: 1.9963 	Val_Loss: 2.0646
	[47/188] 	Train_Loss: 2.0883
	[94/188] 	Train_Loss: 2.0349
	[141/188] 	Train_Loss: 2.0698
	[188/188] 	Train_Loss: 1.9735
Epoch 68/300 	Time: 88초               	Train_Loss: 2.0004 	Val_Loss: 2.0294
	[47/188] 	Train_Loss: 2.0468
	[94/188] 	Train_Loss: 1.7183
	[141/188] 	Train_Loss: 2.2711
	[188/188] 	Train_Loss: 2.0998
Epoch 69/300 	Time: 88초               	Train_Loss: 2.0872 	Val_Loss: 2.1109
	[47/188] 	Train_Loss: 2.0295
	[94/188] 	Train_Loss: 1.8112
	[141/188] 	Train_Loss: 1.8742
	[188/188] 	Train_Loss: 1.8345
Epoch 70/300 	Time: 88초               	Train_Loss: 2.0468 	Val_Loss: 2.0499
	[47/188] 	Train_Loss: 2.2765
	[94/188] 	Train_Loss: 2.0181
	[141/188] 	Train_Loss: 1.8802
	[188/188] 	Train_Loss: 1.8912
Epoch 71/300 	Time: 88초               	Train_Loss: 2.0153 	Val_Loss: 2.0792
	[47/188] 	Train_Loss: 1.8369
	[94/188] 	Train_Loss: 2.0112
	[141/188] 	Train_Loss: 2.5491
	[188/188] 	Train_Loss: 2.1178
Epoch 72/300 	Time: 88초               	Train_Loss: 2.0042 	Val_Loss: 2.0039
72epoch 모델 저장 완료
	[47/188] 	Train_Loss: 1.9790
	[94/188] 	Train_Loss: 2.0861
	[141/188] 	Train_Loss: 2.2516
	[188/188] 	Train_Loss: 1.7808
Epoch 73/300 	Time: 88초               	Train_Loss: 1.9815 	Val_Loss: 2.0810
	[47/188] 	Train_Loss: 2.0331
	[94/188] 	Train_Loss: 1.7239
	[141/188] 	Train_Loss: 2.0093
	[188/188] 	Train_Loss: 1.7918
Epoch 74/300 	Time: 88초               	Train_Loss: 1.9944 	Val_Loss: 2.0096
	[47/188] 	Train_Loss: 1.8076
	[94/188] 	Train_Loss: 1.8408
	[141/188] 	Train_Loss: 2.1849
	[188/188] 	Train_Loss: 1.8485
Epoch 75/300 	Time: 88초               	Train_Loss: 1.9956 	Val_Loss: 2.0266
	[47/188] 	Train_Loss: 1.9957
	[94/188] 	Train_Loss: 2.0791
	[141/188] 	Train_Loss: 2.1756
	[188/188] 	Train_Loss: 1.8553
Epoch 76/300 	Time: 88초               	Train_Loss: 1.9957 	Val_Loss: 2.0005
76epoch 모델 저장 완료
	[47/188] 	Train_Loss: 1.8667
	[94/188] 	Train_Loss: 1.8092
	[141/188] 	Train_Loss: 2.1348
	[188/188] 	Train_Loss: 2.0911
Epoch 77/300 	Time: 88초               	Train_Loss: 1.9753 	Val_Loss: 2.0072
	[47/188] 	Train_Loss: 2.2855
	[94/188] 	Train_Loss: 2.1370
	[141/188] 	Train_Loss: 1.9734
	[188/188] 	Train_Loss: 1.9356
Epoch 78/300 	Time: 88초               	Train_Loss: 1.9755 	Val_Loss: 1.9683
78epoch 모델 저장 완료
	[47/188] 	Train_Loss: 2.2153
	[94/188] 	Train_Loss: 2.0957
	[141/188] 	Train_Loss: 1.7567
	[188/188] 	Train_Loss: 2.0278
Epoch 79/300 	Time: 88초               	Train_Loss: 1.9734 	Val_Loss: 1.9730
	[47/188] 	Train_Loss: 1.8482
	[94/188] 	Train_Loss: 1.9477
	[141/188] 	Train_Loss: 2.1209
	[188/188] 	Train_Loss: 1.8257
Epoch 80/300 	Time: 88초               	Train_Loss: 1.9684 	Val_Loss: 1.9711
	[47/188] 	Train_Loss: 1.7864
	[94/188] 	Train_Loss: 2.0408
	[141/188] 	Train_Loss: 1.9153
	[188/188] 	Train_Loss: 2.0626
Epoch 81/300 	Time: 88초               	Train_Loss: 1.9672 	Val_Loss: 2.0145
	[47/188] 	Train_Loss: 1.9940
	[94/188] 	Train_Loss: 1.9507
	[141/188] 	Train_Loss: 1.8563
	[188/188] 	Train_Loss: 2.0324
Epoch 82/300 	Time: 88초               	Train_Loss: 1.9577 	Val_Loss: 2.0302
	[47/188] 	Train_Loss: 2.0113
	[94/188] 	Train_Loss: 1.9168
	[141/188] 	Train_Loss: 1.8153
	[188/188] 	Train_Loss: 2.1245
Epoch 83/300 	Time: 88초               	Train_Loss: 1.9467 	Val_Loss: 1.9628
83epoch 모델 저장 완료
	[47/188] 	Train_Loss: 1.9234
	[94/188] 	Train_Loss: 1.8664
	[141/188] 	Train_Loss: 1.9478
	[188/188] 	Train_Loss: 2.0453
Epoch 84/300 	Time: 88초               	Train_Loss: 1.9495 	Val_Loss: 1.9772
	[47/188] 	Train_Loss: 1.9359
	[94/188] 	Train_Loss: 2.0387
	[141/188] 	Train_Loss: 2.0287
	[188/188] 	Train_Loss: 1.7911
Epoch 85/300 	Time: 88초               	Train_Loss: 1.9538 	Val_Loss: 1.9893
	[47/188] 	Train_Loss: 2.0183
	[94/188] 	Train_Loss: 1.8265
	[141/188] 	Train_Loss: 2.0017
	[188/188] 	Train_Loss: 1.6549
Epoch 86/300 	Time: 88초               	Train_Loss: 1.9487 	Val_Loss: 2.0566
	[47/188] 	Train_Loss: 2.0834
	[94/188] 	Train_Loss: 2.1423
	[141/188] 	Train_Loss: 1.9661
	[188/188] 	Train_Loss: 1.8175
Epoch 87/300 	Time: 88초               	Train_Loss: 1.9456 	Val_Loss: 2.0324
	[47/188] 	Train_Loss: 1.9228
	[94/188] 	Train_Loss: 1.8906
	[141/188] 	Train_Loss: 1.8915
	[188/188] 	Train_Loss: 2.3928
Epoch 88/300 	Time: 88초               	Train_Loss: 1.9390 	Val_Loss: 1.9658
	[47/188] 	Train_Loss: 1.8930
	[94/188] 	Train_Loss: 2.0474
	[141/188] 	Train_Loss: 2.0539
	[188/188] 	Train_Loss: 2.0430
Epoch 89/300 	Time: 88초               	Train_Loss: 1.9436 	Val_Loss: 1.9551
89epoch 모델 저장 완료
	[47/188] 	Train_Loss: 1.9254
	[94/188] 	Train_Loss: 1.7286
	[141/188] 	Train_Loss: 1.9079
	[188/188] 	Train_Loss: 1.7085
Epoch 90/300 	Time: 88초               	Train_Loss: 1.9360 	Val_Loss: 1.9505
90epoch 모델 저장 완료
	[47/188] 	Train_Loss: 2.1051
	[94/188] 	Train_Loss: 2.0931
	[141/188] 	Train_Loss: 1.9461
	[188/188] 	Train_Loss: 1.9983
Epoch 91/300 	Time: 88초               	Train_Loss: 1.9424 	Val_Loss: 1.9846
	[47/188] 	Train_Loss: 2.0019
	[94/188] 	Train_Loss: 2.0594
	[141/188] 	Train_Loss: 2.2357
	[188/188] 	Train_Loss: 2.2035
Epoch 92/300 	Time: 88초               	Train_Loss: 1.9468 	Val_Loss: 1.9496
92epoch 모델 저장 완료
	[47/188] 	Train_Loss: 2.0422
	[94/188] 	Train_Loss: 1.8641
	[141/188] 	Train_Loss: 1.8486
	[188/188] 	Train_Loss: 2.2532
Epoch 93/300 	Time: 88초               	Train_Loss: 1.9400 	Val_Loss: 1.9992
	[47/188] 	Train_Loss: 1.9290
	[94/188] 	Train_Loss: 1.8646
	[141/188] 	Train_Loss: 1.9235
	[188/188] 	Train_Loss: 1.6230
Epoch 94/300 	Time: 88초               	Train_Loss: 1.9226 	Val_Loss: 2.0240
	[47/188] 	Train_Loss: 1.9472
	[94/188] 	Train_Loss: 1.7329
	[141/188] 	Train_Loss: 1.9923
	[188/188] 	Train_Loss: 2.0985
Epoch 95/300 	Time: 88초               	Train_Loss: 1.9413 	Val_Loss: 1.9560
	[47/188] 	Train_Loss: 1.7131
	[94/188] 	Train_Loss: 1.6741
	[141/188] 	Train_Loss: 2.0303
	[188/188] 	Train_Loss: 1.7639
Epoch 96/300 	Time: 88초               	Train_Loss: 1.9560 	Val_Loss: 3.2108
	[47/188] 	Train_Loss: 2.2101
	[94/188] 	Train_Loss: 2.0992
	[141/188] 	Train_Loss: 1.9385
	[188/188] 	Train_Loss: 2.0779
Epoch 97/300 	Time: 88초               	Train_Loss: 2.0789 	Val_Loss: 2.0611
	[47/188] 	Train_Loss: 2.0333
	[94/188] 	Train_Loss: 1.6394
	[141/188] 	Train_Loss: 2.0830
	[188/188] 	Train_Loss: 2.5420
Epoch 98/300 	Time: 88초               	Train_Loss: 1.9896 	Val_Loss: 1.9532
	[47/188] 	Train_Loss: 1.9867
	[94/188] 	Train_Loss: 2.0925
	[141/188] 	Train_Loss: 1.8134
	[188/188] 	Train_Loss: 1.8058
Epoch 99/300 	Time: 88초               	Train_Loss: 1.9509 	Val_Loss: 1.9995
	[47/188] 	Train_Loss: 2.0318
	[94/188] 	Train_Loss: 1.8406
	[141/188] 	Train_Loss: 1.7049
	[188/188] 	Train_Loss: 1.8815
Epoch 100/300 	Time: 88초               	Train_Loss: 1.9545 	Val_Loss: 1.9626
	[47/188] 	Train_Loss: 1.9307
	[94/188] 	Train_Loss: 1.8121
	[141/188] 	Train_Loss: 2.1162
	[188/188] 	Train_Loss: 1.9975
Epoch 101/300 	Time: 88초               	Train_Loss: 1.9503 	Val_Loss: 1.9597
	[47/188] 	Train_Loss: 1.9069
	[94/188] 	Train_Loss: 2.0258
	[141/188] 	Train_Loss: 2.0218
	[188/188] 	Train_Loss: 1.8438
Epoch 102/300 	Time: 88초               	Train_Loss: 1.9472 	Val_Loss: 1.9191
102epoch 모델 저장 완료
	[47/188] 	Train_Loss: 2.0177
	[94/188] 	Train_Loss: 1.9856
	[141/188] 	Train_Loss: 2.1581
	[188/188] 	Train_Loss: 1.5443
Epoch 103/300 	Time: 88초               	Train_Loss: 1.9423 	Val_Loss: 1.9270
	[47/188] 	Train_Loss: 1.7765
	[94/188] 	Train_Loss: 1.8554
	[141/188] 	Train_Loss: 1.7485
	[188/188] 	Train_Loss: 2.3450
Epoch 104/300 	Time: 88초               	Train_Loss: 1.9247 	Val_Loss: 2.0053
	[47/188] 	Train_Loss: 2.0160
	[94/188] 	Train_Loss: 1.9372
	[141/188] 	Train_Loss: 1.9389
	[188/188] 	Train_Loss: 1.8676
Epoch 105/300 	Time: 88초               	Train_Loss: 1.9136 	Val_Loss: 1.9720
	[47/188] 	Train_Loss: 2.1151
	[94/188] 	Train_Loss: 2.0928
	[141/188] 	Train_Loss: 1.8353
	[188/188] 	Train_Loss: 2.1245
Epoch 106/300 	Time: 88초               	Train_Loss: 1.9252 	Val_Loss: 1.9310
	[47/188] 	Train_Loss: 2.1270
	[94/188] 	Train_Loss: 1.9958
	[141/188] 	Train_Loss: 1.9935
	[188/188] 	Train_Loss: 1.9702
Epoch 107/300 	Time: 88초               	Train_Loss: 1.9185 	Val_Loss: 1.9834
	[47/188] 	Train_Loss: 2.1495
	[94/188] 	Train_Loss: 1.7423
	[141/188] 	Train_Loss: 2.0131
	[188/188] 	Train_Loss: 1.7856
Epoch 108/300 	Time: 88초               	Train_Loss: 1.9280 	Val_Loss: 1.9472
	[47/188] 	Train_Loss: 2.0765
	[94/188] 	Train_Loss: 1.8724
	[141/188] 	Train_Loss: 2.1948
	[188/188] 	Train_Loss: 1.9967
Epoch 109/300 	Time: 88초               	Train_Loss: 1.9184 	Val_Loss: 1.9307
	[47/188] 	Train_Loss: 1.8432
	[94/188] 	Train_Loss: 1.8562
	[141/188] 	Train_Loss: 2.0610
	[188/188] 	Train_Loss: 1.9698
Epoch 110/300 	Time: 88초               	Train_Loss: 1.9246 	Val_Loss: 1.9139
110epoch 모델 저장 완료
	[47/188] 	Train_Loss: 2.2512
	[94/188] 	Train_Loss: 2.0001
	[141/188] 	Train_Loss: 2.0262
	[188/188] 	Train_Loss: 1.9383
Epoch 111/300 	Time: 92초               	Train_Loss: 1.9159 	Val_Loss: 1.9536
	[47/188] 	Train_Loss: 1.8925
	[94/188] 	Train_Loss: 1.7314
	[141/188] 	Train_Loss: 2.1446
	[188/188] 	Train_Loss: 2.0845
Epoch 112/300 	Time: 88초               	Train_Loss: 1.9042 	Val_Loss: 1.9673
	[47/188] 	Train_Loss: 1.8131
	[94/188] 	Train_Loss: 1.8845
	[141/188] 	Train_Loss: 1.9263
	[188/188] 	Train_Loss: 1.8880
Epoch 113/300 	Time: 88초               	Train_Loss: 1.9171 	Val_Loss: 1.9276
	[47/188] 	Train_Loss: 1.6726
	[94/188] 	Train_Loss: 1.9425
	[141/188] 	Train_Loss: 1.9507
	[188/188] 	Train_Loss: 1.9545
Epoch 114/300 	Time: 88초               	Train_Loss: 1.9297 	Val_Loss: 1.9669
	[47/188] 	Train_Loss: 1.9907
	[94/188] 	Train_Loss: 1.8120
	[141/188] 	Train_Loss: 2.3138
	[188/188] 	Train_Loss: 1.6679
Epoch 115/300 	Time: 88초               	Train_Loss: 1.9175 	Val_Loss: 1.9553
	[47/188] 	Train_Loss: 1.6843
	[94/188] 	Train_Loss: 1.8386
	[141/188] 	Train_Loss: 2.0846
	[188/188] 	Train_Loss: 2.1465
Epoch 116/300 	Time: 88초               	Train_Loss: 1.9101 	Val_Loss: 1.9928
	[47/188] 	Train_Loss: 2.0781
	[94/188] 	Train_Loss: 1.9622
	[141/188] 	Train_Loss: 2.0210
	[188/188] 	Train_Loss: 1.9135
Epoch 117/300 	Time: 88초               	Train_Loss: 1.9188 	Val_Loss: 1.9807
	[47/188] 	Train_Loss: 1.7734
	[94/188] 	Train_Loss: 1.7519
	[141/188] 	Train_Loss: 1.6232
	[188/188] 	Train_Loss: 2.4752
Epoch 118/300 	Time: 92초               	Train_Loss: 1.9018 	Val_Loss: 1.9328
	[47/188] 	Train_Loss: 1.7629
	[94/188] 	Train_Loss: 1.7052
	[141/188] 	Train_Loss: 1.9323
	[188/188] 	Train_Loss: 1.6820
Epoch 119/300 	Time: 88초               	Train_Loss: 1.9015 	Val_Loss: 1.9451
	[47/188] 	Train_Loss: 1.7314
	[94/188] 	Train_Loss: 1.9178
	[141/188] 	Train_Loss: 1.7964
	[188/188] 	Train_Loss: 1.9261
Epoch 120/300 	Time: 88초               	Train_Loss: 1.9099 	Val_Loss: 1.9833
	[47/188] 	Train_Loss: 1.6282
	[94/188] 	Train_Loss: 1.9066
	[141/188] 	Train_Loss: 1.8949
	[188/188] 	Train_Loss: 2.3379
Epoch 121/300 	Time: 88초               	Train_Loss: 1.9015 	Val_Loss: 1.9255
	[47/188] 	Train_Loss: 1.7649
	[94/188] 	Train_Loss: 2.0238
	[141/188] 	Train_Loss: 2.0919
	[188/188] 	Train_Loss: 2.3038
Epoch 122/300 	Time: 88초               	Train_Loss: 1.9106 	Val_Loss: 1.9853
	[47/188] 	Train_Loss: 1.7325
	[94/188] 	Train_Loss: 1.8438
	[141/188] 	Train_Loss: 2.0512
	[188/188] 	Train_Loss: 1.7585
Epoch 123/300 	Time: 88초               	Train_Loss: 1.8891 	Val_Loss: 1.9162
	[47/188] 	Train_Loss: 1.7793
	[94/188] 	Train_Loss: 1.7543
	[141/188] 	Train_Loss: 2.0360
	[188/188] 	Train_Loss: 1.9086
Epoch 124/300 	Time: 88초               	Train_Loss: 1.8958 	Val_Loss: 1.9215
	[47/188] 	Train_Loss: 2.0123
	[94/188] 	Train_Loss: 1.8830
	[141/188] 	Train_Loss: 1.7439
	[188/188] 	Train_Loss: 2.0864
Epoch 125/300 	Time: 88초               	Train_Loss: 1.9152 	Val_Loss: 1.9095
125epoch 모델 저장 완료
	[47/188] 	Train_Loss: 1.7802
	[94/188] 	Train_Loss: 2.0994
	[141/188] 	Train_Loss: 1.9867
	[188/188] 	Train_Loss: 1.5122
Epoch 126/300 	Time: 88초               	Train_Loss: 1.9009 	Val_Loss: 1.9655
	[47/188] 	Train_Loss: 2.0548
	[94/188] 	Train_Loss: 1.9501
	[141/188] 	Train_Loss: 2.2798
	[188/188] 	Train_Loss: 1.8769
Epoch 127/300 	Time: 88초               	Train_Loss: 1.8880 	Val_Loss: 1.9726
	[47/188] 	Train_Loss: 1.8600
	[94/188] 	Train_Loss: 1.8660
	[141/188] 	Train_Loss: 1.9040
	[188/188] 	Train_Loss: 1.9571
Epoch 128/300 	Time: 88초               	Train_Loss: 1.9054 	Val_Loss: 1.9360
	[47/188] 	Train_Loss: 1.6672
	[94/188] 	Train_Loss: 1.9042
	[141/188] 	Train_Loss: 1.9247
	[188/188] 	Train_Loss: 1.6689
Epoch 129/300 	Time: 88초               	Train_Loss: 1.9016 	Val_Loss: 1.9266
	[47/188] 	Train_Loss: 1.8676
	[94/188] 	Train_Loss: 1.9059
	[141/188] 	Train_Loss: 1.8218
	[188/188] 	Train_Loss: 1.9999
Epoch 130/300 	Time: 88초               	Train_Loss: 1.8920 	Val_Loss: 1.9442
	[47/188] 	Train_Loss: 1.8794
	[94/188] 	Train_Loss: 2.2589
	[141/188] 	Train_Loss: 1.9449
	[188/188] 	Train_Loss: 2.2109
Epoch 131/300 	Time: 88초               	Train_Loss: 1.8876 	Val_Loss: 1.9652
	[47/188] 	Train_Loss: 1.8386
	[94/188] 	Train_Loss: 1.9484
	[141/188] 	Train_Loss: 2.2231
	[188/188] 	Train_Loss: 2.0628
Epoch 132/300 	Time: 88초               	Train_Loss: 1.8913 	Val_Loss: 1.9430
	[47/188] 	Train_Loss: 1.9270
	[94/188] 	Train_Loss: 2.1966
	[141/188] 	Train_Loss: 1.9022
	[188/188] 	Train_Loss: 2.1542
Epoch 133/300 	Time: 88초               	Train_Loss: 1.8992 	Val_Loss: 1.9267
	[47/188] 	Train_Loss: 2.1601
	[94/188] 	Train_Loss: 2.0093
	[141/188] 	Train_Loss: 1.9137
	[188/188] 	Train_Loss: 2.0771
Epoch 134/300 	Time: 88초               	Train_Loss: 1.9090 	Val_Loss: 1.8942
134epoch 모델 저장 완료
	[47/188] 	Train_Loss: 1.6842
	[94/188] 	Train_Loss: 1.8092
	[141/188] 	Train_Loss: 1.7007
	[188/188] 	Train_Loss: 1.9261
Epoch 135/300 	Time: 88초               	Train_Loss: 1.8951 	Val_Loss: 1.8808
135epoch 모델 저장 완료
	[47/188] 	Train_Loss: 1.9814
	[94/188] 	Train_Loss: 1.7639
	[141/188] 	Train_Loss: 1.8073
	[188/188] 	Train_Loss: 1.9892
Epoch 136/300 	Time: 88초               	Train_Loss: 1.9019 	Val_Loss: 1.8918
	[47/188] 	Train_Loss: 1.8028
	[94/188] 	Train_Loss: 1.9403
	[141/188] 	Train_Loss: 2.1275
	[188/188] 	Train_Loss: 1.8816
Epoch 137/300 	Time: 88초               	Train_Loss: 1.8958 	Val_Loss: 1.9100
	[47/188] 	Train_Loss: 1.6249
	[94/188] 	Train_Loss: 2.0136
	[141/188] 	Train_Loss: 2.1156
	[188/188] 	Train_Loss: 1.9589
Epoch 138/300 	Time: 88초               	Train_Loss: 1.9064 	Val_Loss: 1.8988
	[47/188] 	Train_Loss: 1.8454
	[94/188] 	Train_Loss: 1.8910
	[141/188] 	Train_Loss: 1.6996
	[188/188] 	Train_Loss: 1.9903
Epoch 139/300 	Time: 88초               	Train_Loss: 1.8824 	Val_Loss: 2.0074
	[47/188] 	Train_Loss: 1.9261
	[94/188] 	Train_Loss: 1.9396
	[141/188] 	Train_Loss: 1.7455
	[188/188] 	Train_Loss: 2.0309
Epoch 140/300 	Time: 88초               	Train_Loss: 1.8921 	Val_Loss: 4.5307
	[47/188] 	Train_Loss: 1.9526
	[94/188] 	Train_Loss: 1.7573
	[141/188] 	Train_Loss: 1.9711
	[188/188] 	Train_Loss: 1.7763
Epoch 141/300 	Time: 88초               	Train_Loss: 1.9471 	Val_Loss: 1.9444
	[47/188] 	Train_Loss: 2.2796
	[94/188] 	Train_Loss: 1.9062
	[141/188] 	Train_Loss: 1.8104
	[188/188] 	Train_Loss: 1.7825
Epoch 142/300 	Time: 88초               	Train_Loss: 1.9004 	Val_Loss: 1.9385
	[47/188] 	Train_Loss: 1.8024
	[94/188] 	Train_Loss: 2.0185
	[141/188] 	Train_Loss: 1.8677
	[188/188] 	Train_Loss: 2.3806
Epoch 143/300 	Time: 88초               	Train_Loss: 1.8922 	Val_Loss: 1.8773
143epoch 모델 저장 완료
	[47/188] 	Train_Loss: 1.8841
	[94/188] 	Train_Loss: 1.8447
	[141/188] 	Train_Loss: 2.2318
	[188/188] 	Train_Loss: 2.2359
Epoch 144/300 	Time: 88초               	Train_Loss: 1.8858 	Val_Loss: 1.8950
	[47/188] 	Train_Loss: 1.6059
	[94/188] 	Train_Loss: 1.8330
	[141/188] 	Train_Loss: 1.8616
	[188/188] 	Train_Loss: 2.0771
Epoch 145/300 	Time: 88초               	Train_Loss: 1.8994 	Val_Loss: 1.9404
	[47/188] 	Train_Loss: 1.9440
	[94/188] 	Train_Loss: 2.1369
	[141/188] 	Train_Loss: 1.6507
	[188/188] 	Train_Loss: 2.0579
Epoch 146/300 	Time: 88초               	Train_Loss: 1.8833 	Val_Loss: 1.9102
	[47/188] 	Train_Loss: 1.6878
	[94/188] 	Train_Loss: 1.8765
	[141/188] 	Train_Loss: 1.7793
	[188/188] 	Train_Loss: 1.7080
Epoch 147/300 	Time: 88초               	Train_Loss: 1.8959 	Val_Loss: 1.9584
	[47/188] 	Train_Loss: 1.6693
	[94/188] 	Train_Loss: 1.9670
	[141/188] 	Train_Loss: 1.8081
	[188/188] 	Train_Loss: 1.9091
Epoch 148/300 	Time: 88초               	Train_Loss: 1.8896 	Val_Loss: 1.9394
	[47/188] 	Train_Loss: 1.8043
	[94/188] 	Train_Loss: 1.8763
	[141/188] 	Train_Loss: 1.6684
	[188/188] 	Train_Loss: 1.8980
Epoch 149/300 	Time: 88초               	Train_Loss: 1.8864 	Val_Loss: 1.8677
149epoch 모델 저장 완료
	[47/188] 	Train_Loss: 1.6195
	[94/188] 	Train_Loss: 1.9530
	[141/188] 	Train_Loss: 1.8668
	[188/188] 	Train_Loss: 1.7714
Epoch 150/300 	Time: 88초               	Train_Loss: 1.8820 	Val_Loss: 1.9702
	[47/188] 	Train_Loss: 1.9965
	[94/188] 	Train_Loss: 2.1505
	[141/188] 	Train_Loss: 1.8999
	[188/188] 	Train_Loss: 2.2785
Epoch 151/300 	Time: 88초               	Train_Loss: 1.8897 	Val_Loss: 1.9489
	[47/188] 	Train_Loss: 1.7827
	[94/188] 	Train_Loss: 2.1918
	[141/188] 	Train_Loss: 1.7476
	[188/188] 	Train_Loss: 1.7723
Epoch 152/300 	Time: 88초               	Train_Loss: 1.8823 	Val_Loss: 1.9087
	[47/188] 	Train_Loss: 1.9988
	[94/188] 	Train_Loss: 1.7841
	[141/188] 	Train_Loss: 1.8236
	[188/188] 	Train_Loss: 2.1109
Epoch 153/300 	Time: 88초               	Train_Loss: 1.8779 	Val_Loss: 1.9015
	[47/188] 	Train_Loss: 1.9515
	[94/188] 	Train_Loss: 2.1805
	[141/188] 	Train_Loss: 1.5182
	[188/188] 	Train_Loss: 1.7802
Epoch 154/300 	Time: 88초               	Train_Loss: 1.8872 	Val_Loss: 1.9331
	[47/188] 	Train_Loss: 2.0673
	[94/188] 	Train_Loss: 1.7793
	[141/188] 	Train_Loss: 1.7521
	[188/188] 	Train_Loss: 1.3507
Epoch 155/300 	Time: 88초               	Train_Loss: 1.8973 	Val_Loss: 1.9119
	[47/188] 	Train_Loss: 2.1690
	[94/188] 	Train_Loss: 2.0461
	[141/188] 	Train_Loss: 2.1588
	[188/188] 	Train_Loss: 2.1420
Epoch 156/300 	Time: 88초               	Train_Loss: 1.8846 	Val_Loss: 1.8886
	[47/188] 	Train_Loss: 1.8356
	[94/188] 	Train_Loss: 1.9580
	[141/188] 	Train_Loss: 1.7822
	[188/188] 	Train_Loss: 2.0463
Epoch 157/300 	Time: 88초               	Train_Loss: 1.8877 	Val_Loss: 1.9078
	[47/188] 	Train_Loss: 2.0597
	[94/188] 	Train_Loss: 1.7787
	[141/188] 	Train_Loss: 1.8150
	[188/188] 	Train_Loss: 1.5277
Epoch 158/300 	Time: 88초               	Train_Loss: 1.8796 	Val_Loss: 1.8681
	[47/188] 	Train_Loss: 1.6520
	[94/188] 	Train_Loss: 2.0305
	[141/188] 	Train_Loss: 1.9075
	[188/188] 	Train_Loss: 1.7769
Epoch 159/300 	Time: 88초               	Train_Loss: 1.8797 	Val_Loss: 1.8432
159epoch 모델 저장 완료
	[47/188] 	Train_Loss: 2.0049
	[94/188] 	Train_Loss: 1.9280
	[141/188] 	Train_Loss: 1.7670
	[188/188] 	Train_Loss: 1.9378
Epoch 160/300 	Time: 88초               	Train_Loss: 1.8771 	Val_Loss: 2.0021
	[47/188] 	Train_Loss: 1.7262
	[94/188] 	Train_Loss: 1.7233
	[141/188] 	Train_Loss: 2.0118
	[188/188] 	Train_Loss: 1.6581
Epoch 161/300 	Time: 89초               	Train_Loss: 1.8674 	Val_Loss: 1.8840
	[47/188] 	Train_Loss: 1.7170
	[94/188] 	Train_Loss: 1.7617
	[141/188] 	Train_Loss: 1.6871
	[188/188] 	Train_Loss: 1.9796
Epoch 162/300 	Time: 88초               	Train_Loss: 1.8678 	Val_Loss: 1.9181
	[47/188] 	Train_Loss: 1.7814
	[94/188] 	Train_Loss: 1.6778
	[141/188] 	Train_Loss: 1.9255
	[188/188] 	Train_Loss: 1.6202
Epoch 163/300 	Time: 88초               	Train_Loss: 1.8678 	Val_Loss: 1.9509
	[47/188] 	Train_Loss: 1.6937
	[94/188] 	Train_Loss: 1.7055
	[141/188] 	Train_Loss: 1.8336
	[188/188] 	Train_Loss: 1.7564
Epoch 164/300 	Time: 88초               	Train_Loss: 1.8720 	Val_Loss: 1.9318
	[47/188] 	Train_Loss: 1.6688
	[94/188] 	Train_Loss: 1.9994
	[141/188] 	Train_Loss: 1.9717
	[188/188] 	Train_Loss: 2.0862
Epoch 165/300 	Time: 88초               	Train_Loss: 1.8782 	Val_Loss: 1.9357
	[47/188] 	Train_Loss: 1.7928
	[94/188] 	Train_Loss: 1.7973
	[141/188] 	Train_Loss: 1.9135
	[188/188] 	Train_Loss: 1.9334
Epoch 166/300 	Time: 88초               	Train_Loss: 1.8686 	Val_Loss: 1.8384
166epoch 모델 저장 완료
	[47/188] 	Train_Loss: 1.9491
	[94/188] 	Train_Loss: 1.9885
	[141/188] 	Train_Loss: 1.8233
	[188/188] 	Train_Loss: 2.1533
Epoch 167/300 	Time: 88초               	Train_Loss: 1.8777 	Val_Loss: 1.9261
	[47/188] 	Train_Loss: 2.0878
	[94/188] 	Train_Loss: 2.1620
	[141/188] 	Train_Loss: 1.6910
	[188/188] 	Train_Loss: 1.8660
Epoch 168/300 	Time: 88초               	Train_Loss: 1.8784 	Val_Loss: 1.8957
	[47/188] 	Train_Loss: 2.0936
	[94/188] 	Train_Loss: 1.8034
	[141/188] 	Train_Loss: 1.6872
	[188/188] 	Train_Loss: 2.0905
Epoch 169/300 	Time: 88초               	Train_Loss: 1.9184 	Val_Loss: 2.5725
	[47/188] 	Train_Loss: 2.1032
	[94/188] 	Train_Loss: 2.0149
	[141/188] 	Train_Loss: 1.9885
	[188/188] 	Train_Loss: 2.1347
Epoch 170/300 	Time: 88초               	Train_Loss: 2.0298 	Val_Loss: 1.9987
	[47/188] 	Train_Loss: 2.0195
	[94/188] 	Train_Loss: 1.9268
	[141/188] 	Train_Loss: 1.8275
	[188/188] 	Train_Loss: 1.9476
Epoch 171/300 	Time: 88초               	Train_Loss: 1.9400 	Val_Loss: 1.9511
	[47/188] 	Train_Loss: 1.6827
	[94/188] 	Train_Loss: 2.0731
	[141/188] 	Train_Loss: 1.7532
	[188/188] 	Train_Loss: 2.0279
Epoch 172/300 	Time: 88초               	Train_Loss: 1.9037 	Val_Loss: 1.9647
	[47/188] 	Train_Loss: 1.8443
	[94/188] 	Train_Loss: 2.1301
	[141/188] 	Train_Loss: 1.8611
	[188/188] 	Train_Loss: 1.8963
Epoch 173/300 	Time: 88초               	Train_Loss: 1.9128 	Val_Loss: 1.9030
	[47/188] 	Train_Loss: 1.8215
	[94/188] 	Train_Loss: 1.8823
	[141/188] 	Train_Loss: 1.9385
	[188/188] 	Train_Loss: 1.7462
Epoch 174/300 	Time: 88초               	Train_Loss: 1.9021 	Val_Loss: 1.9167
	[47/188] 	Train_Loss: 1.7419
	[94/188] 	Train_Loss: 1.7400
	[141/188] 	Train_Loss: 1.9915
	[188/188] 	Train_Loss: 2.0208
Epoch 175/300 	Time: 88초               	Train_Loss: 1.8842 	Val_Loss: 1.9333
	[47/188] 	Train_Loss: 2.2206
	[94/188] 	Train_Loss: 1.9541
	[141/188] 	Train_Loss: 1.8617
	[188/188] 	Train_Loss: 1.8231
Epoch 176/300 	Time: 88초               	Train_Loss: 1.8938 	Val_Loss: 1.9339
	[47/188] 	Train_Loss: 1.7526
	[94/188] 	Train_Loss: 1.8145
	[141/188] 	Train_Loss: 1.7248
	[188/188] 	Train_Loss: 2.1488
Epoch 177/300 	Time: 88초               	Train_Loss: 1.8765 	Val_Loss: 1.9808
	[47/188] 	Train_Loss: 1.8243
	[94/188] 	Train_Loss: 1.9482
	[141/188] 	Train_Loss: 1.9455
	[188/188] 	Train_Loss: 2.2225
Epoch 178/300 	Time: 88초               	Train_Loss: 1.8795 	Val_Loss: 1.9290
	[47/188] 	Train_Loss: 2.0649
	[94/188] 	Train_Loss: 1.6592
	[141/188] 	Train_Loss: 1.9852
	[188/188] 	Train_Loss: 2.1352
Epoch 179/300 	Time: 88초               	Train_Loss: 1.8716 	Val_Loss: 1.9387
	[47/188] 	Train_Loss: 1.9112
	[94/188] 	Train_Loss: 2.1743
	[141/188] 	Train_Loss: 1.9049
	[188/188] 	Train_Loss: 1.7334
Epoch 180/300 	Time: 88초               	Train_Loss: 1.8746 	Val_Loss: 1.8960
	[47/188] 	Train_Loss: 2.0181
	[94/188] 	Train_Loss: 1.9542
	[141/188] 	Train_Loss: 1.7995
	[188/188] 	Train_Loss: 1.8069
Epoch 181/300 	Time: 88초               	Train_Loss: 1.8730 	Val_Loss: 1.9131
	[47/188] 	Train_Loss: 1.7361
	[94/188] 	Train_Loss: 2.0637
	[141/188] 	Train_Loss: 2.0427
	[188/188] 	Train_Loss: 1.6271
Epoch 182/300 	Time: 88초               	Train_Loss: 1.8711 	Val_Loss: 1.9505
	[47/188] 	Train_Loss: 1.7151
	[94/188] 	Train_Loss: 1.9002
	[141/188] 	Train_Loss: 2.0412
	[188/188] 	Train_Loss: 1.7267
Epoch 183/300 	Time: 88초               	Train_Loss: 1.8822 	Val_Loss: 1.9341
	[47/188] 	Train_Loss: 1.9633
	[94/188] 	Train_Loss: 1.9471
	[141/188] 	Train_Loss: 1.6425
	[188/188] 	Train_Loss: 1.9244
Epoch 184/300 	Time: 88초               	Train_Loss: 1.8765 	Val_Loss: 1.9874
	[47/188] 	Train_Loss: 2.0041
	[94/188] 	Train_Loss: 2.3160
	[141/188] 	Train_Loss: 1.9063
	[188/188] 	Train_Loss: 1.8282
Epoch 185/300 	Time: 88초               	Train_Loss: 1.8786 	Val_Loss: 1.9018
	[47/188] 	Train_Loss: 1.8928
	[94/188] 	Train_Loss: 1.8426
	[141/188] 	Train_Loss: 2.0000
	[188/188] 	Train_Loss: 1.8197
Epoch 186/300 	Time: 88초               	Train_Loss: 1.8721 	Val_Loss: 1.9092
	[47/188] 	Train_Loss: 1.8890
	[94/188] 	Train_Loss: 1.8961
	[141/188] 	Train_Loss: 1.9045
	[188/188] 	Train_Loss: 1.8571
Epoch 187/300 	Time: 88초               	Train_Loss: 1.8670 	Val_Loss: 1.9149
	[47/188] 	Train_Loss: 1.8718
	[94/188] 	Train_Loss: 2.0681
	[141/188] 	Train_Loss: 2.3899
	[188/188] 	Train_Loss: 1.8360
Epoch 188/300 	Time: 88초               	Train_Loss: 1.8653 	Val_Loss: 1.9296
	[47/188] 	Train_Loss: 2.0177
	[94/188] 	Train_Loss: 1.8530
	[141/188] 	Train_Loss: 1.8558
	[188/188] 	Train_Loss: 1.6385
Epoch 189/300 	Time: 88초               	Train_Loss: 1.8731 	Val_Loss: 1.9526
	[47/188] 	Train_Loss: 1.7981
	[94/188] 	Train_Loss: 1.9050
	[141/188] 	Train_Loss: 2.0811
	[188/188] 	Train_Loss: 1.8255
Epoch 190/300 	Time: 88초               	Train_Loss: 1.8737 	Val_Loss: 1.9459
	[47/188] 	Train_Loss: 1.7674
	[94/188] 	Train_Loss: 1.7654
	[141/188] 	Train_Loss: 1.8790
	[188/188] 	Train_Loss: 2.0096
Epoch 191/300 	Time: 88초               	Train_Loss: 1.8668 	Val_Loss: 1.9106
	[47/188] 	Train_Loss: 1.9198
	[94/188] 	Train_Loss: 1.8360
	[141/188] 	Train_Loss: 1.8472
	[188/188] 	Train_Loss: 1.7680
Epoch 192/300 	Time: 88초               	Train_Loss: 1.8655 	Val_Loss: 1.9578
	[47/188] 	Train_Loss: 1.5050
	[94/188] 	Train_Loss: 1.9629
	[141/188] 	Train_Loss: 1.8426
	[188/188] 	Train_Loss: 1.6513
Epoch 193/300 	Time: 88초               	Train_Loss: 1.8613 	Val_Loss: 1.8560
	[47/188] 	Train_Loss: 1.8422
	[94/188] 	Train_Loss: 2.0499
	[141/188] 	Train_Loss: 1.8369
	[188/188] 	Train_Loss: 2.0782
Epoch 194/300 	Time: 88초               	Train_Loss: 1.8757 	Val_Loss: 2.0020
	[47/188] 	Train_Loss: 2.0646
	[94/188] 	Train_Loss: 1.6103
	[141/188] 	Train_Loss: 1.8668
	[188/188] 	Train_Loss: 1.8760
Epoch 195/300 	Time: 88초               	Train_Loss: 1.8704 	Val_Loss: 1.8733
	[47/188] 	Train_Loss: 1.9598
	[94/188] 	Train_Loss: 1.8720
	[141/188] 	Train_Loss: 1.7734
	[188/188] 	Train_Loss: 2.3827
Epoch 196/300 	Time: 88초               	Train_Loss: 1.8758 	Val_Loss: 1.9202
	[47/188] 	Train_Loss: 2.0135
	[94/188] 	Train_Loss: 1.7736
	[141/188] 	Train_Loss: 1.8326
	[188/188] 	Train_Loss: 1.8657
Epoch 197/300 	Time: 88초               	Train_Loss: 1.8670 	Val_Loss: 2.0350
	[47/188] 	Train_Loss: 1.8914
	[94/188] 	Train_Loss: 1.9230
	[141/188] 	Train_Loss: 1.9596
	[188/188] 	Train_Loss: 1.6925
Epoch 198/300 	Time: 88초               	Train_Loss: 1.8598 	Val_Loss: 1.8988
	[47/188] 	Train_Loss: 1.7768
	[94/188] 	Train_Loss: 1.9595
	[141/188] 	Train_Loss: 1.8625
	[188/188] 	Train_Loss: 1.5411
Epoch 199/300 	Time: 88초               	Train_Loss: 1.8631 	Val_Loss: 1.9014
	[47/188] 	Train_Loss: 1.7059
	[94/188] 	Train_Loss: 2.0159
	[141/188] 	Train_Loss: 1.9076
	[188/188] 	Train_Loss: 1.6210
Epoch 200/300 	Time: 88초               	Train_Loss: 1.8579 	Val_Loss: 1.9132
	[47/188] 	Train_Loss: 1.8079
	[94/188] 	Train_Loss: 1.7943
	[141/188] 	Train_Loss: 1.6654
	[188/188] 	Train_Loss: 1.9511
Epoch 201/300 	Time: 88초               	Train_Loss: 1.8624 	Val_Loss: 1.8952
	[47/188] 	Train_Loss: 1.7528
	[94/188] 	Train_Loss: 2.0132
	[141/188] 	Train_Loss: 1.9962
	[188/188] 	Train_Loss: 1.9665
Epoch 202/300 	Time: 88초               	Train_Loss: 1.8773 	Val_Loss: 1.9606
	[47/188] 	Train_Loss: 2.0100
	[94/188] 	Train_Loss: 1.8286
	[141/188] 	Train_Loss: 2.0502
	[188/188] 	Train_Loss: 1.6247
Epoch 203/300 	Time: 88초               	Train_Loss: 1.8641 	Val_Loss: 2.0067
	[47/188] 	Train_Loss: 2.0097
	[94/188] 	Train_Loss: 1.7353
	[141/188] 	Train_Loss: 2.0051
	[188/188] 	Train_Loss: 1.8324
Epoch 204/300 	Time: 88초               	Train_Loss: 1.8620 	Val_Loss: 1.9250
	[47/188] 	Train_Loss: 1.8111
	[94/188] 	Train_Loss: 2.0437
	[141/188] 	Train_Loss: 2.1343
	[188/188] 	Train_Loss: 1.7489
Epoch 205/300 	Time: 88초               	Train_Loss: 1.8669 	Val_Loss: 1.8887
	[47/188] 	Train_Loss: 1.8191
	[94/188] 	Train_Loss: 1.8052
	[141/188] 	Train_Loss: 1.8247
	[188/188] 	Train_Loss: 1.9354
Epoch 206/300 	Time: 88초               	Train_Loss: 1.8619 	Val_Loss: 1.9229
	[47/188] 	Train_Loss: 1.6603
	[94/188] 	Train_Loss: 1.8575
	[141/188] 	Train_Loss: 1.8928
	[188/188] 	Train_Loss: 2.1255
Epoch 207/300 	Time: 88초               	Train_Loss: 1.8635 	Val_Loss: 1.9331
	[47/188] 	Train_Loss: 1.7326
	[94/188] 	Train_Loss: 1.6974
	[141/188] 	Train_Loss: 1.6584
	[188/188] 	Train_Loss: 1.9040
Epoch 208/300 	Time: 88초               	Train_Loss: 1.8562 	Val_Loss: 1.9395
	[47/188] 	Train_Loss: 2.0908
	[94/188] 	Train_Loss: 1.7170
	[141/188] 	Train_Loss: 1.7667
	[188/188] 	Train_Loss: 2.2229
Epoch 209/300 	Time: 88초               	Train_Loss: 1.8679 	Val_Loss: 1.9294
	[47/188] 	Train_Loss: 1.9098
	[94/188] 	Train_Loss: 2.0768
	[141/188] 	Train_Loss: 1.9791
	[188/188] 	Train_Loss: 1.8284
Epoch 210/300 	Time: 88초               	Train_Loss: 1.8688 	Val_Loss: 1.9389
	[47/188] 	Train_Loss: 1.7118
	[94/188] 	Train_Loss: 2.1062
	[141/188] 	Train_Loss: 1.8368
	[188/188] 	Train_Loss: 1.7420
Epoch 211/300 	Time: 88초               	Train_Loss: 1.8440 	Val_Loss: 1.9125
	[47/188] 	Train_Loss: 1.8270
	[94/188] 	Train_Loss: 1.6193
	[141/188] 	Train_Loss: 1.7279
	[188/188] 	Train_Loss: 2.1259
Epoch 212/300 	Time: 88초               	Train_Loss: 1.8540 	Val_Loss: 2.0082
	[47/188] 	Train_Loss: 2.3655
	[94/188] 	Train_Loss: 1.9352
	[141/188] 	Train_Loss: 1.9659
	[188/188] 	Train_Loss: 2.0980
Epoch 213/300 	Time: 88초               	Train_Loss: 1.8605 	Val_Loss: 1.9223
	[47/188] 	Train_Loss: 2.0042
	[94/188] 	Train_Loss: 1.7020
	[141/188] 	Train_Loss: 2.0193
	[188/188] 	Train_Loss: 1.8227
Epoch 214/300 	Time: 88초               	Train_Loss: 1.8561 	Val_Loss: 2.0641
	[47/188] 	Train_Loss: 1.9531
	[94/188] 	Train_Loss: 2.0648
	[141/188] 	Train_Loss: 1.8136
	[188/188] 	Train_Loss: 1.6173
Epoch 215/300 	Time: 88초               	Train_Loss: 1.8562 	Val_Loss: 1.9108
	[47/188] 	Train_Loss: 1.8931
	[94/188] 	Train_Loss: 1.8954
	[141/188] 	Train_Loss: 1.9859
	[188/188] 	Train_Loss: 1.8066
Epoch 216/300 	Time: 88초               	Train_Loss: 1.8529 	Val_Loss: 1.9452
	[47/188] 	Train_Loss: 1.8087
	[94/188] 	Train_Loss: 1.6763
	[141/188] 	Train_Loss: 1.8690
	[188/188] 	Train_Loss: 1.8421
Epoch 217/300 	Time: 88초               	Train_Loss: 1.8598 	Val_Loss: 1.9011
	[47/188] 	Train_Loss: 1.9069
	[94/188] 	Train_Loss: 1.9012
	[141/188] 	Train_Loss: 1.6823
	[188/188] 	Train_Loss: 2.0740
Epoch 218/300 	Time: 88초               	Train_Loss: 1.8474 	Val_Loss: 1.9527
	[47/188] 	Train_Loss: 1.9376
	[94/188] 	Train_Loss: 1.8534
	[141/188] 	Train_Loss: 1.8280
	[188/188] 	Train_Loss: 2.2753
Epoch 219/300 	Time: 88초               	Train_Loss: 1.8608 	Val_Loss: 1.9804
	[47/188] 	Train_Loss: 1.6952
	[94/188] 	Train_Loss: 1.8966
	[141/188] 	Train_Loss: 1.8740
	[188/188] 	Train_Loss: 1.7056
Epoch 220/300 	Time: 88초               	Train_Loss: 1.8485 	Val_Loss: 1.9157
	[47/188] 	Train_Loss: 1.7721
	[94/188] 	Train_Loss: 1.8280
	[141/188] 	Train_Loss: 1.7451
	[188/188] 	Train_Loss: 1.8600
Epoch 221/300 	Time: 88초               	Train_Loss: 1.8585 	Val_Loss: 1.9283
	[47/188] 	Train_Loss: 1.8682
	[94/188] 	Train_Loss: 1.9619
	[141/188] 	Train_Loss: 1.7257
	[188/188] 	Train_Loss: 1.5997
Epoch 222/300 	Time: 88초               	Train_Loss: 1.8562 	Val_Loss: 1.9303
	[47/188] 	Train_Loss: 1.8963
	[94/188] 	Train_Loss: 2.1374
	[141/188] 	Train_Loss: 1.6890
	[188/188] 	Train_Loss: 2.0239
Epoch 223/300 	Time: 88초               	Train_Loss: 1.8541 	Val_Loss: 1.9363
	[47/188] 	Train_Loss: 1.9006
	[94/188] 	Train_Loss: 2.0193
	[141/188] 	Train_Loss: 1.8602
	[188/188] 	Train_Loss: 2.0790
Epoch 224/300 	Time: 88초               	Train_Loss: 1.8511 	Val_Loss: 1.8808
	[47/188] 	Train_Loss: 1.8835
	[94/188] 	Train_Loss: 1.7779
	[141/188] 	Train_Loss: 1.8907
	[188/188] 	Train_Loss: 1.9728
Epoch 225/300 	Time: 88초               	Train_Loss: 1.8628 	Val_Loss: 1.9261
	[47/188] 	Train_Loss: 1.5829
	[94/188] 	Train_Loss: 1.9381
	[141/188] 	Train_Loss: 1.7461
	[188/188] 	Train_Loss: 1.5665
Epoch 226/300 	Time: 88초               	Train_Loss: 1.8650 	Val_Loss: 1.8955
	[47/188] 	Train_Loss: 1.9358
	[94/188] 	Train_Loss: 2.0169
	[141/188] 	Train_Loss: 1.6398
	[188/188] 	Train_Loss: 1.5645
Epoch 227/300 	Time: 88초               	Train_Loss: 1.8499 	Val_Loss: 1.9077
	[47/188] 	Train_Loss: 1.7629
	[94/188] 	Train_Loss: 1.8118
	[141/188] 	Train_Loss: 1.6367
	[188/188] 	Train_Loss: 1.5882
Epoch 228/300 	Time: 88초               	Train_Loss: 1.8571 	Val_Loss: 1.9088
	[47/188] 	Train_Loss: 1.8340
	[94/188] 	Train_Loss: 1.7427
	[141/188] 	Train_Loss: 1.9704
	[188/188] 	Train_Loss: 1.7874
Epoch 229/300 	Time: 88초               	Train_Loss: 1.8600 	Val_Loss: 1.8753
	[47/188] 	Train_Loss: 1.8316
	[94/188] 	Train_Loss: 1.7805
	[141/188] 	Train_Loss: 1.8735
	[188/188] 	Train_Loss: 1.8344
Epoch 230/300 	Time: 88초               	Train_Loss: 1.8555 	Val_Loss: 1.8952
	[47/188] 	Train_Loss: 1.8968
	[94/188] 	Train_Loss: 2.1327
	[141/188] 	Train_Loss: 2.0429
	[188/188] 	Train_Loss: 1.6803
Epoch 231/300 	Time: 88초               	Train_Loss: 1.8444 	Val_Loss: 1.8888
	[47/188] 	Train_Loss: 1.8770
	[94/188] 	Train_Loss: 1.9062
	[141/188] 	Train_Loss: 2.0600
	[188/188] 	Train_Loss: 1.7621
Epoch 232/300 	Time: 88초               	Train_Loss: 1.8579 	Val_Loss: 1.9054
	[47/188] 	Train_Loss: 1.8585
	[94/188] 	Train_Loss: 1.8630
	[141/188] 	Train_Loss: 1.9142
	[188/188] 	Train_Loss: 1.6533
Epoch 233/300 	Time: 88초               	Train_Loss: 1.8610 	Val_Loss: 1.9397
	[47/188] 	Train_Loss: 1.8564
	[94/188] 	Train_Loss: 1.7868
	[141/188] 	Train_Loss: 1.6474
	[188/188] 	Train_Loss: 1.8401
Epoch 234/300 	Time: 88초               	Train_Loss: 1.8523 	Val_Loss: 1.8999
	[47/188] 	Train_Loss: 1.9223
	[94/188] 	Train_Loss: 1.7350
	[141/188] 	Train_Loss: 1.7744
	[188/188] 	Train_Loss: 1.9155
Epoch 235/300 	Time: 88초               	Train_Loss: 1.8434 	Val_Loss: 1.8797
	[47/188] 	Train_Loss: 1.8407
	[94/188] 	Train_Loss: 1.9175
	[141/188] 	Train_Loss: 1.8468
	[188/188] 	Train_Loss: 1.5584
Epoch 236/300 	Time: 88초               	Train_Loss: 1.8414 	Val_Loss: 1.8795
	[47/188] 	Train_Loss: 1.8316
	[94/188] 	Train_Loss: 1.7439
	[141/188] 	Train_Loss: 1.7754
	[188/188] 	Train_Loss: 1.9179
Epoch 237/300 	Time: 88초               	Train_Loss: 1.8455 	Val_Loss: 1.8900
	[47/188] 	Train_Loss: 1.9543
	[94/188] 	Train_Loss: 2.2436
	[141/188] 	Train_Loss: 1.7998
	[188/188] 	Train_Loss: 1.8607
Epoch 238/300 	Time: 88초               	Train_Loss: 1.8537 	Val_Loss: 1.8915
	[47/188] 	Train_Loss: 1.6137
	[94/188] 	Train_Loss: 1.7483
	[141/188] 	Train_Loss: 1.9962
	[188/188] 	Train_Loss: 2.2012
Epoch 239/300 	Time: 88초               	Train_Loss: 1.8504 	Val_Loss: 1.8766
	[47/188] 	Train_Loss: 1.7121
	[94/188] 	Train_Loss: 1.9723
	[141/188] 	Train_Loss: 1.6377
	[188/188] 	Train_Loss: 1.8181
Epoch 240/300 	Time: 88초               	Train_Loss: 1.8376 	Val_Loss: 2.0061
	[47/188] 	Train_Loss: 1.7556
	[94/188] 	Train_Loss: 1.8040
	[141/188] 	Train_Loss: 1.7385
	[188/188] 	Train_Loss: 1.7582
Epoch 241/300 	Time: 88초               	Train_Loss: 1.8449 	Val_Loss: 1.9267
	[47/188] 	Train_Loss: 1.8421
	[94/188] 	Train_Loss: 1.6279
	[141/188] 	Train_Loss: 1.9362
	[188/188] 	Train_Loss: 2.5355
Epoch 242/300 	Time: 88초               	Train_Loss: 1.8531 	Val_Loss: 2.3812
	[47/188] 	Train_Loss: 1.8516
	[94/188] 	Train_Loss: 1.8116
	[141/188] 	Train_Loss: 1.8966
	[188/188] 	Train_Loss: 2.2165
Epoch 243/300 	Time: 88초               	Train_Loss: 1.8603 	Val_Loss: 1.9351
	[47/188] 	Train_Loss: 1.6667
	[94/188] 	Train_Loss: 1.6829
	[141/188] 	Train_Loss: 1.6824
	[188/188] 	Train_Loss: 2.0728
Epoch 244/300 	Time: 88초               	Train_Loss: 1.8438 	Val_Loss: 1.8677
	[47/188] 	Train_Loss: 1.5491
	[94/188] 	Train_Loss: 1.7895
	[141/188] 	Train_Loss: 1.7524
	[188/188] 	Train_Loss: 1.9455
Epoch 245/300 	Time: 88초               	Train_Loss: 1.8422 	Val_Loss: 1.9150
	[47/188] 	Train_Loss: 2.0405
	[94/188] 	Train_Loss: 1.8315
	[141/188] 	Train_Loss: 1.7826
	[188/188] 	Train_Loss: 1.6770
Epoch 246/300 	Time: 88초               	Train_Loss: 1.8479 	Val_Loss: 1.8916
	[47/188] 	Train_Loss: 1.8827
	[94/188] 	Train_Loss: 2.0666
	[141/188] 	Train_Loss: 1.7359
	[188/188] 	Train_Loss: 1.9443
Epoch 247/300 	Time: 88초               	Train_Loss: 1.8478 	Val_Loss: 1.9002
	[47/188] 	Train_Loss: 1.9955
	[94/188] 	Train_Loss: 1.6830
	[141/188] 	Train_Loss: 1.9638
	[188/188] 	Train_Loss: 1.9966
Epoch 248/300 	Time: 88초               	Train_Loss: 1.8442 	Val_Loss: 1.8840
	[47/188] 	Train_Loss: 2.0139
	[94/188] 	Train_Loss: 1.8310
	[141/188] 	Train_Loss: 1.8904
	[188/188] 	Train_Loss: 1.9617
Epoch 249/300 	Time: 88초               	Train_Loss: 1.8442 	Val_Loss: 1.8776
	[47/188] 	Train_Loss: 2.0845
	[94/188] 	Train_Loss: 1.9522
	[141/188] 	Train_Loss: 1.8668
	[188/188] 	Train_Loss: 5.6032
Epoch 250/300 	Time: 88초               	Train_Loss: 1.8514 	Val_Loss: 2.0387
	[47/188] 	Train_Loss: 2.3004
	[94/188] 	Train_Loss: 1.9080
	[141/188] 	Train_Loss: 2.1165
	[188/188] 	Train_Loss: 2.2821
Epoch 251/300 	Time: 88초               	Train_Loss: 2.1851 	Val_Loss: 2.0646
	[47/188] 	Train_Loss: 2.2717
	[94/188] 	Train_Loss: 1.9932
	[141/188] 	Train_Loss: 2.0326
	[188/188] 	Train_Loss: 2.1418
Epoch 252/300 	Time: 88초               	Train_Loss: 1.9697 	Val_Loss: 1.9544
	[47/188] 	Train_Loss: 1.9216
	[94/188] 	Train_Loss: 1.9400
	[141/188] 	Train_Loss: 2.0202
	[188/188] 	Train_Loss: 2.0954
Epoch 253/300 	Time: 88초               	Train_Loss: 1.9270 	Val_Loss: 1.8803
	[47/188] 	Train_Loss: 1.8544
	[94/188] 	Train_Loss: 2.1045
	[141/188] 	Train_Loss: 1.7642
	[188/188] 	Train_Loss: 1.8452
Epoch 254/300 	Time: 88초               	Train_Loss: 1.8941 	Val_Loss: 2.0125
	[47/188] 	Train_Loss: 2.0022
	[94/188] 	Train_Loss: 1.9499
	[141/188] 	Train_Loss: 2.0609
	[188/188] 	Train_Loss: 1.8946
Epoch 255/300 	Time: 88초               	Train_Loss: 1.8915 	Val_Loss: 1.8981
	[47/188] 	Train_Loss: 1.8783
	[94/188] 	Train_Loss: 1.8127
	[141/188] 	Train_Loss: 1.8176
	[188/188] 	Train_Loss: 1.7771
Epoch 256/300 	Time: 88초               	Train_Loss: 1.8749 	Val_Loss: 1.8553
	[47/188] 	Train_Loss: 1.7787
	[94/188] 	Train_Loss: 2.0392
	[141/188] 	Train_Loss: 2.1770
	[188/188] 	Train_Loss: 1.8129
Epoch 257/300 	Time: 88초               	Train_Loss: 1.8602 	Val_Loss: 1.8672
	[47/188] 	Train_Loss: 2.1292
	[94/188] 	Train_Loss: 1.7830
	[141/188] 	Train_Loss: 2.0813
	[188/188] 	Train_Loss: 2.0862
Epoch 258/300 	Time: 88초               	Train_Loss: 1.8629 	Val_Loss: 1.8952
	[47/188] 	Train_Loss: 1.7046
	[94/188] 	Train_Loss: 2.1906
	[141/188] 	Train_Loss: 1.8821
	[188/188] 	Train_Loss: 1.7536
Epoch 259/300 	Time: 88초               	Train_Loss: 1.8674 	Val_Loss: 1.8983
	[47/188] 	Train_Loss: 1.6741
	[94/188] 	Train_Loss: 1.9008
	[141/188] 	Train_Loss: 1.7852
	[188/188] 	Train_Loss: 2.3653
Epoch 260/300 	Time: 88초               	Train_Loss: 1.8499 	Val_Loss: 1.8686
	[47/188] 	Train_Loss: 1.9676
	[94/188] 	Train_Loss: 1.6714
	[141/188] 	Train_Loss: 1.6490
	[188/188] 	Train_Loss: 1.8218
Epoch 261/300 	Time: 88초               	Train_Loss: 1.8571 	Val_Loss: 1.8604
	[47/188] 	Train_Loss: 1.7534
	[94/188] 	Train_Loss: 1.7742
	[141/188] 	Train_Loss: 1.8328
	[188/188] 	Train_Loss: 2.2604
Epoch 262/300 	Time: 88초               	Train_Loss: 1.8486 	Val_Loss: 1.8745
	[47/188] 	Train_Loss: 1.9398
	[94/188] 	Train_Loss: 1.6803
	[141/188] 	Train_Loss: 1.6672
	[188/188] 	Train_Loss: 1.6846
Epoch 263/300 	Time: 88초               	Train_Loss: 1.8401 	Val_Loss: 1.9129
	[47/188] 	Train_Loss: 1.7347
	[94/188] 	Train_Loss: 2.0159
	[141/188] 	Train_Loss: 1.8647
	[188/188] 	Train_Loss: 1.8439
Epoch 264/300 	Time: 88초               	Train_Loss: 1.8476 	Val_Loss: 1.8789
	[47/188] 	Train_Loss: 1.8640
	[94/188] 	Train_Loss: 1.7716
	[141/188] 	Train_Loss: 1.8301
	[188/188] 	Train_Loss: 1.7191
Epoch 265/300 	Time: 88초               	Train_Loss: 1.8345 	Val_Loss: 1.8733
	[47/188] 	Train_Loss: 2.1619
	[94/188] 	Train_Loss: 2.0240
	[141/188] 	Train_Loss: 1.9206
	[188/188] 	Train_Loss: 1.7391
Epoch 266/300 	Time: 88초               	Train_Loss: 1.8582 	Val_Loss: 1.8549
	[47/188] 	Train_Loss: 2.1288
	[94/188] 	Train_Loss: 1.7537
	[141/188] 	Train_Loss: 2.1094
	[188/188] 	Train_Loss: 1.7368
Epoch 267/300 	Time: 88초               	Train_Loss: 1.8439 	Val_Loss: 1.8607
	[47/188] 	Train_Loss: 2.0233
	[94/188] 	Train_Loss: 1.9023
	[141/188] 	Train_Loss: 2.0134
	[188/188] 	Train_Loss: 2.0186
Epoch 268/300 	Time: 88초               	Train_Loss: 1.8429 	Val_Loss: 1.8751
	[47/188] 	Train_Loss: 2.0603
	[94/188] 	Train_Loss: 1.5372
	[141/188] 	Train_Loss: 1.8494
	[188/188] 	Train_Loss: 1.7802
Epoch 269/300 	Time: 88초               	Train_Loss: 1.8502 	Val_Loss: 1.8810
	[47/188] 	Train_Loss: 1.6413
	[94/188] 	Train_Loss: 1.9941
	[141/188] 	Train_Loss: 1.6944
	[188/188] 	Train_Loss: 1.7106
Epoch 270/300 	Time: 88초               	Train_Loss: 1.8388 	Val_Loss: 1.9766
	[47/188] 	Train_Loss: 1.6335
	[94/188] 	Train_Loss: 1.7493
	[141/188] 	Train_Loss: 1.8692
	[188/188] 	Train_Loss: 1.7098
Epoch 271/300 	Time: 88초               	Train_Loss: 1.8628 	Val_Loss: 1.8860
	[47/188] 	Train_Loss: 1.8673
	[94/188] 	Train_Loss: 1.8258
	[141/188] 	Train_Loss: 1.7472
	[188/188] 	Train_Loss: 1.5284
Epoch 272/300 	Time: 88초               	Train_Loss: 1.8490 	Val_Loss: 1.8941
	[47/188] 	Train_Loss: 1.6855
	[94/188] 	Train_Loss: 1.7127
	[141/188] 	Train_Loss: 1.8825
	[188/188] 	Train_Loss: 2.0224
Epoch 273/300 	Time: 88초               	Train_Loss: 1.8397 	Val_Loss: 1.9136
	[47/188] 	Train_Loss: 1.7773
	[94/188] 	Train_Loss: 1.7736
	[141/188] 	Train_Loss: 1.4644
	[188/188] 	Train_Loss: 1.6879
Epoch 274/300 	Time: 88초               	Train_Loss: 1.8514 	Val_Loss: 1.8932
	[47/188] 	Train_Loss: 1.7015
	[94/188] 	Train_Loss: 1.8776
	[141/188] 	Train_Loss: 1.8140
	[188/188] 	Train_Loss: 1.9918
Epoch 275/300 	Time: 88초               	Train_Loss: 1.8265 	Val_Loss: 1.9062
	[47/188] 	Train_Loss: 1.8696
	[94/188] 	Train_Loss: 1.8376
	[141/188] 	Train_Loss: 1.9127
	[188/188] 	Train_Loss: 1.7758
Epoch 276/300 	Time: 88초               	Train_Loss: 1.8490 	Val_Loss: 1.8871
	[47/188] 	Train_Loss: 1.8556
	[94/188] 	Train_Loss: 1.8906
	[141/188] 	Train_Loss: 1.8005
	[188/188] 	Train_Loss: 1.6227
Epoch 277/300 	Time: 88초               	Train_Loss: 1.8380 	Val_Loss: 1.8389
	[47/188] 	Train_Loss: 1.6707
	[94/188] 	Train_Loss: 1.5915
	[141/188] 	Train_Loss: 1.5985
	[188/188] 	Train_Loss: 2.2009
Epoch 278/300 	Time: 88초               	Train_Loss: 1.8483 	Val_Loss: 1.8894
	[47/188] 	Train_Loss: 1.8847
	[94/188] 	Train_Loss: 1.9614
	[141/188] 	Train_Loss: 1.8079
	[188/188] 	Train_Loss: 1.5811
Epoch 279/300 	Time: 88초               	Train_Loss: 1.8465 	Val_Loss: 1.9191
	[47/188] 	Train_Loss: 1.7978
	[94/188] 	Train_Loss: 1.9016
	[141/188] 	Train_Loss: 1.9347
	[188/188] 	Train_Loss: 1.9787
Epoch 280/300 	Time: 88초               	Train_Loss: 1.8404 	Val_Loss: 1.8335
280epoch 모델 저장 완료
	[47/188] 	Train_Loss: 1.8488
	[94/188] 	Train_Loss: 2.1061
	[141/188] 	Train_Loss: 2.0941
	[188/188] 	Train_Loss: 1.7832
Epoch 281/300 	Time: 88초               	Train_Loss: 1.8391 	Val_Loss: 1.8898
	[47/188] 	Train_Loss: 1.9937
	[94/188] 	Train_Loss: 1.8563
	[141/188] 	Train_Loss: 1.8536
	[188/188] 	Train_Loss: 2.4017
Epoch 282/300 	Time: 88초               	Train_Loss: 1.8389 	Val_Loss: 1.8674
	[47/188] 	Train_Loss: 1.8721
	[94/188] 	Train_Loss: 1.9148
	[141/188] 	Train_Loss: 1.7342
	[188/188] 	Train_Loss: 1.8985
Epoch 283/300 	Time: 88초               	Train_Loss: 1.8393 	Val_Loss: 1.8382
	[47/188] 	Train_Loss: 1.8875
	[94/188] 	Train_Loss: 2.0010
	[141/188] 	Train_Loss: 2.1415
	[188/188] 	Train_Loss: 2.4020
Epoch 284/300 	Time: 88초               	Train_Loss: 1.8395 	Val_Loss: 1.8811
	[47/188] 	Train_Loss: 2.0202
	[94/188] 	Train_Loss: 1.8250
	[141/188] 	Train_Loss: 2.0894
	[188/188] 	Train_Loss: 1.8027
Epoch 285/300 	Time: 88초               	Train_Loss: 1.8324 	Val_Loss: 1.9741
	[47/188] 	Train_Loss: 1.8544
	[94/188] 	Train_Loss: 1.8199
	[141/188] 	Train_Loss: 2.0543
	[188/188] 	Train_Loss: 2.3679
Epoch 286/300 	Time: 88초               	Train_Loss: 1.8944 	Val_Loss: 1.9151
	[47/188] 	Train_Loss: 1.8721
	[94/188] 	Train_Loss: 1.6962
	[141/188] 	Train_Loss: 1.8433
	[188/188] 	Train_Loss: 1.6188
Epoch 287/300 	Time: 88초               	Train_Loss: 1.8608 	Val_Loss: 1.8822
	[47/188] 	Train_Loss: 1.7339
	[94/188] 	Train_Loss: 1.9737
	[141/188] 	Train_Loss: 1.8618
	[188/188] 	Train_Loss: 2.0000
Epoch 288/300 	Time: 88초               	Train_Loss: 1.8497 	Val_Loss: 1.8167
288epoch 모델 저장 완료
	[47/188] 	Train_Loss: 1.8773
	[94/188] 	Train_Loss: 2.0206
	[141/188] 	Train_Loss: 1.9583
	[188/188] 	Train_Loss: 1.6922
Epoch 289/300 	Time: 88초               	Train_Loss: 1.8600 	Val_Loss: 1.8660
	[47/188] 	Train_Loss: 2.0513
	[94/188] 	Train_Loss: 2.2369
	[141/188] 	Train_Loss: 1.8120
	[188/188] 	Train_Loss: 1.8418
Epoch 290/300 	Time: 88초               	Train_Loss: 1.9694 	Val_Loss: 1.8877
	[47/188] 	Train_Loss: 1.8612
	[94/188] 	Train_Loss: 1.7444
	[141/188] 	Train_Loss: 1.7050
	[188/188] 	Train_Loss: 1.7229
Epoch 291/300 	Time: 88초               	Train_Loss: 1.8848 	Val_Loss: 1.8635
	[47/188] 	Train_Loss: 1.7410
	[94/188] 	Train_Loss: 1.8962
	[141/188] 	Train_Loss: 1.7413
	[188/188] 	Train_Loss: 2.1484
Epoch 292/300 	Time: 88초               	Train_Loss: 1.8681 	Val_Loss: 1.8331
	[47/188] 	Train_Loss: 1.8857
	[94/188] 	Train_Loss: 1.9018
	[141/188] 	Train_Loss: 1.7394
	[188/188] 	Train_Loss: 2.4973
Epoch 293/300 	Time: 88초               	Train_Loss: 1.8566 	Val_Loss: 1.9604
	[47/188] 	Train_Loss: 1.7435
	[94/188] 	Train_Loss: 1.8666
	[141/188] 	Train_Loss: 1.6484
	[188/188] 	Train_Loss: 1.6526
Epoch 294/300 	Time: 88초               	Train_Loss: 1.8510 	Val_Loss: 1.8913
	[47/188] 	Train_Loss: 1.8174
	[94/188] 	Train_Loss: 1.8660
	[141/188] 	Train_Loss: 1.8274
	[188/188] 	Train_Loss: 1.8601
Epoch 295/300 	Time: 88초               	Train_Loss: 1.8489 	Val_Loss: 1.8474
	[47/188] 	Train_Loss: 1.9226
	[94/188] 	Train_Loss: 1.7314
	[141/188] 	Train_Loss: 1.9799
	[188/188] 	Train_Loss: 1.8531
Epoch 296/300 	Time: 88초               	Train_Loss: 1.8453 	Val_Loss: 1.8996
	[47/188] 	Train_Loss: 1.6353
	[94/188] 	Train_Loss: 1.6747
	[141/188] 	Train_Loss: 1.8758
	[188/188] 	Train_Loss: 1.8446
Epoch 297/300 	Time: 88초               	Train_Loss: 1.8371 	Val_Loss: 1.8382
	[47/188] 	Train_Loss: 1.9424
	[94/188] 	Train_Loss: 2.0731
	[141/188] 	Train_Loss: 1.8172
	[188/188] 	Train_Loss: 1.8809
Epoch 298/300 	Time: 88초               	Train_Loss: 1.8388 	Val_Loss: 1.8515
	[47/188] 	Train_Loss: 1.5994
	[94/188] 	Train_Loss: 1.8404
	[141/188] 	Train_Loss: 1.8981
	[188/188] 	Train_Loss: 1.9644
Epoch 299/300 	Time: 88초               	Train_Loss: 1.8464 	Val_Loss: 1.8903
	[47/188] 	Train_Loss: 1.6826
	[94/188] 	Train_Loss: 2.0050
	[141/188] 	Train_Loss: 1.5176
	[188/188] 	Train_Loss: 1.5235
Epoch 300/300 	Time: 88초               	Train_Loss: 1.8435 	Val_Loss: 1.8400
훈련 소요 시간: 7시간 21분 20초
done
