activate torch environment
/data/joohyun7u/cjh/sh/setup.sh: line 7: activate: No such file or directory
mlp Activate Failed
20230523-00:21:50
models.RFDN
running: cuda, 	Model: RFDN 	epoch: 300,            	batch: 32, 	lr: 0.001 	Summary: False           	loss: vgg_perceptual_loss, 	 Noise_Img False
./save/best_RFDN_model1_clean.pth
./loss/RFDN_model1_clean.pth
Train Size : 9000 	Validattion Size : 1000
모든 parameter 개수기준임
Number of parameters: 413153
10M 1천만보다 9586847개 여유 있음...
grad인 parameter 개수기준임
Number of parameters: 413153
10M 1천만보다 9586847개 여유 있음...
! vgg model : vgg16
/data/joohyun7u/anaconda3/envs/mlp/lib/python3.9/site-packages/torchvision/models/_utils.py:208: UserWarning: The parameter 'pretrained' is deprecated since 0.13 and will be removed in 0.15, please use 'weights' instead.
  warnings.warn(
/data/joohyun7u/anaconda3/envs/mlp/lib/python3.9/site-packages/torchvision/models/_utils.py:223: UserWarning: Arguments other than a weight enum or `None` for 'weights' are deprecated since 0.13 and will be removed in 0.15. The current behavior is equivalent to passing `weights=VGG16_Weights.IMAGENET1K_V1`. You can also use `weights=VGG16_Weights.DEFAULT` to get the most up-to-date weights.
  warnings.warn(msg)
모델 학습 시작
torch.Size([32, 3, 128, 128]) torch.Size([32, 3, 128, 128])
	[70/282] 	Train_Loss: 2.8127
	[140/282] 	Train_Loss: 2.8887
	[210/282] 	Train_Loss: 2.4564
	[280/282] 	Train_Loss: 2.3843
Epoch 1/300 	Time: 114초               	Train_Loss: 2.8813 	Val_Loss: 2.2961
1epoch 모델 저장 완료
	[70/282] 	Train_Loss: 2.1633
	[140/282] 	Train_Loss: 2.0678
	[210/282] 	Train_Loss: 2.1506
	[280/282] 	Train_Loss: 2.1333
Epoch 2/300 	Time: 111초               	Train_Loss: 2.1225 	Val_Loss: 2.0466
2epoch 모델 저장 완료
	[70/282] 	Train_Loss: 1.9598
	[140/282] 	Train_Loss: 2.1844
	[210/282] 	Train_Loss: 1.7943
	[280/282] 	Train_Loss: 1.8746
Epoch 3/300 	Time: 111초               	Train_Loss: 1.9668 	Val_Loss: 1.9328
3epoch 모델 저장 완료
	[70/282] 	Train_Loss: 1.8655
	[140/282] 	Train_Loss: 2.0526
	[210/282] 	Train_Loss: 1.9292
	[280/282] 	Train_Loss: 1.7640
Epoch 4/300 	Time: 111초               	Train_Loss: 1.8803 	Val_Loss: 1.9067
4epoch 모델 저장 완료
	[70/282] 	Train_Loss: 2.0748
	[140/282] 	Train_Loss: 2.0299
	[210/282] 	Train_Loss: 1.6811
	[280/282] 	Train_Loss: 1.7871
Epoch 5/300 	Time: 111초               	Train_Loss: 1.8595 	Val_Loss: 1.8945
5epoch 모델 저장 완료
	[70/282] 	Train_Loss: 1.7804
	[140/282] 	Train_Loss: 1.5974
	[210/282] 	Train_Loss: 1.8061
	[280/282] 	Train_Loss: 1.7177
Epoch 6/300 	Time: 111초               	Train_Loss: 1.8194 	Val_Loss: 1.8478
6epoch 모델 저장 완료
	[70/282] 	Train_Loss: 1.7656
	[140/282] 	Train_Loss: 1.9788
	[210/282] 	Train_Loss: 1.6686
	[280/282] 	Train_Loss: 1.7676
Epoch 7/300 	Time: 111초               	Train_Loss: 1.7966 	Val_Loss: 1.8613
	[70/282] 	Train_Loss: 2.0764
	[140/282] 	Train_Loss: 1.9581
	[210/282] 	Train_Loss: 1.6081
	[280/282] 	Train_Loss: 1.6469
Epoch 8/300 	Time: 111초               	Train_Loss: 1.7947 	Val_Loss: 1.8204
8epoch 모델 저장 완료
	[70/282] 	Train_Loss: 2.0303
	[140/282] 	Train_Loss: 1.8849
	[210/282] 	Train_Loss: 1.6585
	[280/282] 	Train_Loss: 1.7035
Epoch 9/300 	Time: 111초               	Train_Loss: 1.7559 	Val_Loss: 1.7900
9epoch 모델 저장 완료
	[70/282] 	Train_Loss: 1.7794
	[140/282] 	Train_Loss: 1.7722
	[210/282] 	Train_Loss: 1.6750
	[280/282] 	Train_Loss: 1.5570
Epoch 10/300 	Time: 111초               	Train_Loss: 1.7658 	Val_Loss: 1.7837
10epoch 모델 저장 완료
	[70/282] 	Train_Loss: 1.6479
	[140/282] 	Train_Loss: 1.7236
	[210/282] 	Train_Loss: 1.7628
	[280/282] 	Train_Loss: 1.6424
Epoch 11/300 	Time: 111초               	Train_Loss: 1.7363 	Val_Loss: 1.7528
11epoch 모델 저장 완료
	[70/282] 	Train_Loss: 1.7880
	[140/282] 	Train_Loss: 1.8867
	[210/282] 	Train_Loss: 1.7199
	[280/282] 	Train_Loss: 1.8728
Epoch 12/300 	Time: 111초               	Train_Loss: 1.7323 	Val_Loss: 1.7158
12epoch 모델 저장 완료
	[70/282] 	Train_Loss: 1.7670
	[140/282] 	Train_Loss: 1.5344
	[210/282] 	Train_Loss: 1.8302
	[280/282] 	Train_Loss: 1.5265
Epoch 13/300 	Time: 111초               	Train_Loss: 1.7327 	Val_Loss: 1.7660
	[70/282] 	Train_Loss: 1.5301
	[140/282] 	Train_Loss: 1.7753
	[210/282] 	Train_Loss: 1.8622
	[280/282] 	Train_Loss: 1.7255
Epoch 14/300 	Time: 111초               	Train_Loss: 1.7816 	Val_Loss: 1.7880
	[70/282] 	Train_Loss: 1.8569
	[140/282] 	Train_Loss: 1.5121
	[210/282] 	Train_Loss: 1.6214
	[280/282] 	Train_Loss: 1.4264
Epoch 15/300 	Time: 111초               	Train_Loss: 1.7360 	Val_Loss: 1.7520
	[70/282] 	Train_Loss: 1.7990
	[140/282] 	Train_Loss: 1.6720
	[210/282] 	Train_Loss: 1.9014
	[280/282] 	Train_Loss: 1.7137
Epoch 16/300 	Time: 111초               	Train_Loss: 1.7062 	Val_Loss: 1.7665
	[70/282] 	Train_Loss: 1.8968
	[140/282] 	Train_Loss: 1.5338
	[210/282] 	Train_Loss: 1.4678
	[280/282] 	Train_Loss: 1.6848
Epoch 17/300 	Time: 111초               	Train_Loss: 1.7106 	Val_Loss: 1.7048
17epoch 모델 저장 완료
	[70/282] 	Train_Loss: 1.5803
	[140/282] 	Train_Loss: 1.7233
	[210/282] 	Train_Loss: 1.8088
	[280/282] 	Train_Loss: 1.8211
Epoch 18/300 	Time: 111초               	Train_Loss: 1.7125 	Val_Loss: 1.7430
	[70/282] 	Train_Loss: 1.6745
	[140/282] 	Train_Loss: 1.6677
	[210/282] 	Train_Loss: 1.8009
	[280/282] 	Train_Loss: 1.9846
Epoch 19/300 	Time: 111초               	Train_Loss: 1.7786 	Val_Loss: 1.8140
	[70/282] 	Train_Loss: 1.9054
	[140/282] 	Train_Loss: 2.0999
	[210/282] 	Train_Loss: 1.6111
	[280/282] 	Train_Loss: 2.1087
Epoch 20/300 	Time: 111초               	Train_Loss: 1.7109 	Val_Loss: 1.7128
	[70/282] 	Train_Loss: 1.6162
	[140/282] 	Train_Loss: 1.5098
	[210/282] 	Train_Loss: 1.8374
	[280/282] 	Train_Loss: 1.7434
Epoch 21/300 	Time: 111초               	Train_Loss: 1.6996 	Val_Loss: 1.7176
	[70/282] 	Train_Loss: 1.6967
	[140/282] 	Train_Loss: 1.5559
	[210/282] 	Train_Loss: 1.6056
	[280/282] 	Train_Loss: 1.7445
Epoch 22/300 	Time: 111초               	Train_Loss: 1.6785 	Val_Loss: 1.7181
	[70/282] 	Train_Loss: 1.6700
	[140/282] 	Train_Loss: 1.5782
	[210/282] 	Train_Loss: 1.9624
	[280/282] 	Train_Loss: 1.8350
Epoch 23/300 	Time: 111초               	Train_Loss: 1.6897 	Val_Loss: 1.7210
	[70/282] 	Train_Loss: 1.7452
	[140/282] 	Train_Loss: 1.9164
	[210/282] 	Train_Loss: 1.6464
	[280/282] 	Train_Loss: 1.6690
Epoch 24/300 	Time: 111초               	Train_Loss: 1.6891 	Val_Loss: 1.7099
	[70/282] 	Train_Loss: 1.7554
	[140/282] 	Train_Loss: 1.7044
	[210/282] 	Train_Loss: 1.6365
	[280/282] 	Train_Loss: 1.4624
Epoch 25/300 	Time: 111초               	Train_Loss: 1.6764 	Val_Loss: 1.6838
25epoch 모델 저장 완료
	[70/282] 	Train_Loss: 1.8688
	[140/282] 	Train_Loss: 1.7599
	[210/282] 	Train_Loss: 1.7058
	[280/282] 	Train_Loss: 1.3875
Epoch 26/300 	Time: 111초               	Train_Loss: 1.6641 	Val_Loss: 1.7145
	[70/282] 	Train_Loss: 1.4433
	[140/282] 	Train_Loss: 1.9707
	[210/282] 	Train_Loss: 1.8434
	[280/282] 	Train_Loss: 1.6764
Epoch 27/300 	Time: 111초               	Train_Loss: 1.6625 	Val_Loss: 1.6986
	[70/282] 	Train_Loss: 1.4527
	[140/282] 	Train_Loss: 1.9641
	[210/282] 	Train_Loss: 1.0613
	[280/282] 	Train_Loss: 1.7088
Epoch 28/300 	Time: 111초               	Train_Loss: 1.6558 	Val_Loss: 1.6607
28epoch 모델 저장 완료
	[70/282] 	Train_Loss: 1.5562
	[140/282] 	Train_Loss: 1.7525
	[210/282] 	Train_Loss: 1.7623
	[280/282] 	Train_Loss: 1.9286
Epoch 29/300 	Time: 111초               	Train_Loss: 1.6808 	Val_Loss: 1.6802
	[70/282] 	Train_Loss: 1.4802
	[140/282] 	Train_Loss: 1.7181
	[210/282] 	Train_Loss: 1.8669
	[280/282] 	Train_Loss: 1.8145
Epoch 30/300 	Time: 111초               	Train_Loss: 1.7107 	Val_Loss: 1.7498
	[70/282] 	Train_Loss: 1.4755
	[140/282] 	Train_Loss: 1.6430
	[210/282] 	Train_Loss: 1.8421
	[280/282] 	Train_Loss: 1.6407
Epoch 31/300 	Time: 111초               	Train_Loss: 1.6907 	Val_Loss: 1.7049
	[70/282] 	Train_Loss: 1.6844
	[140/282] 	Train_Loss: 1.7942
	[210/282] 	Train_Loss: 1.5445
	[280/282] 	Train_Loss: 1.6030
Epoch 32/300 	Time: 111초               	Train_Loss: 1.6514 	Val_Loss: 1.6614
	[70/282] 	Train_Loss: 1.6772
	[140/282] 	Train_Loss: 1.8504
	[210/282] 	Train_Loss: 1.7711
	[280/282] 	Train_Loss: 1.6924
Epoch 33/300 	Time: 111초               	Train_Loss: 1.6756 	Val_Loss: 1.7140
	[70/282] 	Train_Loss: 1.3693
	[140/282] 	Train_Loss: 1.6210
	[210/282] 	Train_Loss: 1.7583
	[280/282] 	Train_Loss: 2.0908
Epoch 34/300 	Time: 111초               	Train_Loss: 1.6629 	Val_Loss: 1.7052
	[70/282] 	Train_Loss: 2.0201
	[140/282] 	Train_Loss: 1.2640
	[210/282] 	Train_Loss: 1.6247
	[280/282] 	Train_Loss: 1.7113
Epoch 35/300 	Time: 111초               	Train_Loss: 1.6623 	Val_Loss: 1.6887
	[70/282] 	Train_Loss: 1.6036
	[140/282] 	Train_Loss: 1.6872
	[210/282] 	Train_Loss: 1.6204
	[280/282] 	Train_Loss: 1.6259
Epoch 36/300 	Time: 111초               	Train_Loss: 1.6421 	Val_Loss: 1.6770
	[70/282] 	Train_Loss: 1.6678
	[140/282] 	Train_Loss: 1.5007
	[210/282] 	Train_Loss: 1.6679
	[280/282] 	Train_Loss: 1.9031
Epoch 37/300 	Time: 111초               	Train_Loss: 1.6401 	Val_Loss: 1.6300
37epoch 모델 저장 완료
	[70/282] 	Train_Loss: 1.7139
	[140/282] 	Train_Loss: 1.6832
	[210/282] 	Train_Loss: 1.3101
	[280/282] 	Train_Loss: 1.6945
Epoch 38/300 	Time: 111초               	Train_Loss: 1.6497 	Val_Loss: 1.6658
	[70/282] 	Train_Loss: 1.7076
	[140/282] 	Train_Loss: 1.4016
	[210/282] 	Train_Loss: 1.4480
	[280/282] 	Train_Loss: 1.5180
Epoch 39/300 	Time: 111초               	Train_Loss: 1.6600 	Val_Loss: 1.6720
	[70/282] 	Train_Loss: 1.5181
	[140/282] 	Train_Loss: 1.6895
	[210/282] 	Train_Loss: 1.6564
	[280/282] 	Train_Loss: 1.7335
Epoch 40/300 	Time: 111초               	Train_Loss: 1.6252 	Val_Loss: 1.7004
	[70/282] 	Train_Loss: 1.6713
	[140/282] 	Train_Loss: 1.5911
	[210/282] 	Train_Loss: 1.9518
	[280/282] 	Train_Loss: 1.9213
Epoch 41/300 	Time: 111초               	Train_Loss: 1.6293 	Val_Loss: 1.6757
	[70/282] 	Train_Loss: 1.7712
	[140/282] 	Train_Loss: 1.5003
	[210/282] 	Train_Loss: 1.4568
	[280/282] 	Train_Loss: 1.5948
Epoch 42/300 	Time: 111초               	Train_Loss: 1.6365 	Val_Loss: 1.6608
	[70/282] 	Train_Loss: 1.9582
	[140/282] 	Train_Loss: 1.8876
	[210/282] 	Train_Loss: 1.5068
	[280/282] 	Train_Loss: 1.7795
Epoch 43/300 	Time: 111초               	Train_Loss: 1.6397 	Val_Loss: 1.6560
	[70/282] 	Train_Loss: 1.5583
	[140/282] 	Train_Loss: 1.8210
	[210/282] 	Train_Loss: 1.6078
	[280/282] 	Train_Loss: 1.7190
Epoch 44/300 	Time: 111초               	Train_Loss: 1.6643 	Val_Loss: 1.6862
	[70/282] 	Train_Loss: 1.7744
	[140/282] 	Train_Loss: 1.8535
	[210/282] 	Train_Loss: 1.8214
	[280/282] 	Train_Loss: 1.6748
Epoch 45/300 	Time: 111초               	Train_Loss: 1.6525 	Val_Loss: 1.7290
	[70/282] 	Train_Loss: 1.5151
	[140/282] 	Train_Loss: 1.6187
	[210/282] 	Train_Loss: 1.7405
	[280/282] 	Train_Loss: 1.2075
Epoch 46/300 	Time: 111초               	Train_Loss: 1.6504 	Val_Loss: 1.6391
	[70/282] 	Train_Loss: 1.7763
	[140/282] 	Train_Loss: 1.7494
	[210/282] 	Train_Loss: 1.5129
	[280/282] 	Train_Loss: 1.8122
Epoch 47/300 	Time: 111초               	Train_Loss: 1.6422 	Val_Loss: 1.7068
	[70/282] 	Train_Loss: 1.5638
	[140/282] 	Train_Loss: 1.5109
	[210/282] 	Train_Loss: 1.9521
	[280/282] 	Train_Loss: 1.7204
Epoch 48/300 	Time: 111초               	Train_Loss: 1.6271 	Val_Loss: 1.6383
	[70/282] 	Train_Loss: 1.5634
	[140/282] 	Train_Loss: 1.6365
	[210/282] 	Train_Loss: 1.4627
	[280/282] 	Train_Loss: 1.5587
Epoch 49/300 	Time: 111초               	Train_Loss: 1.6394 	Val_Loss: 1.6747
	[70/282] 	Train_Loss: 1.3511
	[140/282] 	Train_Loss: 1.3610
	[210/282] 	Train_Loss: 1.4656
	[280/282] 	Train_Loss: 1.4575
Epoch 50/300 	Time: 111초               	Train_Loss: 1.6397 	Val_Loss: 1.6761
	[70/282] 	Train_Loss: 1.8522
	[140/282] 	Train_Loss: 1.8213
	[210/282] 	Train_Loss: 1.5540
	[280/282] 	Train_Loss: 1.6329
Epoch 51/300 	Time: 111초               	Train_Loss: 1.6399 	Val_Loss: 1.6549
	[70/282] 	Train_Loss: 1.8540
	[140/282] 	Train_Loss: 1.6211
	[210/282] 	Train_Loss: 1.8268
	[280/282] 	Train_Loss: 1.4937
Epoch 52/300 	Time: 111초               	Train_Loss: 1.6341 	Val_Loss: 1.6665
	[70/282] 	Train_Loss: 1.5664
	[140/282] 	Train_Loss: 1.6454
	[210/282] 	Train_Loss: 1.7255
	[280/282] 	Train_Loss: 1.6620
Epoch 53/300 	Time: 111초               	Train_Loss: 1.6215 	Val_Loss: 1.6547
	[70/282] 	Train_Loss: 1.4426
	[140/282] 	Train_Loss: 1.7348
	[210/282] 	Train_Loss: 1.7251
	[280/282] 	Train_Loss: 1.6566
Epoch 54/300 	Time: 111초               	Train_Loss: 1.6176 	Val_Loss: 1.6426
	[70/282] 	Train_Loss: 1.9289
	[140/282] 	Train_Loss: 1.6762
	[210/282] 	Train_Loss: 1.2477
	[280/282] 	Train_Loss: 1.6438
Epoch 55/300 	Time: 111초               	Train_Loss: 1.6200 	Val_Loss: 1.6411
	[70/282] 	Train_Loss: 1.3657
	[140/282] 	Train_Loss: 1.6383
	[210/282] 	Train_Loss: 1.5185
	[280/282] 	Train_Loss: 1.6633
Epoch 56/300 	Time: 111초               	Train_Loss: 1.6220 	Val_Loss: 1.6658
	[70/282] 	Train_Loss: 1.5207
	[140/282] 	Train_Loss: 1.6396
	[210/282] 	Train_Loss: 1.5851
	[280/282] 	Train_Loss: 1.6015
Epoch 57/300 	Time: 111초               	Train_Loss: 1.6130 	Val_Loss: 1.6447
	[70/282] 	Train_Loss: 1.6877
	[140/282] 	Train_Loss: 1.6687
	[210/282] 	Train_Loss: 1.7191
	[280/282] 	Train_Loss: 1.6570
Epoch 58/300 	Time: 111초               	Train_Loss: 1.6258 	Val_Loss: 1.7751
	[70/282] 	Train_Loss: 1.7460
	[140/282] 	Train_Loss: 1.8247
	[210/282] 	Train_Loss: 1.5395
	[280/282] 	Train_Loss: 1.5291
Epoch 59/300 	Time: 111초               	Train_Loss: 1.6421 	Val_Loss: 1.6326
	[70/282] 	Train_Loss: 1.5414
	[140/282] 	Train_Loss: 1.8769
	[210/282] 	Train_Loss: 1.8558
	[280/282] 	Train_Loss: 1.7477
Epoch 60/300 	Time: 111초               	Train_Loss: 1.6247 	Val_Loss: 1.6035
60epoch 모델 저장 완료
	[70/282] 	Train_Loss: 1.5154
	[140/282] 	Train_Loss: 1.8323
	[210/282] 	Train_Loss: 1.4658
	[280/282] 	Train_Loss: 1.5191
Epoch 61/300 	Time: 111초               	Train_Loss: 1.6319 	Val_Loss: 1.6370
	[70/282] 	Train_Loss: 1.6213
	[140/282] 	Train_Loss: 1.9325
	[210/282] 	Train_Loss: 1.6200
	[280/282] 	Train_Loss: 1.8857
Epoch 62/300 	Time: 111초               	Train_Loss: 1.6072 	Val_Loss: 1.6807
	[70/282] 	Train_Loss: 1.8306
	[140/282] 	Train_Loss: 2.2616
	[210/282] 	Train_Loss: 1.6072
	[280/282] 	Train_Loss: 1.7891
Epoch 63/300 	Time: 111초               	Train_Loss: 1.6802 	Val_Loss: 1.6764
	[70/282] 	Train_Loss: 1.6277
	[140/282] 	Train_Loss: 1.3874
	[210/282] 	Train_Loss: 1.4632
	[280/282] 	Train_Loss: 1.7361
Epoch 64/300 	Time: 111초               	Train_Loss: 1.6477 	Val_Loss: 1.6639
	[70/282] 	Train_Loss: 1.3688
	[140/282] 	Train_Loss: 1.5547
	[210/282] 	Train_Loss: 1.4091
	[280/282] 	Train_Loss: 1.6405
Epoch 65/300 	Time: 112초               	Train_Loss: 1.6118 	Val_Loss: 1.6345
	[70/282] 	Train_Loss: 1.5651
	[140/282] 	Train_Loss: 1.7570
	[210/282] 	Train_Loss: 1.7697
	[280/282] 	Train_Loss: 1.6791
Epoch 66/300 	Time: 111초               	Train_Loss: 1.6061 	Val_Loss: 1.6389
	[70/282] 	Train_Loss: 1.4696
	[140/282] 	Train_Loss: 1.5564
	[210/282] 	Train_Loss: 1.6408
	[280/282] 	Train_Loss: 1.8661
Epoch 67/300 	Time: 111초               	Train_Loss: 1.6154 	Val_Loss: 1.6483
	[70/282] 	Train_Loss: 1.2797
	[140/282] 	Train_Loss: 1.4848
	[210/282] 	Train_Loss: 1.7212
	[280/282] 	Train_Loss: 1.4765
Epoch 68/300 	Time: 111초               	Train_Loss: 1.6019 	Val_Loss: 1.6279
	[70/282] 	Train_Loss: 1.5888
	[140/282] 	Train_Loss: 1.8045
	[210/282] 	Train_Loss: 1.4286
	[280/282] 	Train_Loss: 1.8298
Epoch 69/300 	Time: 111초               	Train_Loss: 1.5977 	Val_Loss: 1.5913
69epoch 모델 저장 완료
	[70/282] 	Train_Loss: 1.9314
	[140/282] 	Train_Loss: 1.5148
	[210/282] 	Train_Loss: 1.7719
	[280/282] 	Train_Loss: 1.5985
Epoch 70/300 	Time: 112초               	Train_Loss: 1.5990 	Val_Loss: 1.6627
	[70/282] 	Train_Loss: 1.5413
	[140/282] 	Train_Loss: 1.4305
	[210/282] 	Train_Loss: 1.6123
	[280/282] 	Train_Loss: 1.6617
Epoch 71/300 	Time: 111초               	Train_Loss: 1.6039 	Val_Loss: 1.6068
	[70/282] 	Train_Loss: 1.3564
	[140/282] 	Train_Loss: 1.6081
	[210/282] 	Train_Loss: 1.4575
	[280/282] 	Train_Loss: 1.4678
Epoch 72/300 	Time: 111초               	Train_Loss: 1.6120 	Val_Loss: 1.6552
	[70/282] 	Train_Loss: 1.9589
	[140/282] 	Train_Loss: 1.6380
	[210/282] 	Train_Loss: 1.4193
	[280/282] 	Train_Loss: 1.5999
Epoch 73/300 	Time: 111초               	Train_Loss: 1.6023 	Val_Loss: 1.6265
	[70/282] 	Train_Loss: 1.4888
	[140/282] 	Train_Loss: 1.8276
	[210/282] 	Train_Loss: 1.6216
	[280/282] 	Train_Loss: 1.5635
Epoch 74/300 	Time: 111초               	Train_Loss: 1.6003 	Val_Loss: 1.6332
	[70/282] 	Train_Loss: 1.6944
	[140/282] 	Train_Loss: 1.5957
	[210/282] 	Train_Loss: 1.5641
	[280/282] 	Train_Loss: 1.6031
Epoch 75/300 	Time: 111초               	Train_Loss: 1.6059 	Val_Loss: 1.6451
	[70/282] 	Train_Loss: 1.5376
	[140/282] 	Train_Loss: 1.3942
	[210/282] 	Train_Loss: 1.5205
	[280/282] 	Train_Loss: 1.7482
Epoch 76/300 	Time: 111초               	Train_Loss: 1.5970 	Val_Loss: 1.6330
	[70/282] 	Train_Loss: 1.8652
	[140/282] 	Train_Loss: 1.8157
	[210/282] 	Train_Loss: 1.7638
	[280/282] 	Train_Loss: 1.4203
Epoch 77/300 	Time: 111초               	Train_Loss: 1.5922 	Val_Loss: 1.6196
	[70/282] 	Train_Loss: 1.5284
	[140/282] 	Train_Loss: 1.8091
	[210/282] 	Train_Loss: 1.7840
	[280/282] 	Train_Loss: 1.7127
Epoch 78/300 	Time: 111초               	Train_Loss: 1.6037 	Val_Loss: 1.6104
	[70/282] 	Train_Loss: 1.5399
	[140/282] 	Train_Loss: 1.6018
	[210/282] 	Train_Loss: 1.6593
	[280/282] 	Train_Loss: 1.5390
Epoch 79/300 	Time: 111초               	Train_Loss: 1.5896 	Val_Loss: 1.6202
	[70/282] 	Train_Loss: 1.6878
	[140/282] 	Train_Loss: 1.6224
	[210/282] 	Train_Loss: 1.6129
	[280/282] 	Train_Loss: 1.7276
Epoch 80/300 	Time: 111초               	Train_Loss: 1.6384 	Val_Loss: 1.7744
	[70/282] 	Train_Loss: 1.5943
	[140/282] 	Train_Loss: 1.7866
	[210/282] 	Train_Loss: 1.9396
	[280/282] 	Train_Loss: 1.7185
Epoch 81/300 	Time: 111초               	Train_Loss: 1.6536 	Val_Loss: 1.6365
	[70/282] 	Train_Loss: 1.7803
	[140/282] 	Train_Loss: 1.6659
	[210/282] 	Train_Loss: 1.5891
	[280/282] 	Train_Loss: 1.7260
Epoch 82/300 	Time: 111초               	Train_Loss: 1.6087 	Val_Loss: 1.6321
	[70/282] 	Train_Loss: 1.6041
	[140/282] 	Train_Loss: 1.5316
	[210/282] 	Train_Loss: 1.5102
	[280/282] 	Train_Loss: 1.5939
Epoch 83/300 	Time: 111초               	Train_Loss: 1.6008 	Val_Loss: 1.5933
	[70/282] 	Train_Loss: 1.5868
	[140/282] 	Train_Loss: 1.7310
	[210/282] 	Train_Loss: 1.7160
	[280/282] 	Train_Loss: 1.4432
Epoch 84/300 	Time: 111초               	Train_Loss: 1.6027 	Val_Loss: 1.6836
	[70/282] 	Train_Loss: 1.3711
	[140/282] 	Train_Loss: 1.5590
	[210/282] 	Train_Loss: 1.3940
	[280/282] 	Train_Loss: 1.5710
Epoch 85/300 	Time: 111초               	Train_Loss: 1.6190 	Val_Loss: 1.6272
	[70/282] 	Train_Loss: 1.5315
	[140/282] 	Train_Loss: 1.6029
	[210/282] 	Train_Loss: 1.7909
	[280/282] 	Train_Loss: 1.5961
Epoch 86/300 	Time: 111초               	Train_Loss: 1.5901 	Val_Loss: 1.6300
	[70/282] 	Train_Loss: 1.6397
	[140/282] 	Train_Loss: 1.3310
	[210/282] 	Train_Loss: 1.3783
	[280/282] 	Train_Loss: 1.5601
Epoch 87/300 	Time: 111초               	Train_Loss: 1.5864 	Val_Loss: 1.5975
	[70/282] 	Train_Loss: 1.3562
	[140/282] 	Train_Loss: 1.7231
	[210/282] 	Train_Loss: 1.4579
	[280/282] 	Train_Loss: 1.8934
Epoch 88/300 	Time: 111초               	Train_Loss: 1.5897 	Val_Loss: 1.6913
	[70/282] 	Train_Loss: 1.5402
	[140/282] 	Train_Loss: 1.4587
	[210/282] 	Train_Loss: 1.4143
	[280/282] 	Train_Loss: 1.6623
Epoch 89/300 	Time: 111초               	Train_Loss: 1.5970 	Val_Loss: 1.6128
	[70/282] 	Train_Loss: 1.9132
	[140/282] 	Train_Loss: 1.3848
	[210/282] 	Train_Loss: 1.5017
	[280/282] 	Train_Loss: 1.5165
Epoch 90/300 	Time: 111초               	Train_Loss: 1.5868 	Val_Loss: 1.6219
	[70/282] 	Train_Loss: 1.7394
	[140/282] 	Train_Loss: 1.5213
	[210/282] 	Train_Loss: 1.5062
	[280/282] 	Train_Loss: 1.8101
Epoch 91/300 	Time: 111초               	Train_Loss: 1.5866 	Val_Loss: 1.6239
	[70/282] 	Train_Loss: 1.4151
	[140/282] 	Train_Loss: 1.4432
	[210/282] 	Train_Loss: 1.9704
	[280/282] 	Train_Loss: 1.7492
Epoch 92/300 	Time: 111초               	Train_Loss: 1.5961 	Val_Loss: 1.6482
	[70/282] 	Train_Loss: 1.5431
	[140/282] 	Train_Loss: 1.3001
	[210/282] 	Train_Loss: 1.7511
	[280/282] 	Train_Loss: 1.3777
Epoch 93/300 	Time: 111초               	Train_Loss: 1.5924 	Val_Loss: 1.6149
	[70/282] 	Train_Loss: 1.4362
	[140/282] 	Train_Loss: 1.7291
	[210/282] 	Train_Loss: 1.6058
	[280/282] 	Train_Loss: 1.4366
Epoch 94/300 	Time: 111초               	Train_Loss: 1.5900 	Val_Loss: 1.5998
	[70/282] 	Train_Loss: 1.5061
	[140/282] 	Train_Loss: 1.5835
	[210/282] 	Train_Loss: 1.7103
	[280/282] 	Train_Loss: 1.5972
Epoch 95/300 	Time: 111초               	Train_Loss: 1.5905 	Val_Loss: 1.5971
	[70/282] 	Train_Loss: 1.2993
	[140/282] 	Train_Loss: 1.3797
	[210/282] 	Train_Loss: 1.4555
	[280/282] 	Train_Loss: 1.3136
Epoch 96/300 	Time: 111초               	Train_Loss: 1.5899 	Val_Loss: 1.5939
	[70/282] 	Train_Loss: 1.7629
	[140/282] 	Train_Loss: 1.9987
	[210/282] 	Train_Loss: 1.7027
	[280/282] 	Train_Loss: 1.9168
Epoch 97/300 	Time: 111초               	Train_Loss: 1.5954 	Val_Loss: 1.6095
	[70/282] 	Train_Loss: 1.5089
	[140/282] 	Train_Loss: 1.7391
	[210/282] 	Train_Loss: 1.2691
	[280/282] 	Train_Loss: 1.5981
Epoch 98/300 	Time: 111초               	Train_Loss: 1.5946 	Val_Loss: 1.6232
	[70/282] 	Train_Loss: 1.3959
	[140/282] 	Train_Loss: 1.6200
	[210/282] 	Train_Loss: 1.4026
	[280/282] 	Train_Loss: 1.5520
Epoch 99/300 	Time: 111초               	Train_Loss: 1.5673 	Val_Loss: 1.6200
	[70/282] 	Train_Loss: 1.4739
	[140/282] 	Train_Loss: 1.6546
	[210/282] 	Train_Loss: 1.4894
	[280/282] 	Train_Loss: 1.4238
Epoch 100/300 	Time: 111초               	Train_Loss: 1.5746 	Val_Loss: 1.6074
	[70/282] 	Train_Loss: 1.6177
	[140/282] 	Train_Loss: 1.4946
	[210/282] 	Train_Loss: 1.6344
	[280/282] 	Train_Loss: 1.9616
Epoch 101/300 	Time: 111초               	Train_Loss: 1.5773 	Val_Loss: 1.5597
101epoch 모델 저장 완료
	[70/282] 	Train_Loss: 1.6866
	[140/282] 	Train_Loss: 1.6472
	[210/282] 	Train_Loss: 1.5700
	[280/282] 	Train_Loss: 1.4928
Epoch 102/300 	Time: 111초               	Train_Loss: 1.5736 	Val_Loss: 1.6173
	[70/282] 	Train_Loss: 1.6162
	[140/282] 	Train_Loss: 1.5312
	[210/282] 	Train_Loss: 1.8456
	[280/282] 	Train_Loss: 1.5067
Epoch 103/300 	Time: 111초               	Train_Loss: 1.5722 	Val_Loss: 1.6646
	[70/282] 	Train_Loss: 1.7153
	[140/282] 	Train_Loss: 1.5071
	[210/282] 	Train_Loss: 1.7414
	[280/282] 	Train_Loss: 1.6012
Epoch 104/300 	Time: 111초               	Train_Loss: 1.5747 	Val_Loss: 1.6131
	[70/282] 	Train_Loss: 1.5172
	[140/282] 	Train_Loss: 1.4108
	[210/282] 	Train_Loss: 1.2789
	[280/282] 	Train_Loss: 1.4759
Epoch 105/300 	Time: 111초               	Train_Loss: 1.5707 	Val_Loss: 1.6169
	[70/282] 	Train_Loss: 1.6579
	[140/282] 	Train_Loss: 1.5065
	[210/282] 	Train_Loss: 1.6207
	[280/282] 	Train_Loss: 1.3589
Epoch 106/300 	Time: 111초               	Train_Loss: 1.5770 	Val_Loss: 1.6073
	[70/282] 	Train_Loss: 1.3644
	[140/282] 	Train_Loss: 1.5982
	[210/282] 	Train_Loss: 1.5496
	[280/282] 	Train_Loss: 1.5794
Epoch 107/300 	Time: 111초               	Train_Loss: 1.5786 	Val_Loss: 1.6333
	[70/282] 	Train_Loss: 1.4017
	[140/282] 	Train_Loss: 1.5769
	[210/282] 	Train_Loss: 1.7011
	[280/282] 	Train_Loss: 1.5734
Epoch 108/300 	Time: 111초               	Train_Loss: 1.5797 	Val_Loss: 1.5494
108epoch 모델 저장 완료
	[70/282] 	Train_Loss: 1.6272
	[140/282] 	Train_Loss: 1.5104
	[210/282] 	Train_Loss: 1.5001
	[280/282] 	Train_Loss: 1.8028
Epoch 109/300 	Time: 111초               	Train_Loss: 1.5756 	Val_Loss: 1.6382
	[70/282] 	Train_Loss: 1.4524
	[140/282] 	Train_Loss: 1.5088
	[210/282] 	Train_Loss: 1.5886
	[280/282] 	Train_Loss: 1.3492
Epoch 110/300 	Time: 111초               	Train_Loss: 1.5754 	Val_Loss: 1.6002
	[70/282] 	Train_Loss: 1.2903
	[140/282] 	Train_Loss: 1.4702
	[210/282] 	Train_Loss: 1.7616
	[280/282] 	Train_Loss: 1.6174
Epoch 111/300 	Time: 111초               	Train_Loss: 1.5704 	Val_Loss: 1.6143
	[70/282] 	Train_Loss: 1.3721
	[140/282] 	Train_Loss: 1.8158
	[210/282] 	Train_Loss: 1.7803
	[280/282] 	Train_Loss: 1.5829
Epoch 112/300 	Time: 111초               	Train_Loss: 1.5678 	Val_Loss: 1.5891
	[70/282] 	Train_Loss: 1.5051
	[140/282] 	Train_Loss: 1.6406
	[210/282] 	Train_Loss: 1.6068
	[280/282] 	Train_Loss: 1.5896
Epoch 113/300 	Time: 111초               	Train_Loss: 1.5642 	Val_Loss: 1.5893
	[70/282] 	Train_Loss: 1.7519
	[140/282] 	Train_Loss: 1.6146
	[210/282] 	Train_Loss: 1.5508
	[280/282] 	Train_Loss: 1.3962
Epoch 114/300 	Time: 111초               	Train_Loss: 1.5760 	Val_Loss: 1.6188
	[70/282] 	Train_Loss: 1.5679
	[140/282] 	Train_Loss: 1.8314
	[210/282] 	Train_Loss: 1.4354
	[280/282] 	Train_Loss: 1.9235
Epoch 115/300 	Time: 111초               	Train_Loss: 1.5751 	Val_Loss: 1.6007
	[70/282] 	Train_Loss: 1.5673
	[140/282] 	Train_Loss: 1.6295
	[210/282] 	Train_Loss: 1.4664
	[280/282] 	Train_Loss: 1.3032
Epoch 116/300 	Time: 111초               	Train_Loss: 1.5596 	Val_Loss: 1.5825
	[70/282] 	Train_Loss: 1.4208
	[140/282] 	Train_Loss: 1.4865
	[210/282] 	Train_Loss: 1.4948
	[280/282] 	Train_Loss: 1.6470
Epoch 117/300 	Time: 111초               	Train_Loss: 1.5758 	Val_Loss: 1.6116
	[70/282] 	Train_Loss: 1.4402
	[140/282] 	Train_Loss: 1.3161
	[210/282] 	Train_Loss: 1.5720
	[280/282] 	Train_Loss: 1.6280
Epoch 118/300 	Time: 111초               	Train_Loss: 1.5663 	Val_Loss: 1.6228
	[70/282] 	Train_Loss: 1.3788
	[140/282] 	Train_Loss: 1.4893
	[210/282] 	Train_Loss: 1.4508
	[280/282] 	Train_Loss: 1.3760
Epoch 119/300 	Time: 111초               	Train_Loss: 1.5684 	Val_Loss: 1.6059
	[70/282] 	Train_Loss: 1.9830
	[140/282] 	Train_Loss: 1.3899
	[210/282] 	Train_Loss: 1.5905
	[280/282] 	Train_Loss: 1.7350
Epoch 120/300 	Time: 111초               	Train_Loss: 1.5650 	Val_Loss: 1.5829
	[70/282] 	Train_Loss: 1.4901
	[140/282] 	Train_Loss: 1.5889
	[210/282] 	Train_Loss: 1.4612
	[280/282] 	Train_Loss: 1.6196
Epoch 121/300 	Time: 111초               	Train_Loss: 1.5580 	Val_Loss: 1.5960
	[70/282] 	Train_Loss: 1.7103
	[140/282] 	Train_Loss: 1.6185
	[210/282] 	Train_Loss: 1.5486
	[280/282] 	Train_Loss: 1.5091
Epoch 122/300 	Time: 111초               	Train_Loss: 1.5560 	Val_Loss: 1.5743
	[70/282] 	Train_Loss: 1.8125
	[140/282] 	Train_Loss: 1.4960
	[210/282] 	Train_Loss: 1.4885
	[280/282] 	Train_Loss: 1.8532
Epoch 123/300 	Time: 111초               	Train_Loss: 1.5531 	Val_Loss: 1.5744
	[70/282] 	Train_Loss: 1.5691
	[140/282] 	Train_Loss: 1.5072
	[210/282] 	Train_Loss: 1.4194
	[280/282] 	Train_Loss: 1.5708
Epoch 124/300 	Time: 111초               	Train_Loss: 1.5602 	Val_Loss: 1.5929
	[70/282] 	Train_Loss: 1.4933
	[140/282] 	Train_Loss: 1.4391
	[210/282] 	Train_Loss: 1.6782
	[280/282] 	Train_Loss: 1.4843
Epoch 125/300 	Time: 111초               	Train_Loss: 1.5570 	Val_Loss: 1.5471
125epoch 모델 저장 완료
	[70/282] 	Train_Loss: 1.6443
	[140/282] 	Train_Loss: 1.5488
	[210/282] 	Train_Loss: 1.6254
	[280/282] 	Train_Loss: 1.7630
Epoch 126/300 	Time: 111초               	Train_Loss: 1.5489 	Val_Loss: 1.5793
	[70/282] 	Train_Loss: 1.4355
	[140/282] 	Train_Loss: 1.6124
	[210/282] 	Train_Loss: 1.5932
	[280/282] 	Train_Loss: 1.7005
Epoch 127/300 	Time: 111초               	Train_Loss: 1.5550 	Val_Loss: 1.5973
	[70/282] 	Train_Loss: 1.6637
	[140/282] 	Train_Loss: 1.9736
	[210/282] 	Train_Loss: 1.7564
	[280/282] 	Train_Loss: 1.7182
Epoch 128/300 	Time: 111초               	Train_Loss: 1.5445 	Val_Loss: 1.6213
	[70/282] 	Train_Loss: 1.5357
	[140/282] 	Train_Loss: 1.6904
	[210/282] 	Train_Loss: 1.6782
	[280/282] 	Train_Loss: 1.8480
Epoch 129/300 	Time: 111초               	Train_Loss: 1.5646 	Val_Loss: 1.5756
	[70/282] 	Train_Loss: 1.8201
	[140/282] 	Train_Loss: 1.5586
	[210/282] 	Train_Loss: 1.4504
	[280/282] 	Train_Loss: 1.5513
Epoch 130/300 	Time: 111초               	Train_Loss: 1.5674 	Val_Loss: 1.6051
	[70/282] 	Train_Loss: 1.4810
	[140/282] 	Train_Loss: 1.6817
	[210/282] 	Train_Loss: 1.5147
	[280/282] 	Train_Loss: 1.4895
Epoch 131/300 	Time: 111초               	Train_Loss: 1.5599 	Val_Loss: 1.5687
	[70/282] 	Train_Loss: 1.6766
	[140/282] 	Train_Loss: 1.4484
	[210/282] 	Train_Loss: 1.2477
	[280/282] 	Train_Loss: 1.8129
Epoch 132/300 	Time: 111초               	Train_Loss: 1.5590 	Val_Loss: 1.5613
	[70/282] 	Train_Loss: 1.6350
	[140/282] 	Train_Loss: 1.5370
	[210/282] 	Train_Loss: 1.5304
	[280/282] 	Train_Loss: 1.4628
Epoch 133/300 	Time: 111초               	Train_Loss: 1.5463 	Val_Loss: 1.6002
	[70/282] 	Train_Loss: 1.6064
	[140/282] 	Train_Loss: 1.3203
	[210/282] 	Train_Loss: 1.7646
	[280/282] 	Train_Loss: 1.5879
Epoch 134/300 	Time: 111초               	Train_Loss: 1.5670 	Val_Loss: 1.5759
	[70/282] 	Train_Loss: 1.4645
	[140/282] 	Train_Loss: 1.3921
	[210/282] 	Train_Loss: 1.5181
	[280/282] 	Train_Loss: 1.6348
Epoch 135/300 	Time: 111초               	Train_Loss: 1.5408 	Val_Loss: 1.5326
135epoch 모델 저장 완료
	[70/282] 	Train_Loss: 1.5487
	[140/282] 	Train_Loss: 1.5049
	[210/282] 	Train_Loss: 1.5973
	[280/282] 	Train_Loss: 1.8054
Epoch 136/300 	Time: 111초               	Train_Loss: 1.5472 	Val_Loss: 1.5680
	[70/282] 	Train_Loss: 2.0797
	[140/282] 	Train_Loss: 1.6617
	[210/282] 	Train_Loss: 1.3926
	[280/282] 	Train_Loss: 1.8804
Epoch 137/300 	Time: 111초               	Train_Loss: 1.5506 	Val_Loss: 1.5886
	[70/282] 	Train_Loss: 1.5494
	[140/282] 	Train_Loss: 1.8495
	[210/282] 	Train_Loss: 1.3529
	[280/282] 	Train_Loss: 1.5733
Epoch 138/300 	Time: 111초               	Train_Loss: 1.5435 	Val_Loss: 1.5768
	[70/282] 	Train_Loss: 1.5090
	[140/282] 	Train_Loss: 1.5031
	[210/282] 	Train_Loss: 1.4809
	[280/282] 	Train_Loss: 1.3209
Epoch 139/300 	Time: 111초               	Train_Loss: 1.5560 	Val_Loss: 1.5586
	[70/282] 	Train_Loss: 1.4431
	[140/282] 	Train_Loss: 1.5508
	[210/282] 	Train_Loss: 1.4972
	[280/282] 	Train_Loss: 1.6566
Epoch 140/300 	Time: 111초               	Train_Loss: 1.5496 	Val_Loss: 1.6061
	[70/282] 	Train_Loss: 1.5221
	[140/282] 	Train_Loss: 1.4639
	[210/282] 	Train_Loss: 1.7823
	[280/282] 	Train_Loss: 1.8922
Epoch 141/300 	Time: 111초               	Train_Loss: 1.5600 	Val_Loss: 1.6557
	[70/282] 	Train_Loss: 1.6496
	[140/282] 	Train_Loss: 1.4060
	[210/282] 	Train_Loss: 1.5065
	[280/282] 	Train_Loss: 1.6401
Epoch 142/300 	Time: 111초               	Train_Loss: 1.5591 	Val_Loss: 1.5748
	[70/282] 	Train_Loss: 1.5570
	[140/282] 	Train_Loss: 1.4687
	[210/282] 	Train_Loss: 1.7085
	[280/282] 	Train_Loss: 1.6664
Epoch 143/300 	Time: 111초               	Train_Loss: 1.5426 	Val_Loss: 1.5823
	[70/282] 	Train_Loss: 1.5414
	[140/282] 	Train_Loss: 1.3127
	[210/282] 	Train_Loss: 1.4947
	[280/282] 	Train_Loss: 1.6540
Epoch 144/300 	Time: 111초               	Train_Loss: 1.5397 	Val_Loss: 1.5507
	[70/282] 	Train_Loss: 1.7150
	[140/282] 	Train_Loss: 1.2732
	[210/282] 	Train_Loss: 1.8330
	[280/282] 	Train_Loss: 1.3948
Epoch 145/300 	Time: 111초               	Train_Loss: 1.5431 	Val_Loss: 1.5504
	[70/282] 	Train_Loss: 1.5895
	[140/282] 	Train_Loss: 1.3407
	[210/282] 	Train_Loss: 1.5231
	[280/282] 	Train_Loss: 1.7208
Epoch 146/300 	Time: 111초               	Train_Loss: 1.5342 	Val_Loss: 1.5442
	[70/282] 	Train_Loss: 1.6788
	[140/282] 	Train_Loss: 1.5964
	[210/282] 	Train_Loss: 1.4675
	[280/282] 	Train_Loss: 1.4778
Epoch 147/300 	Time: 111초               	Train_Loss: 1.5418 	Val_Loss: 1.5551
	[70/282] 	Train_Loss: 1.5916
	[140/282] 	Train_Loss: 1.7750
	[210/282] 	Train_Loss: 1.6467
	[280/282] 	Train_Loss: 1.6659
Epoch 148/300 	Time: 111초               	Train_Loss: 1.5372 	Val_Loss: 1.5559
	[70/282] 	Train_Loss: 1.4981
	[140/282] 	Train_Loss: 1.7546
	[210/282] 	Train_Loss: 1.5037
	[280/282] 	Train_Loss: 1.5260
Epoch 149/300 	Time: 111초               	Train_Loss: 1.5282 	Val_Loss: 1.5565
	[70/282] 	Train_Loss: 1.6390
	[140/282] 	Train_Loss: 1.2814
	[210/282] 	Train_Loss: 1.5382
	[280/282] 	Train_Loss: 1.4161
Epoch 150/300 	Time: 111초               	Train_Loss: 1.5389 	Val_Loss: 1.5910
	[70/282] 	Train_Loss: 1.4835
	[140/282] 	Train_Loss: 1.5526
	[210/282] 	Train_Loss: 1.5273
	[280/282] 	Train_Loss: 1.3453
Epoch 151/300 	Time: 111초               	Train_Loss: 1.5423 	Val_Loss: 1.5545
	[70/282] 	Train_Loss: 1.6844
	[140/282] 	Train_Loss: 1.4467
	[210/282] 	Train_Loss: 1.6614
	[280/282] 	Train_Loss: 1.6950
Epoch 152/300 	Time: 111초               	Train_Loss: 1.5376 	Val_Loss: 1.5640
	[70/282] 	Train_Loss: 1.7712
	[140/282] 	Train_Loss: 1.2738
	[210/282] 	Train_Loss: 1.3902
	[280/282] 	Train_Loss: 1.4103
Epoch 153/300 	Time: 111초               	Train_Loss: 1.5469 	Val_Loss: 1.5468
	[70/282] 	Train_Loss: 1.2557
	[140/282] 	Train_Loss: 1.7184
	[210/282] 	Train_Loss: 1.5380
	[280/282] 	Train_Loss: 1.4030
Epoch 154/300 	Time: 111초               	Train_Loss: 1.5398 	Val_Loss: 1.5214
154epoch 모델 저장 완료
	[70/282] 	Train_Loss: 1.4769
	[140/282] 	Train_Loss: 1.5839
	[210/282] 	Train_Loss: 1.5266
	[280/282] 	Train_Loss: 1.6537
Epoch 155/300 	Time: 111초               	Train_Loss: 1.5390 	Val_Loss: 1.6026
	[70/282] 	Train_Loss: 1.3466
	[140/282] 	Train_Loss: 1.4867
	[210/282] 	Train_Loss: 1.5620
	[280/282] 	Train_Loss: 1.7239
Epoch 156/300 	Time: 111초               	Train_Loss: 1.5339 	Val_Loss: 1.5751
	[70/282] 	Train_Loss: 1.5598
	[140/282] 	Train_Loss: 1.3856
	[210/282] 	Train_Loss: 1.3328
	[280/282] 	Train_Loss: 1.7382
Epoch 157/300 	Time: 111초               	Train_Loss: 1.5340 	Val_Loss: 1.5651
	[70/282] 	Train_Loss: 1.7077
	[140/282] 	Train_Loss: 1.4866
	[210/282] 	Train_Loss: 1.6180
	[280/282] 	Train_Loss: 1.6790
Epoch 158/300 	Time: 111초               	Train_Loss: 1.5511 	Val_Loss: 1.5831
	[70/282] 	Train_Loss: 1.9157
	[140/282] 	Train_Loss: 1.5780
	[210/282] 	Train_Loss: 1.6877
	[280/282] 	Train_Loss: 1.7231
Epoch 159/300 	Time: 111초               	Train_Loss: 1.5307 	Val_Loss: 1.6280
	[70/282] 	Train_Loss: 1.4625
	[140/282] 	Train_Loss: 1.7596
	[210/282] 	Train_Loss: 1.5866
	[280/282] 	Train_Loss: 1.4586
Epoch 160/300 	Time: 111초               	Train_Loss: 1.5329 	Val_Loss: 1.5761
	[70/282] 	Train_Loss: 1.4452
	[140/282] 	Train_Loss: 1.7225
	[210/282] 	Train_Loss: 1.5351
	[280/282] 	Train_Loss: 1.7922
Epoch 161/300 	Time: 111초               	Train_Loss: 1.5356 	Val_Loss: 1.5571
	[70/282] 	Train_Loss: 1.7266
	[140/282] 	Train_Loss: 1.6880
	[210/282] 	Train_Loss: 1.6664
	[280/282] 	Train_Loss: 1.1935
Epoch 162/300 	Time: 111초               	Train_Loss: 1.5369 	Val_Loss: 1.5568
	[70/282] 	Train_Loss: 1.5334
	[140/282] 	Train_Loss: 1.8269
	[210/282] 	Train_Loss: 1.5578
	[280/282] 	Train_Loss: 1.7117
Epoch 163/300 	Time: 111초               	Train_Loss: 1.5259 	Val_Loss: 1.5775
	[70/282] 	Train_Loss: 1.4082
	[140/282] 	Train_Loss: 1.6853
	[210/282] 	Train_Loss: 1.6014
	[280/282] 	Train_Loss: 1.5526
Epoch 164/300 	Time: 111초               	Train_Loss: 1.5338 	Val_Loss: 1.5129
164epoch 모델 저장 완료
	[70/282] 	Train_Loss: 1.4796
	[140/282] 	Train_Loss: 1.6465
	[210/282] 	Train_Loss: 1.5687
	[280/282] 	Train_Loss: 1.7459
Epoch 165/300 	Time: 111초               	Train_Loss: 1.5232 	Val_Loss: 1.5753
	[70/282] 	Train_Loss: 1.4984
	[140/282] 	Train_Loss: 1.6157
	[210/282] 	Train_Loss: 1.5614
	[280/282] 	Train_Loss: 1.5436
Epoch 166/300 	Time: 111초               	Train_Loss: 1.5344 	Val_Loss: 1.5686
	[70/282] 	Train_Loss: 1.8333
	[140/282] 	Train_Loss: 1.8318
	[210/282] 	Train_Loss: 1.5845
	[280/282] 	Train_Loss: 1.4367
Epoch 167/300 	Time: 111초               	Train_Loss: 1.5330 	Val_Loss: 1.5612
	[70/282] 	Train_Loss: 1.7263
	[140/282] 	Train_Loss: 1.8793
	[210/282] 	Train_Loss: 1.5347
	[280/282] 	Train_Loss: 1.6609
Epoch 168/300 	Time: 111초               	Train_Loss: 1.5324 	Val_Loss: 1.5856
	[70/282] 	Train_Loss: 1.4866
	[140/282] 	Train_Loss: 1.5207
	[210/282] 	Train_Loss: 1.5976
	[280/282] 	Train_Loss: 1.6520
Epoch 169/300 	Time: 111초               	Train_Loss: 1.5293 	Val_Loss: 1.5578
	[70/282] 	Train_Loss: 1.3130
	[140/282] 	Train_Loss: 1.5307
	[210/282] 	Train_Loss: 1.6118
	[280/282] 	Train_Loss: 1.5470
Epoch 170/300 	Time: 111초               	Train_Loss: 1.5340 	Val_Loss: 1.5610
	[70/282] 	Train_Loss: 1.6094
	[140/282] 	Train_Loss: 1.4052
	[210/282] 	Train_Loss: 1.5077
	[280/282] 	Train_Loss: 1.1507
Epoch 171/300 	Time: 111초               	Train_Loss: 1.5289 	Val_Loss: 1.5592
	[70/282] 	Train_Loss: 1.4312
	[140/282] 	Train_Loss: 1.2762
	[210/282] 	Train_Loss: 1.4247
	[280/282] 	Train_Loss: 1.3583
Epoch 172/300 	Time: 111초               	Train_Loss: 1.5329 	Val_Loss: 1.5909
	[70/282] 	Train_Loss: 1.5614
	[140/282] 	Train_Loss: 1.5413
	[210/282] 	Train_Loss: 1.5725
	[280/282] 	Train_Loss: 1.2897
Epoch 173/300 	Time: 111초               	Train_Loss: 1.5321 	Val_Loss: 1.5786
	[70/282] 	Train_Loss: 1.5355
	[140/282] 	Train_Loss: 1.4730
	[210/282] 	Train_Loss: 1.3565
	[280/282] 	Train_Loss: 1.5804
Epoch 174/300 	Time: 111초               	Train_Loss: 1.5298 	Val_Loss: 1.5635
	[70/282] 	Train_Loss: 1.7428
	[140/282] 	Train_Loss: 1.3696
	[210/282] 	Train_Loss: 1.1809
	[280/282] 	Train_Loss: 1.3259
Epoch 175/300 	Time: 111초               	Train_Loss: 1.5328 	Val_Loss: 1.5666
	[70/282] 	Train_Loss: 1.4607
	[140/282] 	Train_Loss: 1.4788
	[210/282] 	Train_Loss: 1.3850
	[280/282] 	Train_Loss: 1.5124
Epoch 176/300 	Time: 111초               	Train_Loss: 1.5274 	Val_Loss: 1.5685
	[70/282] 	Train_Loss: 1.6441
	[140/282] 	Train_Loss: 1.7197
	[210/282] 	Train_Loss: 1.5442
	[280/282] 	Train_Loss: 1.4211
Epoch 177/300 	Time: 111초               	Train_Loss: 1.5286 	Val_Loss: 1.5413
	[70/282] 	Train_Loss: 1.5523
	[140/282] 	Train_Loss: 1.5747
	[210/282] 	Train_Loss: 1.4285
	[280/282] 	Train_Loss: 2.0965
Epoch 178/300 	Time: 111초               	Train_Loss: 1.5326 	Val_Loss: 1.5876
	[70/282] 	Train_Loss: 1.5060
	[140/282] 	Train_Loss: 1.6383
	[210/282] 	Train_Loss: 1.6286
	[280/282] 	Train_Loss: 1.6205
Epoch 179/300 	Time: 111초               	Train_Loss: 1.5346 	Val_Loss: 1.5421
	[70/282] 	Train_Loss: 1.6523
	[140/282] 	Train_Loss: 1.4675
	[210/282] 	Train_Loss: 1.3854
	[280/282] 	Train_Loss: 1.5706
Epoch 180/300 	Time: 111초               	Train_Loss: 1.5217 	Val_Loss: 1.5198
	[70/282] 	Train_Loss: 1.7310
	[140/282] 	Train_Loss: 1.7301
	[210/282] 	Train_Loss: 1.3251
	[280/282] 	Train_Loss: 1.6503
Epoch 181/300 	Time: 111초               	Train_Loss: 1.5184 	Val_Loss: 1.5633
	[70/282] 	Train_Loss: 1.4121
	[140/282] 	Train_Loss: 1.5368
	[210/282] 	Train_Loss: 1.5103
	[280/282] 	Train_Loss: 1.4838
Epoch 182/300 	Time: 111초               	Train_Loss: 1.5414 	Val_Loss: 1.5860
	[70/282] 	Train_Loss: 1.3392
	[140/282] 	Train_Loss: 1.7424
	[210/282] 	Train_Loss: 1.4485
	[280/282] 	Train_Loss: 1.6797
Epoch 183/300 	Time: 111초               	Train_Loss: 1.5336 	Val_Loss: 1.5350
	[70/282] 	Train_Loss: 1.6324
	[140/282] 	Train_Loss: 1.4484
	[210/282] 	Train_Loss: 1.3045
	[280/282] 	Train_Loss: 1.4464
Epoch 184/300 	Time: 111초               	Train_Loss: 1.5298 	Val_Loss: 1.5704
	[70/282] 	Train_Loss: 1.5335
	[140/282] 	Train_Loss: 1.5509
	[210/282] 	Train_Loss: 1.5265
	[280/282] 	Train_Loss: 1.2732
Epoch 185/300 	Time: 111초               	Train_Loss: 1.5240 	Val_Loss: 1.5731
	[70/282] 	Train_Loss: 1.3847
	[140/282] 	Train_Loss: 1.5977
	[210/282] 	Train_Loss: 1.3571
	[280/282] 	Train_Loss: 1.2689
Epoch 186/300 	Time: 111초               	Train_Loss: 1.5282 	Val_Loss: 1.5803
	[70/282] 	Train_Loss: 1.7294
	[140/282] 	Train_Loss: 1.2767
	[210/282] 	Train_Loss: 1.7313
	[280/282] 	Train_Loss: 1.5256
Epoch 187/300 	Time: 111초               	Train_Loss: 1.5405 	Val_Loss: 1.5429
	[70/282] 	Train_Loss: 1.8954
	[140/282] 	Train_Loss: 1.7593
	[210/282] 	Train_Loss: 1.5858
	[280/282] 	Train_Loss: 1.8445
Epoch 188/300 	Time: 111초               	Train_Loss: 1.5267 	Val_Loss: 1.5494
	[70/282] 	Train_Loss: 1.3710
	[140/282] 	Train_Loss: 1.5494
	[210/282] 	Train_Loss: 1.7221
	[280/282] 	Train_Loss: 1.3618
Epoch 189/300 	Time: 111초               	Train_Loss: 1.5279 	Val_Loss: 1.5551
	[70/282] 	Train_Loss: 1.5015
	[140/282] 	Train_Loss: 1.5390
	[210/282] 	Train_Loss: 1.3687
	[280/282] 	Train_Loss: 1.5208
Epoch 190/300 	Time: 111초               	Train_Loss: 1.5249 	Val_Loss: 1.5454
	[70/282] 	Train_Loss: 1.6617
	[140/282] 	Train_Loss: 1.3484
	[210/282] 	Train_Loss: 1.4057
	[280/282] 	Train_Loss: 1.7309
Epoch 191/300 	Time: 111초               	Train_Loss: 1.5226 	Val_Loss: 1.5401
	[70/282] 	Train_Loss: 1.8283
	[140/282] 	Train_Loss: 1.4133
	[210/282] 	Train_Loss: 1.2737
	[280/282] 	Train_Loss: 1.2432
Epoch 192/300 	Time: 111초               	Train_Loss: 1.5314 	Val_Loss: 1.5658
	[70/282] 	Train_Loss: 1.4912
	[140/282] 	Train_Loss: 1.4407
	[210/282] 	Train_Loss: 1.3357
	[280/282] 	Train_Loss: 1.4702
Epoch 193/300 	Time: 111초               	Train_Loss: 1.5139 	Val_Loss: 1.5495
	[70/282] 	Train_Loss: 1.5461
	[140/282] 	Train_Loss: 1.4036
	[210/282] 	Train_Loss: 1.4579
	[280/282] 	Train_Loss: 1.5653
Epoch 194/300 	Time: 111초               	Train_Loss: 1.5316 	Val_Loss: 1.5635
	[70/282] 	Train_Loss: 1.3560
	[140/282] 	Train_Loss: 1.4314
	[210/282] 	Train_Loss: 1.5724
	[280/282] 	Train_Loss: 2.0234
Epoch 195/300 	Time: 111초               	Train_Loss: 1.5143 	Val_Loss: 1.5756
	[70/282] 	Train_Loss: 1.4168
	[140/282] 	Train_Loss: 1.5947
	[210/282] 	Train_Loss: 1.3946
	[280/282] 	Train_Loss: 1.2708
Epoch 196/300 	Time: 111초               	Train_Loss: 1.5187 	Val_Loss: 1.5445
	[70/282] 	Train_Loss: 1.4955
	[140/282] 	Train_Loss: 1.3462
	[210/282] 	Train_Loss: 1.5647
	[280/282] 	Train_Loss: 1.5541
Epoch 197/300 	Time: 111초               	Train_Loss: 1.5131 	Val_Loss: 1.5635
	[70/282] 	Train_Loss: 1.6199
	[140/282] 	Train_Loss: 1.2273
	[210/282] 	Train_Loss: 1.6523
	[280/282] 	Train_Loss: 1.2871
Epoch 198/300 	Time: 111초               	Train_Loss: 1.5272 	Val_Loss: 1.5757
	[70/282] 	Train_Loss: 1.8552
	[140/282] 	Train_Loss: 1.4635
	[210/282] 	Train_Loss: 1.4967
	[280/282] 	Train_Loss: 1.7273
Epoch 199/300 	Time: 111초               	Train_Loss: 1.5202 	Val_Loss: 1.5421
	[70/282] 	Train_Loss: 1.6114
	[140/282] 	Train_Loss: 1.6163
	[210/282] 	Train_Loss: 1.6361
	[280/282] 	Train_Loss: 1.3199
Epoch 200/300 	Time: 111초               	Train_Loss: 1.5233 	Val_Loss: 1.5866
	[70/282] 	Train_Loss: 1.4477
	[140/282] 	Train_Loss: 1.4550
	[210/282] 	Train_Loss: 1.4307
	[280/282] 	Train_Loss: 1.5742
Epoch 201/300 	Time: 111초               	Train_Loss: 1.5224 	Val_Loss: 1.5763
	[70/282] 	Train_Loss: 1.5905
	[140/282] 	Train_Loss: 1.5514
	[210/282] 	Train_Loss: 1.5358
	[280/282] 	Train_Loss: 1.7104
Epoch 202/300 	Time: 111초               	Train_Loss: 1.5094 	Val_Loss: 1.5434
	[70/282] 	Train_Loss: 1.5979
	[140/282] 	Train_Loss: 1.2370
	[210/282] 	Train_Loss: 1.3653
	[280/282] 	Train_Loss: 1.6518
Epoch 203/300 	Time: 111초               	Train_Loss: 1.5210 	Val_Loss: 1.5473
	[70/282] 	Train_Loss: 1.6776
	[140/282] 	Train_Loss: 1.3950
	[210/282] 	Train_Loss: 1.6560
	[280/282] 	Train_Loss: 1.4523
Epoch 204/300 	Time: 111초               	Train_Loss: 1.5139 	Val_Loss: 1.5700
	[70/282] 	Train_Loss: 1.2866
	[140/282] 	Train_Loss: 1.4499
	[210/282] 	Train_Loss: 1.5269
	[280/282] 	Train_Loss: 1.7045
Epoch 205/300 	Time: 111초               	Train_Loss: 1.5139 	Val_Loss: 1.5644
	[70/282] 	Train_Loss: 1.3346
	[140/282] 	Train_Loss: 1.7438
	[210/282] 	Train_Loss: 1.6523
	[280/282] 	Train_Loss: 1.7345
Epoch 206/300 	Time: 111초               	Train_Loss: 1.5083 	Val_Loss: 1.5843
	[70/282] 	Train_Loss: 1.6375
	[140/282] 	Train_Loss: 1.2794
	[210/282] 	Train_Loss: 1.4876
	[280/282] 	Train_Loss: 1.5098
Epoch 207/300 	Time: 111초               	Train_Loss: 1.5207 	Val_Loss: 1.5477
	[70/282] 	Train_Loss: 1.6174
	[140/282] 	Train_Loss: 1.5055
	[210/282] 	Train_Loss: 1.4120
	[280/282] 	Train_Loss: 1.8024
Epoch 208/300 	Time: 111초               	Train_Loss: 1.5258 	Val_Loss: 1.5523
	[70/282] 	Train_Loss: 1.3676
	[140/282] 	Train_Loss: 1.4900
	[210/282] 	Train_Loss: 1.3821
	[280/282] 	Train_Loss: 1.4637
Epoch 209/300 	Time: 111초               	Train_Loss: 1.5281 	Val_Loss: 1.5557
	[70/282] 	Train_Loss: 1.4809
	[140/282] 	Train_Loss: 1.4354
	[210/282] 	Train_Loss: 1.4547
	[280/282] 	Train_Loss: 1.2415
Epoch 210/300 	Time: 111초               	Train_Loss: 1.5128 	Val_Loss: 1.5507
	[70/282] 	Train_Loss: 1.3864
	[140/282] 	Train_Loss: 1.5696
	[210/282] 	Train_Loss: 1.5967
	[280/282] 	Train_Loss: 1.5691
Epoch 211/300 	Time: 111초               	Train_Loss: 1.5078 	Val_Loss: 1.5318
	[70/282] 	Train_Loss: 1.7680
	[140/282] 	Train_Loss: 1.7893
	[210/282] 	Train_Loss: 1.6654
	[280/282] 	Train_Loss: 1.5336
Epoch 212/300 	Time: 111초               	Train_Loss: 1.5263 	Val_Loss: 1.5632
	[70/282] 	Train_Loss: 1.7330
	[140/282] 	Train_Loss: 1.3094
	[210/282] 	Train_Loss: 1.4105
	[280/282] 	Train_Loss: 1.6657
Epoch 213/300 	Time: 111초               	Train_Loss: 1.5190 	Val_Loss: 1.5672
	[70/282] 	Train_Loss: 1.6596
	[140/282] 	Train_Loss: 1.5768
	[210/282] 	Train_Loss: 1.4139
	[280/282] 	Train_Loss: 1.9124
Epoch 214/300 	Time: 111초               	Train_Loss: 1.5224 	Val_Loss: 1.5545
	[70/282] 	Train_Loss: 1.8657
	[140/282] 	Train_Loss: 1.3800
	[210/282] 	Train_Loss: 1.3667
	[280/282] 	Train_Loss: 1.4926
Epoch 215/300 	Time: 111초               	Train_Loss: 1.5268 	Val_Loss: 1.5526
	[70/282] 	Train_Loss: 1.7726
	[140/282] 	Train_Loss: 1.5899
	[210/282] 	Train_Loss: 1.5105
	[280/282] 	Train_Loss: 1.3068
Epoch 216/300 	Time: 111초               	Train_Loss: 1.5157 	Val_Loss: 1.5638
	[70/282] 	Train_Loss: 1.5437
	[140/282] 	Train_Loss: 1.3860
	[210/282] 	Train_Loss: 1.3599
	[280/282] 	Train_Loss: 1.5612
Epoch 217/300 	Time: 111초               	Train_Loss: 1.5110 	Val_Loss: 1.5426
	[70/282] 	Train_Loss: 1.4541
	[140/282] 	Train_Loss: 1.3042
	[210/282] 	Train_Loss: 1.7523
	[280/282] 	Train_Loss: 1.3214
Epoch 218/300 	Time: 111초               	Train_Loss: 1.5141 	Val_Loss: 1.5490
	[70/282] 	Train_Loss: 1.5220
	[140/282] 	Train_Loss: 1.7105
	[210/282] 	Train_Loss: 1.5855
	[280/282] 	Train_Loss: 1.5382
Epoch 219/300 	Time: 111초               	Train_Loss: 1.5245 	Val_Loss: 1.5451
	[70/282] 	Train_Loss: 1.5322
	[140/282] 	Train_Loss: 1.4836
	[210/282] 	Train_Loss: 1.6444
	[280/282] 	Train_Loss: 1.6446
Epoch 220/300 	Time: 111초               	Train_Loss: 1.5164 	Val_Loss: 1.5509
	[70/282] 	Train_Loss: 1.4991
	[140/282] 	Train_Loss: 1.5009
	[210/282] 	Train_Loss: 1.5188
	[280/282] 	Train_Loss: 1.5778
Epoch 221/300 	Time: 111초               	Train_Loss: 1.5199 	Val_Loss: 1.5613
	[70/282] 	Train_Loss: 1.7608
	[140/282] 	Train_Loss: 1.3445
	[210/282] 	Train_Loss: 1.5630
	[280/282] 	Train_Loss: 1.5198
Epoch 222/300 	Time: 111초               	Train_Loss: 1.5056 	Val_Loss: 1.5601
	[70/282] 	Train_Loss: 1.5092
	[140/282] 	Train_Loss: 1.0223
	[210/282] 	Train_Loss: 1.6069
	[280/282] 	Train_Loss: 1.4906
Epoch 223/300 	Time: 111초               	Train_Loss: 1.5247 	Val_Loss: 1.5281
	[70/282] 	Train_Loss: 1.6008
	[140/282] 	Train_Loss: 1.4834
	[210/282] 	Train_Loss: 1.3337
	[280/282] 	Train_Loss: 1.4209
Epoch 224/300 	Time: 111초               	Train_Loss: 1.5076 	Val_Loss: 1.5526
	[70/282] 	Train_Loss: 1.3732
	[140/282] 	Train_Loss: 1.2529
	[210/282] 	Train_Loss: 1.5510
	[280/282] 	Train_Loss: 1.3322
Epoch 225/300 	Time: 111초               	Train_Loss: 1.5026 	Val_Loss: 1.5300
	[70/282] 	Train_Loss: 1.4836
	[140/282] 	Train_Loss: 1.3893
	[210/282] 	Train_Loss: 1.3819
	[280/282] 	Train_Loss: 1.3141
Epoch 226/300 	Time: 111초               	Train_Loss: 1.5098 	Val_Loss: 1.5274
	[70/282] 	Train_Loss: 1.4110
	[140/282] 	Train_Loss: 1.5397
	[210/282] 	Train_Loss: 1.4196
	[280/282] 	Train_Loss: 1.5490
Epoch 227/300 	Time: 111초               	Train_Loss: 1.5183 	Val_Loss: 1.5843
	[70/282] 	Train_Loss: 1.5602
	[140/282] 	Train_Loss: 1.8138
	[210/282] 	Train_Loss: 1.7585
	[280/282] 	Train_Loss: 1.3544
Epoch 228/300 	Time: 111초               	Train_Loss: 1.5178 	Val_Loss: 1.5409
	[70/282] 	Train_Loss: 1.6373
	[140/282] 	Train_Loss: 1.5520
	[210/282] 	Train_Loss: 1.3897
	[280/282] 	Train_Loss: 1.3636
Epoch 229/300 	Time: 111초               	Train_Loss: 1.5153 	Val_Loss: 1.5343
	[70/282] 	Train_Loss: 1.4291
	[140/282] 	Train_Loss: 1.6900
	[210/282] 	Train_Loss: 1.2640
	[280/282] 	Train_Loss: 1.5047
Epoch 230/300 	Time: 111초               	Train_Loss: 1.5159 	Val_Loss: 1.5883
	[70/282] 	Train_Loss: 1.4955
	[140/282] 	Train_Loss: 1.5815
	[210/282] 	Train_Loss: 1.5211
	[280/282] 	Train_Loss: 1.2232
Epoch 231/300 	Time: 111초               	Train_Loss: 1.5064 	Val_Loss: 1.5500
	[70/282] 	Train_Loss: 1.4941
	[140/282] 	Train_Loss: 1.5208
	[210/282] 	Train_Loss: 1.5603
	[280/282] 	Train_Loss: 1.7898
Epoch 232/300 	Time: 111초               	Train_Loss: 1.5438 	Val_Loss: 1.5310
	[70/282] 	Train_Loss: 1.4241
	[140/282] 	Train_Loss: 1.2662
	[210/282] 	Train_Loss: 1.0573
	[280/282] 	Train_Loss: 1.3835
Epoch 233/300 	Time: 111초               	Train_Loss: 1.5104 	Val_Loss: 1.5530
	[70/282] 	Train_Loss: 1.3786
	[140/282] 	Train_Loss: 1.4282
	[210/282] 	Train_Loss: 1.5114
	[280/282] 	Train_Loss: 1.2853
Epoch 234/300 	Time: 111초               	Train_Loss: 1.5086 	Val_Loss: 1.5601
	[70/282] 	Train_Loss: 1.2318
	[140/282] 	Train_Loss: 1.7499
	[210/282] 	Train_Loss: 1.5406
	[280/282] 	Train_Loss: 1.4235
Epoch 235/300 	Time: 111초               	Train_Loss: 1.5035 	Val_Loss: 1.5414
	[70/282] 	Train_Loss: 1.5346
	[140/282] 	Train_Loss: 1.4863
	[210/282] 	Train_Loss: 1.7199
	[280/282] 	Train_Loss: 1.6671
Epoch 236/300 	Time: 111초               	Train_Loss: 1.5107 	Val_Loss: 1.5445
	[70/282] 	Train_Loss: 1.5258
	[140/282] 	Train_Loss: 1.2733
	[210/282] 	Train_Loss: 1.3790
	[280/282] 	Train_Loss: 1.3118
Epoch 237/300 	Time: 111초               	Train_Loss: 1.5024 	Val_Loss: 1.5453
	[70/282] 	Train_Loss: 1.4116
	[140/282] 	Train_Loss: 1.5828
	[210/282] 	Train_Loss: 1.4756
	[280/282] 	Train_Loss: 1.4381
Epoch 238/300 	Time: 111초               	Train_Loss: 1.5188 	Val_Loss: 1.5625
	[70/282] 	Train_Loss: 1.6278
	[140/282] 	Train_Loss: 1.4866
	[210/282] 	Train_Loss: 1.3089
	[280/282] 	Train_Loss: 1.8186
Epoch 239/300 	Time: 111초               	Train_Loss: 1.5176 	Val_Loss: 1.5384
	[70/282] 	Train_Loss: 1.5779
	[140/282] 	Train_Loss: 1.3063
	[210/282] 	Train_Loss: 1.5616
	[280/282] 	Train_Loss: 1.4263
Epoch 240/300 	Time: 111초               	Train_Loss: 1.5046 	Val_Loss: 1.5392
	[70/282] 	Train_Loss: 1.6294
	[140/282] 	Train_Loss: 1.6026
	[210/282] 	Train_Loss: 1.3481
	[280/282] 	Train_Loss: 1.4468
Epoch 241/300 	Time: 111초               	Train_Loss: 1.5074 	Val_Loss: 1.5365
	[70/282] 	Train_Loss: 1.5225
	[140/282] 	Train_Loss: 1.5236
	[210/282] 	Train_Loss: 1.2211
	[280/282] 	Train_Loss: 1.1503
Epoch 242/300 	Time: 111초               	Train_Loss: 1.5093 	Val_Loss: 1.5496
	[70/282] 	Train_Loss: 1.4525
	[140/282] 	Train_Loss: 1.1124
	[210/282] 	Train_Loss: 1.1484
	[280/282] 	Train_Loss: 1.4607
Epoch 243/300 	Time: 111초               	Train_Loss: 1.5165 	Val_Loss: 1.5133
	[70/282] 	Train_Loss: 1.6620
	[140/282] 	Train_Loss: 1.3308
	[210/282] 	Train_Loss: 1.5015
	[280/282] 	Train_Loss: 1.4041
Epoch 244/300 	Time: 111초               	Train_Loss: 1.5016 	Val_Loss: 1.5265
	[70/282] 	Train_Loss: 1.4775
	[140/282] 	Train_Loss: 1.3454
	[210/282] 	Train_Loss: 1.3992
	[280/282] 	Train_Loss: 1.3148
Epoch 245/300 	Time: 111초               	Train_Loss: 1.5110 	Val_Loss: 1.5638
	[70/282] 	Train_Loss: 1.5155
	[140/282] 	Train_Loss: 1.5146
	[210/282] 	Train_Loss: 1.7683
	[280/282] 	Train_Loss: 1.2599
Epoch 246/300 	Time: 111초               	Train_Loss: 1.5095 	Val_Loss: 1.5379
	[70/282] 	Train_Loss: 1.3787
	[140/282] 	Train_Loss: 1.6909
	[210/282] 	Train_Loss: 1.4139
	[280/282] 	Train_Loss: 1.2915
Epoch 247/300 	Time: 111초               	Train_Loss: 1.5171 	Val_Loss: 1.5664
	[70/282] 	Train_Loss: 1.4549
	[140/282] 	Train_Loss: 1.6020
	[210/282] 	Train_Loss: 1.6060
	[280/282] 	Train_Loss: 1.6500
Epoch 248/300 	Time: 111초               	Train_Loss: 1.5160 	Val_Loss: 1.5375
	[70/282] 	Train_Loss: 1.5558
	[140/282] 	Train_Loss: 1.5762
	[210/282] 	Train_Loss: 1.5941
	[280/282] 	Train_Loss: 1.4129
Epoch 249/300 	Time: 111초               	Train_Loss: 1.4966 	Val_Loss: 1.5450
	[70/282] 	Train_Loss: 1.4333
	[140/282] 	Train_Loss: 1.5739
	[210/282] 	Train_Loss: 1.6105
	[280/282] 	Train_Loss: 1.4137
Epoch 250/300 	Time: 111초               	Train_Loss: 1.5097 	Val_Loss: 1.5600
	[70/282] 	Train_Loss: 1.3089
	[140/282] 	Train_Loss: 1.4328
	[210/282] 	Train_Loss: 1.5643
	[280/282] 	Train_Loss: 1.5680
Epoch 251/300 	Time: 111초               	Train_Loss: 1.5030 	Val_Loss: 1.5243
	[70/282] 	Train_Loss: 1.3018
	[140/282] 	Train_Loss: 1.5811
	[210/282] 	Train_Loss: 1.5136
	[280/282] 	Train_Loss: 1.3291
Epoch 252/300 	Time: 111초               	Train_Loss: 1.5083 	Val_Loss: 1.5418
	[70/282] 	Train_Loss: 1.2987
	[140/282] 	Train_Loss: 1.5982
	[210/282] 	Train_Loss: 1.4453
	[280/282] 	Train_Loss: 1.4837
Epoch 253/300 	Time: 111초               	Train_Loss: 1.5092 	Val_Loss: 1.5249
	[70/282] 	Train_Loss: 1.5404
	[140/282] 	Train_Loss: 1.7183
	[210/282] 	Train_Loss: 1.5540
	[280/282] 	Train_Loss: 1.5604
Epoch 254/300 	Time: 111초               	Train_Loss: 1.5104 	Val_Loss: 1.5733
	[70/282] 	Train_Loss: 1.6453
	[140/282] 	Train_Loss: 1.3342
	[210/282] 	Train_Loss: 1.5576
	[280/282] 	Train_Loss: 1.5703
Epoch 255/300 	Time: 111초               	Train_Loss: 1.5018 	Val_Loss: 1.5486
	[70/282] 	Train_Loss: 1.6510
	[140/282] 	Train_Loss: 1.5910
	[210/282] 	Train_Loss: 1.2974
	[280/282] 	Train_Loss: 1.4758
Epoch 256/300 	Time: 111초               	Train_Loss: 1.5049 	Val_Loss: 1.5839
	[70/282] 	Train_Loss: 1.2752
	[140/282] 	Train_Loss: 1.5082
	[210/282] 	Train_Loss: 1.3718
	[280/282] 	Train_Loss: 1.2921
Epoch 257/300 	Time: 111초               	Train_Loss: 1.4981 	Val_Loss: 1.5423
	[70/282] 	Train_Loss: 1.3078
	[140/282] 	Train_Loss: 1.7244
	[210/282] 	Train_Loss: 1.3292
	[280/282] 	Train_Loss: 1.5542
Epoch 258/300 	Time: 111초               	Train_Loss: 1.5011 	Val_Loss: 1.5312
	[70/282] 	Train_Loss: 1.4824
	[140/282] 	Train_Loss: 1.6115
	[210/282] 	Train_Loss: 1.6237
	[280/282] 	Train_Loss: 1.4673
Epoch 259/300 	Time: 111초               	Train_Loss: 1.5044 	Val_Loss: 1.5294
	[70/282] 	Train_Loss: 1.4465
	[140/282] 	Train_Loss: 1.3805
	[210/282] 	Train_Loss: 1.6264
	[280/282] 	Train_Loss: 1.5600
Epoch 260/300 	Time: 111초               	Train_Loss: 1.4975 	Val_Loss: 1.5317
	[70/282] 	Train_Loss: 1.2921
	[140/282] 	Train_Loss: 1.5141
	[210/282] 	Train_Loss: 1.4693
	[280/282] 	Train_Loss: 1.3290
Epoch 261/300 	Time: 111초               	Train_Loss: 1.5136 	Val_Loss: 1.5372
	[70/282] 	Train_Loss: 1.4185
	[140/282] 	Train_Loss: 1.4158
	[210/282] 	Train_Loss: 1.7166
	[280/282] 	Train_Loss: 1.5369
Epoch 262/300 	Time: 111초               	Train_Loss: 1.5047 	Val_Loss: 1.5634
	[70/282] 	Train_Loss: 1.5717
	[140/282] 	Train_Loss: 1.2783
	[210/282] 	Train_Loss: 1.6674
	[280/282] 	Train_Loss: 1.5546
Epoch 263/300 	Time: 111초               	Train_Loss: 1.5013 	Val_Loss: 1.5545
	[70/282] 	Train_Loss: 1.3344
	[140/282] 	Train_Loss: 1.6807
	[210/282] 	Train_Loss: 1.4631
	[280/282] 	Train_Loss: 1.2797
Epoch 264/300 	Time: 111초               	Train_Loss: 1.5193 	Val_Loss: 1.5383
	[70/282] 	Train_Loss: 1.1573
	[140/282] 	Train_Loss: 1.5335
	[210/282] 	Train_Loss: 1.4234
	[280/282] 	Train_Loss: 1.4657
Epoch 265/300 	Time: 111초               	Train_Loss: 1.4960 	Val_Loss: 1.5105
265epoch 모델 저장 완료
	[70/282] 	Train_Loss: 1.3142
	[140/282] 	Train_Loss: 1.3366
	[210/282] 	Train_Loss: 1.4273
	[280/282] 	Train_Loss: 1.6441
Epoch 266/300 	Time: 111초               	Train_Loss: 1.5048 	Val_Loss: 1.5245
	[70/282] 	Train_Loss: 1.4244
	[140/282] 	Train_Loss: 1.5924
	[210/282] 	Train_Loss: 1.4760
	[280/282] 	Train_Loss: 1.6992
Epoch 267/300 	Time: 111초               	Train_Loss: 1.4993 	Val_Loss: 1.5550
	[70/282] 	Train_Loss: 1.6514
	[140/282] 	Train_Loss: 1.5264
	[210/282] 	Train_Loss: 1.5249
	[280/282] 	Train_Loss: 1.6096
Epoch 268/300 	Time: 111초               	Train_Loss: 1.5083 	Val_Loss: 1.5736
	[70/282] 	Train_Loss: 1.3581
	[140/282] 	Train_Loss: 1.6222
	[210/282] 	Train_Loss: 1.4346
	[280/282] 	Train_Loss: 1.9020
Epoch 269/300 	Time: 111초               	Train_Loss: 1.5044 	Val_Loss: 1.5619
	[70/282] 	Train_Loss: 1.1728
	[140/282] 	Train_Loss: 1.4914
	[210/282] 	Train_Loss: 1.2143
	[280/282] 	Train_Loss: 1.3678
Epoch 270/300 	Time: 111초               	Train_Loss: 1.4960 	Val_Loss: 1.5286
	[70/282] 	Train_Loss: 1.3286
	[140/282] 	Train_Loss: 1.5025
	[210/282] 	Train_Loss: 1.4674
	[280/282] 	Train_Loss: 1.6216
Epoch 271/300 	Time: 111초               	Train_Loss: 1.4950 	Val_Loss: 1.5417
	[70/282] 	Train_Loss: 1.3355
	[140/282] 	Train_Loss: 1.4096
	[210/282] 	Train_Loss: 1.6141
	[280/282] 	Train_Loss: 1.3810
Epoch 272/300 	Time: 111초               	Train_Loss: 1.5017 	Val_Loss: 1.5402
	[70/282] 	Train_Loss: 1.9495
	[140/282] 	Train_Loss: 1.4993
	[210/282] 	Train_Loss: 1.7976
	[280/282] 	Train_Loss: 1.5495
Epoch 273/300 	Time: 111초               	Train_Loss: 1.5062 	Val_Loss: 1.5267
	[70/282] 	Train_Loss: 1.2335
	[140/282] 	Train_Loss: 1.6397
	[210/282] 	Train_Loss: 1.2477
	[280/282] 	Train_Loss: 1.6532
Epoch 274/300 	Time: 111초               	Train_Loss: 1.5070 	Val_Loss: 1.5571
	[70/282] 	Train_Loss: 1.4199
	[140/282] 	Train_Loss: 1.2562
	[210/282] 	Train_Loss: 1.6750
	[280/282] 	Train_Loss: 1.5935
Epoch 275/300 	Time: 111초               	Train_Loss: 1.5175 	Val_Loss: 1.5445
	[70/282] 	Train_Loss: 1.1744
	[140/282] 	Train_Loss: 1.7500
	[210/282] 	Train_Loss: 1.5896
	[280/282] 	Train_Loss: 1.1412
Epoch 276/300 	Time: 111초               	Train_Loss: 1.5017 	Val_Loss: 1.5480
	[70/282] 	Train_Loss: 1.7947
	[140/282] 	Train_Loss: 1.2453
	[210/282] 	Train_Loss: 1.5287
	[280/282] 	Train_Loss: 1.6922
Epoch 277/300 	Time: 111초               	Train_Loss: 1.4991 	Val_Loss: 1.5207
	[70/282] 	Train_Loss: 1.4354
	[140/282] 	Train_Loss: 1.7655
	[210/282] 	Train_Loss: 1.6375
	[280/282] 	Train_Loss: 1.3496
Epoch 278/300 	Time: 111초               	Train_Loss: 1.5133 	Val_Loss: 1.5456
	[70/282] 	Train_Loss: 1.6058
	[140/282] 	Train_Loss: 1.2655
	[210/282] 	Train_Loss: 1.3436
	[280/282] 	Train_Loss: 1.7771
Epoch 279/300 	Time: 111초               	Train_Loss: 1.5138 	Val_Loss: 1.5704
	[70/282] 	Train_Loss: 1.5298
	[140/282] 	Train_Loss: 1.5154
	[210/282] 	Train_Loss: 1.4744
	[280/282] 	Train_Loss: 1.3523
Epoch 280/300 	Time: 111초               	Train_Loss: 1.4946 	Val_Loss: 1.5697
	[70/282] 	Train_Loss: 1.4116
	[140/282] 	Train_Loss: 1.8323
	[210/282] 	Train_Loss: 1.5516
	[280/282] 	Train_Loss: 1.3740
Epoch 281/300 	Time: 111초               	Train_Loss: 1.4993 	Val_Loss: 1.5342
	[70/282] 	Train_Loss: 1.3566
	[140/282] 	Train_Loss: 1.4250
	[210/282] 	Train_Loss: 1.5834
	[280/282] 	Train_Loss: 1.4080
Epoch 282/300 	Time: 111초               	Train_Loss: 1.5015 	Val_Loss: 1.5300
	[70/282] 	Train_Loss: 1.3319
	[140/282] 	Train_Loss: 1.2590
	[210/282] 	Train_Loss: 1.2908
	[280/282] 	Train_Loss: 1.4270
Epoch 283/300 	Time: 111초               	Train_Loss: 1.5034 	Val_Loss: 1.5407
	[70/282] 	Train_Loss: 1.7992
	[140/282] 	Train_Loss: 1.5662
	[210/282] 	Train_Loss: 1.5918
	[280/282] 	Train_Loss: 1.4947
Epoch 284/300 	Time: 111초               	Train_Loss: 1.5038 	Val_Loss: 1.5494
	[70/282] 	Train_Loss: 1.3643
	[140/282] 	Train_Loss: 1.5781
	[210/282] 	Train_Loss: 1.2390
	[280/282] 	Train_Loss: 1.5295
Epoch 285/300 	Time: 111초               	Train_Loss: 1.5109 	Val_Loss: 1.5406
	[70/282] 	Train_Loss: 1.4322
	[140/282] 	Train_Loss: 1.5322
	[210/282] 	Train_Loss: 1.6526
	[280/282] 	Train_Loss: 1.4689
Epoch 286/300 	Time: 111초               	Train_Loss: 1.5158 	Val_Loss: 1.5335
	[70/282] 	Train_Loss: 1.4048
	[140/282] 	Train_Loss: 1.5961
	[210/282] 	Train_Loss: 1.5460
	[280/282] 	Train_Loss: 1.5634
Epoch 287/300 	Time: 111초               	Train_Loss: 1.4970 	Val_Loss: 1.5240
	[70/282] 	Train_Loss: 1.3080
	[140/282] 	Train_Loss: 1.2772
	[210/282] 	Train_Loss: 1.3687
	[280/282] 	Train_Loss: 1.5025
Epoch 288/300 	Time: 111초               	Train_Loss: 1.4983 	Val_Loss: 1.5123
	[70/282] 	Train_Loss: 1.7186
	[140/282] 	Train_Loss: 1.5576
	[210/282] 	Train_Loss: 1.3846
	[280/282] 	Train_Loss: 1.4436
Epoch 289/300 	Time: 111초               	Train_Loss: 1.5110 	Val_Loss: 1.5543
	[70/282] 	Train_Loss: 1.3520
	[140/282] 	Train_Loss: 1.3029
	[210/282] 	Train_Loss: 1.2279
	[280/282] 	Train_Loss: 1.3546
Epoch 290/300 	Time: 111초               	Train_Loss: 1.5110 	Val_Loss: 1.5205
	[70/282] 	Train_Loss: 1.4749
	[140/282] 	Train_Loss: 1.9385
	[210/282] 	Train_Loss: 1.4947
	[280/282] 	Train_Loss: 1.7421
Epoch 291/300 	Time: 111초               	Train_Loss: 1.4982 	Val_Loss: 1.5546
	[70/282] 	Train_Loss: 1.2311
	[140/282] 	Train_Loss: 1.4398
	[210/282] 	Train_Loss: 1.6755
	[280/282] 	Train_Loss: 1.2863
Epoch 292/300 	Time: 111초               	Train_Loss: 1.5047 	Val_Loss: 1.5284
	[70/282] 	Train_Loss: 1.4158
	[140/282] 	Train_Loss: 1.4084
	[210/282] 	Train_Loss: 1.4745
	[280/282] 	Train_Loss: 1.7362
Epoch 293/300 	Time: 111초               	Train_Loss: 1.5099 	Val_Loss: 1.5498
	[70/282] 	Train_Loss: 1.2355
	[140/282] 	Train_Loss: 1.6331
	[210/282] 	Train_Loss: 1.4100
	[280/282] 	Train_Loss: 1.4300
Epoch 294/300 	Time: 111초               	Train_Loss: 1.5115 	Val_Loss: 1.5629
	[70/282] 	Train_Loss: 1.2227
	[140/282] 	Train_Loss: 1.6256
	[210/282] 	Train_Loss: 1.6931
	[280/282] 	Train_Loss: 1.6315
Epoch 295/300 	Time: 111초               	Train_Loss: 1.4980 	Val_Loss: 1.5418
	[70/282] 	Train_Loss: 1.3486
	[140/282] 	Train_Loss: 1.5238
	[210/282] 	Train_Loss: 1.4825
	[280/282] 	Train_Loss: 1.8577
Epoch 296/300 	Time: 111초               	Train_Loss: 1.4930 	Val_Loss: 1.5357
	[70/282] 	Train_Loss: 1.4256
	[140/282] 	Train_Loss: 1.4869
	[210/282] 	Train_Loss: 1.3499
	[280/282] 	Train_Loss: 1.2777
Epoch 297/300 	Time: 111초               	Train_Loss: 1.4870 	Val_Loss: 1.5282
	[70/282] 	Train_Loss: 1.6181
	[140/282] 	Train_Loss: 1.5858
	[210/282] 	Train_Loss: 1.4977
	[280/282] 	Train_Loss: 1.3126
Epoch 298/300 	Time: 111초               	Train_Loss: 1.4971 	Val_Loss: 1.5418
	[70/282] 	Train_Loss: 1.4356
	[140/282] 	Train_Loss: 1.4286
	[210/282] 	Train_Loss: 1.4697
	[280/282] 	Train_Loss: 1.4687
Epoch 299/300 	Time: 111초               	Train_Loss: 1.5018 	Val_Loss: 1.5336
	[70/282] 	Train_Loss: 1.6341
	[140/282] 	Train_Loss: 1.5721
	[210/282] 	Train_Loss: 1.3299
	[280/282] 	Train_Loss: 1.5349
Epoch 300/300 	Time: 111초               	Train_Loss: 1.5036 	Val_Loss: 1.5392
훈련 소요 시간: 9시간 14분 37초
done
