activate torch environment
/data/joohyun7u/cjh/sh/setup.sh: line 7: activate: No such file or directory
mlp Activate Failed
20230523-03:01:19
models.RFDN
running: cuda, 	Model: DRLN 	epoch: 300,            	batch: 4, 	lr: 0.001 	Summary: False           	loss: vgg_perceptual_loss, 	 Noise_Img True
./save/best_DRLN_model10.pth
./loss/DRLN_model10.pth
Train Size : 9000 	Validattion Size : 1000
모든 parameter 개수기준임
Number of parameters: 34282443
!!!!!!10M 1천만보다 24282443개 초과했음!!!!!!
grad인 parameter 개수기준임
Number of parameters: 34282419
!!!!!!10M 1천만보다 24282419개 초과했음!!!!!!
! vgg model : vgg16
/data/joohyun7u/anaconda3/envs/mlp/lib/python3.9/site-packages/torchvision/models/_utils.py:208: UserWarning: The parameter 'pretrained' is deprecated since 0.13 and will be removed in 0.15, please use 'weights' instead.
  warnings.warn(
/data/joohyun7u/anaconda3/envs/mlp/lib/python3.9/site-packages/torchvision/models/_utils.py:223: UserWarning: Arguments other than a weight enum or `None` for 'weights' are deprecated since 0.13 and will be removed in 0.15. The current behavior is equivalent to passing `weights=VGG16_Weights.IMAGENET1K_V1`. You can also use `weights=VGG16_Weights.DEFAULT` to get the most up-to-date weights.
  warnings.warn(msg)
모델 학습 시작
torch.Size([4, 3, 128, 128]) torch.Size([4, 3, 128, 128])
	[562/2250] 	Train_Loss: 2.6148
	[1124/2250] 	Train_Loss: 2.2028
	[1686/2250] 	Train_Loss: 2.4940
	[2248/2250] 	Train_Loss: 1.8678
Epoch 1/300 	Time: 1410초               	Train_Loss: 2.4557 	Val_Loss: 2.3168
1epoch 모델 저장 완료
	[562/2250] 	Train_Loss: 1.7863
	[1124/2250] 	Train_Loss: 2.5857
	[1686/2250] 	Train_Loss: 1.9653
	[2248/2250] 	Train_Loss: 1.7304
Epoch 2/300 	Time: 1403초               	Train_Loss: 2.2137 	Val_Loss: 2.1552
2epoch 모델 저장 완료
	[562/2250] 	Train_Loss: 2.4203
	[1124/2250] 	Train_Loss: 1.4562
	[1686/2250] 	Train_Loss: 2.1847
	[2248/2250] 	Train_Loss: 2.4777
Epoch 3/300 	Time: 1400초               	Train_Loss: 2.1099 	Val_Loss: 2.0520
3epoch 모델 저장 완료
	[562/2250] 	Train_Loss: 1.9375
	[1124/2250] 	Train_Loss: 1.8260
	[1686/2250] 	Train_Loss: 2.4107
	[2248/2250] 	Train_Loss: 1.9703
Epoch 4/300 	Time: 1402초               	Train_Loss: 1.9991 	Val_Loss: 2.0094
4epoch 모델 저장 완료
	[562/2250] 	Train_Loss: 3.1557
	[1124/2250] 	Train_Loss: 1.9389
	[1686/2250] 	Train_Loss: 2.0916
	[2248/2250] 	Train_Loss: 1.3592
Epoch 5/300 	Time: 1402초               	Train_Loss: 1.9647 	Val_Loss: 1.9654
5epoch 모델 저장 완료
	[562/2250] 	Train_Loss: 1.2332
	[1124/2250] 	Train_Loss: 1.9705
	[1686/2250] 	Train_Loss: 2.0023
	[2248/2250] 	Train_Loss: 2.1933
Epoch 6/300 	Time: 1401초               	Train_Loss: 1.9368 	Val_Loss: 2.1675
	[562/2250] 	Train_Loss: 2.8766
	[1124/2250] 	Train_Loss: 1.3390
	[1686/2250] 	Train_Loss: 2.0007
	[2248/2250] 	Train_Loss: 2.3574
Epoch 7/300 	Time: 1395초               	Train_Loss: 1.9480 	Val_Loss: 2.1557
	[562/2250] 	Train_Loss: 1.9835
	[1124/2250] 	Train_Loss: 1.4832
	[1686/2250] 	Train_Loss: 2.1045
	[2248/2250] 	Train_Loss: 1.3006
Epoch 8/300 	Time: 1395초               	Train_Loss: 1.9239 	Val_Loss: 1.8995
8epoch 모델 저장 완료
	[562/2250] 	Train_Loss: 1.9946
	[1124/2250] 	Train_Loss: 1.7390
	[1686/2250] 	Train_Loss: 1.6866
	[2248/2250] 	Train_Loss: 2.3651
Epoch 9/300 	Time: 1395초               	Train_Loss: 1.9135 	Val_Loss: 1.9447
	[562/2250] 	Train_Loss: 2.0332
	[1124/2250] 	Train_Loss: 1.5199
	[1686/2250] 	Train_Loss: 1.2951
	[2248/2250] 	Train_Loss: 1.5321
Epoch 10/300 	Time: 1394초               	Train_Loss: 1.8682 	Val_Loss: 1.9199
	[562/2250] 	Train_Loss: 1.5156
	[1124/2250] 	Train_Loss: 1.3703
	[1686/2250] 	Train_Loss: 1.0925
	[2248/2250] 	Train_Loss: 2.0044
Epoch 11/300 	Time: 1394초               	Train_Loss: 1.8722 	Val_Loss: 1.8271
11epoch 모델 저장 완료
	[562/2250] 	Train_Loss: 1.4544
	[1124/2250] 	Train_Loss: 2.2417
	[1686/2250] 	Train_Loss: 1.7534
	[2248/2250] 	Train_Loss: 2.1003
Epoch 12/300 	Time: 1393초               	Train_Loss: 1.8530 	Val_Loss: 1.8791
	[562/2250] 	Train_Loss: 2.2633
	[1124/2250] 	Train_Loss: 1.7367
	[1686/2250] 	Train_Loss: 2.1632
	[2248/2250] 	Train_Loss: 1.7141
Epoch 13/300 	Time: 1394초               	Train_Loss: 1.8298 	Val_Loss: 1.8454
	[562/2250] 	Train_Loss: 2.8217
	[1124/2250] 	Train_Loss: 1.2498
	[1686/2250] 	Train_Loss: 1.8370
	[2248/2250] 	Train_Loss: 1.8883
Epoch 14/300 	Time: 1391초               	Train_Loss: 1.8327 	Val_Loss: 1.8053
14epoch 모델 저장 완료
	[562/2250] 	Train_Loss: 2.0788
	[1124/2250] 	Train_Loss: 1.4480
	[1686/2250] 	Train_Loss: 1.4233
	[2248/2250] 	Train_Loss: 2.1656
Epoch 15/300 	Time: 1392초               	Train_Loss: 1.8245 	Val_Loss: 1.8685
	[562/2250] 	Train_Loss: 1.7881
	[1124/2250] 	Train_Loss: 1.8104
	[1686/2250] 	Train_Loss: 2.1334
	[2248/2250] 	Train_Loss: 2.2673
Epoch 16/300 	Time: 1391초               	Train_Loss: 1.8204 	Val_Loss: 1.8289
	[562/2250] 	Train_Loss: 1.6807
	[1124/2250] 	Train_Loss: 1.7195
	[1686/2250] 	Train_Loss: 1.5563
	[2248/2250] 	Train_Loss: 2.3253
Epoch 17/300 	Time: 1391초               	Train_Loss: 1.8169 	Val_Loss: 1.8508
	[562/2250] 	Train_Loss: 1.7700
	[1124/2250] 	Train_Loss: 1.9765
	[1686/2250] 	Train_Loss: 1.9733
	[2248/2250] 	Train_Loss: 1.3935
Epoch 18/300 	Time: 1391초               	Train_Loss: 1.8153 	Val_Loss: 1.8691
	[562/2250] 	Train_Loss: 2.1537
	[1124/2250] 	Train_Loss: 2.0141
	[1686/2250] 	Train_Loss: 2.3803
	[2248/2250] 	Train_Loss: 1.3361
Epoch 19/300 	Time: 1391초               	Train_Loss: 1.7964 	Val_Loss: 1.8359
	[562/2250] 	Train_Loss: 1.9731
	[1124/2250] 	Train_Loss: 1.1864
	[1686/2250] 	Train_Loss: 1.7014
	[2248/2250] 	Train_Loss: 1.6825
Epoch 20/300 	Time: 1393초               	Train_Loss: 1.7849 	Val_Loss: 1.8117
	[562/2250] 	Train_Loss: 1.8965
	[1124/2250] 	Train_Loss: 1.7661
	[1686/2250] 	Train_Loss: 1.5411
	[2248/2250] 	Train_Loss: 1.3972
Epoch 21/300 	Time: 1394초               	Train_Loss: 1.7875 	Val_Loss: 1.7758
21epoch 모델 저장 완료
	[562/2250] 	Train_Loss: 0.7189
	[1124/2250] 	Train_Loss: 1.5569
	[1686/2250] 	Train_Loss: 0.8901
	[2248/2250] 	Train_Loss: 1.5914
Epoch 22/300 	Time: 1394초               	Train_Loss: 1.7835 	Val_Loss: 1.7695
22epoch 모델 저장 완료
	[562/2250] 	Train_Loss: 1.3185
	[1124/2250] 	Train_Loss: 1.5968
	[1686/2250] 	Train_Loss: 2.0299
	[2248/2250] 	Train_Loss: 1.4311
Epoch 23/300 	Time: 1393초               	Train_Loss: 1.7776 	Val_Loss: 1.8120
	[562/2250] 	Train_Loss: 1.5507
	[1124/2250] 	Train_Loss: 1.9632
	[1686/2250] 	Train_Loss: 1.7025
	[2248/2250] 	Train_Loss: 1.1599
Epoch 24/300 	Time: 1392초               	Train_Loss: 1.7720 	Val_Loss: 1.8014
	[562/2250] 	Train_Loss: 0.9706
	[1124/2250] 	Train_Loss: 1.4015
	[1686/2250] 	Train_Loss: 1.3008
	[2248/2250] 	Train_Loss: 1.9288
Epoch 25/300 	Time: 1393초               	Train_Loss: 1.7628 	Val_Loss: 1.8111
	[562/2250] 	Train_Loss: 2.3182
	[1124/2250] 	Train_Loss: 1.8748
	[1686/2250] 	Train_Loss: 2.0911
	[2248/2250] 	Train_Loss: 1.3535
Epoch 26/300 	Time: 1393초               	Train_Loss: 1.7782 	Val_Loss: 1.7791
	[562/2250] 	Train_Loss: 1.5680
	[1124/2250] 	Train_Loss: 2.2168
	[1686/2250] 	Train_Loss: 1.2031
	[2248/2250] 	Train_Loss: 1.9256
Epoch 27/300 	Time: 1393초               	Train_Loss: 1.7528 	Val_Loss: 1.7884
	[562/2250] 	Train_Loss: 1.8451
	[1124/2250] 	Train_Loss: 1.6435
	[1686/2250] 	Train_Loss: 2.6726
	[2248/2250] 	Train_Loss: 2.7315
Epoch 28/300 	Time: 1393초               	Train_Loss: 1.7567 	Val_Loss: 1.7905
	[562/2250] 	Train_Loss: 1.1277
	[1124/2250] 	Train_Loss: 2.5468
	[1686/2250] 	Train_Loss: 1.3295
	[2248/2250] 	Train_Loss: 1.2525
Epoch 29/300 	Time: 1393초               	Train_Loss: 1.7605 	Val_Loss: 1.7524
29epoch 모델 저장 완료
	[562/2250] 	Train_Loss: 2.6313
	[1124/2250] 	Train_Loss: 1.8804
	[1686/2250] 	Train_Loss: 1.5590
	[2248/2250] 	Train_Loss: 2.0291
Epoch 30/300 	Time: 1395초               	Train_Loss: 1.7647 	Val_Loss: 1.8073
	[562/2250] 	Train_Loss: 2.2184
	[1124/2250] 	Train_Loss: 2.1979
	[1686/2250] 	Train_Loss: 3.0372
	[2248/2250] 	Train_Loss: 1.5208
Epoch 31/300 	Time: 1395초               	Train_Loss: 1.7561 	Val_Loss: 1.7658
	[562/2250] 	Train_Loss: 1.5572
	[1124/2250] 	Train_Loss: 1.9806
	[1686/2250] 	Train_Loss: 2.2042
	[2248/2250] 	Train_Loss: 1.1672
Epoch 32/300 	Time: 1394초               	Train_Loss: 1.7613 	Val_Loss: 1.7713
	[562/2250] 	Train_Loss: 1.8636
	[1124/2250] 	Train_Loss: 3.1014
	[1686/2250] 	Train_Loss: 1.8605
	[2248/2250] 	Train_Loss: 1.2856
Epoch 33/300 	Time: 1393초               	Train_Loss: 1.7491 	Val_Loss: 1.7713
	[562/2250] 	Train_Loss: 1.1200
	[1124/2250] 	Train_Loss: 0.8248
	[1686/2250] 	Train_Loss: 1.5072
	[2248/2250] 	Train_Loss: 1.5423
Epoch 34/300 	Time: 1394초               	Train_Loss: 1.7487 	Val_Loss: 1.7476
34epoch 모델 저장 완료
	[562/2250] 	Train_Loss: 1.4853
	[1124/2250] 	Train_Loss: 1.4992
	[1686/2250] 	Train_Loss: 1.8283
	[2248/2250] 	Train_Loss: 1.6442
Epoch 35/300 	Time: 1389초               	Train_Loss: 1.7461 	Val_Loss: 1.7652
	[562/2250] 	Train_Loss: 2.2150
	[1124/2250] 	Train_Loss: 1.4847
	[1686/2250] 	Train_Loss: 1.8978
	[2248/2250] 	Train_Loss: 2.8942
Epoch 36/300 	Time: 1389초               	Train_Loss: 1.7522 	Val_Loss: 1.7777
	[562/2250] 	Train_Loss: 1.3153
	[1124/2250] 	Train_Loss: 1.4977
	[1686/2250] 	Train_Loss: 0.6021
	[2248/2250] 	Train_Loss: 1.4522
Epoch 37/300 	Time: 1388초               	Train_Loss: 1.7410 	Val_Loss: 1.7371
37epoch 모델 저장 완료
	[562/2250] 	Train_Loss: 2.3903
	[1124/2250] 	Train_Loss: 1.5724
	[1686/2250] 	Train_Loss: 1.9848
	[2248/2250] 	Train_Loss: 1.7813
Epoch 38/300 	Time: 1389초               	Train_Loss: 1.7310 	Val_Loss: 1.7703
	[562/2250] 	Train_Loss: 1.9258
	[1124/2250] 	Train_Loss: 1.6079
	[1686/2250] 	Train_Loss: 1.5741
	[2248/2250] 	Train_Loss: 1.5840
Epoch 39/300 	Time: 1389초               	Train_Loss: 1.7308 	Val_Loss: 1.8250
	[562/2250] 	Train_Loss: 1.5794
	[1124/2250] 	Train_Loss: 1.5877
	[1686/2250] 	Train_Loss: 2.2227
	[2248/2250] 	Train_Loss: 2.2497
Epoch 40/300 	Time: 1390초               	Train_Loss: 1.7403 	Val_Loss: 1.7704
	[562/2250] 	Train_Loss: 1.5742
	[1124/2250] 	Train_Loss: 1.6938
	[1686/2250] 	Train_Loss: 1.6775
	[2248/2250] 	Train_Loss: 1.3445
Epoch 41/300 	Time: 1392초               	Train_Loss: 1.7428 	Val_Loss: 1.7585
	[562/2250] 	Train_Loss: 1.5657
	[1124/2250] 	Train_Loss: 2.4213
	[1686/2250] 	Train_Loss: 1.4848
	[2248/2250] 	Train_Loss: 1.8181
Epoch 42/300 	Time: 1393초               	Train_Loss: 1.7279 	Val_Loss: 1.7799
	[562/2250] 	Train_Loss: 1.3796
	[1124/2250] 	Train_Loss: 1.6580
	[1686/2250] 	Train_Loss: 2.3235
	[2248/2250] 	Train_Loss: 1.4470
Epoch 43/300 	Time: 1389초               	Train_Loss: 1.7282 	Val_Loss: 1.7399
	[562/2250] 	Train_Loss: 1.6968
	[1124/2250] 	Train_Loss: 1.5227
	[1686/2250] 	Train_Loss: 1.6803
	[2248/2250] 	Train_Loss: 2.0733
Epoch 44/300 	Time: 1388초               	Train_Loss: 1.7085 	Val_Loss: 1.7839
	[562/2250] 	Train_Loss: 1.5768
	[1124/2250] 	Train_Loss: 1.8784
	[1686/2250] 	Train_Loss: 1.7599
	[2248/2250] 	Train_Loss: 1.0862
Epoch 45/300 	Time: 1388초               	Train_Loss: 1.7352 	Val_Loss: 1.7486
	[562/2250] 	Train_Loss: 1.4767
	[1124/2250] 	Train_Loss: 1.9394
	[1686/2250] 	Train_Loss: 1.1363
	[2248/2250] 	Train_Loss: 1.6694
Epoch 46/300 	Time: 1388초               	Train_Loss: 1.7373 	Val_Loss: 1.7733
	[562/2250] 	Train_Loss: 1.8430
	[1124/2250] 	Train_Loss: 1.7196
	[1686/2250] 	Train_Loss: 1.4344
	[2248/2250] 	Train_Loss: 1.3547
Epoch 47/300 	Time: 1391초               	Train_Loss: 1.7221 	Val_Loss: 1.7679
	[562/2250] 	Train_Loss: 2.1609
	[1124/2250] 	Train_Loss: 2.5243
	[1686/2250] 	Train_Loss: 2.2796
	[2248/2250] 	Train_Loss: 2.3789
Epoch 48/300 	Time: 1387초               	Train_Loss: 1.7307 	Val_Loss: 1.7538
	[562/2250] 	Train_Loss: 2.0730
	[1124/2250] 	Train_Loss: 1.1866
	[1686/2250] 	Train_Loss: 2.1950
	[2248/2250] 	Train_Loss: 0.9182
Epoch 49/300 	Time: 1387초               	Train_Loss: 1.7168 	Val_Loss: 1.7043
49epoch 모델 저장 완료
	[562/2250] 	Train_Loss: 1.1236
	[1124/2250] 	Train_Loss: 2.0773
	[1686/2250] 	Train_Loss: 1.2085
	[2248/2250] 	Train_Loss: 1.5609
Epoch 50/300 	Time: 1391초               	Train_Loss: 1.7218 	Val_Loss: 1.7501
	[562/2250] 	Train_Loss: 1.2881
	[1124/2250] 	Train_Loss: 1.5682
	[1686/2250] 	Train_Loss: 1.5988
	[2248/2250] 	Train_Loss: 1.3454
Epoch 51/300 	Time: 1388초               	Train_Loss: 1.7187 	Val_Loss: 1.7413
	[562/2250] 	Train_Loss: 1.4633
	[1124/2250] 	Train_Loss: 1.5510
	[1686/2250] 	Train_Loss: 1.2859
	[2248/2250] 	Train_Loss: 2.3443
Epoch 52/300 	Time: 1387초               	Train_Loss: 1.7209 	Val_Loss: 1.7593
	[562/2250] 	Train_Loss: 1.8504
	[1124/2250] 	Train_Loss: 1.4724
	[1686/2250] 	Train_Loss: 1.5163
	[2248/2250] 	Train_Loss: 1.8306
Epoch 53/300 	Time: 1388초               	Train_Loss: 1.7092 	Val_Loss: 1.7331
	[562/2250] 	Train_Loss: 1.7045
	[1124/2250] 	Train_Loss: 1.6691
	[1686/2250] 	Train_Loss: 1.5297
	[2248/2250] 	Train_Loss: 1.9546
Epoch 54/300 	Time: 1391초               	Train_Loss: 1.7123 	Val_Loss: 1.7457
	[562/2250] 	Train_Loss: 3.4769
	[1124/2250] 	Train_Loss: 1.6270
	[1686/2250] 	Train_Loss: 1.8299
	[2248/2250] 	Train_Loss: 1.0583
Epoch 55/300 	Time: 1391초               	Train_Loss: 1.7071 	Val_Loss: 1.7734
	[562/2250] 	Train_Loss: 1.3716
	[1124/2250] 	Train_Loss: 2.2616
	[1686/2250] 	Train_Loss: 1.4293
slurmstepd: error: *** JOB 11923 ON ariel-v8 CANCELLED AT 2023-05-24T00:36:52 ***
