/local_datasets/MLinP/test/scan+ exist
test_scan.zip+ 압축 해제중
Archive:  test_scan.zip
replace /local_datasets/MLinP/test/scan/BookOfMaking.00016.01.tif? [y]es, [n]o, [A]ll, [N]one, [r]ename:  NULL
(EOF or read error, treating as "[N]one" ...)
/local_datasets/MLinP/train/scan+ exist
train_scan.zip+ 압축 해제중
Archive:  train_scan.zip
  inflating: /local_datasets/MLinP/train/scan/BookOfMaking.00002.02.tif  
  inflating: /local_datasets/MLinP/train/scan/BookOfMaking.00003.01.tif  
  inflating: /local_datasets/MLinP/train/scan/BookOfMaking.00003.02.tif  
  inflating: /local_datasets/MLinP/train/scan/BookOfMaking.00004.01.tif  
  inflating: /local_datasets/MLinP/train/scan/BookOfMaking.00004.02.tif  
  inflating: /local_datasets/MLinP/train/scan/BookOfMaking.00005.01.tif  
  inflating: /local_datasets/MLinP/train/scan/BookOfMaking.00008.01.tif  
  inflating: /local_datasets/MLinP/train/scan/BookOfMaking.00008.02.tif  
  inflating: /local_datasets/MLinP/train/scan/BookOfMaking.00009.01.tif  
  inflating: /local_datasets/MLinP/train/scan/BookOfMaking.00009.02.tif  
  inflating: /local_datasets/MLinP/train/scan/BookOfMaking.00010.02.tif  
  inflating: /local_datasets/MLinP/train/scan/BookOfMaking.00011.01.tif  
  inflating: /local_datasets/MLinP/train/scan/BookOfMaking.00011.02.tif  
  inflating: /local_datasets/MLinP/train/scan/BookOfMaking.00012.01.tif  
  inflating: /local_datasets/MLinP/train/scan/BookOfMaking.00013.01.tif  
  inflating: /local_datasets/MLinP/train/scan/BookOfMaking.00013.02.tif  
  inflating: /local_datasets/MLinP/train/scan/BookOfMaking.00015.01.tif  
  inflating: /local_datasets/MLinP/train/scan/BookOfMaking.00015.02.tif  
  inflating: /local_datasets/MLinP/train/scan/BookOfMaking.00017.01.tif  
  inflating: /local_datasets/MLinP/train/scan/BookOfMaking.00018.01.tif  
  inflating: /local_datasets/MLinP/train/scan/BookOfMaking.00019.02.tif  
  inflating: /local_datasets/MLinP/train/scan/BookOfMaking.00020.01.tif  
  inflating: /local_datasets/MLinP/train/scan/BookOfMaking.00022.01.tif  
  inflating: /local_datasets/MLinP/train/scan/BookOfMaking.00022.02.tif  
  inflating: /local_datasets/MLinP/train/scan/BookOfMaking.00023.01.tif  
  inflating: /local_datasets/MLinP/train/scan/BookOfMaking.00024.01.tif  
  inflating: /local_datasets/MLinP/train/scan/BookOfMaking.00025.02.tif  
  inflating: /local_datasets/MLinP/train/scan/BookOfMaking.00026.01.tif  
  inflating: /local_datasets/MLinP/train/scan/BookOfMaking.00026.02.tif  
  inflating: /local_datasets/MLinP/train/scan/BookOfMaking.00028.01.tif  
  inflating: /local_datasets/MLinP/train/scan/BookOfMaking.00028.02.tif  
  inflating: /local_datasets/MLinP/train/scan/BookOfMaking.00030.01.tif  
  inflating: /local_datasets/MLinP/train/scan/BookOfMaking.00031.01.tif  
  inflating: /local_datasets/MLinP/train/scan/BookOfMaking.00032.01.tif  
  inflating: /local_datasets/MLinP/train/scan/BookOfMaking.00033.01.tif  
  inflating: /local_datasets/MLinP/train/scan/BookOfMaking.00035.01.tif  
  inflating: /local_datasets/MLinP/train/scan/BookOfMaking.00035.02.tif  
  inflating: /local_datasets/MLinP/train/scan/BookOfMaking.00036.01.tif  
  inflating: /local_datasets/MLinP/train/scan/BookOfMaking.00036.02.tif  
  inflating: /local_datasets/MLinP/train/scan/BookOfMaking.00037.02.tif  
  inflating: /local_datasets/MLinP/train/scan/BookOfMaking.00041.01.tif  
  inflating: /local_datasets/MLinP/train/scan/BookOfMaking.00041.02.tif  
  inflating: /local_datasets/MLinP/train/scan/BookOfMaking.00043.02.tif  
  inflating: /local_datasets/MLinP/train/scan/BookOfMaking.00044.02.tif  
  inflating: /local_datasets/MLinP/train/scan/BookOfMaking.00046.01.tif  
  inflating: /local_datasets/MLinP/train/scan/BookOfMaking.00047.01.tif  
  inflating: /local_datasets/MLinP/train/scan/BookOfMaking.00047.02.tif  
  inflating: /local_datasets/MLinP/train/scan/BookOfMaking.00049.02.tif  
  inflating: /local_datasets/MLinP/train/scan/BookOfMaking.00050.01.tif  
  inflating: /local_datasets/MLinP/train/scan/BookOfMaking.00051.01.tif  
  inflating: /local_datasets/MLinP/train/scan/BookOfMaking.00052.01.tif  
  inflating: /local_datasets/MLinP/train/scan/BookOfMaking.00052.02.tif  
  inflating: /local_datasets/MLinP/train/scan/BookOfMaking.00054.02.tif  
  inflating: /local_datasets/MLinP/train/scan/BookOfMaking.00055.02.tif  
  inflating: /local_datasets/MLinP/train/scan/BookOfMaking.00056.01.tif  
  inflating: /local_datasets/MLinP/train/scan/BookOfMaking.00057.01.tif  
  inflating: /local_datasets/MLinP/train/scan/BookOfMaking.00059.01.tif  
  inflating: /local_datasets/MLinP/train/scan/BookOfMaking.00059.02.tif  
  inflating: /local_datasets/MLinP/train/scan/BookOfMaking.00061.01.tif  
  inflating: /local_datasets/MLinP/train/scan/BookOfMaking.00062.01.tif  
  inflating: /local_datasets/MLinP/train/scan/BookOfMaking.00063.02.tif  
  inflating: /local_datasets/MLinP/train/scan/BookOfMaking.00064.02.tif  
  inflating: /local_datasets/MLinP/train/scan/BookOfMaking.00066.01.tif  
  inflating: /local_datasets/MLinP/train/scan/BookOfMaking.00069.01.tif  
  inflating: /local_datasets/MLinP/train/scan/BookOfMaking.00069.02.tif  
  inflating: /local_datasets/MLinP/train/scan/BookOfMaking.00070.01.tif  
  inflating: /local_datasets/MLinP/train/scan/BookOfMaking.00071.02.tif  
  inflating: /local_datasets/MLinP/train/scan/BookOfMaking.00072.01.tif  
  inflating: /local_datasets/MLinP/train/scan/BookOfMaking.00072.02.tif  
  inflating: /local_datasets/MLinP/train/scan/BookOfMaking.00073.01.tif  
  inflating: /local_datasets/MLinP/train/scan/BookOfMaking.00073.02.tif  
  inflating: /local_datasets/MLinP/train/scan/BookOfMaking.00077.01.tif  
  inflating: /local_datasets/MLinP/train/scan/BookOfMaking.00085.02.tif  
  inflating: /local_datasets/MLinP/train/scan/BookOfMaking.00089.02.tif  
  inflating: /local_datasets/MLinP/train/scan/BookOfMaking.00091.01.tif  
  inflating: /local_datasets/MLinP/train/scan/BookOfMaking.00091.02.tif  
  inflating: /local_datasets/MLinP/train/scan/BookOfMaking.00092.01.tif  
  inflating: /local_datasets/MLinP/train/scan/BookOfMaking.00093.01.tif  
  inflating: /local_datasets/MLinP/train/scan/BookOfMaking.00093.02.tif  
  inflating: /local_datasets/MLinP/train/scan/BookOfMaking.00094.02.tif  
  inflating: /local_datasets/MLinP/train/scan/BookOfMaking.00095.01.tif  
  inflating: /local_datasets/MLinP/train/scan/BookOfMaking.00095.02.tif  
  inflating: /local_datasets/MLinP/train/scan/BookOfMaking.00096.01.tif  
  inflating: /local_datasets/MLinP/train/scan/BookOfMaking.00098.01.tif  
  inflating: /local_datasets/MLinP/train/scan/BookOfMaking.00098.02.tif  
  inflating: /local_datasets/MLinP/train/scan/BookOfMaking.00100.02.tif  
  inflating: /local_datasets/MLinP/train/scan/BookOfMaking.00101.01.tif  
  inflating: /local_datasets/MLinP/train/scan/BookOfMaking.00102.01.tif  
  inflating: /local_datasets/MLinP/train/scan/BookOfMaking.00103.01.tif  
  inflating: /local_datasets/MLinP/train/scan/BookOfMaking.00104.02.tif  
  inflating: /local_datasets/MLinP/train/scan/BookOfMaking.00106.02.tif  
  inflating: /local_datasets/MLinP/train/scan/BookOfMaking.00107.02.tif  
  inflating: /local_datasets/MLinP/train/scan/BookOfMaking.00108.02.tif  
  inflating: /local_datasets/MLinP/train/scan/BookOfMaking.00109.02.tif  
  inflating: /local_datasets/MLinP/train/scan/BookOfMaking.00111.01.tif  
  inflating: /local_datasets/MLinP/train/scan/BookOfMaking.00114.01.tif  
  inflating: /local_datasets/MLinP/train/scan/BookOfMaking.00114.02.tif  
  inflating: /local_datasets/MLinP/train/scan/BookOfMaking.00115.01.tif  
  inflating: /local_datasets/MLinP/train/scan/BookOfMaking.00115.02.tif  
  inflating: /local_datasets/MLinP/train/scan/BookOfMaking.00117.02.tif  
  inflating: /local_datasets/MLinP/train/scan/BookOfMaking.00118.01.tif  
  inflating: /local_datasets/MLinP/train/scan/BookOfMaking.00118.02.tif  
  inflating: /local_datasets/MLinP/train/scan/BookOfMaking.00120.01.tif  
  inflating: /local_datasets/MLinP/train/scan/BookOfMaking.00121.01.tif  
  inflating: /local_datasets/MLinP/train/scan/BookOfMaking.00121.02.tif  
  inflating: /local_datasets/MLinP/train/scan/BookOfMaking.00122.01.tif  
  inflating: /local_datasets/MLinP/train/scan/BookOfMaking.00122.02.tif  
  inflating: /local_datasets/MLinP/train/scan/BookOfMaking.00124.02.tif  
  inflating: /local_datasets/MLinP/train/scan/BookOfMaking.00125.01.tif  
  inflating: /local_datasets/MLinP/train/scan/BookOfMaking.00126.01.tif  
  inflating: /local_datasets/MLinP/train/scan/BookOfMaking.00127.02.tif  
  inflating: /local_datasets/MLinP/train/scan/BookOfMaking.00129.01.tif  
  inflating: /local_datasets/MLinP/train/scan/BookOfMaking.00130.01.tif  
  inflating: /local_datasets/MLinP/train/scan/BookOfMaking.00130.02.tif  
  inflating: /local_datasets/MLinP/train/scan/BookOfMaking.00132.01.tif  
  inflating: /local_datasets/MLinP/train/scan/BookOfMaking.00132.02.tif  
  inflating: /local_datasets/MLinP/train/scan/BookOfMaking.00134.01.tif  
  inflating: /local_datasets/MLinP/train/scan/BookOfMaking.00134.02.tif  
  inflating: /local_datasets/MLinP/train/scan/BookOfMaking.00135.01.tif  
  inflating: /local_datasets/MLinP/train/scan/BookOfMaking.00135.02.tif  
  inflating: /local_datasets/MLinP/train/scan/BookOfMaking.00136.01.tif  
  inflating: /local_datasets/MLinP/train/scan/BookOfMaking.00136.02.tif  
  inflating: /local_datasets/MLinP/train/scan/BookOfMaking.00137.01.tif  
  inflating: /local_datasets/MLinP/train/scan/BookOfMaking.00139.01.tif  
  inflating: /local_datasets/MLinP/train/scan/BookOfMaking.00139.02.tif  
  inflating: /local_datasets/MLinP/train/scan/BookOfMaking.00141.01.tif  
  inflating: /local_datasets/MLinP/train/scan/BookOfMaking.00141.02.tif  
  inflating: /local_datasets/MLinP/train/scan/BookOfMaking.00142.01.tif  
  inflating: /local_datasets/MLinP/train/scan/BookOfMaking.00142.02.tif  
  inflating: /local_datasets/MLinP/train/scan/BookOfMaking.00143.02.tif  
  inflating: /local_datasets/MLinP/train/scan/BookOfMaking.00144.02.tif  
  inflating: /local_datasets/MLinP/train/scan/BookOfMaking.00145.02.tif  
  inflating: /local_datasets/MLinP/train/scan/BookOfMaking.00146.01.tif  
  inflating: /local_datasets/MLinP/train/scan/BookOfMaking.00147.01.tif  
  inflating: /local_datasets/MLinP/train/scan/BookOfMaking.00148.01.tif  
  inflating: /local_datasets/MLinP/train/scan/BookOfMaking.00148.02.tif  
  inflating: /local_datasets/MLinP/train/scan/BookOfMaking.00149.01.tif  
  inflating: /local_datasets/MLinP/train/scan/BookOfMaking.00149.02.tif  
  inflating: /local_datasets/MLinP/train/scan/BookOfMaking.00153.01.tif  
  inflating: /local_datasets/MLinP/train/scan/BookOfMaking.00153.02.tif  
  inflating: /local_datasets/MLinP/train/scan/BookOfMaking.00154.01.tif  
  inflating: /local_datasets/MLinP/train/scan/BookOfMaking.00154.02.tif  
  inflating: /local_datasets/MLinP/train/scan/BookOfMaking.00156.02.tif  
  inflating: /local_datasets/MLinP/train/scan/BookOfMaking.00157.01.tif  
  inflating: /local_datasets/MLinP/train/scan/BookOfMaking.00157.02.tif  
  inflating: /local_datasets/MLinP/train/scan/BookOfMaking.00158.01.tif  
  inflating: /local_datasets/MLinP/train/scan/BookOfMaking.00158.02.tif  
  inflating: /local_datasets/MLinP/train/scan/BookOfMaking.00159.02.tif  
  inflating: /local_datasets/MLinP/train/scan/BookOfMaking.00160.01.tif  
  inflating: /local_datasets/MLinP/train/scan/BookOfMaking.00160.02.tif  
  inflating: /local_datasets/MLinP/train/scan/BookOfMaking.00161.01.tif  
  inflating: /local_datasets/MLinP/train/scan/BookOfMaking.00161.02.tif  
  inflating: /local_datasets/MLinP/train/scan/BookOfMaking.00164.01.tif  
  inflating: /local_datasets/MLinP/train/scan/BookOfMaking.00165.01.tif  
  inflating: /local_datasets/MLinP/train/scan/BookOfMaking.00165.02.tif  
  inflating: /local_datasets/MLinP/train/scan/BookOfMaking.00168.01.tif  
  inflating: /local_datasets/MLinP/train/scan/BookOfMaking.00168.02.tif  
  inflating: /local_datasets/MLinP/train/scan/BookOfMaking.00169.02.tif  
  inflating: /local_datasets/MLinP/train/scan/BookOfMaking.00172.02.tif  
  inflating: /local_datasets/MLinP/train/scan/BookOfMaking.00173.01.tif  
  inflating: /local_datasets/MLinP/train/scan/BookOfMaking.00173.02.tif  
  inflating: /local_datasets/MLinP/train/scan/BookOfMaking.00174.02.tif  
  inflating: /local_datasets/MLinP/train/scan/BookOfMaking.00175.01.tif  
  inflating: /local_datasets/MLinP/train/scan/BookOfMaking.00176.01.tif  
  inflating: /local_datasets/MLinP/train/scan/BookOfMaking.00176.02.tif  
  inflating: /local_datasets/MLinP/train/scan/BookOfMaking.00177.01.tif  
  inflating: /local_datasets/MLinP/train/scan/BookOfMaking.00177.02.tif  
  inflating: /local_datasets/MLinP/train/scan/BookOfMaking.00180.01.tif  
  inflating: /local_datasets/MLinP/train/scan/BuildYourOwnFirstPersonShooterInUnity.00001.01.tif  
  inflating: /local_datasets/MLinP/train/scan/BuildYourOwnFirstPersonShooterInUnity.00002.02.tif  
  inflating: /local_datasets/MLinP/train/scan/BuildYourOwnFirstPersonShooterInUnity.00003.01.tif  
  inflating: /local_datasets/MLinP/train/scan/BuildYourOwnFirstPersonShooterInUnity.00003.02.tif  
  inflating: /local_datasets/MLinP/train/scan/BuildYourOwnFirstPersonShooterInUnity.00004.01.tif  
  inflating: /local_datasets/MLinP/train/scan/BuildYourOwnFirstPersonShooterInUnity.00005.02.tif  
  inflating: /local_datasets/MLinP/train/scan/BuildYourOwnFirstPersonShooterInUnity.00006.02.tif  
  inflating: /local_datasets/MLinP/train/scan/BuildYourOwnFirstPersonShooterInUnity.00007.01.tif  
  inflating: /local_datasets/MLinP/train/scan/BuildYourOwnFirstPersonShooterInUnity.00008.02.tif  
  inflating: /local_datasets/MLinP/train/scan/BuildYourOwnFirstPersonShooterInUnity.00009.01.tif  
  inflating: /local_datasets/MLinP/train/scan/BuildYourOwnFirstPersonShooterInUnity.00009.02.tif  
  inflating: /local_datasets/MLinP/train/scan/BuildYourOwnFirstPersonShooterInUnity.00010.01.tif  
  inflating: /local_datasets/MLinP/train/scan/BuildYourOwnFirstPersonShooterInUnity.00010.02.tif  
  inflating: /local_datasets/MLinP/train/scan/BuildYourOwnFirstPersonShooterInUnity.00011.02.tif  
  inflating: /local_datasets/MLinP/train/scan/BuildYourOwnFirstPersonShooterInUnity.00012.02.tif  
  inflating: /local_datasets/MLinP/train/scan/BuildYourOwnFirstPersonShooterInUnity.00013.02.tif  
  inflating: /local_datasets/MLinP/train/scan/BuildYourOwnFirstPersonShooterInUnity.00014.02.tif  
  inflating: /local_datasets/MLinP/train/scan/BuildYourOwnFirstPersonShooterInUnity.00015.01.tif  
  inflating: /local_datasets/MLinP/train/scan/BuildYourOwnFirstPersonShooterInUnity.00015.02.tif  
  inflating: /local_datasets/MLinP/train/scan/BuildYourOwnFirstPersonShooterInUnity.00016.01.tif  
  inflating: /local_datasets/MLinP/train/scan/BuildYourOwnFirstPersonShooterInUnity.00016.02.tif  
  inflating: /local_datasets/MLinP/train/scan/BuildYourOwnFirstPersonShooterInUnity.00017.01.tif  
  inflating: /local_datasets/MLinP/train/scan/BuildYourOwnFirstPersonShooterInUnity.00017.02.tif  
  inflating: /local_datasets/MLinP/train/scan/BuildYourOwnFirstPersonShooterInUnity.00018.02.tif  
  inflating: /local_datasets/MLinP/train/scan/BuildYourOwnFirstPersonShooterInUnity.00019.02.tif  
  inflating: /local_datasets/MLinP/train/scan/BuildYourOwnFirstPersonShooterInUnity.00020.02.tif  
  inflating: /local_datasets/MLinP/train/scan/BuildYourOwnFirstPersonShooterInUnity.00021.01.tif  
  inflating: /local_datasets/MLinP/train/scan/BuildYourOwnFirstPersonShooterInUnity.00021.02.tif  
  inflating: /local_datasets/MLinP/train/scan/BuildYourOwnFirstPersonShooterInUnity.00022.02.tif  
  inflating: /local_datasets/MLinP/train/scan/BuildYourOwnFirstPersonShooterInUnity.00023.02.tif  
  inflating: /local_datasets/MLinP/train/scan/BuildYourOwnFirstPersonShooterInUnity.00024.01.tif  
  inflating: /local_datasets/MLinP/train/scan/BuildYourOwnFirstPersonShooterInUnity.00027.01.tif  
  inflating: /local_datasets/MLinP/train/scan/BuildYourOwnFirstPersonShooterInUnity.00027.02.tif  
  inflating: /local_datasets/MLinP/train/scan/BuildYourOwnFirstPersonShooterInUnity.00028.01.tif  
  inflating: /local_datasets/MLinP/train/scan/BuildYourOwnFirstPersonShooterInUnity.00029.01.tif  
  inflating: /local_datasets/MLinP/train/scan/BuildYourOwnFirstPersonShooterInUnity.00029.02.tif  
  inflating: /local_datasets/MLinP/train/scan/BuildYourOwnFirstPersonShooterInUnity.00030.01.tif  
  inflating: /local_datasets/MLinP/train/scan/BuildYourOwnFirstPersonShooterInUnity.00030.02.tif  
  inflating: /local_datasets/MLinP/train/scan/BuildYourOwnFirstPersonShooterInUnity.00031.01.tif  
  inflating: /local_datasets/MLinP/train/scan/BuildYourOwnFirstPersonShooterInUnity.00031.02.tif  
  inflating: /local_datasets/MLinP/train/scan/BuildYourOwnFirstPersonShooterInUnity.00032.01.tif  
  inflating: /local_datasets/MLinP/train/scan/BuildYourOwnFirstPersonShooterInUnity.00033.01.tif  
  inflating: /local_datasets/MLinP/train/scan/BuildYourOwnFirstPersonShooterInUnity.00033.02.tif  
  inflating: /local_datasets/MLinP/train/scan/BuildYourOwnFirstPersonShooterInUnity.00034.01.tif  
  inflating: /local_datasets/MLinP/train/scan/BuildYourOwnFirstPersonShooterInUnity.00035.02.tif  
  inflating: /local_datasets/MLinP/train/scan/BuildYourOwnFirstPersonShooterInUnity.00036.01.tif  
  inflating: /local_datasets/MLinP/train/scan/BuildYourOwnFirstPersonShooterInUnity.00036.02.tif  
  inflating: /local_datasets/MLinP/train/scan/BuildYourOwnFirstPersonShooterInUnity.00037.02.tif  
  inflating: /local_datasets/MLinP/train/scan/BuildYourOwnFirstPersonShooterInUnity.00038.02.tif  
  inflating: /local_datasets/MLinP/train/scan/BuildYourOwnFirstPersonShooterInUnity.00041.01.tif  
  inflating: /local_datasets/MLinP/train/scan/BuildYourOwnFirstPersonShooterInUnity.00041.02.tif  
  inflating: /local_datasets/MLinP/train/scan/BuildYourOwnFirstPersonShooterInUnity.00042.01.tif  
  inflating: /local_datasets/MLinP/train/scan/BuildYourOwnFirstPersonShooterInUnity.00042.02.tif  
  inflating: /local_datasets/MLinP/train/scan/BuildYourOwnFirstPersonShooterInUnity.00043.02.tif  
  inflating: /local_datasets/MLinP/train/scan/BuildYourOwnFirstPersonShooterInUnity.00045.01.tif  
  inflating: /local_datasets/MLinP/train/scan/BuildYourOwnFirstPersonShooterInUnity.00046.01.tif  
  inflating: /local_datasets/MLinP/train/scan/BuildYourOwnFirstPersonShooterInUnity.00046.02.tif  
  inflating: /local_datasets/MLinP/train/scan/BuildYourOwnFirstPersonShooterInUnity.00047.01.tif  
  inflating: /local_datasets/MLinP/train/scan/BuildYourOwnFirstPersonShooterInUnity.00048.01.tif  
  inflating: /local_datasets/MLinP/train/scan/BuildYourOwnFirstPersonShooterInUnity.00048.02.tif  
  inflating: /local_datasets/MLinP/train/scan/BuildYourOwnFirstPersonShooterInUnity.00049.01.tif  
  inflating: /local_datasets/MLinP/train/scan/BuildYourOwnFirstPersonShooterInUnity.00049.02.tif  
  inflating: /local_datasets/MLinP/train/scan/BuildYourOwnFirstPersonShooterInUnity.00051.01.tif  
  inflating: /local_datasets/MLinP/train/scan/BuildYourOwnFirstPersonShooterInUnity.00051.02.tif  
  inflating: /local_datasets/MLinP/train/scan/BuildYourOwnFirstPersonShooterInUnity.00052.01.tif  
  inflating: /local_datasets/MLinP/train/scan/BuildYourOwnFirstPersonShooterInUnity.00053.02.tif  
  inflating: /local_datasets/MLinP/train/scan/BuildYourOwnFirstPersonShooterInUnity.00054.01.tif  
  inflating: /local_datasets/MLinP/train/scan/BuildYourOwnFirstPersonShooterInUnity.00054.02.tif  
  inflating: /local_datasets/MLinP/train/scan/BuildYourOwnFirstPersonShooterInUnity.00056.01.tif  
  inflating: /local_datasets/MLinP/train/scan/BuildYourOwnFirstPersonShooterInUnity.00058.02.tif  
  inflating: /local_datasets/MLinP/train/scan/BuildYourOwnFirstPersonShooterInUnity.00060.02.tif  
  inflating: /local_datasets/MLinP/train/scan/BuildYourOwnFirstPersonShooterInUnity.00062.01.tif  
  inflating: /local_datasets/MLinP/train/scan/BuildYourOwnFirstPersonShooterInUnity.00063.01.tif  
  inflating: /local_datasets/MLinP/train/scan/BuildYourOwnFirstPersonShooterInUnity.00063.02.tif  
  inflating: /local_datasets/MLinP/train/scan/BuildYourOwnFirstPersonShooterInUnity.00064.01.tif  
  inflating: /local_datasets/MLinP/train/scan/BuildYourOwnFirstPersonShooterInUnity.00064.02.tif  
  inflating: /local_datasets/MLinP/train/scan/BuildYourOwnFirstPersonShooterInUnity.00065.02.tif  
  inflating: /local_datasets/MLinP/train/scan/BuildYourOwnFirstPersonShooterInUnity.00066.01.tif  
  inflating: /local_datasets/MLinP/train/scan/BuildYourOwnFirstPersonShooterInUnity.00066.02.tif  
  inflating: /local_datasets/MLinP/train/scan/BuildYourOwnFirstPersonShooterInUnity.00067.02.tif  
  inflating: /local_datasets/MLinP/train/scan/BuildYourOwnFirstPersonShooterInUnity.00069.01.tif  
  inflating: /local_datasets/MLinP/train/scan/BuildYourOwnFirstPersonShooterInUnity.00069.02.tif  
  inflating: /local_datasets/MLinP/train/scan/BuildYourOwnFirstPersonShooterInUnity.00070.01.tif  
  inflating: /local_datasets/MLinP/train/scan/BuildYourOwnFirstPersonShooterInUnity.00071.01.tif  
  inflating: /local_datasets/MLinP/train/scan/BuildYourOwnFirstPersonShooterInUnity.00071.02.tif  
  inflating: /local_datasets/MLinP/train/scan/BuildYourOwnFirstPersonShooterInUnity.00072.01.tif  
  inflating: /local_datasets/MLinP/train/scan/BuildYourOwnFirstPersonShooterInUnity.00072.02.tif  
  inflating: /local_datasets/MLinP/train/scan/BuildYourOwnFirstPersonShooterInUnity.00073.02.tif  
  inflating: /local_datasets/MLinP/train/scan/BuildYourOwnFirstPersonShooterInUnity.00074.01.tif  
  inflating: /local_datasets/MLinP/train/scan/BuildYourOwnFirstPersonShooterInUnity.00074.02.tif  
  inflating: /local_datasets/MLinP/train/scan/BuildYourOwnFirstPersonShooterInUnity.00075.01.tif  
  inflating: /local_datasets/MLinP/train/scan/BuildYourOwnFirstPersonShooterInUnity.00075.02.tif  
  inflating: /local_datasets/MLinP/train/scan/BuildYourOwnFirstPersonShooterInUnity.00076.02.tif  
  inflating: /local_datasets/MLinP/train/scan/BuildYourOwnFirstPersonShooterInUnity.00077.02.tif  
  inflating: /local_datasets/MLinP/train/scan/BuildYourOwnFirstPersonShooterInUnity.00078.01.tif  
  inflating: /local_datasets/MLinP/train/scan/BuildYourOwnFirstPersonShooterInUnity.00080.01.tif  
  inflating: /local_datasets/MLinP/train/scan/BuildYourOwnFirstPersonShooterInUnity.00080.02.tif  
  inflating: /local_datasets/MLinP/train/scan/BuildYourOwnFirstPersonShooterInUnity.00081.01.tif  
  inflating: /local_datasets/MLinP/train/scan/BuildYourOwnFirstPersonShooterInUnity.00081.02.tif  
  inflating: /local_datasets/MLinP/train/scan/BuildYourOwnFirstPersonShooterInUnity.00082.02.tif  
  inflating: /local_datasets/MLinP/train/scan/BuildYourOwnFirstPersonShooterInUnity.00083.01.tif  
  inflating: /local_datasets/MLinP/train/scan/BuildYourOwnFirstPersonShooterInUnity.00083.02.tif  
  inflating: /local_datasets/MLinP/train/scan/BuildYourOwnFirstPersonShooterInUnity.00084.02.tif  
  inflating: /local_datasets/MLinP/train/scan/BuildYourOwnFirstPersonShooterInUnity.00086.01.tif  
  inflating: /local_datasets/MLinP/train/scan/BuildYourOwnFirstPersonShooterInUnity.00086.02.tif  
  inflating: /local_datasets/MLinP/train/scan/BuildYourOwnFirstPersonShooterInUnity.00088.02.tif  
  inflating: /local_datasets/MLinP/train/scan/BuildYourOwnFirstPersonShooterInUnity.00089.01.tif  
  inflating: /local_datasets/MLinP/train/scan/BuildYourOwnFirstPersonShooterInUnity.00089.02.tif  
  inflating: /local_datasets/MLinP/train/scan/BuildYourOwnFirstPersonShooterInUnity.00090.01.tif  
  inflating: /local_datasets/MLinP/train/scan/BuildYourOwnFirstPersonShooterInUnity.00090.02.tif  
  inflating: /local_datasets/MLinP/train/scan/BuildYourOwnFirstPersonShooterInUnity.00092.01.tif  
  inflating: /local_datasets/MLinP/train/scan/BuildYourOwnFirstPersonShooterInUnity.00092.02.tif  
  inflating: /local_datasets/MLinP/train/scan/BuildYourOwnFirstPersonShooterInUnity.00093.01.tif  
  inflating: /local_datasets/MLinP/train/scan/BuildYourOwnFirstPersonShooterInUnity.00094.01.tif  
  inflating: /local_datasets/MLinP/train/scan/BuildYourOwnFirstPersonShooterInUnity.00094.02.tif  
  inflating: /local_datasets/MLinP/train/scan/BuildYourOwnFirstPersonShooterInUnity.00095.01.tif  
  inflating: /local_datasets/MLinP/train/scan/BuildYourOwnFirstPersonShooterInUnity.00095.02.tif  
  inflating: /local_datasets/MLinP/train/scan/BuildYourOwnFirstPersonShooterInUnity.00097.02.tif  
  inflating: /local_datasets/MLinP/train/scan/BuildYourOwnFirstPersonShooterInUnity.00099.01.tif  
  inflating: /local_datasets/MLinP/train/scan/BuildYourOwnFirstPersonShooterInUnity.00100.01.tif  
  inflating: /local_datasets/MLinP/train/scan/BuildYourOwnFirstPersonShooterInUnity.00102.02.tif  
  inflating: /local_datasets/MLinP/train/scan/BuildYourOwnFirstPersonShooterInUnity.00103.01.tif  
  inflating: /local_datasets/MLinP/train/scan/BuildYourOwnFirstPersonShooterInUnity.00103.02.tif  
  inflating: /local_datasets/MLinP/train/scan/BuildYourOwnFirstPersonShooterInUnity.00104.01.tif  
  inflating: /local_datasets/MLinP/train/scan/BuildYourOwnFirstPersonShooterInUnity.00105.01.tif  
  inflating: /local_datasets/MLinP/train/scan/BuildYourOwnFirstPersonShooterInUnity.00106.01.tif  
  inflating: /local_datasets/MLinP/train/scan/BuildYourOwnFirstPersonShooterInUnity.00106.02.tif  
  inflating: /local_datasets/MLinP/train/scan/BuildYourOwnFirstPersonShooterInUnity.00107.02.tif  
  inflating: /local_datasets/MLinP/train/scan/BuildYourOwnFirstPersonShooterInUnity.00108.01.tif  
  inflating: /local_datasets/MLinP/train/scan/BuildYourOwnFirstPersonShooterInUnity.00110.01.tif  
  inflating: /local_datasets/MLinP/train/scan/BuildYourOwnFirstPersonShooterInUnity.00110.02.tif  
  inflating: /local_datasets/MLinP/train/scan/BuildYourOwnFirstPersonShooterInUnity.00111.01.tif  
  inflating: /local_datasets/MLinP/train/scan/BuildYourOwnFirstPersonShooterInUnity.00111.02.tif  
  inflating: /local_datasets/MLinP/train/scan/BuildYourOwnFirstPersonShooterInUnity.00112.01.tif  
  inflating: /local_datasets/MLinP/train/scan/BuildYourOwnFirstPersonShooterInUnity.00115.02.tif  
  inflating: /local_datasets/MLinP/train/scan/BuildYourOwnFirstPersonShooterInUnity.00117.02.tif  
  inflating: /local_datasets/MLinP/train/scan/BuildYourOwnFirstPersonShooterInUnity.00118.01.tif  
  inflating: /local_datasets/MLinP/train/scan/BuildYourOwnFirstPersonShooterInUnity.00119.02.tif  
  inflating: /local_datasets/MLinP/train/scan/BuildYourOwnFirstPersonShooterInUnity.00120.01.tif  
  inflating: /local_datasets/MLinP/train/scan/BuildYourOwnFirstPersonShooterInUnity.00120.02.tif  
  inflating: /local_datasets/MLinP/train/scan/BuildYourOwnFirstPersonShooterInUnity.00121.01.tif  
  inflating: /local_datasets/MLinP/train/scan/BuildYourOwnFirstPersonShooterInUnity.00121.02.tif  
  inflating: /local_datasets/MLinP/train/scan/BuildYourOwnFirstPersonShooterInUnity.00123.01.tif  
  inflating: /local_datasets/MLinP/train/scan/BuildYourOwnFirstPersonShooterInUnity.00123.02.tif  
  inflating: /local_datasets/MLinP/train/scan/BuildYourOwnFirstPersonShooterInUnity.00124.01.tif  
  inflating: /local_datasets/MLinP/train/scan/BuildYourOwnFirstPersonShooterInUnity.00124.02.tif  
  inflating: /local_datasets/MLinP/train/scan/BuildYourOwnFirstPersonShooterInUnity.00126.02.tif  
  inflating: /local_datasets/MLinP/train/scan/BuildYourOwnFirstPersonShooterInUnity.00127.01.tif  
  inflating: /local_datasets/MLinP/train/scan/BuildYourOwnFirstPersonShooterInUnity.00128.01.tif  
  inflating: /local_datasets/MLinP/train/scan/BuildYourOwnFirstPersonShooterInUnity.00128.02.tif  
  inflating: /local_datasets/MLinP/train/scan/BuildYourOwnFirstPersonShooterInUnity.00129.01.tif  
  inflating: /local_datasets/MLinP/train/scan/BuildYourOwnFirstPersonShooterInUnity.00131.01.tif  
  inflating: /local_datasets/MLinP/train/scan/BuildYourOwnFirstPersonShooterInUnity.00131.02.tif  
  inflating: /local_datasets/MLinP/train/scan/BuildYourOwnFirstPersonShooterInUnity.00132.01.tif  
  inflating: /local_datasets/MLinP/train/scan/BuildYourOwnFirstPersonShooterInUnity.00132.02.tif  
  inflating: /local_datasets/MLinP/train/scan/BuildYourOwnFirstPersonShooterInUnity.00134.02.tif  
  inflating: /local_datasets/MLinP/train/scan/BuildYourOwnFirstPersonShooterInUnity.00135.02.tif  
  inflating: /local_datasets/MLinP/train/scan/BuildYourOwnFirstPersonShooterInUnity.00136.02.tif  
  inflating: /local_datasets/MLinP/train/scan/BuildYourOwnFirstPersonShooterInUnity.00137.02.tif  
  inflating: /local_datasets/MLinP/train/scan/BuildYourOwnFirstPersonShooterInUnity.00138.01.tif  
  inflating: /local_datasets/MLinP/train/scan/BuildYourOwnFirstPersonShooterInUnity.00140.01.tif  
  inflating: /local_datasets/MLinP/train/scan/BuildYourOwnFirstPersonShooterInUnity.00140.02.tif  
  inflating: /local_datasets/MLinP/train/scan/CreateGraphicalUserInterfacesWithPython.00001.01.tif  
  inflating: /local_datasets/MLinP/train/scan/CreateGraphicalUserInterfacesWithPython.00005.01.tif  
  inflating: /local_datasets/MLinP/train/scan/CreateGraphicalUserInterfacesWithPython.00005.02.tif  
  inflating: /local_datasets/MLinP/train/scan/CreateGraphicalUserInterfacesWithPython.00006.01.tif  
  inflating: /local_datasets/MLinP/train/scan/CreateGraphicalUserInterfacesWithPython.00006.02.tif  
  inflating: /local_datasets/MLinP/train/scan/CreateGraphicalUserInterfacesWithPython.00007.01.tif  
  inflating: /local_datasets/MLinP/train/scan/CreateGraphicalUserInterfacesWithPython.00009.01.tif  
  inflating: /local_datasets/MLinP/train/scan/CreateGraphicalUserInterfacesWithPython.00010.02.tif  
  inflating: /local_datasets/MLinP/train/scan/CreateGraphicalUserInterfacesWithPython.00016.01.tif  
  inflating: /local_datasets/MLinP/train/scan/CreateGraphicalUserInterfacesWithPython.00016.02.tif  
  inflating: /local_datasets/MLinP/train/scan/CreateGraphicalUserInterfacesWithPython.00017.01.tif  
  inflating: /local_datasets/MLinP/train/scan/CreateGraphicalUserInterfacesWithPython.00019.02.tif  
  inflating: /local_datasets/MLinP/train/scan/CreateGraphicalUserInterfacesWithPython.00020.02.tif  
  inflating: /local_datasets/MLinP/train/scan/CreateGraphicalUserInterfacesWithPython.00021.01.tif  
  inflating: /local_datasets/MLinP/train/scan/CreateGraphicalUserInterfacesWithPython.00022.01.tif  
  inflating: /local_datasets/MLinP/train/scan/CreateGraphicalUserInterfacesWithPython.00022.02.tif  
  inflating: /local_datasets/MLinP/train/scan/CreateGraphicalUserInterfacesWithPython.00023.01.tif  
  inflating: /local_datasets/MLinP/train/scan/CreateGraphicalUserInterfacesWithPython.00024.02.tif  
  inflating: /local_datasets/MLinP/train/scan/CreateGraphicalUserInterfacesWithPython.00027.02.tif  
  inflating: /local_datasets/MLinP/train/scan/CreateGraphicalUserInterfacesWithPython.00029.01.tif  
  inflating: /local_datasets/MLinP/train/scan/CreateGraphicalUserInterfacesWithPython.00031.02.tif  
  inflating: /local_datasets/MLinP/train/scan/CreateGraphicalUserInterfacesWithPython.00032.02.tif  
  inflating: /local_datasets/MLinP/train/scan/CreateGraphicalUserInterfacesWithPython.00033.01.tif  
  inflating: /local_datasets/MLinP/train/scan/CreateGraphicalUserInterfacesWithPython.00033.02.tif  
  inflating: /local_datasets/MLinP/train/scan/CreateGraphicalUserInterfacesWithPython.00034.01.tif  
  inflating: /local_datasets/MLinP/train/scan/CreateGraphicalUserInterfacesWithPython.00037.01.tif  
  inflating: /local_datasets/MLinP/train/scan/CreateGraphicalUserInterfacesWithPython.00038.01.tif  
  inflating: /local_datasets/MLinP/train/scan/CreateGraphicalUserInterfacesWithPython.00038.02.tif  
  inflating: /local_datasets/MLinP/train/scan/CreateGraphicalUserInterfacesWithPython.00041.02.tif  
  inflating: /local_datasets/MLinP/train/scan/CreateGraphicalUserInterfacesWithPython.00042.01.tif  
  inflating: /local_datasets/MLinP/train/scan/CreateGraphicalUserInterfacesWithPython.00046.01.tif  
  inflating: /local_datasets/MLinP/train/scan/CreateGraphicalUserInterfacesWithPython.00046.02.tif  
  inflating: /local_datasets/MLinP/train/scan/CreateGraphicalUserInterfacesWithPython.00047.01.tif  
  inflating: /local_datasets/MLinP/train/scan/CreateGraphicalUserInterfacesWithPython.00047.02.tif  
  inflating: /local_datasets/MLinP/train/scan/CreateGraphicalUserInterfacesWithPython.00050.02.tif  
  inflating: /local_datasets/MLinP/train/scan/CreateGraphicalUserInterfacesWithPython.00051.01.tif  
  inflating: /local_datasets/MLinP/train/scan/CreateGraphicalUserInterfacesWithPython.00051.02.tif  
  inflating: /local_datasets/MLinP/train/scan/CreateGraphicalUserInterfacesWithPython.00052.01.tif  
  inflating: /local_datasets/MLinP/train/scan/CreateGraphicalUserInterfacesWithPython.00053.01.tif  
  inflating: /local_datasets/MLinP/train/scan/CreateGraphicalUserInterfacesWithPython.00053.02.tif  
  inflating: /local_datasets/MLinP/train/scan/CreateGraphicalUserInterfacesWithPython.00054.01.tif  
  inflating: /local_datasets/MLinP/train/scan/CreateGraphicalUserInterfacesWithPython.00056.01.tif  
  inflating: /local_datasets/MLinP/train/scan/CreateGraphicalUserInterfacesWithPython.00056.02.tif  
  inflating: /local_datasets/MLinP/train/scan/CreateGraphicalUserInterfacesWithPython.00057.02.tif  
  inflating: /local_datasets/MLinP/train/scan/CreateGraphicalUserInterfacesWithPython.00059.01.tif  
  inflating: /local_datasets/MLinP/train/scan/CreateGraphicalUserInterfacesWithPython.00059.02.tif  
  inflating: /local_datasets/MLinP/train/scan/CreateGraphicalUserInterfacesWithPython.00060.02.tif  
  inflating: /local_datasets/MLinP/train/scan/CreateGraphicalUserInterfacesWithPython.00061.01.tif  
  inflating: /local_datasets/MLinP/train/scan/CreateGraphicalUserInterfacesWithPython.00063.02.tif  
  inflating: /local_datasets/MLinP/train/scan/CreateGraphicalUserInterfacesWithPython.00064.01.tif  
  inflating: /local_datasets/MLinP/train/scan/CreateGraphicalUserInterfacesWithPython.00066.02.tif  
  inflating: /local_datasets/MLinP/train/scan/CreateGraphicalUserInterfacesWithPython.00067.01.tif  
  inflating: /local_datasets/MLinP/train/scan/CreateGraphicalUserInterfacesWithPython.00067.02.tif  
  inflating: /local_datasets/MLinP/train/scan/CreateGraphicalUserInterfacesWithPython.00068.01.tif  
  inflating: /local_datasets/MLinP/train/scan/CreateGraphicalUserInterfacesWithPython.00068.02.tif  
  inflating: /local_datasets/MLinP/train/scan/CreateGraphicalUserInterfacesWithPython.00070.01.tif  
  inflating: /local_datasets/MLinP/train/scan/CreateGraphicalUserInterfacesWithPython.00070.02.tif  
  inflating: /local_datasets/MLinP/train/scan/CreateGraphicalUserInterfacesWithPython.00071.01.tif  
  inflating: /local_datasets/MLinP/train/scan/CreateGraphicalUserInterfacesWithPython.00074.01.tif  
  inflating: /local_datasets/MLinP/train/scan/CreateGraphicalUserInterfacesWithPython.00074.02.tif  
  inflating: /local_datasets/MLinP/train/scan/CreateGraphicalUserInterfacesWithPython.00075.01.tif  
  inflating: /local_datasets/MLinP/train/scan/CreateGraphicalUserInterfacesWithPython.00075.02.tif  
  inflating: /local_datasets/MLinP/train/scan/CreateGraphicalUserInterfacesWithPython.00076.01.tif  
  inflating: /local_datasets/MLinP/train/scan/CreateGraphicalUserInterfacesWithPython.00076.02.tif  
  inflating: /local_datasets/MLinP/train/scan/CreateGraphicalUserInterfacesWithPython.00080.01.tif  
  inflating: /local_datasets/MLinP/train/scan/CreateGraphicalUserInterfacesWithPython.00080.02.tif  
  inflating: /local_datasets/MLinP/train/scan/CreateGraphicalUserInterfacesWithPython.00081.01.tif  
  inflating: /local_datasets/MLinP/train/scan/CreateGraphicalUserInterfacesWithPython.00082.01.tif  
  inflating: /local_datasets/MLinP/train/scan/CreateGraphicalUserInterfacesWithPython.00082.02.tif  
  inflating: /local_datasets/MLinP/train/scan/CreateGraphicalUserInterfacesWithPython.00085.02.tif  
  inflating: /local_datasets/MLinP/train/scan/CreateGraphicalUserInterfacesWithPython.00087.01.tif  
  inflating: /local_datasets/MLinP/train/scan/CreateGraphicalUserInterfacesWithPython.00087.02.tif  
  inflating: /local_datasets/MLinP/train/scan/CreateGraphicalUserInterfacesWithPython.00088.01.tif  
  inflating: /local_datasets/MLinP/train/scan/CreateGraphicalUserInterfacesWithPython.00088.02.tif  
  inflating: /local_datasets/MLinP/train/scan/CreateGraphicalUserInterfacesWithPython.00089.01.tif  
  inflating: /local_datasets/MLinP/train/scan/CreateGraphicalUserInterfacesWithPython.00089.02.tif  
  inflating: /local_datasets/MLinP/train/scan/CreateGraphicalUserInterfacesWithPython.00090.02.tif  
  inflating: /local_datasets/MLinP/train/scan/CreateGraphicalUserInterfacesWithPython.00093.01.tif  
  inflating: /local_datasets/MLinP/train/scan/CreateGraphicalUserInterfacesWithPython.00093.02.tif  
  inflating: /local_datasets/MLinP/train/scan/CreateGraphicalUserInterfacesWithPython.00094.01.tif  
  inflating: /local_datasets/MLinP/train/scan/CreateGraphicalUserInterfacesWithPython.00094.02.tif  
  inflating: /local_datasets/MLinP/train/scan/CreateGraphicalUserInterfacesWithPython.00096.02.tif  
  inflating: /local_datasets/MLinP/train/scan/CreateGraphicalUserInterfacesWithPython.00097.01.tif  
  inflating: /local_datasets/MLinP/train/scan/CreateGraphicalUserInterfacesWithPython.00098.02.tif  
  inflating: /local_datasets/MLinP/train/scan/CreateGraphicalUserInterfacesWithPython.00101.01.tif  
  inflating: /local_datasets/MLinP/train/scan/CreateGraphicalUserInterfacesWithPython.00102.02.tif  
  inflating: /local_datasets/MLinP/train/scan/CreateGraphicalUserInterfacesWithPython.00104.02.tif  
  inflating: /local_datasets/MLinP/train/scan/CreateGraphicalUserInterfacesWithPython.00105.02.tif  
  inflating: /local_datasets/MLinP/train/scan/CreateGraphicalUserInterfacesWithPython.00106.01.tif  
  inflating: /local_datasets/MLinP/train/scan/CreateGraphicalUserInterfacesWithPython.00106.02.tif  
  inflating: /local_datasets/MLinP/train/scan/CreateGraphicalUserInterfacesWithPython.00107.01.tif  
  inflating: /local_datasets/MLinP/train/scan/CreateGraphicalUserInterfacesWithPython.00107.02.tif  
  inflating: /local_datasets/MLinP/train/scan/CreateGraphicalUserInterfacesWithPython.00109.01.tif  
  inflating: /local_datasets/MLinP/train/scan/CreateGraphicalUserInterfacesWithPython.00112.01.tif  
  inflating: /local_datasets/MLinP/train/scan/CreateGraphicalUserInterfacesWithPython.00112.02.tif  
  inflating: /local_datasets/MLinP/train/scan/CreateGraphicalUserInterfacesWithPython.00114.02.tif  
  inflating: /local_datasets/MLinP/train/scan/CreateGraphicalUserInterfacesWithPython.00115.01.tif  
  inflating: /local_datasets/MLinP/train/scan/CreateGraphicalUserInterfacesWithPython.00115.02.tif  
  inflating: /local_datasets/MLinP/train/scan/CreateGraphicalUserInterfacesWithPython.00116.01.tif  
  inflating: /local_datasets/MLinP/train/scan/CreateGraphicalUserInterfacesWithPython.00116.02.tif  
  inflating: /local_datasets/MLinP/train/scan/CreateGraphicalUserInterfacesWithPython.00118.01.tif  
  inflating: /local_datasets/MLinP/train/scan/CreateGraphicalUserInterfacesWithPython.00119.02.tif  
  inflating: /local_datasets/MLinP/train/scan/CreateGraphicalUserInterfacesWithPython.00120.01.tif  
  inflating: /local_datasets/MLinP/train/scan/CreateGraphicalUserInterfacesWithPython.00122.01.tif  
  inflating: /local_datasets/MLinP/train/scan/CreateGraphicalUserInterfacesWithPython.00122.02.tif  
  inflating: /local_datasets/MLinP/train/scan/CreateGraphicalUserInterfacesWithPython.00125.01.tif  
  inflating: /local_datasets/MLinP/train/scan/CreateGraphicalUserInterfacesWithPython.00127.01.tif  
  inflating: /local_datasets/MLinP/train/scan/CreateGraphicalUserInterfacesWithPython.00127.02.tif  
  inflating: /local_datasets/MLinP/train/scan/CreateGraphicalUserInterfacesWithPython.00128.01.tif  
  inflating: /local_datasets/MLinP/train/scan/CreateGraphicalUserInterfacesWithPython.00128.02.tif  
  inflating: /local_datasets/MLinP/train/scan/CreateGraphicalUserInterfacesWithPython.00130.01.tif  
  inflating: /local_datasets/MLinP/train/scan/CreateGraphicalUserInterfacesWithPython.00130.02.tif  
  inflating: /local_datasets/MLinP/train/scan/CreateGraphicalUserInterfacesWithPython.00132.02.tif  
  inflating: /local_datasets/MLinP/train/scan/CreateGraphicalUserInterfacesWithPython.00133.01.tif  
  inflating: /local_datasets/MLinP/train/scan/CreateGraphicalUserInterfacesWithPython.00133.02.tif  
  inflating: /local_datasets/MLinP/train/scan/CreateGraphicalUserInterfacesWithPython.00134.02.tif  
  inflating: /local_datasets/MLinP/train/scan/CreateGraphicalUserInterfacesWithPython.00135.01.tif  
  inflating: /local_datasets/MLinP/train/scan/CreateGraphicalUserInterfacesWithPython.00135.02.tif  
  inflating: /local_datasets/MLinP/train/scan/CreateGraphicalUserInterfacesWithPython.00136.02.tif  
  inflating: /local_datasets/MLinP/train/scan/CreateGraphicalUserInterfacesWithPython.00138.01.tif  
  inflating: /local_datasets/MLinP/train/scan/CreateGraphicalUserInterfacesWithPython.00138.02.tif  
  inflating: /local_datasets/MLinP/train/scan/CreateGraphicalUserInterfacesWithPython.00141.02.tif  
  inflating: /local_datasets/MLinP/train/scan/CreateGraphicalUserInterfacesWithPython.00142.01.tif  
  inflating: /local_datasets/MLinP/train/scan/CreateGraphicalUserInterfacesWithPython.00142.02.tif  
  inflating: /local_datasets/MLinP/train/scan/CreateGraphicalUserInterfacesWithPython.00143.01.tif  
  inflating: /local_datasets/MLinP/train/scan/CreateGraphicalUserInterfacesWithPython.00147.02.tif  
  inflating: /local_datasets/MLinP/train/scan/CreateGraphicalUserInterfacesWithPython.00149.01.tif  
  inflating: /local_datasets/MLinP/train/scan/CreateGraphicalUserInterfacesWithPython.00150.02.tif  
  inflating: /local_datasets/MLinP/train/scan/CreateGraphicalUserInterfacesWithPython.00151.01.tif  
  inflating: /local_datasets/MLinP/train/scan/CreateGraphicalUserInterfacesWithPython.00152.02.tif  
  inflating: /local_datasets/MLinP/train/scan/EssentialsAIYProjectsVoice.00002.01.tif  
  inflating: /local_datasets/MLinP/train/scan/EssentialsAIYProjectsVoice.00002.02.tif  
  inflating: /local_datasets/MLinP/train/scan/EssentialsAIYProjectsVoice.00003.01.tif  
  inflating: /local_datasets/MLinP/train/scan/EssentialsAIYProjectsVoice.00004.01.tif  
  inflating: /local_datasets/MLinP/train/scan/EssentialsAIYProjectsVoice.00004.02.tif  
  inflating: /local_datasets/MLinP/train/scan/EssentialsAIYProjectsVoice.00005.01.tif  
  inflating: /local_datasets/MLinP/train/scan/EssentialsAIYProjectsVoice.00006.02.tif  
  inflating: /local_datasets/MLinP/train/scan/EssentialsAIYProjectsVoice.00007.01.tif  
  inflating: /local_datasets/MLinP/train/scan/EssentialsAIYProjectsVoice.00008.01.tif  
  inflating: /local_datasets/MLinP/train/scan/EssentialsAIYProjectsVoice.00008.02.tif  
  inflating: /local_datasets/MLinP/train/scan/EssentialsAIYProjectsVoice.00009.02.tif  
  inflating: /local_datasets/MLinP/train/scan/EssentialsAIYProjectsVoice.00010.01.tif  
  inflating: /local_datasets/MLinP/train/scan/EssentialsAIYProjectsVoice.00010.02.tif  
  inflating: /local_datasets/MLinP/train/scan/EssentialsAIYProjectsVoice.00011.02.tif  
  inflating: /local_datasets/MLinP/train/scan/EssentialsAIYProjectsVoice.00012.01.tif  
  inflating: /local_datasets/MLinP/train/scan/EssentialsAIYProjectsVoice.00012.02.tif  
  inflating: /local_datasets/MLinP/train/scan/EssentialsAIYProjectsVoice.00013.01.tif  
  inflating: /local_datasets/MLinP/train/scan/EssentialsAIYProjectsVoice.00014.01.tif  
  inflating: /local_datasets/MLinP/train/scan/EssentialsAIYProjectsVoice.00014.02.tif  
  inflating: /local_datasets/MLinP/train/scan/EssentialsAIYProjectsVoice.00016.01.tif  
  inflating: /local_datasets/MLinP/train/scan/EssentialsAIYProjectsVoice.00017.01.tif  
  inflating: /local_datasets/MLinP/train/scan/EssentialsAIYProjectsVoice.00018.01.tif  
  inflating: /local_datasets/MLinP/train/scan/EssentialsAIYProjectsVoice.00018.02.tif  
  inflating: /local_datasets/MLinP/train/scan/EssentialsAIYProjectsVoice.00019.01.tif  
  inflating: /local_datasets/MLinP/train/scan/EssentialsAIYProjectsVoice.00020.01.tif  
  inflating: /local_datasets/MLinP/train/scan/EssentialsAIYProjectsVoice.00020.02.tif  
  inflating: /local_datasets/MLinP/train/scan/EssentialsAIYProjectsVoice.00021.01.tif  
  inflating: /local_datasets/MLinP/train/scan/EssentialsAIYProjectsVoice.00021.02.tif  
  inflating: /local_datasets/MLinP/train/scan/EssentialsAIYProjectsVoice.00022.01.tif  
  inflating: /local_datasets/MLinP/train/scan/EssentialsAIYProjectsVoice.00023.01.tif  
  inflating: /local_datasets/MLinP/train/scan/EssentialsAIYProjectsVoice.00023.02.tif  
  inflating: /local_datasets/MLinP/train/scan/EssentialsAIYProjectsVoice.00024.01.tif  
  inflating: /local_datasets/MLinP/train/scan/EssentialsAIYProjectsVoice.00024.02.tif  
  inflating: /local_datasets/MLinP/train/scan/EssentialsAIYProjectsVoice.00025.01.tif  
  inflating: /local_datasets/MLinP/train/scan/EssentialsAIYProjectsVoice.00025.02.tif  
  inflating: /local_datasets/MLinP/train/scan/EssentialsAIYProjectsVoice.00027.02.tif  
  inflating: /local_datasets/MLinP/train/scan/EssentialsAIYProjectsVoice.00028.01.tif  
  inflating: /local_datasets/MLinP/train/scan/EssentialsAIYProjectsVoice.00029.02.tif  
  inflating: /local_datasets/MLinP/train/scan/EssentialsAIYProjectsVoice.00030.01.tif  
  inflating: /local_datasets/MLinP/train/scan/EssentialsAIYProjectsVoice.00031.01.tif  
  inflating: /local_datasets/MLinP/train/scan/EssentialsAIYProjectsVoice.00034.01.tif  
  inflating: /local_datasets/MLinP/train/scan/EssentialsAIYProjectsVoice.00034.02.tif  
  inflating: /local_datasets/MLinP/train/scan/EssentialsAIYProjectsVoice.00035.01.tif  
  inflating: /local_datasets/MLinP/train/scan/EssentialsAIYProjectsVoice.00035.02.tif  
  inflating: /local_datasets/MLinP/train/scan/EssentialsAIYProjectsVoice.00036.01.tif  
  inflating: /local_datasets/MLinP/train/scan/EssentialsAIYProjectsVoice.00036.02.tif  
  inflating: /local_datasets/MLinP/train/scan/EssentialsAIYProjectsVoice.00037.01.tif  
  inflating: /local_datasets/MLinP/train/scan/EssentialsAIYProjectsVoice.00038.02.tif  
  inflating: /local_datasets/MLinP/train/scan/EssentialsAIYProjectsVoice.00039.01.tif  
  inflating: /local_datasets/MLinP/train/scan/EssentialsAIYProjectsVoice.00041.01.tif  
  inflating: /local_datasets/MLinP/train/scan/EssentialsAIYProjectsVoice.00041.02.tif  
  inflating: /local_datasets/MLinP/train/scan/EssentialsAIYProjectsVoice.00042.02.tif  
  inflating: /local_datasets/MLinP/train/scan/EssentialsAIYProjectsVoice.00043.01.tif  
  inflating: /local_datasets/MLinP/train/scan/EssentialsAIYProjectsVoice.00043.02.tif  
  inflating: /local_datasets/MLinP/train/scan/EssentialsAIYProjectsVoice.00045.01.tif  
  inflating: /local_datasets/MLinP/train/scan/EssentialsAIYProjectsVoice.00045.02.tif  
  inflating: /local_datasets/MLinP/train/scan/EssentialsAIYProjectsVoice.00046.01.tif  
  inflating: /local_datasets/MLinP/train/scan/EssentialsAIYProjectsVoice.00047.01.tif  
  inflating: /local_datasets/MLinP/train/scan/EssentialsAIYProjectsVoice.00047.02.tif  
  inflating: /local_datasets/MLinP/train/scan/EssentialsAIYProjectsVoice.00049.02.tif  
  inflating: /local_datasets/MLinP/train/scan/EssentialsAIYProjectsVoice.00051.01.tif  
  inflating: /local_datasets/MLinP/train/scan/EssentialsAIYProjectsVoice.00052.01.tif  
  inflating: /local_datasets/MLinP/train/scan/EssentialsAIYProjectsVoice.00053.01.tif  
  inflating: /local_datasets/MLinP/train/scan/EssentialsAIYProjectsVoice.00055.01.tif  
  inflating: /local_datasets/MLinP/train/scan/EssentialsAIYProjectsVoice.00057.01.tif  
  inflating: /local_datasets/MLinP/train/scan/EssentialsAIYProjectsVoice.00057.02.tif  
  inflating: /local_datasets/MLinP/train/scan/EssentialsAIYProjectsVoice.00059.01.tif  
  inflating: /local_datasets/MLinP/train/scan/EssentialsAIYProjectsVoice.00061.01.tif  
  inflating: /local_datasets/MLinP/train/scan/EssentialsAIYProjectsVoice.00061.02.tif  
  inflating: /local_datasets/MLinP/train/scan/EssentialsAIYProjectsVoice.00063.01.tif  
  inflating: /local_datasets/MLinP/train/scan/EssentialsAIYProjectsVoice.00064.01.tif  
  inflating: /local_datasets/MLinP/train/scan/EssentialsAIYProjectsVoice.00065.01.tif  
  inflating: /local_datasets/MLinP/train/scan/EssentialsAIYProjectsVoice.00065.02.tif  
  inflating: /local_datasets/MLinP/train/scan/EssentialsAIYProjectsVoice.00066.01.tif  
  inflating: /local_datasets/MLinP/train/scan/EssentialsAIYProjectsVoice.00067.01.tif  
  inflating: /local_datasets/MLinP/train/scan/EssentialsAIYProjectsVoice.00067.02.tif  
  inflating: /local_datasets/MLinP/train/scan/EssentialsAIYProjectsVoice.00068.01.tif  
  inflating: /local_datasets/MLinP/train/scan/EssentialsAIYProjectsVoice.00068.02.tif  
  inflating: /local_datasets/MLinP/train/scan/EssentialsAIYProjectsVoice.00069.01.tif  
  inflating: /local_datasets/MLinP/train/scan/EssentialsAIYProjectsVoice.00069.02.tif  
  inflating: /local_datasets/MLinP/train/scan/EssentialsAIYProjectsVoice.00070.02.tif  
  inflating: /local_datasets/MLinP/train/scan/EssentialsAIYProjectsVoice.00071.01.tif  
  inflating: /local_datasets/MLinP/train/scan/EssentialsAIYProjectsVoice.00072.01.tif  
  inflating: /local_datasets/MLinP/train/scan/EssentialsAIYProjectsVoice.00072.02.tif  
  inflating: /local_datasets/MLinP/train/scan/EssentialsAIYProjectsVoice.00075.02.tif  
  inflating: /local_datasets/MLinP/train/scan/GetStartedArduino.00001.02.tif  
  inflating: /local_datasets/MLinP/train/scan/GetStartedArduino.00003.01.tif  
  inflating: /local_datasets/MLinP/train/scan/GetStartedArduino.00004.01.tif  
  inflating: /local_datasets/MLinP/train/scan/GetStartedArduino.00004.02.tif  
  inflating: /local_datasets/MLinP/train/scan/GetStartedArduino.00007.01.tif  
  inflating: /local_datasets/MLinP/train/scan/GetStartedArduino.00007.02.tif  
  inflating: /local_datasets/MLinP/train/scan/GetStartedArduino.00008.02.tif  
  inflating: /local_datasets/MLinP/train/scan/GetStartedArduino.00012.02.tif  
  inflating: /local_datasets/MLinP/train/scan/GetStartedArduino.00013.02.tif  
  inflating: /local_datasets/MLinP/train/scan/GetStartedArduino.00014.01.tif  
  inflating: /local_datasets/MLinP/train/scan/GetStartedArduino.00014.02.tif  
  inflating: /local_datasets/MLinP/train/scan/GetStartedArduino.00015.02.tif  
  inflating: /local_datasets/MLinP/train/scan/GetStartedArduino.00016.01.tif  
  inflating: /local_datasets/MLinP/train/scan/GetStartedArduino.00016.02.tif  
  inflating: /local_datasets/MLinP/train/scan/GetStartedArduino.00018.02.tif  
  inflating: /local_datasets/MLinP/train/scan/GetStartedArduino.00019.02.tif  
  inflating: /local_datasets/MLinP/train/scan/GetStartedArduino.00020.02.tif  
  inflating: /local_datasets/MLinP/train/scan/GetStartedArduino.00021.01.tif  
  inflating: /local_datasets/MLinP/train/scan/GetStartedArduino.00021.02.tif  
  inflating: /local_datasets/MLinP/train/scan/GetStartedArduino.00023.01.tif  
  inflating: /local_datasets/MLinP/train/scan/GetStartedArduino.00023.02.tif  
  inflating: /local_datasets/MLinP/train/scan/GetStartedArduino.00024.01.tif  
  inflating: /local_datasets/MLinP/train/scan/GetStartedArduino.00024.02.tif  
  inflating: /local_datasets/MLinP/train/scan/GetStartedArduino.00026.02.tif  
  inflating: /local_datasets/MLinP/train/scan/GetStartedArduino.00027.01.tif  
  inflating: /local_datasets/MLinP/train/scan/GetStartedArduino.00028.01.tif  
  inflating: /local_datasets/MLinP/train/scan/GetStartedArduino.00029.01.tif  
  inflating: /local_datasets/MLinP/train/scan/GetStartedArduino.00029.02.tif  
  inflating: /local_datasets/MLinP/train/scan/GetStartedArduino.00032.01.tif  
  inflating: /local_datasets/MLinP/train/scan/GetStartedArduino.00032.02.tif  
  inflating: /local_datasets/MLinP/train/scan/GetStartedArduino.00034.01.tif  
  inflating: /local_datasets/MLinP/train/scan/GetStartedArduino.00034.02.tif  
  inflating: /local_datasets/MLinP/train/scan/GetStartedArduino.00035.01.tif  
  inflating: /local_datasets/MLinP/train/scan/GetStartedArduino.00035.02.tif  
  inflating: /local_datasets/MLinP/train/scan/GetStartedArduino.00036.01.tif  
  inflating: /local_datasets/MLinP/train/scan/GetStartedArduino.00037.02.tif  
  inflating: /local_datasets/MLinP/train/scan/GetStartedArduino.00038.01.tif  
  inflating: /local_datasets/MLinP/train/scan/GetStartedArduino.00039.02.tif  
  inflating: /local_datasets/MLinP/train/scan/GetStartedArduino.00040.01.tif  
  inflating: /local_datasets/MLinP/train/scan/GetStartedArduino.00041.01.tif  
  inflating: /local_datasets/MLinP/train/scan/GetStartedArduino.00041.02.tif  
  inflating: /local_datasets/MLinP/train/scan/GetStartedArduino.00042.02.tif  
  inflating: /local_datasets/MLinP/train/scan/GetStartedArduino.00043.01.tif  
  inflating: /local_datasets/MLinP/train/scan/GetStartedArduino.00043.02.tif  
  inflating: /local_datasets/MLinP/train/scan/GetStartedArduino.00045.02.tif  
  inflating: /local_datasets/MLinP/train/scan/GetStartedArduino.00046.01.tif  
  inflating: /local_datasets/MLinP/train/scan/GetStartedArduino.00046.02.tif  
  inflating: /local_datasets/MLinP/train/scan/GetStartedArduino.00047.01.tif  
  inflating: /local_datasets/MLinP/train/scan/GetStartedArduino.00047.02.tif  
  inflating: /local_datasets/MLinP/train/scan/GetStartedArduino.00049.01.tif  
  inflating: /local_datasets/MLinP/train/scan/GetStartedArduino.00050.02.tif  
  inflating: /local_datasets/MLinP/train/scan/GetStartedArduino.00051.02.tif  
  inflating: /local_datasets/MLinP/train/scan/GetStartedArduino.00052.02.tif  
  inflating: /local_datasets/MLinP/train/scan/GetStartedArduino.00053.01.tif  
  inflating: /local_datasets/MLinP/train/scan/GetStartedArduino.00053.02.tif  
  inflating: /local_datasets/MLinP/train/scan/GetStartedArduino.00054.01.tif  
  inflating: /local_datasets/MLinP/train/scan/GetStartedArduino.00054.02.tif  
  inflating: /local_datasets/MLinP/train/scan/GetStartedArduino.00055.01.tif  
  inflating: /local_datasets/MLinP/train/scan/GetStartedArduino.00057.01.tif  
  inflating: /local_datasets/MLinP/train/scan/GetStartedArduino.00057.02.tif  
  inflating: /local_datasets/MLinP/train/scan/GetStartedArduino.00058.02.tif  
  inflating: /local_datasets/MLinP/train/scan/GetStartedArduino.00059.01.tif  
  inflating: /local_datasets/MLinP/train/scan/GetStartedArduino.00060.01.tif  
  inflating: /local_datasets/MLinP/train/scan/GetStartedArduino.00060.02.tif  
  inflating: /local_datasets/MLinP/train/scan/GetStartedArduino.00062.01.tif  
  inflating: /local_datasets/MLinP/train/scan/GetStartedArduino.00062.02.tif  
  inflating: /local_datasets/MLinP/train/scan/GetStartedArduino.00063.01.tif  
  inflating: /local_datasets/MLinP/train/scan/GetStartedArduino.00064.02.tif  
  inflating: /local_datasets/MLinP/train/scan/GetStartedArduino.00065.01.tif  
  inflating: /local_datasets/MLinP/train/scan/GetStartedArduino.00065.02.tif  
  inflating: /local_datasets/MLinP/train/scan/GetStartedArduino.00066.02.tif  
  inflating: /local_datasets/MLinP/train/scan/GetStartedArduino.00067.02.tif  
  inflating: /local_datasets/MLinP/train/scan/GetStartedArduino.00068.01.tif  
  inflating: /local_datasets/MLinP/train/scan/GetStartedArduino.00068.02.tif  
  inflating: /local_datasets/MLinP/train/scan/GetStartedArduino.00069.02.tif  
  inflating: /local_datasets/MLinP/train/scan/GetStartedArduino.00070.01.tif  
  inflating: /local_datasets/MLinP/train/scan/GetStartedArduino.00070.02.tif  
  inflating: /local_datasets/MLinP/train/scan/GetStartedArduino.00071.01.tif  
  inflating: /local_datasets/MLinP/train/scan/GetStartedArduino.00073.01.tif  
  inflating: /local_datasets/MLinP/train/scan/GetStartedArduino.00073.02.tif  
  inflating: /local_datasets/MLinP/train/scan/GetStartedArduino.00074.02.tif  
  inflating: /local_datasets/MLinP/train/scan/GetStartedArduino.00076.02.tif  
  inflating: /local_datasets/MLinP/train/scan/GetStartedArduino.00077.01.tif  
  inflating: /local_datasets/MLinP/train/scan/GetStartedArduino.00077.02.tif  
  inflating: /local_datasets/MLinP/train/scan/GetStartedArduino.00078.01.tif  
  inflating: /local_datasets/MLinP/train/scan/GetStartedArduino.00079.01.tif  
  inflating: /local_datasets/MLinP/train/scan/GetStartedArduino.00080.01.tif  
  inflating: /local_datasets/MLinP/train/scan/GetStartedArduino.00080.02.tif  
  inflating: /local_datasets/MLinP/train/scan/GetStartedArduino.00081.01.tif  
  inflating: /local_datasets/MLinP/train/scan/GetStartedArduino.00081.02.tif  
  inflating: /local_datasets/MLinP/train/scan/GetStartedArduino.00082.01.tif  
  inflating: /local_datasets/MLinP/train/scan/GetStartedArduino.00083.01.tif  
  inflating: /local_datasets/MLinP/train/scan/GetStartedArduino.00084.01.tif  
  inflating: /local_datasets/MLinP/train/scan/GetStartedArduino.00084.02.tif  
  inflating: /local_datasets/MLinP/train/scan/GetStartedArduino.00086.01.tif  
  inflating: /local_datasets/MLinP/train/scan/GetStartedArduino.00087.01.tif  
  inflating: /local_datasets/MLinP/train/scan/GetStartedArduino.00087.02.tif  
  inflating: /local_datasets/MLinP/train/scan/GetStartedArduino.00088.01.tif  
  inflating: /local_datasets/MLinP/train/scan/GetStartedArduino.00088.02.tif  
  inflating: /local_datasets/MLinP/train/scan/GetStartedArduino.00089.02.tif  
  inflating: /local_datasets/MLinP/train/scan/GetStartedArduino.00091.01.tif  
  inflating: /local_datasets/MLinP/train/scan/GetStartedArduino.00092.01.tif  
  inflating: /local_datasets/MLinP/train/scan/GetStartedArduino.00092.02.tif  
  inflating: /local_datasets/MLinP/train/scan/GetStartedArduino.00093.01.tif  
  inflating: /local_datasets/MLinP/train/scan/GetStartedArduino.00093.02.tif  
  inflating: /local_datasets/MLinP/train/scan/GetStartedArduino.00094.01.tif  
  inflating: /local_datasets/MLinP/train/scan/GetStartedArduino.00094.02.tif  
  inflating: /local_datasets/MLinP/train/scan/GetStartedArduino.00095.01.tif  
  inflating: /local_datasets/MLinP/train/scan/GetStartedArduino.00100.01.tif  
  inflating: /local_datasets/MLinP/train/scan/GetStartedArduino.00101.01.tif  
  inflating: /local_datasets/MLinP/train/scan/GetStartedArduino.00101.02.tif  
  inflating: /local_datasets/MLinP/train/scan/GetStartedArduino.00102.02.tif  
  inflating: /local_datasets/MLinP/train/scan/GetStartedArduino.00103.01.tif  
  inflating: /local_datasets/MLinP/train/scan/GetStartedArduino.00104.02.tif  
  inflating: /local_datasets/MLinP/train/scan/GetStartedArduino.00105.01.tif  
  inflating: /local_datasets/MLinP/train/scan/GetStartedArduino.00105.02.tif  
  inflating: /local_datasets/MLinP/train/scan/GetStartedArduino.00107.01.tif  
  inflating: /local_datasets/MLinP/train/scan/GetStartedArduino.00108.01.tif  
  inflating: /local_datasets/MLinP/train/scan/GetStartedArduino.00110.01.tif  
  inflating: /local_datasets/MLinP/train/scan/GetStartedArduino.00110.02.tif  
  inflating: /local_datasets/MLinP/train/scan/GetStartedArduino.00111.01.tif  
  inflating: /local_datasets/MLinP/train/scan/GetStartedArduino.00111.02.tif  
  inflating: /local_datasets/MLinP/train/scan/GetStartedArduino.00115.01.tif  
  inflating: /local_datasets/MLinP/train/scan/GetStartedArduino.00116.01.tif  
/local_datasets/MLinP/train/scan/GetStartedArduino.00116.01.tif:  write error (disk full?).  Continue? (y/n/^C) 
warning:  /local_datasets/MLinP/train/scan/GetStartedArduino.00116.01.tif is probably truncated
/local_datasets/MLinP/train/clean+ exist
train_clean.zip+ 압축 해제중
Archive:  train_clean.zip
replace /local_datasets/MLinP/train/clean/BookOfMaking.00002.02.tif? [y]es, [n]o, [A]ll, [N]one, [r]ename:  NULL
(EOF or read error, treating as "[N]one" ...)
