activate torch environment
mlp Activated Successfully

20230520-08:36:55
running: cuda, 	epoch: 150, 	batch: 64, 	lr: 0.008
----------------------------------------------------------------
        Layer (type)               Output Shape         Param #
================================================================
            Conv2d-1         [-1, 64, 128, 128]           1,792
              ReLU-2         [-1, 64, 128, 128]               0
            Conv2d-3         [-1, 64, 128, 128]          36,928
       BatchNorm2d-4         [-1, 64, 128, 128]             128
              ReLU-5         [-1, 64, 128, 128]               0
            Conv2d-6         [-1, 64, 128, 128]          36,928
       BatchNorm2d-7         [-1, 64, 128, 128]             128
              ReLU-8         [-1, 64, 128, 128]               0
            Conv2d-9         [-1, 64, 128, 128]          36,928
      BatchNorm2d-10         [-1, 64, 128, 128]             128
             ReLU-11         [-1, 64, 128, 128]               0
           Conv2d-12         [-1, 64, 128, 128]          36,928
      BatchNorm2d-13         [-1, 64, 128, 128]             128
             ReLU-14         [-1, 64, 128, 128]               0
           Conv2d-15         [-1, 64, 128, 128]          36,928
      BatchNorm2d-16         [-1, 64, 128, 128]             128
             ReLU-17         [-1, 64, 128, 128]               0
           Conv2d-18         [-1, 64, 128, 128]          36,928
      BatchNorm2d-19         [-1, 64, 128, 128]             128
             ReLU-20         [-1, 64, 128, 128]               0
           Conv2d-21         [-1, 64, 128, 128]          36,928
      BatchNorm2d-22         [-1, 64, 128, 128]             128
             ReLU-23         [-1, 64, 128, 128]               0
           Conv2d-24         [-1, 64, 128, 128]          36,928
      BatchNorm2d-25         [-1, 64, 128, 128]             128
             ReLU-26         [-1, 64, 128, 128]               0
           Conv2d-27         [-1, 64, 128, 128]          36,928
      BatchNorm2d-28         [-1, 64, 128, 128]             128
             ReLU-29         [-1, 64, 128, 128]               0
           Conv2d-30         [-1, 64, 128, 128]          36,928
      BatchNorm2d-31         [-1, 64, 128, 128]             128
             ReLU-32         [-1, 64, 128, 128]               0
           Conv2d-33         [-1, 64, 128, 128]          36,928
      BatchNorm2d-34         [-1, 64, 128, 128]             128
             ReLU-35         [-1, 64, 128, 128]               0
           Conv2d-36         [-1, 64, 128, 128]          36,928
      BatchNorm2d-37         [-1, 64, 128, 128]             128
             ReLU-38         [-1, 64, 128, 128]               0
           Conv2d-39         [-1, 64, 128, 128]          36,928
      BatchNorm2d-40         [-1, 64, 128, 128]             128
             ReLU-41         [-1, 64, 128, 128]               0
           Conv2d-42         [-1, 64, 128, 128]          36,928
      BatchNorm2d-43         [-1, 64, 128, 128]             128
             ReLU-44         [-1, 64, 128, 128]               0
           Conv2d-45         [-1, 64, 128, 128]          36,928
      BatchNorm2d-46         [-1, 64, 128, 128]             128
             ReLU-47         [-1, 64, 128, 128]               0
           Conv2d-48          [-1, 3, 128, 128]           1,731
================================================================
Total params: 559,363
Trainable params: 559,363
Non-trainable params: 0
----------------------------------------------------------------
Input size (MB): 0.19
Forward/backward pass size (MB): 376.38
Params size (MB): 2.13
Estimated Total Size (MB): 378.70
----------------------------------------------------------------
None
모델 학습 시작
Time: 50초 	Epoch 1/150, 	Loss: 0.1025
1epoch 모델 저장 완료
Time: 50초 	Epoch 2/150, 	Loss: 0.0380
2epoch 모델 저장 완료
Time: 50초 	Epoch 3/150, 	Loss: 0.0356
3epoch 모델 저장 완료
Time: 50초 	Epoch 4/150, 	Loss: 0.0348
4epoch 모델 저장 완료
Time: 50초 	Epoch 5/150, 	Loss: 0.0323
5epoch 모델 저장 완료
Time: 50초 	Epoch 6/150, 	Loss: 0.0323
Time: 50초 	Epoch 7/150, 	Loss: 0.0325
Time: 50초 	Epoch 8/150, 	Loss: 0.0313
8epoch 모델 저장 완료
Time: 50초 	Epoch 9/150, 	Loss: 0.0316
Time: 50초 	Epoch 10/150, 	Loss: 0.0309
10epoch 모델 저장 완료
Time: 50초 	Epoch 11/150, 	Loss: 0.0310
Time: 50초 	Epoch 12/150, 	Loss: 0.0299
12epoch 모델 저장 완료
Time: 50초 	Epoch 13/150, 	Loss: 0.0295
13epoch 모델 저장 완료
Time: 50초 	Epoch 14/150, 	Loss: 0.0280
14epoch 모델 저장 완료
Time: 50초 	Epoch 15/150, 	Loss: 0.0281
Time: 50초 	Epoch 16/150, 	Loss: 0.0274
16epoch 모델 저장 완료
Time: 50초 	Epoch 17/150, 	Loss: 0.0271
17epoch 모델 저장 완료
Time: 50초 	Epoch 18/150, 	Loss: 0.0266
18epoch 모델 저장 완료
Time: 50초 	Epoch 19/150, 	Loss: 0.0267
Time: 50초 	Epoch 20/150, 	Loss: 0.0266
20epoch 모델 저장 완료
Time: 50초 	Epoch 21/150, 	Loss: 0.0261
21epoch 모델 저장 완료
Time: 50초 	Epoch 22/150, 	Loss: 0.0260
22epoch 모델 저장 완료
Time: 50초 	Epoch 23/150, 	Loss: 0.0260
Time: 50초 	Epoch 24/150, 	Loss: 0.0257
24epoch 모델 저장 완료
Time: 50초 	Epoch 25/150, 	Loss: 0.0254
25epoch 모델 저장 완료
Time: 50초 	Epoch 26/150, 	Loss: 0.0254
Time: 50초 	Epoch 27/150, 	Loss: 0.0248
27epoch 모델 저장 완료
Time: 50초 	Epoch 28/150, 	Loss: 0.0248
Time: 50초 	Epoch 29/150, 	Loss: 0.0248
29epoch 모델 저장 완료
Time: 50초 	Epoch 30/150, 	Loss: 0.0252
Time: 50초 	Epoch 31/150, 	Loss: 0.0253
Time: 50초 	Epoch 32/150, 	Loss: 0.0240
32epoch 모델 저장 완료
Time: 50초 	Epoch 33/150, 	Loss: 0.0242
Time: 50초 	Epoch 34/150, 	Loss: 0.0240
34epoch 모델 저장 완료
Time: 50초 	Epoch 35/150, 	Loss: 0.0241
Time: 50초 	Epoch 36/150, 	Loss: 0.0242
Time: 50초 	Epoch 37/150, 	Loss: 0.0240
Time: 50초 	Epoch 38/150, 	Loss: 0.0248
Time: 50초 	Epoch 39/150, 	Loss: 0.0240
Time: 50초 	Epoch 40/150, 	Loss: 0.0240
Time: 50초 	Epoch 41/150, 	Loss: 0.0241
Time: 50초 	Epoch 42/150, 	Loss: 0.0236
42epoch 모델 저장 완료
Time: 50초 	Epoch 43/150, 	Loss: 0.0236
43epoch 모델 저장 완료
Time: 50초 	Epoch 44/150, 	Loss: 0.0236
Time: 50초 	Epoch 45/150, 	Loss: 0.0236
Time: 50초 	Epoch 46/150, 	Loss: 0.0233
46epoch 모델 저장 완료
Time: 50초 	Epoch 47/150, 	Loss: 0.0232
47epoch 모델 저장 완료
Time: 50초 	Epoch 48/150, 	Loss: 0.0229
48epoch 모델 저장 완료
Time: 50초 	Epoch 49/150, 	Loss: 0.0232
Time: 50초 	Epoch 50/150, 	Loss: 0.0231
Time: 50초 	Epoch 51/150, 	Loss: 0.0235
Time: 50초 	Epoch 52/150, 	Loss: 0.0230
Time: 50초 	Epoch 53/150, 	Loss: 0.0233
Time: 50초 	Epoch 54/150, 	Loss: 0.0223
54epoch 모델 저장 완료
Time: 50초 	Epoch 55/150, 	Loss: 0.0225
Time: 50초 	Epoch 56/150, 	Loss: 0.0223
56epoch 모델 저장 완료
Time: 50초 	Epoch 57/150, 	Loss: 0.0226
Time: 50초 	Epoch 58/150, 	Loss: 0.0227
Time: 50초 	Epoch 59/150, 	Loss: 0.0224
Time: 50초 	Epoch 60/150, 	Loss: 0.0227
Time: 50초 	Epoch 61/150, 	Loss: 0.0224
Time: 50초 	Epoch 62/150, 	Loss: 0.0224
Time: 50초 	Epoch 63/150, 	Loss: 0.0227
Time: 50초 	Epoch 64/150, 	Loss: 0.0224
Time: 50초 	Epoch 65/150, 	Loss: 0.0221
65epoch 모델 저장 완료
Time: 50초 	Epoch 66/150, 	Loss: 0.0218
66epoch 모델 저장 완료
Time: 50초 	Epoch 67/150, 	Loss: 0.0220
Time: 50초 	Epoch 68/150, 	Loss: 0.0221
Time: 50초 	Epoch 69/150, 	Loss: 0.0217
69epoch 모델 저장 완료
Time: 50초 	Epoch 70/150, 	Loss: 0.0219
Time: 50초 	Epoch 71/150, 	Loss: 0.0214
71epoch 모델 저장 완료
Time: 50초 	Epoch 72/150, 	Loss: 0.0216
Time: 50초 	Epoch 73/150, 	Loss: 0.0218
Time: 50초 	Epoch 74/150, 	Loss: 0.0213
74epoch 모델 저장 완료
Time: 50초 	Epoch 75/150, 	Loss: 0.0212
75epoch 모델 저장 완료
Time: 50초 	Epoch 76/150, 	Loss: 0.0213
Time: 50초 	Epoch 77/150, 	Loss: 0.0210
77epoch 모델 저장 완료
Time: 50초 	Epoch 78/150, 	Loss: 0.0215
Time: 50초 	Epoch 79/150, 	Loss: 0.0213
Time: 50초 	Epoch 80/150, 	Loss: 0.0208
80epoch 모델 저장 완료
Time: 50초 	Epoch 81/150, 	Loss: 0.0209
Time: 50초 	Epoch 82/150, 	Loss: 0.0211
Time: 50초 	Epoch 83/150, 	Loss: 0.0212
Time: 50초 	Epoch 84/150, 	Loss: 0.0221
Time: 50초 	Epoch 85/150, 	Loss: 0.0206
85epoch 모델 저장 완료
Time: 50초 	Epoch 86/150, 	Loss: 0.0208
Time: 50초 	Epoch 87/150, 	Loss: 0.0214
Time: 50초 	Epoch 88/150, 	Loss: 0.0207
Time: 50초 	Epoch 89/150, 	Loss: 0.0209
Time: 50초 	Epoch 90/150, 	Loss: 0.0203
90epoch 모델 저장 완료
Time: 50초 	Epoch 91/150, 	Loss: 0.0205
Time: 50초 	Epoch 92/150, 	Loss: 0.0205
Time: 50초 	Epoch 93/150, 	Loss: 0.0202
93epoch 모델 저장 완료
Time: 50초 	Epoch 94/150, 	Loss: 0.0201
94epoch 모델 저장 완료
Time: 50초 	Epoch 95/150, 	Loss: 0.0204
Time: 50초 	Epoch 96/150, 	Loss: 0.0202
Time: 50초 	Epoch 97/150, 	Loss: 0.0200
97epoch 모델 저장 완료
Time: 50초 	Epoch 98/150, 	Loss: 0.0203
Time: 50초 	Epoch 99/150, 	Loss: 0.0202
Time: 50초 	Epoch 100/150, 	Loss: 0.0201
Time: 50초 	Epoch 101/150, 	Loss: 0.0196
101epoch 모델 저장 완료
Time: 50초 	Epoch 102/150, 	Loss: 0.0205
