activate torch environment
mlp Activated Successfully

20230520-06:31:11
running: cuda, 	epoch: 150, 	batch: 128, 	lr: 0.01
----------------------------------------------------------------
        Layer (type)               Output Shape         Param #
================================================================
            Conv2d-1         [-1, 64, 128, 128]           1,792
              ReLU-2         [-1, 64, 128, 128]               0
            Conv2d-3         [-1, 64, 128, 128]          36,928
       BatchNorm2d-4         [-1, 64, 128, 128]             128
              ReLU-5         [-1, 64, 128, 128]               0
            Conv2d-6         [-1, 64, 128, 128]          36,928
       BatchNorm2d-7         [-1, 64, 128, 128]             128
              ReLU-8         [-1, 64, 128, 128]               0
            Conv2d-9         [-1, 64, 128, 128]          36,928
      BatchNorm2d-10         [-1, 64, 128, 128]             128
             ReLU-11         [-1, 64, 128, 128]               0
           Conv2d-12         [-1, 64, 128, 128]          36,928
      BatchNorm2d-13         [-1, 64, 128, 128]             128
             ReLU-14         [-1, 64, 128, 128]               0
           Conv2d-15         [-1, 64, 128, 128]          36,928
      BatchNorm2d-16         [-1, 64, 128, 128]             128
             ReLU-17         [-1, 64, 128, 128]               0
           Conv2d-18         [-1, 64, 128, 128]          36,928
      BatchNorm2d-19         [-1, 64, 128, 128]             128
             ReLU-20         [-1, 64, 128, 128]               0
           Conv2d-21         [-1, 64, 128, 128]          36,928
      BatchNorm2d-22         [-1, 64, 128, 128]             128
             ReLU-23         [-1, 64, 128, 128]               0
           Conv2d-24         [-1, 64, 128, 128]          36,928
      BatchNorm2d-25         [-1, 64, 128, 128]             128
             ReLU-26         [-1, 64, 128, 128]               0
           Conv2d-27         [-1, 64, 128, 128]          36,928
      BatchNorm2d-28         [-1, 64, 128, 128]             128
             ReLU-29         [-1, 64, 128, 128]               0
           Conv2d-30         [-1, 64, 128, 128]          36,928
      BatchNorm2d-31         [-1, 64, 128, 128]             128
             ReLU-32         [-1, 64, 128, 128]               0
           Conv2d-33         [-1, 64, 128, 128]          36,928
      BatchNorm2d-34         [-1, 64, 128, 128]             128
             ReLU-35         [-1, 64, 128, 128]               0
           Conv2d-36         [-1, 64, 128, 128]          36,928
      BatchNorm2d-37         [-1, 64, 128, 128]             128
             ReLU-38         [-1, 64, 128, 128]               0
           Conv2d-39         [-1, 64, 128, 128]          36,928
      BatchNorm2d-40         [-1, 64, 128, 128]             128
             ReLU-41         [-1, 64, 128, 128]               0
           Conv2d-42         [-1, 64, 128, 128]          36,928
      BatchNorm2d-43         [-1, 64, 128, 128]             128
             ReLU-44         [-1, 64, 128, 128]               0
           Conv2d-45         [-1, 64, 128, 128]          36,928
      BatchNorm2d-46         [-1, 64, 128, 128]             128
             ReLU-47         [-1, 64, 128, 128]               0
           Conv2d-48          [-1, 3, 128, 128]           1,731
================================================================
Total params: 559,363
Trainable params: 559,363
Non-trainable params: 0
----------------------------------------------------------------
Input size (MB): 0.19
Forward/backward pass size (MB): 376.38
Params size (MB): 2.13
Estimated Total Size (MB): 378.70
----------------------------------------------------------------
None
모델 학습 시작
Time: 51초 	Epoch 1/150, 	Loss: 0.1712
1epoch 모델 저장 완료
Time: 51초 	Epoch 2/150, 	Loss: 0.0429
2epoch 모델 저장 완료
Time: 51초 	Epoch 3/150, 	Loss: 0.0404
3epoch 모델 저장 완료
Time: 51초 	Epoch 4/150, 	Loss: 0.0377
4epoch 모델 저장 완료
Time: 51초 	Epoch 5/150, 	Loss: 0.0359
5epoch 모델 저장 완료
Time: 51초 	Epoch 6/150, 	Loss: 0.0352
6epoch 모델 저장 완료
Time: 51초 	Epoch 7/150, 	Loss: 0.0352
7epoch 모델 저장 완료
Time: 51초 	Epoch 8/150, 	Loss: 0.0347
8epoch 모델 저장 완료
Time: 51초 	Epoch 9/150, 	Loss: 0.0342
9epoch 모델 저장 완료
Time: 51초 	Epoch 10/150, 	Loss: 0.0343
Time: 51초 	Epoch 11/150, 	Loss: 0.0338
11epoch 모델 저장 완료
Time: 51초 	Epoch 12/150, 	Loss: 0.0335
12epoch 모델 저장 완료
Time: 51초 	Epoch 13/150, 	Loss: 0.0324
13epoch 모델 저장 완료
Time: 51초 	Epoch 14/150, 	Loss: 0.0321
14epoch 모델 저장 완료
Time: 51초 	Epoch 15/150, 	Loss: 0.0317
15epoch 모델 저장 완료
Time: 51초 	Epoch 16/150, 	Loss: 0.0313
16epoch 모델 저장 완료
Time: 51초 	Epoch 17/150, 	Loss: 0.0319
Time: 51초 	Epoch 18/150, 	Loss: 0.0315
Time: 51초 	Epoch 19/150, 	Loss: 0.0304
19epoch 모델 저장 완료
Time: 51초 	Epoch 20/150, 	Loss: 0.0305
Time: 51초 	Epoch 21/150, 	Loss: 0.0326
Time: 51초 	Epoch 22/150, 	Loss: 0.0304
22epoch 모델 저장 완료
Time: 51초 	Epoch 23/150, 	Loss: 0.0298
23epoch 모델 저장 완료
Time: 51초 	Epoch 24/150, 	Loss: 0.0296
24epoch 모델 저장 완료
Time: 51초 	Epoch 25/150, 	Loss: 0.0295
25epoch 모델 저장 완료
Time: 51초 	Epoch 26/150, 	Loss: 0.0290
26epoch 모델 저장 완료
Time: 51초 	Epoch 27/150, 	Loss: 0.0317
Time: 51초 	Epoch 28/150, 	Loss: 0.0295
Time: 51초 	Epoch 29/150, 	Loss: 0.0291
Time: 51초 	Epoch 30/150, 	Loss: 0.0297
Time: 51초 	Epoch 31/150, 	Loss: 0.0291
Time: 51초 	Epoch 32/150, 	Loss: 0.0283
32epoch 모델 저장 완료
Time: 51초 	Epoch 33/150, 	Loss: 0.0284
Time: 51초 	Epoch 34/150, 	Loss: 0.0274
34epoch 모델 저장 완료
Time: 51초 	Epoch 35/150, 	Loss: 0.0271
35epoch 모델 저장 완료
Time: 51초 	Epoch 36/150, 	Loss: 0.0272
Time: 51초 	Epoch 37/150, 	Loss: 0.0268
37epoch 모델 저장 완료
Time: 51초 	Epoch 38/150, 	Loss: 0.0268
38epoch 모델 저장 완료
Time: 51초 	Epoch 39/150, 	Loss: 0.0273
Time: 51초 	Epoch 40/150, 	Loss: 0.0264
40epoch 모델 저장 완료
Time: 51초 	Epoch 41/150, 	Loss: 0.0265
Time: 51초 	Epoch 42/150, 	Loss: 0.0260
42epoch 모델 저장 완료
Time: 51초 	Epoch 43/150, 	Loss: 0.0266
Time: 51초 	Epoch 44/150, 	Loss: 0.0263
Time: 51초 	Epoch 45/150, 	Loss: 0.0263
Time: 51초 	Epoch 46/150, 	Loss: 0.0260
Time: 51초 	Epoch 47/150, 	Loss: 0.0248
47epoch 모델 저장 완료
Time: 51초 	Epoch 48/150, 	Loss: 0.0254
Time: 51초 	Epoch 49/150, 	Loss: 0.0249
Time: 51초 	Epoch 50/150, 	Loss: 0.0265
Time: 51초 	Epoch 51/150, 	Loss: 0.0257
Time: 51초 	Epoch 52/150, 	Loss: 0.0253
Time: 51초 	Epoch 53/150, 	Loss: 0.0247
53epoch 모델 저장 완료
Time: 51초 	Epoch 54/150, 	Loss: 0.0254
Time: 51초 	Epoch 55/150, 	Loss: 0.0250
Time: 51초 	Epoch 56/150, 	Loss: 0.0246
56epoch 모델 저장 완료
Time: 51초 	Epoch 57/150, 	Loss: 0.0254
Time: 51초 	Epoch 58/150, 	Loss: 0.0248
Time: 51초 	Epoch 59/150, 	Loss: 0.0247
Time: 51초 	Epoch 60/150, 	Loss: 0.0253
Time: 51초 	Epoch 61/150, 	Loss: 0.0247
Time: 51초 	Epoch 62/150, 	Loss: 0.0244
62epoch 모델 저장 완료
Time: 51초 	Epoch 63/150, 	Loss: 0.0242
63epoch 모델 저장 완료
Time: 51초 	Epoch 64/150, 	Loss: 0.0243
Time: 51초 	Epoch 65/150, 	Loss: 0.0241
65epoch 모델 저장 완료
Time: 51초 	Epoch 66/150, 	Loss: 0.0253
Time: 51초 	Epoch 67/150, 	Loss: 0.0249
Time: 51초 	Epoch 68/150, 	Loss: 0.0243
Time: 51초 	Epoch 69/150, 	Loss: 0.0238
69epoch 모델 저장 완료
Time: 51초 	Epoch 70/150, 	Loss: 0.0242
Time: 51초 	Epoch 71/150, 	Loss: 0.0243
Time: 51초 	Epoch 72/150, 	Loss: 0.0240
Time: 51초 	Epoch 73/150, 	Loss: 0.0241
Time: 51초 	Epoch 74/150, 	Loss: 0.0245
Time: 51초 	Epoch 75/150, 	Loss: 0.0243
Time: 51초 	Epoch 76/150, 	Loss: 0.0243
Time: 51초 	Epoch 77/150, 	Loss: 0.0243
Time: 51초 	Epoch 78/150, 	Loss: 0.0239
Time: 51초 	Epoch 79/150, 	Loss: 0.0237
79epoch 모델 저장 완료
Time: 51초 	Epoch 80/150, 	Loss: 0.0238
Time: 51초 	Epoch 81/150, 	Loss: 0.0241
Time: 51초 	Epoch 82/150, 	Loss: 0.0244
Time: 51초 	Epoch 83/150, 	Loss: 0.0237
Time: 51초 	Epoch 84/150, 	Loss: 0.0240
Time: 51초 	Epoch 85/150, 	Loss: 0.0241
Time: 51초 	Epoch 86/150, 	Loss: 0.0239
Time: 51초 	Epoch 87/150, 	Loss: 0.0234
87epoch 모델 저장 완료
Time: 51초 	Epoch 88/150, 	Loss: 0.0230
88epoch 모델 저장 완료
Time: 51초 	Epoch 89/150, 	Loss: 0.0234
Time: 51초 	Epoch 90/150, 	Loss: 0.0235
Time: 51초 	Epoch 91/150, 	Loss: 0.0233
Time: 51초 	Epoch 92/150, 	Loss: 0.0239
Time: 51초 	Epoch 93/150, 	Loss: 0.0239
Time: 51초 	Epoch 94/150, 	Loss: 0.0233
Time: 51초 	Epoch 95/150, 	Loss: 0.0240
Time: 51초 	Epoch 96/150, 	Loss: 0.0238
Time: 51초 	Epoch 97/150, 	Loss: 0.0238
Time: 51초 	Epoch 98/150, 	Loss: 0.0238
Time: 51초 	Epoch 99/150, 	Loss: 0.0232
Time: 51초 	Epoch 100/150, 	Loss: 0.0238
Time: 51초 	Epoch 101/150, 	Loss: 0.0230
101epoch 모델 저장 완료
Time: 51초 	Epoch 102/150, 	Loss: 0.0231
Time: 51초 	Epoch 103/150, 	Loss: 0.0233
Time: 51초 	Epoch 104/150, 	Loss: 0.0238
Time: 51초 	Epoch 105/150, 	Loss: 0.0222
105epoch 모델 저장 완료
Time: 51초 	Epoch 106/150, 	Loss: 0.0226
Time: 51초 	Epoch 107/150, 	Loss: 0.0226
Time: 51초 	Epoch 108/150, 	Loss: 0.0237
Time: 51초 	Epoch 109/150, 	Loss: 0.0224
Time: 51초 	Epoch 110/150, 	Loss: 0.0231
Time: 51초 	Epoch 111/150, 	Loss: 0.0231
Time: 51초 	Epoch 112/150, 	Loss: 0.0228
Time: 51초 	Epoch 113/150, 	Loss: 0.0230
Time: 51초 	Epoch 114/150, 	Loss: 0.0226
Time: 51초 	Epoch 115/150, 	Loss: 0.0229
Time: 51초 	Epoch 116/150, 	Loss: 0.0227
Time: 51초 	Epoch 117/150, 	Loss: 0.0232
Time: 51초 	Epoch 118/150, 	Loss: 0.0227
Time: 51초 	Epoch 119/150, 	Loss: 0.0222
Time: 51초 	Epoch 120/150, 	Loss: 0.0220
120epoch 모델 저장 완료
Time: 51초 	Epoch 121/150, 	Loss: 0.0220
Time: 51초 	Epoch 122/150, 	Loss: 0.0224
Time: 51초 	Epoch 123/150, 	Loss: 0.0225
Time: 51초 	Epoch 124/150, 	Loss: 0.0218
124epoch 모델 저장 완료
Time: 51초 	Epoch 125/150, 	Loss: 0.0218
Time: 51초 	Epoch 126/150, 	Loss: 0.0224
Time: 51초 	Epoch 127/150, 	Loss: 0.0221
Time: 51초 	Epoch 128/150, 	Loss: 0.0221
Time: 51초 	Epoch 129/150, 	Loss: 0.0229
Time: 51초 	Epoch 130/150, 	Loss: 0.0221
Time: 51초 	Epoch 131/150, 	Loss: 0.0218
131epoch 모델 저장 완료
Time: 51초 	Epoch 132/150, 	Loss: 0.0218
Time: 51초 	Epoch 133/150, 	Loss: 0.0224
Time: 51초 	Epoch 134/150, 	Loss: 0.0221
Time: 51초 	Epoch 135/150, 	Loss: 0.0223
Time: 51초 	Epoch 136/150, 	Loss: 0.0215
136epoch 모델 저장 완료
Time: 51초 	Epoch 137/150, 	Loss: 0.0218
Time: 51초 	Epoch 138/150, 	Loss: 0.0220
Time: 51초 	Epoch 139/150, 	Loss: 0.0218
Time: 51초 	Epoch 140/150, 	Loss: 0.0218
Time: 51초 	Epoch 141/150, 	Loss: 0.0214
141epoch 모델 저장 완료
Time: 51초 	Epoch 142/150, 	Loss: 0.0210
142epoch 모델 저장 완료
Time: 51초 	Epoch 143/150, 	Loss: 0.0224
Time: 51초 	Epoch 144/150, 	Loss: 0.0218
Time: 51초 	Epoch 145/150, 	Loss: 0.0217
Time: 51초 	Epoch 146/150, 	Loss: 0.0210
146epoch 모델 저장 완료
Time: 51초 	Epoch 147/150, 	Loss: 0.0207
147epoch 모델 저장 완료
Time: 51초 	Epoch 148/150, 	Loss: 0.0211
Time: 51초 	Epoch 149/150, 	Loss: 0.0207
Time: 51초 	Epoch 150/150, 	Loss: 0.0213
훈련 소요 시간: 2시간 7분 32초
done
