activate torch environment
/data/joohyun7u/cjh/sh/setup.sh: line 7: activate: No such file or directory
mlp Activate Failed
20230521-13:35:32
running: cuda, 	Model: DnCNN 	epoch: 150,            	batch: 32, 	lr: 0.001 	Summary: False
./save/best_DnCNN_model9.pth
./loss/DnCNN_model3.pth
Train Size : 9000 	Validattion Size : 1000
모든 parameter 개수기준임
Number of parameters: 559363
10M 1천만보다 9440637개 여유 있음...
grad인 parameter 개수기준임
Number of parameters: 559363
10M 1천만보다 9440637개 여유 있음...
모델 학습 시작
torch.Size([32, 3, 128, 128]) torch.Size([32, 3, 128, 128])
	[70/282] 	Train_Loss: 0.0476
	[140/282] 	Train_Loss: 0.0359
	[210/282] 	Train_Loss: 0.0361
	[280/282] 	Train_Loss: 0.0476
[0]
Epoch 1/150 	Time: 52초               	Train_Loss: 0.0409 	Val_Loss: 0.0382
1epoch 모델 저장 완료
	[70/282] 	Train_Loss: 0.0288
	[140/282] 	Train_Loss: 0.0346
	[210/282] 	Train_Loss: 0.0468
	[280/282] 	Train_Loss: 0.0363
[0, 1]
Epoch 2/150 	Time: 49초               	Train_Loss: 0.0341 	Val_Loss: 0.0333
2epoch 모델 저장 완료
	[70/282] 	Train_Loss: 0.0361
	[140/282] 	Train_Loss: 0.0387
	[210/282] 	Train_Loss: 0.0265
	[280/282] 	Train_Loss: 0.0406
[0, 1, 2]
Epoch 3/150 	Time: 49초               	Train_Loss: 0.0330 	Val_Loss: 0.0492
	[70/282] 	Train_Loss: 0.0231
	[140/282] 	Train_Loss: 0.0296
	[210/282] 	Train_Loss: 0.0314
	[280/282] 	Train_Loss: 0.0264
[0, 1, 2, 3]
Epoch 4/150 	Time: 49초               	Train_Loss: 0.0297 	Val_Loss: 0.0283
4epoch 모델 저장 완료
	[70/282] 	Train_Loss: 0.0217
	[140/282] 	Train_Loss: 0.0301
	[210/282] 	Train_Loss: 0.0355
	[280/282] 	Train_Loss: 0.0269
[0, 1, 2, 3, 4]
Epoch 5/150 	Time: 49초               	Train_Loss: 0.0299 	Val_Loss: 0.0309
	[70/282] 	Train_Loss: 0.0245
	[140/282] 	Train_Loss: 0.0266
	[210/282] 	Train_Loss: 0.0344
	[280/282] 	Train_Loss: 0.0234
[0, 1, 2, 3, 4, 5]
Epoch 6/150 	Time: 49초               	Train_Loss: 0.0287 	Val_Loss: 0.0302
	[70/282] 	Train_Loss: 0.0273
	[140/282] 	Train_Loss: 0.0315
	[210/282] 	Train_Loss: 0.0237
	[280/282] 	Train_Loss: 0.0415
[0, 1, 2, 3, 4, 5, 6]
Epoch 7/150 	Time: 49초               	Train_Loss: 0.0284 	Val_Loss: 0.0316
	[70/282] 	Train_Loss: 0.0362
	[140/282] 	Train_Loss: 0.0365
	[210/282] 	Train_Loss: 0.0328
	[280/282] 	Train_Loss: 0.0319
[0, 1, 2, 3, 4, 5, 6, 7]
Epoch 8/150 	Time: 49초               	Train_Loss: 0.0279 	Val_Loss: 0.0334
	[70/282] 	Train_Loss: 0.0362
	[140/282] 	Train_Loss: 0.0286
	[210/282] 	Train_Loss: 0.0288
	[280/282] 	Train_Loss: 0.0218
[0, 1, 2, 3, 4, 5, 6, 7, 8]
Epoch 9/150 	Time: 49초               	Train_Loss: 0.0278 	Val_Loss: 0.0298
	[70/282] 	Train_Loss: 0.0251
	[140/282] 	Train_Loss: 0.0294
	[210/282] 	Train_Loss: 0.0396
	[280/282] 	Train_Loss: 0.0344
[0, 1, 2, 3, 4, 5, 6, 7, 8, 9]
Epoch 10/150 	Time: 49초               	Train_Loss: 0.0269 	Val_Loss: 0.0291
	[70/282] 	Train_Loss: 0.0254
	[140/282] 	Train_Loss: 0.0305
	[210/282] 	Train_Loss: 0.0306
	[280/282] 	Train_Loss: 0.0348
[0, 1, 2, 3, 4, 5, 6, 7, 8, 9, 10]
Epoch 11/150 	Time: 49초               	Train_Loss: 0.0265 	Val_Loss: 0.0261
11epoch 모델 저장 완료
	[70/282] 	Train_Loss: 0.0230
	[140/282] 	Train_Loss: 0.0164
	[210/282] 	Train_Loss: 0.0329
	[280/282] 	Train_Loss: 0.0156
[0, 1, 2, 3, 4, 5, 6, 7, 8, 9, 10, 11]
Epoch 12/150 	Time: 49초               	Train_Loss: 0.0257 	Val_Loss: 0.0264
	[70/282] 	Train_Loss: 0.0166
	[140/282] 	Train_Loss: 0.0235
	[210/282] 	Train_Loss: 0.0259
	[280/282] 	Train_Loss: 0.0374
[0, 1, 2, 3, 4, 5, 6, 7, 8, 9, 10, 11, 12]
Epoch 13/150 	Time: 49초               	Train_Loss: 0.0262 	Val_Loss: 0.0277
	[70/282] 	Train_Loss: 0.0231
	[140/282] 	Train_Loss: 0.0259
	[210/282] 	Train_Loss: 0.0292
	[280/282] 	Train_Loss: 0.0213
[0, 1, 2, 3, 4, 5, 6, 7, 8, 9, 10, 11, 12, 13]
Epoch 14/150 	Time: 49초               	Train_Loss: 0.0257 	Val_Loss: 0.0262
	[70/282] 	Train_Loss: 0.0242
	[140/282] 	Train_Loss: 0.0316
	[210/282] 	Train_Loss: 0.0430
	[280/282] 	Train_Loss: 0.0319
[0, 1, 2, 3, 4, 5, 6, 7, 8, 9, 10, 11, 12, 13, 14]
Epoch 15/150 	Time: 49초               	Train_Loss: 0.0257 	Val_Loss: 0.0269
	[70/282] 	Train_Loss: 0.0232
	[140/282] 	Train_Loss: 0.0241
	[210/282] 	Train_Loss: 0.0216
	[280/282] 	Train_Loss: 0.0169
[0, 1, 2, 3, 4, 5, 6, 7, 8, 9, 10, 11, 12, 13, 14, 15]
Epoch 16/150 	Time: 49초               	Train_Loss: 0.0250 	Val_Loss: 0.0261
16epoch 모델 저장 완료
	[70/282] 	Train_Loss: 0.0239
	[140/282] 	Train_Loss: 0.0278
	[210/282] 	Train_Loss: 0.0307
	[280/282] 	Train_Loss: 0.0188
[0, 1, 2, 3, 4, 5, 6, 7, 8, 9, 10, 11, 12, 13, 14, 15, 16]
Epoch 17/150 	Time: 49초               	Train_Loss: 0.0247 	Val_Loss: 0.0262
	[70/282] 	Train_Loss: 0.0207
	[140/282] 	Train_Loss: 0.0291
	[210/282] 	Train_Loss: 0.0248
	[280/282] 	Train_Loss: 0.0181
[0, 1, 2, 3, 4, 5, 6, 7, 8, 9, 10, 11, 12, 13, 14, 15, 16, 17]
Epoch 18/150 	Time: 49초               	Train_Loss: 0.0249 	Val_Loss: 0.0244
18epoch 모델 저장 완료
	[70/282] 	Train_Loss: 0.0284
	[140/282] 	Train_Loss: 0.0271
	[210/282] 	Train_Loss: 0.0272
	[280/282] 	Train_Loss: 0.0244
[0, 1, 2, 3, 4, 5, 6, 7, 8, 9, 10, 11, 12, 13, 14, 15, 16, 17, 18]
Epoch 19/150 	Time: 49초               	Train_Loss: 0.0247 	Val_Loss: 0.0267
	[70/282] 	Train_Loss: 0.0212
	[140/282] 	Train_Loss: 0.0196
	[210/282] 	Train_Loss: 0.0211
	[280/282] 	Train_Loss: 0.0267
[0, 1, 2, 3, 4, 5, 6, 7, 8, 9, 10, 11, 12, 13, 14, 15, 16, 17, 18, 19]
Epoch 20/150 	Time: 49초               	Train_Loss: 0.0246 	Val_Loss: 0.0241
20epoch 모델 저장 완료
	[70/282] 	Train_Loss: 0.0461
	[140/282] 	Train_Loss: 0.0208
	[210/282] 	Train_Loss: 0.0340
	[280/282] 	Train_Loss: 0.0253
[0, 1, 2, 3, 4, 5, 6, 7, 8, 9, 10, 11, 12, 13, 14, 15, 16, 17, 18, 19, 20]
Epoch 21/150 	Time: 49초               	Train_Loss: 0.0242 	Val_Loss: 0.0263
	[70/282] 	Train_Loss: 0.0268
	[140/282] 	Train_Loss: 0.0236
	[210/282] 	Train_Loss: 0.0320
	[280/282] 	Train_Loss: 0.0293
[0, 1, 2, 3, 4, 5, 6, 7, 8, 9, 10, 11, 12, 13, 14, 15, 16, 17, 18, 19, 20, 21]
Epoch 22/150 	Time: 49초               	Train_Loss: 0.0240 	Val_Loss: 0.0253
	[70/282] 	Train_Loss: 0.0202
	[140/282] 	Train_Loss: 0.0189
	[210/282] 	Train_Loss: 0.0175
	[280/282] 	Train_Loss: 0.0215
[0, 1, 2, 3, 4, 5, 6, 7, 8, 9, 10, 11, 12, 13, 14, 15, 16, 17, 18, 19, 20, 21, 22]
Epoch 23/150 	Time: 49초               	Train_Loss: 0.0243 	Val_Loss: 0.0247
	[70/282] 	Train_Loss: 0.0211
	[140/282] 	Train_Loss: 0.0220
	[210/282] 	Train_Loss: 0.0200
	[280/282] 	Train_Loss: 0.0267
[0, 1, 2, 3, 4, 5, 6, 7, 8, 9, 10, 11, 12, 13, 14, 15, 16, 17, 18, 19, 20, 21, 22, 23]
Epoch 24/150 	Time: 49초               	Train_Loss: 0.0241 	Val_Loss: 0.0273
	[70/282] 	Train_Loss: 0.0296
	[140/282] 	Train_Loss: 0.0236
	[210/282] 	Train_Loss: 0.0194
	[280/282] 	Train_Loss: 0.0289
[0, 1, 2, 3, 4, 5, 6, 7, 8, 9, 10, 11, 12, 13, 14, 15, 16, 17, 18, 19, 20, 21, 22, 23, 24]
Epoch 25/150 	Time: 49초               	Train_Loss: 0.0245 	Val_Loss: 0.0238
25epoch 모델 저장 완료
	[70/282] 	Train_Loss: 0.0300
	[140/282] 	Train_Loss: 0.0244
	[210/282] 	Train_Loss: 0.0153
	[280/282] 	Train_Loss: 0.0320
[0, 1, 2, 3, 4, 5, 6, 7, 8, 9, 10, 11, 12, 13, 14, 15, 16, 17, 18, 19, 20, 21, 22, 23, 24, 25]
Epoch 26/150 	Time: 49초               	Train_Loss: 0.0238 	Val_Loss: 0.0230
26epoch 모델 저장 완료
	[70/282] 	Train_Loss: 0.0178
	[140/282] 	Train_Loss: 0.0231
	[210/282] 	Train_Loss: 0.0181
	[280/282] 	Train_Loss: 0.0298
[0, 1, 2, 3, 4, 5, 6, 7, 8, 9, 10, 11, 12, 13, 14, 15, 16, 17, 18, 19, 20, 21, 22, 23, 24, 25, 26]
Epoch 27/150 	Time: 49초               	Train_Loss: 0.0237 	Val_Loss: 0.0237
	[70/282] 	Train_Loss: 0.0328
	[140/282] 	Train_Loss: 0.0256
	[210/282] 	Train_Loss: 0.0210
	[280/282] 	Train_Loss: 0.0232
[0, 1, 2, 3, 4, 5, 6, 7, 8, 9, 10, 11, 12, 13, 14, 15, 16, 17, 18, 19, 20, 21, 22, 23, 24, 25, 26, 27]
Epoch 28/150 	Time: 49초               	Train_Loss: 0.0238 	Val_Loss: 0.0225
28epoch 모델 저장 완료
	[70/282] 	Train_Loss: 0.0184
	[140/282] 	Train_Loss: 0.0265
	[210/282] 	Train_Loss: 0.0240
	[280/282] 	Train_Loss: 0.0190
[0, 1, 2, 3, 4, 5, 6, 7, 8, 9, 10, 11, 12, 13, 14, 15, 16, 17, 18, 19, 20, 21, 22, 23, 24, 25, 26, 27, 28]
Epoch 29/150 	Time: 49초               	Train_Loss: 0.0235 	Val_Loss: 0.0236
	[70/282] 	Train_Loss: 0.0183
	[140/282] 	Train_Loss: 0.0211
	[210/282] 	Train_Loss: 0.0169
	[280/282] 	Train_Loss: 0.0208
[0, 1, 2, 3, 4, 5, 6, 7, 8, 9, 10, 11, 12, 13, 14, 15, 16, 17, 18, 19, 20, 21, 22, 23, 24, 25, 26, 27, 28, 29]
Epoch 30/150 	Time: 49초               	Train_Loss: 0.0231 	Val_Loss: 0.0236
	[70/282] 	Train_Loss: 0.0288
	[140/282] 	Train_Loss: 0.0208
	[210/282] 	Train_Loss: 0.0246
	[280/282] 	Train_Loss: 0.0438
[0, 1, 2, 3, 4, 5, 6, 7, 8, 9, 10, 11, 12, 13, 14, 15, 16, 17, 18, 19, 20, 21, 22, 23, 24, 25, 26, 27, 28, 29, 30]
Epoch 31/150 	Time: 49초               	Train_Loss: 0.0235 	Val_Loss: 0.0262
	[70/282] 	Train_Loss: 0.0263
	[140/282] 	Train_Loss: 0.0305
	[210/282] 	Train_Loss: 0.0253
	[280/282] 	Train_Loss: 0.0158
[0, 1, 2, 3, 4, 5, 6, 7, 8, 9, 10, 11, 12, 13, 14, 15, 16, 17, 18, 19, 20, 21, 22, 23, 24, 25, 26, 27, 28, 29, 30, 31]
Epoch 32/150 	Time: 49초               	Train_Loss: 0.0237 	Val_Loss: 0.0235
	[70/282] 	Train_Loss: 0.0217
	[140/282] 	Train_Loss: 0.0239
	[210/282] 	Train_Loss: 0.0324
	[280/282] 	Train_Loss: 0.0279
[0, 1, 2, 3, 4, 5, 6, 7, 8, 9, 10, 11, 12, 13, 14, 15, 16, 17, 18, 19, 20, 21, 22, 23, 24, 25, 26, 27, 28, 29, 30, 31, 32]
Epoch 33/150 	Time: 49초               	Train_Loss: 0.0227 	Val_Loss: 0.0240
	[70/282] 	Train_Loss: 0.0318
	[140/282] 	Train_Loss: 0.0200
	[210/282] 	Train_Loss: 0.0184
	[280/282] 	Train_Loss: 0.0292
[0, 1, 2, 3, 4, 5, 6, 7, 8, 9, 10, 11, 12, 13, 14, 15, 16, 17, 18, 19, 20, 21, 22, 23, 24, 25, 26, 27, 28, 29, 30, 31, 32, 33]
Epoch 34/150 	Time: 49초               	Train_Loss: 0.0229 	Val_Loss: 0.0247
	[70/282] 	Train_Loss: 0.0444
	[140/282] 	Train_Loss: 0.0240
	[210/282] 	Train_Loss: 0.0220
	[280/282] 	Train_Loss: 0.0187
[0, 1, 2, 3, 4, 5, 6, 7, 8, 9, 10, 11, 12, 13, 14, 15, 16, 17, 18, 19, 20, 21, 22, 23, 24, 25, 26, 27, 28, 29, 30, 31, 32, 33, 34]
Epoch 35/150 	Time: 49초               	Train_Loss: 0.0233 	Val_Loss: 0.0257
	[70/282] 	Train_Loss: 0.0196
	[140/282] 	Train_Loss: 0.0176
	[210/282] 	Train_Loss: 0.0199
	[280/282] 	Train_Loss: 0.0294
[0, 1, 2, 3, 4, 5, 6, 7, 8, 9, 10, 11, 12, 13, 14, 15, 16, 17, 18, 19, 20, 21, 22, 23, 24, 25, 26, 27, 28, 29, 30, 31, 32, 33, 34, 35]
Epoch 36/150 	Time: 49초               	Train_Loss: 0.0234 	Val_Loss: 0.0229
	[70/282] 	Train_Loss: 0.0211
	[140/282] 	Train_Loss: 0.0279
	[210/282] 	Train_Loss: 0.0251
	[280/282] 	Train_Loss: 0.0239
[0, 1, 2, 3, 4, 5, 6, 7, 8, 9, 10, 11, 12, 13, 14, 15, 16, 17, 18, 19, 20, 21, 22, 23, 24, 25, 26, 27, 28, 29, 30, 31, 32, 33, 34, 35, 36]
Epoch 37/150 	Time: 49초               	Train_Loss: 0.0228 	Val_Loss: 0.0233
	[70/282] 	Train_Loss: 0.0175
	[140/282] 	Train_Loss: 0.0212
	[210/282] 	Train_Loss: 0.0187
	[280/282] 	Train_Loss: 0.0362
[0, 1, 2, 3, 4, 5, 6, 7, 8, 9, 10, 11, 12, 13, 14, 15, 16, 17, 18, 19, 20, 21, 22, 23, 24, 25, 26, 27, 28, 29, 30, 31, 32, 33, 34, 35, 36, 37]
Epoch 38/150 	Time: 49초               	Train_Loss: 0.0223 	Val_Loss: 0.0242
	[70/282] 	Train_Loss: 0.0291
	[140/282] 	Train_Loss: 0.0226
	[210/282] 	Train_Loss: 0.0187
	[280/282] 	Train_Loss: 0.0251
[0, 1, 2, 3, 4, 5, 6, 7, 8, 9, 10, 11, 12, 13, 14, 15, 16, 17, 18, 19, 20, 21, 22, 23, 24, 25, 26, 27, 28, 29, 30, 31, 32, 33, 34, 35, 36, 37, 38]
Epoch 39/150 	Time: 49초               	Train_Loss: 0.0230 	Val_Loss: 0.0227
	[70/282] 	Train_Loss: 0.0197
	[140/282] 	Train_Loss: 0.0179
	[210/282] 	Train_Loss: 0.0214
	[280/282] 	Train_Loss: 0.0197
[0, 1, 2, 3, 4, 5, 6, 7, 8, 9, 10, 11, 12, 13, 14, 15, 16, 17, 18, 19, 20, 21, 22, 23, 24, 25, 26, 27, 28, 29, 30, 31, 32, 33, 34, 35, 36, 37, 38, 39]
Epoch 40/150 	Time: 49초               	Train_Loss: 0.0222 	Val_Loss: 0.0223
40epoch 모델 저장 완료
	[70/282] 	Train_Loss: 0.0167
	[140/282] 	Train_Loss: 0.0197
	[210/282] 	Train_Loss: 0.0152
	[280/282] 	Train_Loss: 0.0174
[0, 1, 2, 3, 4, 5, 6, 7, 8, 9, 10, 11, 12, 13, 14, 15, 16, 17, 18, 19, 20, 21, 22, 23, 24, 25, 26, 27, 28, 29, 30, 31, 32, 33, 34, 35, 36, 37, 38, 39, 40]
Epoch 41/150 	Time: 49초               	Train_Loss: 0.0228 	Val_Loss: 0.0241
	[70/282] 	Train_Loss: 0.0201
	[140/282] 	Train_Loss: 0.0166
	[210/282] 	Train_Loss: 0.0170
	[280/282] 	Train_Loss: 0.0209
[0, 1, 2, 3, 4, 5, 6, 7, 8, 9, 10, 11, 12, 13, 14, 15, 16, 17, 18, 19, 20, 21, 22, 23, 24, 25, 26, 27, 28, 29, 30, 31, 32, 33, 34, 35, 36, 37, 38, 39, 40, 41]
Epoch 42/150 	Time: 49초               	Train_Loss: 0.0223 	Val_Loss: 0.0220
42epoch 모델 저장 완료
	[70/282] 	Train_Loss: 0.0306
	[140/282] 	Train_Loss: 0.0273
	[210/282] 	Train_Loss: 0.0257
	[280/282] 	Train_Loss: 0.0173
[0, 1, 2, 3, 4, 5, 6, 7, 8, 9, 10, 11, 12, 13, 14, 15, 16, 17, 18, 19, 20, 21, 22, 23, 24, 25, 26, 27, 28, 29, 30, 31, 32, 33, 34, 35, 36, 37, 38, 39, 40, 41, 42]
Epoch 43/150 	Time: 49초               	Train_Loss: 0.0222 	Val_Loss: 0.0226
	[70/282] 	Train_Loss: 0.0199
	[140/282] 	Train_Loss: 0.0197
	[210/282] 	Train_Loss: 0.0226
	[280/282] 	Train_Loss: 0.0183
[0, 1, 2, 3, 4, 5, 6, 7, 8, 9, 10, 11, 12, 13, 14, 15, 16, 17, 18, 19, 20, 21, 22, 23, 24, 25, 26, 27, 28, 29, 30, 31, 32, 33, 34, 35, 36, 37, 38, 39, 40, 41, 42, 43]
Epoch 44/150 	Time: 49초               	Train_Loss: 0.0218 	Val_Loss: 0.0221
	[70/282] 	Train_Loss: 0.0191
	[140/282] 	Train_Loss: 0.0227
	[210/282] 	Train_Loss: 0.0273
	[280/282] 	Train_Loss: 0.0209
[0, 1, 2, 3, 4, 5, 6, 7, 8, 9, 10, 11, 12, 13, 14, 15, 16, 17, 18, 19, 20, 21, 22, 23, 24, 25, 26, 27, 28, 29, 30, 31, 32, 33, 34, 35, 36, 37, 38, 39, 40, 41, 42, 43, 44]
Epoch 45/150 	Time: 49초               	Train_Loss: 0.0216 	Val_Loss: 0.0240
	[70/282] 	Train_Loss: 0.0279
	[140/282] 	Train_Loss: 0.0217
	[210/282] 	Train_Loss: 0.0219
	[280/282] 	Train_Loss: 0.0175
[0, 1, 2, 3, 4, 5, 6, 7, 8, 9, 10, 11, 12, 13, 14, 15, 16, 17, 18, 19, 20, 21, 22, 23, 24, 25, 26, 27, 28, 29, 30, 31, 32, 33, 34, 35, 36, 37, 38, 39, 40, 41, 42, 43, 44, 45]
Epoch 46/150 	Time: 49초               	Train_Loss: 0.0220 	Val_Loss: 0.0224
	[70/282] 	Train_Loss: 0.0208
	[140/282] 	Train_Loss: 0.0296
	[210/282] 	Train_Loss: 0.0207
	[280/282] 	Train_Loss: 0.0226
[0, 1, 2, 3, 4, 5, 6, 7, 8, 9, 10, 11, 12, 13, 14, 15, 16, 17, 18, 19, 20, 21, 22, 23, 24, 25, 26, 27, 28, 29, 30, 31, 32, 33, 34, 35, 36, 37, 38, 39, 40, 41, 42, 43, 44, 45, 46]
Epoch 47/150 	Time: 49초               	Train_Loss: 0.0217 	Val_Loss: 0.0211
47epoch 모델 저장 완료
	[70/282] 	Train_Loss: 0.0200
	[140/282] 	Train_Loss: 0.0184
	[210/282] 	Train_Loss: 0.0282
	[280/282] 	Train_Loss: 0.0238
[0, 1, 2, 3, 4, 5, 6, 7, 8, 9, 10, 11, 12, 13, 14, 15, 16, 17, 18, 19, 20, 21, 22, 23, 24, 25, 26, 27, 28, 29, 30, 31, 32, 33, 34, 35, 36, 37, 38, 39, 40, 41, 42, 43, 44, 45, 46, 47]
Epoch 48/150 	Time: 49초               	Train_Loss: 0.0218 	Val_Loss: 0.0222
	[70/282] 	Train_Loss: 0.0171
	[140/282] 	Train_Loss: 0.0177
	[210/282] 	Train_Loss: 0.0200
	[280/282] 	Train_Loss: 0.0174
[0, 1, 2, 3, 4, 5, 6, 7, 8, 9, 10, 11, 12, 13, 14, 15, 16, 17, 18, 19, 20, 21, 22, 23, 24, 25, 26, 27, 28, 29, 30, 31, 32, 33, 34, 35, 36, 37, 38, 39, 40, 41, 42, 43, 44, 45, 46, 47, 48]
Epoch 49/150 	Time: 49초               	Train_Loss: 0.0215 	Val_Loss: 0.0233
	[70/282] 	Train_Loss: 0.0253
	[140/282] 	Train_Loss: 0.0124
	[210/282] 	Train_Loss: 0.0220
	[280/282] 	Train_Loss: 0.0229
[0, 1, 2, 3, 4, 5, 6, 7, 8, 9, 10, 11, 12, 13, 14, 15, 16, 17, 18, 19, 20, 21, 22, 23, 24, 25, 26, 27, 28, 29, 30, 31, 32, 33, 34, 35, 36, 37, 38, 39, 40, 41, 42, 43, 44, 45, 46, 47, 48, 49]
Epoch 50/150 	Time: 49초               	Train_Loss: 0.0214 	Val_Loss: 0.0221
	[70/282] 	Train_Loss: 0.0249
	[140/282] 	Train_Loss: 0.0276
	[210/282] 	Train_Loss: 0.0244
	[280/282] 	Train_Loss: 0.0319
[0, 1, 2, 3, 4, 5, 6, 7, 8, 9, 10, 11, 12, 13, 14, 15, 16, 17, 18, 19, 20, 21, 22, 23, 24, 25, 26, 27, 28, 29, 30, 31, 32, 33, 34, 35, 36, 37, 38, 39, 40, 41, 42, 43, 44, 45, 46, 47, 48, 49, 50]
Epoch 51/150 	Time: 49초               	Train_Loss: 0.0235 	Val_Loss: 0.0257
	[70/282] 	Train_Loss: 0.0221
	[140/282] 	Train_Loss: 0.0267
	[210/282] 	Train_Loss: 0.0277
	[280/282] 	Train_Loss: 0.0190
[0, 1, 2, 3, 4, 5, 6, 7, 8, 9, 10, 11, 12, 13, 14, 15, 16, 17, 18, 19, 20, 21, 22, 23, 24, 25, 26, 27, 28, 29, 30, 31, 32, 33, 34, 35, 36, 37, 38, 39, 40, 41, 42, 43, 44, 45, 46, 47, 48, 49, 50, 51]
Epoch 52/150 	Time: 49초               	Train_Loss: 0.0232 	Val_Loss: 0.0229
	[70/282] 	Train_Loss: 0.0170
	[140/282] 	Train_Loss: 0.0242
	[210/282] 	Train_Loss: 0.0179
	[280/282] 	Train_Loss: 0.0204
[0, 1, 2, 3, 4, 5, 6, 7, 8, 9, 10, 11, 12, 13, 14, 15, 16, 17, 18, 19, 20, 21, 22, 23, 24, 25, 26, 27, 28, 29, 30, 31, 32, 33, 34, 35, 36, 37, 38, 39, 40, 41, 42, 43, 44, 45, 46, 47, 48, 49, 50, 51, 52]
Epoch 53/150 	Time: 49초               	Train_Loss: 0.0224 	Val_Loss: 0.0219
	[70/282] 	Train_Loss: 0.0162
	[140/282] 	Train_Loss: 0.0254
	[210/282] 	Train_Loss: 0.0377
	[280/282] 	Train_Loss: 0.0212
[0, 1, 2, 3, 4, 5, 6, 7, 8, 9, 10, 11, 12, 13, 14, 15, 16, 17, 18, 19, 20, 21, 22, 23, 24, 25, 26, 27, 28, 29, 30, 31, 32, 33, 34, 35, 36, 37, 38, 39, 40, 41, 42, 43, 44, 45, 46, 47, 48, 49, 50, 51, 52, 53]
Epoch 54/150 	Time: 49초               	Train_Loss: 0.0220 	Val_Loss: 0.0216
	[70/282] 	Train_Loss: 0.0212
	[140/282] 	Train_Loss: 0.0215
	[210/282] 	Train_Loss: 0.0213
	[280/282] 	Train_Loss: 0.0132
[0, 1, 2, 3, 4, 5, 6, 7, 8, 9, 10, 11, 12, 13, 14, 15, 16, 17, 18, 19, 20, 21, 22, 23, 24, 25, 26, 27, 28, 29, 30, 31, 32, 33, 34, 35, 36, 37, 38, 39, 40, 41, 42, 43, 44, 45, 46, 47, 48, 49, 50, 51, 52, 53, 54]
Epoch 55/150 	Time: 49초               	Train_Loss: 0.0215 	Val_Loss: 0.0203
55epoch 모델 저장 완료
	[70/282] 	Train_Loss: 0.0175
	[140/282] 	Train_Loss: 0.0227
	[210/282] 	Train_Loss: 0.0243
	[280/282] 	Train_Loss: 0.0148
[0, 1, 2, 3, 4, 5, 6, 7, 8, 9, 10, 11, 12, 13, 14, 15, 16, 17, 18, 19, 20, 21, 22, 23, 24, 25, 26, 27, 28, 29, 30, 31, 32, 33, 34, 35, 36, 37, 38, 39, 40, 41, 42, 43, 44, 45, 46, 47, 48, 49, 50, 51, 52, 53, 54, 55]
Epoch 56/150 	Time: 49초               	Train_Loss: 0.0210 	Val_Loss: 0.0212
	[70/282] 	Train_Loss: 0.0191
	[140/282] 	Train_Loss: 0.0235
	[210/282] 	Train_Loss: 0.0363
	[280/282] 	Train_Loss: 0.0294
[0, 1, 2, 3, 4, 5, 6, 7, 8, 9, 10, 11, 12, 13, 14, 15, 16, 17, 18, 19, 20, 21, 22, 23, 24, 25, 26, 27, 28, 29, 30, 31, 32, 33, 34, 35, 36, 37, 38, 39, 40, 41, 42, 43, 44, 45, 46, 47, 48, 49, 50, 51, 52, 53, 54, 55, 56]
Epoch 57/150 	Time: 49초               	Train_Loss: 0.0213 	Val_Loss: 0.0226
	[70/282] 	Train_Loss: 0.0191
	[140/282] 	Train_Loss: 0.0145
	[210/282] 	Train_Loss: 0.0354
	[280/282] 	Train_Loss: 0.0183
[0, 1, 2, 3, 4, 5, 6, 7, 8, 9, 10, 11, 12, 13, 14, 15, 16, 17, 18, 19, 20, 21, 22, 23, 24, 25, 26, 27, 28, 29, 30, 31, 32, 33, 34, 35, 36, 37, 38, 39, 40, 41, 42, 43, 44, 45, 46, 47, 48, 49, 50, 51, 52, 53, 54, 55, 56, 57]
Epoch 58/150 	Time: 49초               	Train_Loss: 0.0217 	Val_Loss: 0.0219
	[70/282] 	Train_Loss: 0.0189
	[140/282] 	Train_Loss: 0.0174
	[210/282] 	Train_Loss: 0.0304
	[280/282] 	Train_Loss: 0.0165
[0, 1, 2, 3, 4, 5, 6, 7, 8, 9, 10, 11, 12, 13, 14, 15, 16, 17, 18, 19, 20, 21, 22, 23, 24, 25, 26, 27, 28, 29, 30, 31, 32, 33, 34, 35, 36, 37, 38, 39, 40, 41, 42, 43, 44, 45, 46, 47, 48, 49, 50, 51, 52, 53, 54, 55, 56, 57, 58]
Epoch 59/150 	Time: 49초               	Train_Loss: 0.0213 	Val_Loss: 0.0221
	[70/282] 	Train_Loss: 0.0127
	[140/282] 	Train_Loss: 0.0280
	[210/282] 	Train_Loss: 0.0239
	[280/282] 	Train_Loss: 0.0224
[0, 1, 2, 3, 4, 5, 6, 7, 8, 9, 10, 11, 12, 13, 14, 15, 16, 17, 18, 19, 20, 21, 22, 23, 24, 25, 26, 27, 28, 29, 30, 31, 32, 33, 34, 35, 36, 37, 38, 39, 40, 41, 42, 43, 44, 45, 46, 47, 48, 49, 50, 51, 52, 53, 54, 55, 56, 57, 58, 59]
Epoch 60/150 	Time: 49초               	Train_Loss: 0.0208 	Val_Loss: 0.0208
	[70/282] 	Train_Loss: 0.0164
	[140/282] 	Train_Loss: 0.0165
	[210/282] 	Train_Loss: 0.0161
	[280/282] 	Train_Loss: 0.0216
[0, 1, 2, 3, 4, 5, 6, 7, 8, 9, 10, 11, 12, 13, 14, 15, 16, 17, 18, 19, 20, 21, 22, 23, 24, 25, 26, 27, 28, 29, 30, 31, 32, 33, 34, 35, 36, 37, 38, 39, 40, 41, 42, 43, 44, 45, 46, 47, 48, 49, 50, 51, 52, 53, 54, 55, 56, 57, 58, 59, 60]
Epoch 61/150 	Time: 49초               	Train_Loss: 0.0209 	Val_Loss: 0.0208
	[70/282] 	Train_Loss: 0.0275
	[140/282] 	Train_Loss: 0.0222
	[210/282] 	Train_Loss: 0.0175
	[280/282] 	Train_Loss: 0.0192
[0, 1, 2, 3, 4, 5, 6, 7, 8, 9, 10, 11, 12, 13, 14, 15, 16, 17, 18, 19, 20, 21, 22, 23, 24, 25, 26, 27, 28, 29, 30, 31, 32, 33, 34, 35, 36, 37, 38, 39, 40, 41, 42, 43, 44, 45, 46, 47, 48, 49, 50, 51, 52, 53, 54, 55, 56, 57, 58, 59, 60, 61]
Epoch 62/150 	Time: 49초               	Train_Loss: 0.0211 	Val_Loss: 0.0212
	[70/282] 	Train_Loss: 0.0126
	[140/282] 	Train_Loss: 0.0216
	[210/282] 	Train_Loss: 0.0213
	[280/282] 	Train_Loss: 0.0234
[0, 1, 2, 3, 4, 5, 6, 7, 8, 9, 10, 11, 12, 13, 14, 15, 16, 17, 18, 19, 20, 21, 22, 23, 24, 25, 26, 27, 28, 29, 30, 31, 32, 33, 34, 35, 36, 37, 38, 39, 40, 41, 42, 43, 44, 45, 46, 47, 48, 49, 50, 51, 52, 53, 54, 55, 56, 57, 58, 59, 60, 61, 62]
Epoch 63/150 	Time: 49초               	Train_Loss: 0.0209 	Val_Loss: 0.0201
63epoch 모델 저장 완료
	[70/282] 	Train_Loss: 0.0163
	[140/282] 	Train_Loss: 0.0214
	[210/282] 	Train_Loss: 0.0195
	[280/282] 	Train_Loss: 0.0344
[0, 1, 2, 3, 4, 5, 6, 7, 8, 9, 10, 11, 12, 13, 14, 15, 16, 17, 18, 19, 20, 21, 22, 23, 24, 25, 26, 27, 28, 29, 30, 31, 32, 33, 34, 35, 36, 37, 38, 39, 40, 41, 42, 43, 44, 45, 46, 47, 48, 49, 50, 51, 52, 53, 54, 55, 56, 57, 58, 59, 60, 61, 62, 63]
Epoch 64/150 	Time: 49초               	Train_Loss: 0.0205 	Val_Loss: 0.0202
	[70/282] 	Train_Loss: 0.0147
	[140/282] 	Train_Loss: 0.0191
	[210/282] 	Train_Loss: 0.0163
	[280/282] 	Train_Loss: 0.0170
[0, 1, 2, 3, 4, 5, 6, 7, 8, 9, 10, 11, 12, 13, 14, 15, 16, 17, 18, 19, 20, 21, 22, 23, 24, 25, 26, 27, 28, 29, 30, 31, 32, 33, 34, 35, 36, 37, 38, 39, 40, 41, 42, 43, 44, 45, 46, 47, 48, 49, 50, 51, 52, 53, 54, 55, 56, 57, 58, 59, 60, 61, 62, 63, 64]
Epoch 65/150 	Time: 49초               	Train_Loss: 0.0197 	Val_Loss: 0.0209
	[70/282] 	Train_Loss: 0.0207
	[140/282] 	Train_Loss: 0.0237
	[210/282] 	Train_Loss: 0.0183
	[280/282] 	Train_Loss: 0.0149
[0, 1, 2, 3, 4, 5, 6, 7, 8, 9, 10, 11, 12, 13, 14, 15, 16, 17, 18, 19, 20, 21, 22, 23, 24, 25, 26, 27, 28, 29, 30, 31, 32, 33, 34, 35, 36, 37, 38, 39, 40, 41, 42, 43, 44, 45, 46, 47, 48, 49, 50, 51, 52, 53, 54, 55, 56, 57, 58, 59, 60, 61, 62, 63, 64, 65]
Epoch 66/150 	Time: 49초               	Train_Loss: 0.0207 	Val_Loss: 0.0199
66epoch 모델 저장 완료
	[70/282] 	Train_Loss: 0.0130
	[140/282] 	Train_Loss: 0.0174
	[210/282] 	Train_Loss: 0.0246
	[280/282] 	Train_Loss: 0.0225
[0, 1, 2, 3, 4, 5, 6, 7, 8, 9, 10, 11, 12, 13, 14, 15, 16, 17, 18, 19, 20, 21, 22, 23, 24, 25, 26, 27, 28, 29, 30, 31, 32, 33, 34, 35, 36, 37, 38, 39, 40, 41, 42, 43, 44, 45, 46, 47, 48, 49, 50, 51, 52, 53, 54, 55, 56, 57, 58, 59, 60, 61, 62, 63, 64, 65, 66]
Epoch 67/150 	Time: 49초               	Train_Loss: 0.0202 	Val_Loss: 0.0191
67epoch 모델 저장 완료
	[70/282] 	Train_Loss: 0.0221
	[140/282] 	Train_Loss: 0.0176
	[210/282] 	Train_Loss: 0.0284
	[280/282] 	Train_Loss: 0.0194
[0, 1, 2, 3, 4, 5, 6, 7, 8, 9, 10, 11, 12, 13, 14, 15, 16, 17, 18, 19, 20, 21, 22, 23, 24, 25, 26, 27, 28, 29, 30, 31, 32, 33, 34, 35, 36, 37, 38, 39, 40, 41, 42, 43, 44, 45, 46, 47, 48, 49, 50, 51, 52, 53, 54, 55, 56, 57, 58, 59, 60, 61, 62, 63, 64, 65, 66, 67]
Epoch 68/150 	Time: 49초               	Train_Loss: 0.0201 	Val_Loss: 0.0202
	[70/282] 	Train_Loss: 0.0166
	[140/282] 	Train_Loss: 0.0242
	[210/282] 	Train_Loss: 0.0220
	[280/282] 	Train_Loss: 0.0189
[0, 1, 2, 3, 4, 5, 6, 7, 8, 9, 10, 11, 12, 13, 14, 15, 16, 17, 18, 19, 20, 21, 22, 23, 24, 25, 26, 27, 28, 29, 30, 31, 32, 33, 34, 35, 36, 37, 38, 39, 40, 41, 42, 43, 44, 45, 46, 47, 48, 49, 50, 51, 52, 53, 54, 55, 56, 57, 58, 59, 60, 61, 62, 63, 64, 65, 66, 67, 68]
Epoch 69/150 	Time: 49초               	Train_Loss: 0.0203 	Val_Loss: 0.0197
	[70/282] 	Train_Loss: 0.0215
	[140/282] 	Train_Loss: 0.0163
	[210/282] 	Train_Loss: 0.0131
	[280/282] 	Train_Loss: 0.0153
[0, 1, 2, 3, 4, 5, 6, 7, 8, 9, 10, 11, 12, 13, 14, 15, 16, 17, 18, 19, 20, 21, 22, 23, 24, 25, 26, 27, 28, 29, 30, 31, 32, 33, 34, 35, 36, 37, 38, 39, 40, 41, 42, 43, 44, 45, 46, 47, 48, 49, 50, 51, 52, 53, 54, 55, 56, 57, 58, 59, 60, 61, 62, 63, 64, 65, 66, 67, 68, 69]
Epoch 70/150 	Time: 49초               	Train_Loss: 0.0202 	Val_Loss: 0.0209
	[70/282] 	Train_Loss: 0.0141
	[140/282] 	Train_Loss: 0.0201
	[210/282] 	Train_Loss: 0.0192
	[280/282] 	Train_Loss: 0.0259
[0, 1, 2, 3, 4, 5, 6, 7, 8, 9, 10, 11, 12, 13, 14, 15, 16, 17, 18, 19, 20, 21, 22, 23, 24, 25, 26, 27, 28, 29, 30, 31, 32, 33, 34, 35, 36, 37, 38, 39, 40, 41, 42, 43, 44, 45, 46, 47, 48, 49, 50, 51, 52, 53, 54, 55, 56, 57, 58, 59, 60, 61, 62, 63, 64, 65, 66, 67, 68, 69, 70]
Epoch 71/150 	Time: 49초               	Train_Loss: 0.0205 	Val_Loss: 0.0206
	[70/282] 	Train_Loss: 0.0276
	[140/282] 	Train_Loss: 0.0177
	[210/282] 	Train_Loss: 0.0216
	[280/282] 	Train_Loss: 0.0205
[0, 1, 2, 3, 4, 5, 6, 7, 8, 9, 10, 11, 12, 13, 14, 15, 16, 17, 18, 19, 20, 21, 22, 23, 24, 25, 26, 27, 28, 29, 30, 31, 32, 33, 34, 35, 36, 37, 38, 39, 40, 41, 42, 43, 44, 45, 46, 47, 48, 49, 50, 51, 52, 53, 54, 55, 56, 57, 58, 59, 60, 61, 62, 63, 64, 65, 66, 67, 68, 69, 70, 71]
Epoch 72/150 	Time: 49초               	Train_Loss: 0.0201 	Val_Loss: 0.0201
	[70/282] 	Train_Loss: 0.0242
	[140/282] 	Train_Loss: 0.0278
	[210/282] 	Train_Loss: 0.0148
	[280/282] 	Train_Loss: 0.0195
[0, 1, 2, 3, 4, 5, 6, 7, 8, 9, 10, 11, 12, 13, 14, 15, 16, 17, 18, 19, 20, 21, 22, 23, 24, 25, 26, 27, 28, 29, 30, 31, 32, 33, 34, 35, 36, 37, 38, 39, 40, 41, 42, 43, 44, 45, 46, 47, 48, 49, 50, 51, 52, 53, 54, 55, 56, 57, 58, 59, 60, 61, 62, 63, 64, 65, 66, 67, 68, 69, 70, 71, 72]
Epoch 73/150 	Time: 49초               	Train_Loss: 0.0198 	Val_Loss: 0.0199
	[70/282] 	Train_Loss: 0.0253
	[140/282] 	Train_Loss: 0.0282
	[210/282] 	Train_Loss: 0.0148
	[280/282] 	Train_Loss: 0.0223
[0, 1, 2, 3, 4, 5, 6, 7, 8, 9, 10, 11, 12, 13, 14, 15, 16, 17, 18, 19, 20, 21, 22, 23, 24, 25, 26, 27, 28, 29, 30, 31, 32, 33, 34, 35, 36, 37, 38, 39, 40, 41, 42, 43, 44, 45, 46, 47, 48, 49, 50, 51, 52, 53, 54, 55, 56, 57, 58, 59, 60, 61, 62, 63, 64, 65, 66, 67, 68, 69, 70, 71, 72, 73]
Epoch 74/150 	Time: 49초               	Train_Loss: 0.0204 	Val_Loss: 0.0206
	[70/282] 	Train_Loss: 0.0203
	[140/282] 	Train_Loss: 0.0173
	[210/282] 	Train_Loss: 0.0241
	[280/282] 	Train_Loss: 0.0190
[0, 1, 2, 3, 4, 5, 6, 7, 8, 9, 10, 11, 12, 13, 14, 15, 16, 17, 18, 19, 20, 21, 22, 23, 24, 25, 26, 27, 28, 29, 30, 31, 32, 33, 34, 35, 36, 37, 38, 39, 40, 41, 42, 43, 44, 45, 46, 47, 48, 49, 50, 51, 52, 53, 54, 55, 56, 57, 58, 59, 60, 61, 62, 63, 64, 65, 66, 67, 68, 69, 70, 71, 72, 73, 74]
Epoch 75/150 	Time: 49초               	Train_Loss: 0.0201 	Val_Loss: 0.0195
	[70/282] 	Train_Loss: 0.0176
	[140/282] 	Train_Loss: 0.0152
	[210/282] 	Train_Loss: 0.0186
	[280/282] 	Train_Loss: 0.0206
[0, 1, 2, 3, 4, 5, 6, 7, 8, 9, 10, 11, 12, 13, 14, 15, 16, 17, 18, 19, 20, 21, 22, 23, 24, 25, 26, 27, 28, 29, 30, 31, 32, 33, 34, 35, 36, 37, 38, 39, 40, 41, 42, 43, 44, 45, 46, 47, 48, 49, 50, 51, 52, 53, 54, 55, 56, 57, 58, 59, 60, 61, 62, 63, 64, 65, 66, 67, 68, 69, 70, 71, 72, 73, 74, 75]
Epoch 76/150 	Time: 49초               	Train_Loss: 0.0201 	Val_Loss: 0.0222
	[70/282] 	Train_Loss: 0.0159
	[140/282] 	Train_Loss: 0.0155
	[210/282] 	Train_Loss: 0.0167
	[280/282] 	Train_Loss: 0.0196
[0, 1, 2, 3, 4, 5, 6, 7, 8, 9, 10, 11, 12, 13, 14, 15, 16, 17, 18, 19, 20, 21, 22, 23, 24, 25, 26, 27, 28, 29, 30, 31, 32, 33, 34, 35, 36, 37, 38, 39, 40, 41, 42, 43, 44, 45, 46, 47, 48, 49, 50, 51, 52, 53, 54, 55, 56, 57, 58, 59, 60, 61, 62, 63, 64, 65, 66, 67, 68, 69, 70, 71, 72, 73, 74, 75, 76]
Epoch 77/150 	Time: 49초               	Train_Loss: 0.0208 	Val_Loss: 0.0197
	[70/282] 	Train_Loss: 0.0235
	[140/282] 	Train_Loss: 0.0201
	[210/282] 	Train_Loss: 0.0302
	[280/282] 	Train_Loss: 0.0240
[0, 1, 2, 3, 4, 5, 6, 7, 8, 9, 10, 11, 12, 13, 14, 15, 16, 17, 18, 19, 20, 21, 22, 23, 24, 25, 26, 27, 28, 29, 30, 31, 32, 33, 34, 35, 36, 37, 38, 39, 40, 41, 42, 43, 44, 45, 46, 47, 48, 49, 50, 51, 52, 53, 54, 55, 56, 57, 58, 59, 60, 61, 62, 63, 64, 65, 66, 67, 68, 69, 70, 71, 72, 73, 74, 75, 76, 77]
Epoch 78/150 	Time: 49초               	Train_Loss: 0.0206 	Val_Loss: 0.0202
	[70/282] 	Train_Loss: 0.0262
	[140/282] 	Train_Loss: 0.0177
	[210/282] 	Train_Loss: 0.0332
	[280/282] 	Train_Loss: 0.0244
[0, 1, 2, 3, 4, 5, 6, 7, 8, 9, 10, 11, 12, 13, 14, 15, 16, 17, 18, 19, 20, 21, 22, 23, 24, 25, 26, 27, 28, 29, 30, 31, 32, 33, 34, 35, 36, 37, 38, 39, 40, 41, 42, 43, 44, 45, 46, 47, 48, 49, 50, 51, 52, 53, 54, 55, 56, 57, 58, 59, 60, 61, 62, 63, 64, 65, 66, 67, 68, 69, 70, 71, 72, 73, 74, 75, 76, 77, 78]
Epoch 79/150 	Time: 49초               	Train_Loss: 0.0203 	Val_Loss: 0.0203
	[70/282] 	Train_Loss: 0.0220
	[140/282] 	Train_Loss: 0.0261
	[210/282] 	Train_Loss: 0.0185
	[280/282] 	Train_Loss: 0.0175
[0, 1, 2, 3, 4, 5, 6, 7, 8, 9, 10, 11, 12, 13, 14, 15, 16, 17, 18, 19, 20, 21, 22, 23, 24, 25, 26, 27, 28, 29, 30, 31, 32, 33, 34, 35, 36, 37, 38, 39, 40, 41, 42, 43, 44, 45, 46, 47, 48, 49, 50, 51, 52, 53, 54, 55, 56, 57, 58, 59, 60, 61, 62, 63, 64, 65, 66, 67, 68, 69, 70, 71, 72, 73, 74, 75, 76, 77, 78, 79]
Epoch 80/150 	Time: 49초               	Train_Loss: 0.0201 	Val_Loss: 0.0201
	[70/282] 	Train_Loss: 0.0185
	[140/282] 	Train_Loss: 0.0170
	[210/282] 	Train_Loss: 0.0228
	[280/282] 	Train_Loss: 0.0218
[0, 1, 2, 3, 4, 5, 6, 7, 8, 9, 10, 11, 12, 13, 14, 15, 16, 17, 18, 19, 20, 21, 22, 23, 24, 25, 26, 27, 28, 29, 30, 31, 32, 33, 34, 35, 36, 37, 38, 39, 40, 41, 42, 43, 44, 45, 46, 47, 48, 49, 50, 51, 52, 53, 54, 55, 56, 57, 58, 59, 60, 61, 62, 63, 64, 65, 66, 67, 68, 69, 70, 71, 72, 73, 74, 75, 76, 77, 78, 79, 80]
Epoch 81/150 	Time: 49초               	Train_Loss: 0.0195 	Val_Loss: 0.0232
	[70/282] 	Train_Loss: 0.0157
	[140/282] 	Train_Loss: 0.0126
	[210/282] 	Train_Loss: 0.0191
	[280/282] 	Train_Loss: 0.0217
[0, 1, 2, 3, 4, 5, 6, 7, 8, 9, 10, 11, 12, 13, 14, 15, 16, 17, 18, 19, 20, 21, 22, 23, 24, 25, 26, 27, 28, 29, 30, 31, 32, 33, 34, 35, 36, 37, 38, 39, 40, 41, 42, 43, 44, 45, 46, 47, 48, 49, 50, 51, 52, 53, 54, 55, 56, 57, 58, 59, 60, 61, 62, 63, 64, 65, 66, 67, 68, 69, 70, 71, 72, 73, 74, 75, 76, 77, 78, 79, 80, 81]
Epoch 82/150 	Time: 49초               	Train_Loss: 0.0201 	Val_Loss: 0.0204
	[70/282] 	Train_Loss: 0.0159
	[140/282] 	Train_Loss: 0.0197
	[210/282] 	Train_Loss: 0.0189
	[280/282] 	Train_Loss: 0.0161
[0, 1, 2, 3, 4, 5, 6, 7, 8, 9, 10, 11, 12, 13, 14, 15, 16, 17, 18, 19, 20, 21, 22, 23, 24, 25, 26, 27, 28, 29, 30, 31, 32, 33, 34, 35, 36, 37, 38, 39, 40, 41, 42, 43, 44, 45, 46, 47, 48, 49, 50, 51, 52, 53, 54, 55, 56, 57, 58, 59, 60, 61, 62, 63, 64, 65, 66, 67, 68, 69, 70, 71, 72, 73, 74, 75, 76, 77, 78, 79, 80, 81, 82]
Epoch 83/150 	Time: 49초               	Train_Loss: 0.0195 	Val_Loss: 0.0190
83epoch 모델 저장 완료
	[70/282] 	Train_Loss: 0.0209
	[140/282] 	Train_Loss: 0.0195
	[210/282] 	Train_Loss: 0.0162
	[280/282] 	Train_Loss: 0.0143
[0, 1, 2, 3, 4, 5, 6, 7, 8, 9, 10, 11, 12, 13, 14, 15, 16, 17, 18, 19, 20, 21, 22, 23, 24, 25, 26, 27, 28, 29, 30, 31, 32, 33, 34, 35, 36, 37, 38, 39, 40, 41, 42, 43, 44, 45, 46, 47, 48, 49, 50, 51, 52, 53, 54, 55, 56, 57, 58, 59, 60, 61, 62, 63, 64, 65, 66, 67, 68, 69, 70, 71, 72, 73, 74, 75, 76, 77, 78, 79, 80, 81, 82, 83]
Epoch 84/150 	Time: 49초               	Train_Loss: 0.0199 	Val_Loss: 0.0215
	[70/282] 	Train_Loss: 0.0186
	[140/282] 	Train_Loss: 0.0204
	[210/282] 	Train_Loss: 0.0223
	[280/282] 	Train_Loss: 0.0193
[0, 1, 2, 3, 4, 5, 6, 7, 8, 9, 10, 11, 12, 13, 14, 15, 16, 17, 18, 19, 20, 21, 22, 23, 24, 25, 26, 27, 28, 29, 30, 31, 32, 33, 34, 35, 36, 37, 38, 39, 40, 41, 42, 43, 44, 45, 46, 47, 48, 49, 50, 51, 52, 53, 54, 55, 56, 57, 58, 59, 60, 61, 62, 63, 64, 65, 66, 67, 68, 69, 70, 71, 72, 73, 74, 75, 76, 77, 78, 79, 80, 81, 82, 83, 84]
Epoch 85/150 	Time: 49초               	Train_Loss: 0.0194 	Val_Loss: 0.0209
	[70/282] 	Train_Loss: 0.0127
	[140/282] 	Train_Loss: 0.0173
	[210/282] 	Train_Loss: 0.0323
	[280/282] 	Train_Loss: 0.0275
[0, 1, 2, 3, 4, 5, 6, 7, 8, 9, 10, 11, 12, 13, 14, 15, 16, 17, 18, 19, 20, 21, 22, 23, 24, 25, 26, 27, 28, 29, 30, 31, 32, 33, 34, 35, 36, 37, 38, 39, 40, 41, 42, 43, 44, 45, 46, 47, 48, 49, 50, 51, 52, 53, 54, 55, 56, 57, 58, 59, 60, 61, 62, 63, 64, 65, 66, 67, 68, 69, 70, 71, 72, 73, 74, 75, 76, 77, 78, 79, 80, 81, 82, 83, 84, 85]
Epoch 86/150 	Time: 49초               	Train_Loss: 0.0196 	Val_Loss: 0.0217
	[70/282] 	Train_Loss: 0.0190
	[140/282] 	Train_Loss: 0.0104
	[210/282] 	Train_Loss: 0.0219
	[280/282] 	Train_Loss: 0.0269
[0, 1, 2, 3, 4, 5, 6, 7, 8, 9, 10, 11, 12, 13, 14, 15, 16, 17, 18, 19, 20, 21, 22, 23, 24, 25, 26, 27, 28, 29, 30, 31, 32, 33, 34, 35, 36, 37, 38, 39, 40, 41, 42, 43, 44, 45, 46, 47, 48, 49, 50, 51, 52, 53, 54, 55, 56, 57, 58, 59, 60, 61, 62, 63, 64, 65, 66, 67, 68, 69, 70, 71, 72, 73, 74, 75, 76, 77, 78, 79, 80, 81, 82, 83, 84, 85, 86]
Epoch 87/150 	Time: 49초               	Train_Loss: 0.0198 	Val_Loss: 0.0190
	[70/282] 	Train_Loss: 0.0162
	[140/282] 	Train_Loss: 0.0274
	[210/282] 	Train_Loss: 0.0199
	[280/282] 	Train_Loss: 0.0226
[0, 1, 2, 3, 4, 5, 6, 7, 8, 9, 10, 11, 12, 13, 14, 15, 16, 17, 18, 19, 20, 21, 22, 23, 24, 25, 26, 27, 28, 29, 30, 31, 32, 33, 34, 35, 36, 37, 38, 39, 40, 41, 42, 43, 44, 45, 46, 47, 48, 49, 50, 51, 52, 53, 54, 55, 56, 57, 58, 59, 60, 61, 62, 63, 64, 65, 66, 67, 68, 69, 70, 71, 72, 73, 74, 75, 76, 77, 78, 79, 80, 81, 82, 83, 84, 85, 86, 87]
Epoch 88/150 	Time: 49초               	Train_Loss: 0.0193 	Val_Loss: 0.0204
	[70/282] 	Train_Loss: 0.0193
	[140/282] 	Train_Loss: 0.0165
	[210/282] 	Train_Loss: 0.0286
	[280/282] 	Train_Loss: 0.0199
[0, 1, 2, 3, 4, 5, 6, 7, 8, 9, 10, 11, 12, 13, 14, 15, 16, 17, 18, 19, 20, 21, 22, 23, 24, 25, 26, 27, 28, 29, 30, 31, 32, 33, 34, 35, 36, 37, 38, 39, 40, 41, 42, 43, 44, 45, 46, 47, 48, 49, 50, 51, 52, 53, 54, 55, 56, 57, 58, 59, 60, 61, 62, 63, 64, 65, 66, 67, 68, 69, 70, 71, 72, 73, 74, 75, 76, 77, 78, 79, 80, 81, 82, 83, 84, 85, 86, 87, 88]
Epoch 89/150 	Time: 49초               	Train_Loss: 0.0194 	Val_Loss: 0.0209
	[70/282] 	Train_Loss: 0.0145
	[140/282] 	Train_Loss: 0.0162
	[210/282] 	Train_Loss: 0.0243
	[280/282] 	Train_Loss: 0.0175
[0, 1, 2, 3, 4, 5, 6, 7, 8, 9, 10, 11, 12, 13, 14, 15, 16, 17, 18, 19, 20, 21, 22, 23, 24, 25, 26, 27, 28, 29, 30, 31, 32, 33, 34, 35, 36, 37, 38, 39, 40, 41, 42, 43, 44, 45, 46, 47, 48, 49, 50, 51, 52, 53, 54, 55, 56, 57, 58, 59, 60, 61, 62, 63, 64, 65, 66, 67, 68, 69, 70, 71, 72, 73, 74, 75, 76, 77, 78, 79, 80, 81, 82, 83, 84, 85, 86, 87, 88, 89]
Epoch 90/150 	Time: 49초               	Train_Loss: 0.0200 	Val_Loss: 0.0202
	[70/282] 	Train_Loss: 0.0210
	[140/282] 	Train_Loss: 0.0233
	[210/282] 	Train_Loss: 0.0138
	[280/282] 	Train_Loss: 0.0205
[0, 1, 2, 3, 4, 5, 6, 7, 8, 9, 10, 11, 12, 13, 14, 15, 16, 17, 18, 19, 20, 21, 22, 23, 24, 25, 26, 27, 28, 29, 30, 31, 32, 33, 34, 35, 36, 37, 38, 39, 40, 41, 42, 43, 44, 45, 46, 47, 48, 49, 50, 51, 52, 53, 54, 55, 56, 57, 58, 59, 60, 61, 62, 63, 64, 65, 66, 67, 68, 69, 70, 71, 72, 73, 74, 75, 76, 77, 78, 79, 80, 81, 82, 83, 84, 85, 86, 87, 88, 89, 90]
Epoch 91/150 	Time: 49초               	Train_Loss: 0.0199 	Val_Loss: 0.0216
	[70/282] 	Train_Loss: 0.0183
	[140/282] 	Train_Loss: 0.0152
	[210/282] 	Train_Loss: 0.0126
	[280/282] 	Train_Loss: 0.0157
[0, 1, 2, 3, 4, 5, 6, 7, 8, 9, 10, 11, 12, 13, 14, 15, 16, 17, 18, 19, 20, 21, 22, 23, 24, 25, 26, 27, 28, 29, 30, 31, 32, 33, 34, 35, 36, 37, 38, 39, 40, 41, 42, 43, 44, 45, 46, 47, 48, 49, 50, 51, 52, 53, 54, 55, 56, 57, 58, 59, 60, 61, 62, 63, 64, 65, 66, 67, 68, 69, 70, 71, 72, 73, 74, 75, 76, 77, 78, 79, 80, 81, 82, 83, 84, 85, 86, 87, 88, 89, 90, 91]
Epoch 92/150 	Time: 49초               	Train_Loss: 0.0199 	Val_Loss: 0.0207
	[70/282] 	Train_Loss: 0.0140
	[140/282] 	Train_Loss: 0.0255
	[210/282] 	Train_Loss: 0.0145
	[280/282] 	Train_Loss: 0.0237
[0, 1, 2, 3, 4, 5, 6, 7, 8, 9, 10, 11, 12, 13, 14, 15, 16, 17, 18, 19, 20, 21, 22, 23, 24, 25, 26, 27, 28, 29, 30, 31, 32, 33, 34, 35, 36, 37, 38, 39, 40, 41, 42, 43, 44, 45, 46, 47, 48, 49, 50, 51, 52, 53, 54, 55, 56, 57, 58, 59, 60, 61, 62, 63, 64, 65, 66, 67, 68, 69, 70, 71, 72, 73, 74, 75, 76, 77, 78, 79, 80, 81, 82, 83, 84, 85, 86, 87, 88, 89, 90, 91, 92]
Epoch 93/150 	Time: 49초               	Train_Loss: 0.0198 	Val_Loss: 0.0228
	[70/282] 	Train_Loss: 0.0137
	[140/282] 	Train_Loss: 0.0124
	[210/282] 	Train_Loss: 0.0236
	[280/282] 	Train_Loss: 0.0171
[0, 1, 2, 3, 4, 5, 6, 7, 8, 9, 10, 11, 12, 13, 14, 15, 16, 17, 18, 19, 20, 21, 22, 23, 24, 25, 26, 27, 28, 29, 30, 31, 32, 33, 34, 35, 36, 37, 38, 39, 40, 41, 42, 43, 44, 45, 46, 47, 48, 49, 50, 51, 52, 53, 54, 55, 56, 57, 58, 59, 60, 61, 62, 63, 64, 65, 66, 67, 68, 69, 70, 71, 72, 73, 74, 75, 76, 77, 78, 79, 80, 81, 82, 83, 84, 85, 86, 87, 88, 89, 90, 91, 92, 93]
Epoch 94/150 	Time: 49초               	Train_Loss: 0.0197 	Val_Loss: 0.0234
	[70/282] 	Train_Loss: 0.0140
	[140/282] 	Train_Loss: 0.0193
	[210/282] 	Train_Loss: 0.0285
	[280/282] 	Train_Loss: 0.0199
[0, 1, 2, 3, 4, 5, 6, 7, 8, 9, 10, 11, 12, 13, 14, 15, 16, 17, 18, 19, 20, 21, 22, 23, 24, 25, 26, 27, 28, 29, 30, 31, 32, 33, 34, 35, 36, 37, 38, 39, 40, 41, 42, 43, 44, 45, 46, 47, 48, 49, 50, 51, 52, 53, 54, 55, 56, 57, 58, 59, 60, 61, 62, 63, 64, 65, 66, 67, 68, 69, 70, 71, 72, 73, 74, 75, 76, 77, 78, 79, 80, 81, 82, 83, 84, 85, 86, 87, 88, 89, 90, 91, 92, 93, 94]
Epoch 95/150 	Time: 49초               	Train_Loss: 0.0194 	Val_Loss: 0.0195
	[70/282] 	Train_Loss: 0.0226
	[140/282] 	Train_Loss: 0.0227
	[210/282] 	Train_Loss: 0.0337
	[280/282] 	Train_Loss: 0.0156
[0, 1, 2, 3, 4, 5, 6, 7, 8, 9, 10, 11, 12, 13, 14, 15, 16, 17, 18, 19, 20, 21, 22, 23, 24, 25, 26, 27, 28, 29, 30, 31, 32, 33, 34, 35, 36, 37, 38, 39, 40, 41, 42, 43, 44, 45, 46, 47, 48, 49, 50, 51, 52, 53, 54, 55, 56, 57, 58, 59, 60, 61, 62, 63, 64, 65, 66, 67, 68, 69, 70, 71, 72, 73, 74, 75, 76, 77, 78, 79, 80, 81, 82, 83, 84, 85, 86, 87, 88, 89, 90, 91, 92, 93, 94, 95]
Epoch 96/150 	Time: 49초               	Train_Loss: 0.0198 	Val_Loss: 0.0200
	[70/282] 	Train_Loss: 0.0157
	[140/282] 	Train_Loss: 0.0129
	[210/282] 	Train_Loss: 0.0134
	[280/282] 	Train_Loss: 0.0308
[0, 1, 2, 3, 4, 5, 6, 7, 8, 9, 10, 11, 12, 13, 14, 15, 16, 17, 18, 19, 20, 21, 22, 23, 24, 25, 26, 27, 28, 29, 30, 31, 32, 33, 34, 35, 36, 37, 38, 39, 40, 41, 42, 43, 44, 45, 46, 47, 48, 49, 50, 51, 52, 53, 54, 55, 56, 57, 58, 59, 60, 61, 62, 63, 64, 65, 66, 67, 68, 69, 70, 71, 72, 73, 74, 75, 76, 77, 78, 79, 80, 81, 82, 83, 84, 85, 86, 87, 88, 89, 90, 91, 92, 93, 94, 95, 96]
Epoch 97/150 	Time: 49초               	Train_Loss: 0.0195 	Val_Loss: 0.0187
97epoch 모델 저장 완료
	[70/282] 	Train_Loss: 0.0255
	[140/282] 	Train_Loss: 0.0203
	[210/282] 	Train_Loss: 0.0186
	[280/282] 	Train_Loss: 0.0192
[0, 1, 2, 3, 4, 5, 6, 7, 8, 9, 10, 11, 12, 13, 14, 15, 16, 17, 18, 19, 20, 21, 22, 23, 24, 25, 26, 27, 28, 29, 30, 31, 32, 33, 34, 35, 36, 37, 38, 39, 40, 41, 42, 43, 44, 45, 46, 47, 48, 49, 50, 51, 52, 53, 54, 55, 56, 57, 58, 59, 60, 61, 62, 63, 64, 65, 66, 67, 68, 69, 70, 71, 72, 73, 74, 75, 76, 77, 78, 79, 80, 81, 82, 83, 84, 85, 86, 87, 88, 89, 90, 91, 92, 93, 94, 95, 96, 97]
Epoch 98/150 	Time: 49초               	Train_Loss: 0.0188 	Val_Loss: 0.0197
	[70/282] 	Train_Loss: 0.0167
	[140/282] 	Train_Loss: 0.0170
	[210/282] 	Train_Loss: 0.0308
	[280/282] 	Train_Loss: 0.0199
[0, 1, 2, 3, 4, 5, 6, 7, 8, 9, 10, 11, 12, 13, 14, 15, 16, 17, 18, 19, 20, 21, 22, 23, 24, 25, 26, 27, 28, 29, 30, 31, 32, 33, 34, 35, 36, 37, 38, 39, 40, 41, 42, 43, 44, 45, 46, 47, 48, 49, 50, 51, 52, 53, 54, 55, 56, 57, 58, 59, 60, 61, 62, 63, 64, 65, 66, 67, 68, 69, 70, 71, 72, 73, 74, 75, 76, 77, 78, 79, 80, 81, 82, 83, 84, 85, 86, 87, 88, 89, 90, 91, 92, 93, 94, 95, 96, 97, 98]
Epoch 99/150 	Time: 49초               	Train_Loss: 0.0194 	Val_Loss: 0.0187
	[70/282] 	Train_Loss: 0.0123
	[140/282] 	Train_Loss: 0.0185
	[210/282] 	Train_Loss: 0.0190
	[280/282] 	Train_Loss: 0.0209
[0, 1, 2, 3, 4, 5, 6, 7, 8, 9, 10, 11, 12, 13, 14, 15, 16, 17, 18, 19, 20, 21, 22, 23, 24, 25, 26, 27, 28, 29, 30, 31, 32, 33, 34, 35, 36, 37, 38, 39, 40, 41, 42, 43, 44, 45, 46, 47, 48, 49, 50, 51, 52, 53, 54, 55, 56, 57, 58, 59, 60, 61, 62, 63, 64, 65, 66, 67, 68, 69, 70, 71, 72, 73, 74, 75, 76, 77, 78, 79, 80, 81, 82, 83, 84, 85, 86, 87, 88, 89, 90, 91, 92, 93, 94, 95, 96, 97, 98, 99]
Epoch 100/150 	Time: 49초               	Train_Loss: 0.0195 	Val_Loss: 0.0192
	[70/282] 	Train_Loss: 0.0289
	[140/282] 	Train_Loss: 0.0213
	[210/282] 	Train_Loss: 0.0161
	[280/282] 	Train_Loss: 0.0224
[0, 1, 2, 3, 4, 5, 6, 7, 8, 9, 10, 11, 12, 13, 14, 15, 16, 17, 18, 19, 20, 21, 22, 23, 24, 25, 26, 27, 28, 29, 30, 31, 32, 33, 34, 35, 36, 37, 38, 39, 40, 41, 42, 43, 44, 45, 46, 47, 48, 49, 50, 51, 52, 53, 54, 55, 56, 57, 58, 59, 60, 61, 62, 63, 64, 65, 66, 67, 68, 69, 70, 71, 72, 73, 74, 75, 76, 77, 78, 79, 80, 81, 82, 83, 84, 85, 86, 87, 88, 89, 90, 91, 92, 93, 94, 95, 96, 97, 98, 99, 100]
Epoch 101/150 	Time: 49초               	Train_Loss: 0.0193 	Val_Loss: 0.0195
	[70/282] 	Train_Loss: 0.0149
	[140/282] 	Train_Loss: 0.0152
	[210/282] 	Train_Loss: 0.0203
	[280/282] 	Train_Loss: 0.0229
[0, 1, 2, 3, 4, 5, 6, 7, 8, 9, 10, 11, 12, 13, 14, 15, 16, 17, 18, 19, 20, 21, 22, 23, 24, 25, 26, 27, 28, 29, 30, 31, 32, 33, 34, 35, 36, 37, 38, 39, 40, 41, 42, 43, 44, 45, 46, 47, 48, 49, 50, 51, 52, 53, 54, 55, 56, 57, 58, 59, 60, 61, 62, 63, 64, 65, 66, 67, 68, 69, 70, 71, 72, 73, 74, 75, 76, 77, 78, 79, 80, 81, 82, 83, 84, 85, 86, 87, 88, 89, 90, 91, 92, 93, 94, 95, 96, 97, 98, 99, 100, 101]
Epoch 102/150 	Time: 49초               	Train_Loss: 0.0192 	Val_Loss: 0.0211
	[70/282] 	Train_Loss: 0.0166
	[140/282] 	Train_Loss: 0.0137
	[210/282] 	Train_Loss: 0.0265
	[280/282] 	Train_Loss: 0.0180
[0, 1, 2, 3, 4, 5, 6, 7, 8, 9, 10, 11, 12, 13, 14, 15, 16, 17, 18, 19, 20, 21, 22, 23, 24, 25, 26, 27, 28, 29, 30, 31, 32, 33, 34, 35, 36, 37, 38, 39, 40, 41, 42, 43, 44, 45, 46, 47, 48, 49, 50, 51, 52, 53, 54, 55, 56, 57, 58, 59, 60, 61, 62, 63, 64, 65, 66, 67, 68, 69, 70, 71, 72, 73, 74, 75, 76, 77, 78, 79, 80, 81, 82, 83, 84, 85, 86, 87, 88, 89, 90, 91, 92, 93, 94, 95, 96, 97, 98, 99, 100, 101, 102]
Epoch 103/150 	Time: 49초               	Train_Loss: 0.0188 	Val_Loss: 0.0199
	[70/282] 	Train_Loss: 0.0187
	[140/282] 	Train_Loss: 0.0114
	[210/282] 	Train_Loss: 0.0193
	[280/282] 	Train_Loss: 0.0234
[0, 1, 2, 3, 4, 5, 6, 7, 8, 9, 10, 11, 12, 13, 14, 15, 16, 17, 18, 19, 20, 21, 22, 23, 24, 25, 26, 27, 28, 29, 30, 31, 32, 33, 34, 35, 36, 37, 38, 39, 40, 41, 42, 43, 44, 45, 46, 47, 48, 49, 50, 51, 52, 53, 54, 55, 56, 57, 58, 59, 60, 61, 62, 63, 64, 65, 66, 67, 68, 69, 70, 71, 72, 73, 74, 75, 76, 77, 78, 79, 80, 81, 82, 83, 84, 85, 86, 87, 88, 89, 90, 91, 92, 93, 94, 95, 96, 97, 98, 99, 100, 101, 102, 103]
Epoch 104/150 	Time: 49초               	Train_Loss: 0.0194 	Val_Loss: 0.0192
	[70/282] 	Train_Loss: 0.0179
	[140/282] 	Train_Loss: 0.0175
	[210/282] 	Train_Loss: 0.0161
	[280/282] 	Train_Loss: 0.0147
[0, 1, 2, 3, 4, 5, 6, 7, 8, 9, 10, 11, 12, 13, 14, 15, 16, 17, 18, 19, 20, 21, 22, 23, 24, 25, 26, 27, 28, 29, 30, 31, 32, 33, 34, 35, 36, 37, 38, 39, 40, 41, 42, 43, 44, 45, 46, 47, 48, 49, 50, 51, 52, 53, 54, 55, 56, 57, 58, 59, 60, 61, 62, 63, 64, 65, 66, 67, 68, 69, 70, 71, 72, 73, 74, 75, 76, 77, 78, 79, 80, 81, 82, 83, 84, 85, 86, 87, 88, 89, 90, 91, 92, 93, 94, 95, 96, 97, 98, 99, 100, 101, 102, 103, 104]
Epoch 105/150 	Time: 49초               	Train_Loss: 0.0192 	Val_Loss: 0.0209
	[70/282] 	Train_Loss: 0.0156
	[140/282] 	Train_Loss: 0.0165
	[210/282] 	Train_Loss: 0.0199
	[280/282] 	Train_Loss: 0.0216
[0, 1, 2, 3, 4, 5, 6, 7, 8, 9, 10, 11, 12, 13, 14, 15, 16, 17, 18, 19, 20, 21, 22, 23, 24, 25, 26, 27, 28, 29, 30, 31, 32, 33, 34, 35, 36, 37, 38, 39, 40, 41, 42, 43, 44, 45, 46, 47, 48, 49, 50, 51, 52, 53, 54, 55, 56, 57, 58, 59, 60, 61, 62, 63, 64, 65, 66, 67, 68, 69, 70, 71, 72, 73, 74, 75, 76, 77, 78, 79, 80, 81, 82, 83, 84, 85, 86, 87, 88, 89, 90, 91, 92, 93, 94, 95, 96, 97, 98, 99, 100, 101, 102, 103, 104, 105]
Epoch 106/150 	Time: 49초               	Train_Loss: 0.0191 	Val_Loss: 0.0193
	[70/282] 	Train_Loss: 0.0197
	[140/282] 	Train_Loss: 0.0214
	[210/282] 	Train_Loss: 0.0155
	[280/282] 	Train_Loss: 0.0166
[0, 1, 2, 3, 4, 5, 6, 7, 8, 9, 10, 11, 12, 13, 14, 15, 16, 17, 18, 19, 20, 21, 22, 23, 24, 25, 26, 27, 28, 29, 30, 31, 32, 33, 34, 35, 36, 37, 38, 39, 40, 41, 42, 43, 44, 45, 46, 47, 48, 49, 50, 51, 52, 53, 54, 55, 56, 57, 58, 59, 60, 61, 62, 63, 64, 65, 66, 67, 68, 69, 70, 71, 72, 73, 74, 75, 76, 77, 78, 79, 80, 81, 82, 83, 84, 85, 86, 87, 88, 89, 90, 91, 92, 93, 94, 95, 96, 97, 98, 99, 100, 101, 102, 103, 104, 105, 106]
Epoch 107/150 	Time: 49초               	Train_Loss: 0.0190 	Val_Loss: 0.0183
107epoch 모델 저장 완료
	[70/282] 	Train_Loss: 0.0152
	[140/282] 	Train_Loss: 0.0344
	[210/282] 	Train_Loss: 0.0124
	[280/282] 	Train_Loss: 0.0162
[0, 1, 2, 3, 4, 5, 6, 7, 8, 9, 10, 11, 12, 13, 14, 15, 16, 17, 18, 19, 20, 21, 22, 23, 24, 25, 26, 27, 28, 29, 30, 31, 32, 33, 34, 35, 36, 37, 38, 39, 40, 41, 42, 43, 44, 45, 46, 47, 48, 49, 50, 51, 52, 53, 54, 55, 56, 57, 58, 59, 60, 61, 62, 63, 64, 65, 66, 67, 68, 69, 70, 71, 72, 73, 74, 75, 76, 77, 78, 79, 80, 81, 82, 83, 84, 85, 86, 87, 88, 89, 90, 91, 92, 93, 94, 95, 96, 97, 98, 99, 100, 101, 102, 103, 104, 105, 106, 107]
Epoch 108/150 	Time: 49초               	Train_Loss: 0.0196 	Val_Loss: 0.0222
	[70/282] 	Train_Loss: 0.0243
	[140/282] 	Train_Loss: 0.0136
	[210/282] 	Train_Loss: 0.0284
	[280/282] 	Train_Loss: 0.0159
[0, 1, 2, 3, 4, 5, 6, 7, 8, 9, 10, 11, 12, 13, 14, 15, 16, 17, 18, 19, 20, 21, 22, 23, 24, 25, 26, 27, 28, 29, 30, 31, 32, 33, 34, 35, 36, 37, 38, 39, 40, 41, 42, 43, 44, 45, 46, 47, 48, 49, 50, 51, 52, 53, 54, 55, 56, 57, 58, 59, 60, 61, 62, 63, 64, 65, 66, 67, 68, 69, 70, 71, 72, 73, 74, 75, 76, 77, 78, 79, 80, 81, 82, 83, 84, 85, 86, 87, 88, 89, 90, 91, 92, 93, 94, 95, 96, 97, 98, 99, 100, 101, 102, 103, 104, 105, 106, 107, 108]
Epoch 109/150 	Time: 49초               	Train_Loss: 0.0191 	Val_Loss: 0.0172
109epoch 모델 저장 완료
	[70/282] 	Train_Loss: 0.0160
	[140/282] 	Train_Loss: 0.0078
	[210/282] 	Train_Loss: 0.0157
	[280/282] 	Train_Loss: 0.0201
[0, 1, 2, 3, 4, 5, 6, 7, 8, 9, 10, 11, 12, 13, 14, 15, 16, 17, 18, 19, 20, 21, 22, 23, 24, 25, 26, 27, 28, 29, 30, 31, 32, 33, 34, 35, 36, 37, 38, 39, 40, 41, 42, 43, 44, 45, 46, 47, 48, 49, 50, 51, 52, 53, 54, 55, 56, 57, 58, 59, 60, 61, 62, 63, 64, 65, 66, 67, 68, 69, 70, 71, 72, 73, 74, 75, 76, 77, 78, 79, 80, 81, 82, 83, 84, 85, 86, 87, 88, 89, 90, 91, 92, 93, 94, 95, 96, 97, 98, 99, 100, 101, 102, 103, 104, 105, 106, 107, 108, 109]
Epoch 110/150 	Time: 49초               	Train_Loss: 0.0188 	Val_Loss: 0.0196
	[70/282] 	Train_Loss: 0.0147
	[140/282] 	Train_Loss: 0.0254
	[210/282] 	Train_Loss: 0.0242
	[280/282] 	Train_Loss: 0.0327
[0, 1, 2, 3, 4, 5, 6, 7, 8, 9, 10, 11, 12, 13, 14, 15, 16, 17, 18, 19, 20, 21, 22, 23, 24, 25, 26, 27, 28, 29, 30, 31, 32, 33, 34, 35, 36, 37, 38, 39, 40, 41, 42, 43, 44, 45, 46, 47, 48, 49, 50, 51, 52, 53, 54, 55, 56, 57, 58, 59, 60, 61, 62, 63, 64, 65, 66, 67, 68, 69, 70, 71, 72, 73, 74, 75, 76, 77, 78, 79, 80, 81, 82, 83, 84, 85, 86, 87, 88, 89, 90, 91, 92, 93, 94, 95, 96, 97, 98, 99, 100, 101, 102, 103, 104, 105, 106, 107, 108, 109, 110]
Epoch 111/150 	Time: 49초               	Train_Loss: 0.0190 	Val_Loss: 0.0192
	[70/282] 	Train_Loss: 0.0219
	[140/282] 	Train_Loss: 0.0306
	[210/282] 	Train_Loss: 0.0154
	[280/282] 	Train_Loss: 0.0245
[0, 1, 2, 3, 4, 5, 6, 7, 8, 9, 10, 11, 12, 13, 14, 15, 16, 17, 18, 19, 20, 21, 22, 23, 24, 25, 26, 27, 28, 29, 30, 31, 32, 33, 34, 35, 36, 37, 38, 39, 40, 41, 42, 43, 44, 45, 46, 47, 48, 49, 50, 51, 52, 53, 54, 55, 56, 57, 58, 59, 60, 61, 62, 63, 64, 65, 66, 67, 68, 69, 70, 71, 72, 73, 74, 75, 76, 77, 78, 79, 80, 81, 82, 83, 84, 85, 86, 87, 88, 89, 90, 91, 92, 93, 94, 95, 96, 97, 98, 99, 100, 101, 102, 103, 104, 105, 106, 107, 108, 109, 110, 111]
Epoch 112/150 	Time: 49초               	Train_Loss: 0.0193 	Val_Loss: 0.0178
	[70/282] 	Train_Loss: 0.0151
	[140/282] 	Train_Loss: 0.0215
	[210/282] 	Train_Loss: 0.0147
	[280/282] 	Train_Loss: 0.0184
[0, 1, 2, 3, 4, 5, 6, 7, 8, 9, 10, 11, 12, 13, 14, 15, 16, 17, 18, 19, 20, 21, 22, 23, 24, 25, 26, 27, 28, 29, 30, 31, 32, 33, 34, 35, 36, 37, 38, 39, 40, 41, 42, 43, 44, 45, 46, 47, 48, 49, 50, 51, 52, 53, 54, 55, 56, 57, 58, 59, 60, 61, 62, 63, 64, 65, 66, 67, 68, 69, 70, 71, 72, 73, 74, 75, 76, 77, 78, 79, 80, 81, 82, 83, 84, 85, 86, 87, 88, 89, 90, 91, 92, 93, 94, 95, 96, 97, 98, 99, 100, 101, 102, 103, 104, 105, 106, 107, 108, 109, 110, 111, 112]
Epoch 113/150 	Time: 49초               	Train_Loss: 0.0194 	Val_Loss: 0.0203
	[70/282] 	Train_Loss: 0.0142
	[140/282] 	Train_Loss: 0.0190
	[210/282] 	Train_Loss: 0.0241
	[280/282] 	Train_Loss: 0.0180
[0, 1, 2, 3, 4, 5, 6, 7, 8, 9, 10, 11, 12, 13, 14, 15, 16, 17, 18, 19, 20, 21, 22, 23, 24, 25, 26, 27, 28, 29, 30, 31, 32, 33, 34, 35, 36, 37, 38, 39, 40, 41, 42, 43, 44, 45, 46, 47, 48, 49, 50, 51, 52, 53, 54, 55, 56, 57, 58, 59, 60, 61, 62, 63, 64, 65, 66, 67, 68, 69, 70, 71, 72, 73, 74, 75, 76, 77, 78, 79, 80, 81, 82, 83, 84, 85, 86, 87, 88, 89, 90, 91, 92, 93, 94, 95, 96, 97, 98, 99, 100, 101, 102, 103, 104, 105, 106, 107, 108, 109, 110, 111, 112, 113]
Epoch 114/150 	Time: 49초               	Train_Loss: 0.0193 	Val_Loss: 0.0204
	[70/282] 	Train_Loss: 0.0142
	[140/282] 	Train_Loss: 0.0173
	[210/282] 	Train_Loss: 0.0220
	[280/282] 	Train_Loss: 0.0159
[0, 1, 2, 3, 4, 5, 6, 7, 8, 9, 10, 11, 12, 13, 14, 15, 16, 17, 18, 19, 20, 21, 22, 23, 24, 25, 26, 27, 28, 29, 30, 31, 32, 33, 34, 35, 36, 37, 38, 39, 40, 41, 42, 43, 44, 45, 46, 47, 48, 49, 50, 51, 52, 53, 54, 55, 56, 57, 58, 59, 60, 61, 62, 63, 64, 65, 66, 67, 68, 69, 70, 71, 72, 73, 74, 75, 76, 77, 78, 79, 80, 81, 82, 83, 84, 85, 86, 87, 88, 89, 90, 91, 92, 93, 94, 95, 96, 97, 98, 99, 100, 101, 102, 103, 104, 105, 106, 107, 108, 109, 110, 111, 112, 113, 114]
Epoch 115/150 	Time: 49초               	Train_Loss: 0.0187 	Val_Loss: 0.0205
	[70/282] 	Train_Loss: 0.0347
	[140/282] 	Train_Loss: 0.0152
	[210/282] 	Train_Loss: 0.0390
	[280/282] 	Train_Loss: 0.0105
[0, 1, 2, 3, 4, 5, 6, 7, 8, 9, 10, 11, 12, 13, 14, 15, 16, 17, 18, 19, 20, 21, 22, 23, 24, 25, 26, 27, 28, 29, 30, 31, 32, 33, 34, 35, 36, 37, 38, 39, 40, 41, 42, 43, 44, 45, 46, 47, 48, 49, 50, 51, 52, 53, 54, 55, 56, 57, 58, 59, 60, 61, 62, 63, 64, 65, 66, 67, 68, 69, 70, 71, 72, 73, 74, 75, 76, 77, 78, 79, 80, 81, 82, 83, 84, 85, 86, 87, 88, 89, 90, 91, 92, 93, 94, 95, 96, 97, 98, 99, 100, 101, 102, 103, 104, 105, 106, 107, 108, 109, 110, 111, 112, 113, 114, 115]
Epoch 116/150 	Time: 49초               	Train_Loss: 0.0189 	Val_Loss: 0.0203
	[70/282] 	Train_Loss: 0.0185
	[140/282] 	Train_Loss: 0.0313
	[210/282] 	Train_Loss: 0.0138
	[280/282] 	Train_Loss: 0.0216
[0, 1, 2, 3, 4, 5, 6, 7, 8, 9, 10, 11, 12, 13, 14, 15, 16, 17, 18, 19, 20, 21, 22, 23, 24, 25, 26, 27, 28, 29, 30, 31, 32, 33, 34, 35, 36, 37, 38, 39, 40, 41, 42, 43, 44, 45, 46, 47, 48, 49, 50, 51, 52, 53, 54, 55, 56, 57, 58, 59, 60, 61, 62, 63, 64, 65, 66, 67, 68, 69, 70, 71, 72, 73, 74, 75, 76, 77, 78, 79, 80, 81, 82, 83, 84, 85, 86, 87, 88, 89, 90, 91, 92, 93, 94, 95, 96, 97, 98, 99, 100, 101, 102, 103, 104, 105, 106, 107, 108, 109, 110, 111, 112, 113, 114, 115, 116]
Epoch 117/150 	Time: 49초               	Train_Loss: 0.0188 	Val_Loss: 0.0185
	[70/282] 	Train_Loss: 0.0175
	[140/282] 	Train_Loss: 0.0161
	[210/282] 	Train_Loss: 0.0121
	[280/282] 	Train_Loss: 0.0212
[0, 1, 2, 3, 4, 5, 6, 7, 8, 9, 10, 11, 12, 13, 14, 15, 16, 17, 18, 19, 20, 21, 22, 23, 24, 25, 26, 27, 28, 29, 30, 31, 32, 33, 34, 35, 36, 37, 38, 39, 40, 41, 42, 43, 44, 45, 46, 47, 48, 49, 50, 51, 52, 53, 54, 55, 56, 57, 58, 59, 60, 61, 62, 63, 64, 65, 66, 67, 68, 69, 70, 71, 72, 73, 74, 75, 76, 77, 78, 79, 80, 81, 82, 83, 84, 85, 86, 87, 88, 89, 90, 91, 92, 93, 94, 95, 96, 97, 98, 99, 100, 101, 102, 103, 104, 105, 106, 107, 108, 109, 110, 111, 112, 113, 114, 115, 116, 117]
Epoch 118/150 	Time: 49초               	Train_Loss: 0.0190 	Val_Loss: 0.0188
	[70/282] 	Train_Loss: 0.0165
	[140/282] 	Train_Loss: 0.0181
	[210/282] 	Train_Loss: 0.0186
	[280/282] 	Train_Loss: 0.0122
[0, 1, 2, 3, 4, 5, 6, 7, 8, 9, 10, 11, 12, 13, 14, 15, 16, 17, 18, 19, 20, 21, 22, 23, 24, 25, 26, 27, 28, 29, 30, 31, 32, 33, 34, 35, 36, 37, 38, 39, 40, 41, 42, 43, 44, 45, 46, 47, 48, 49, 50, 51, 52, 53, 54, 55, 56, 57, 58, 59, 60, 61, 62, 63, 64, 65, 66, 67, 68, 69, 70, 71, 72, 73, 74, 75, 76, 77, 78, 79, 80, 81, 82, 83, 84, 85, 86, 87, 88, 89, 90, 91, 92, 93, 94, 95, 96, 97, 98, 99, 100, 101, 102, 103, 104, 105, 106, 107, 108, 109, 110, 111, 112, 113, 114, 115, 116, 117, 118]
Epoch 119/150 	Time: 49초               	Train_Loss: 0.0190 	Val_Loss: 0.0194
	[70/282] 	Train_Loss: 0.0176
	[140/282] 	Train_Loss: 0.0194
	[210/282] 	Train_Loss: 0.0285
	[280/282] 	Train_Loss: 0.0186
[0, 1, 2, 3, 4, 5, 6, 7, 8, 9, 10, 11, 12, 13, 14, 15, 16, 17, 18, 19, 20, 21, 22, 23, 24, 25, 26, 27, 28, 29, 30, 31, 32, 33, 34, 35, 36, 37, 38, 39, 40, 41, 42, 43, 44, 45, 46, 47, 48, 49, 50, 51, 52, 53, 54, 55, 56, 57, 58, 59, 60, 61, 62, 63, 64, 65, 66, 67, 68, 69, 70, 71, 72, 73, 74, 75, 76, 77, 78, 79, 80, 81, 82, 83, 84, 85, 86, 87, 88, 89, 90, 91, 92, 93, 94, 95, 96, 97, 98, 99, 100, 101, 102, 103, 104, 105, 106, 107, 108, 109, 110, 111, 112, 113, 114, 115, 116, 117, 118, 119]
Epoch 120/150 	Time: 49초               	Train_Loss: 0.0187 	Val_Loss: 0.0206
	[70/282] 	Train_Loss: 0.0279
	[140/282] 	Train_Loss: 0.0139
	[210/282] 	Train_Loss: 0.0135
	[280/282] 	Train_Loss: 0.0164
[0, 1, 2, 3, 4, 5, 6, 7, 8, 9, 10, 11, 12, 13, 14, 15, 16, 17, 18, 19, 20, 21, 22, 23, 24, 25, 26, 27, 28, 29, 30, 31, 32, 33, 34, 35, 36, 37, 38, 39, 40, 41, 42, 43, 44, 45, 46, 47, 48, 49, 50, 51, 52, 53, 54, 55, 56, 57, 58, 59, 60, 61, 62, 63, 64, 65, 66, 67, 68, 69, 70, 71, 72, 73, 74, 75, 76, 77, 78, 79, 80, 81, 82, 83, 84, 85, 86, 87, 88, 89, 90, 91, 92, 93, 94, 95, 96, 97, 98, 99, 100, 101, 102, 103, 104, 105, 106, 107, 108, 109, 110, 111, 112, 113, 114, 115, 116, 117, 118, 119, 120]
Epoch 121/150 	Time: 49초               	Train_Loss: 0.0188 	Val_Loss: 0.0194
	[70/282] 	Train_Loss: 0.0143
	[140/282] 	Train_Loss: 0.0119
	[210/282] 	Train_Loss: 0.0202
	[280/282] 	Train_Loss: 0.0174
[0, 1, 2, 3, 4, 5, 6, 7, 8, 9, 10, 11, 12, 13, 14, 15, 16, 17, 18, 19, 20, 21, 22, 23, 24, 25, 26, 27, 28, 29, 30, 31, 32, 33, 34, 35, 36, 37, 38, 39, 40, 41, 42, 43, 44, 45, 46, 47, 48, 49, 50, 51, 52, 53, 54, 55, 56, 57, 58, 59, 60, 61, 62, 63, 64, 65, 66, 67, 68, 69, 70, 71, 72, 73, 74, 75, 76, 77, 78, 79, 80, 81, 82, 83, 84, 85, 86, 87, 88, 89, 90, 91, 92, 93, 94, 95, 96, 97, 98, 99, 100, 101, 102, 103, 104, 105, 106, 107, 108, 109, 110, 111, 112, 113, 114, 115, 116, 117, 118, 119, 120, 121]
Epoch 122/150 	Time: 49초               	Train_Loss: 0.0189 	Val_Loss: 0.0202
	[70/282] 	Train_Loss: 0.0224
	[140/282] 	Train_Loss: 0.0117
	[210/282] 	Train_Loss: 0.0192
	[280/282] 	Train_Loss: 0.0183
[0, 1, 2, 3, 4, 5, 6, 7, 8, 9, 10, 11, 12, 13, 14, 15, 16, 17, 18, 19, 20, 21, 22, 23, 24, 25, 26, 27, 28, 29, 30, 31, 32, 33, 34, 35, 36, 37, 38, 39, 40, 41, 42, 43, 44, 45, 46, 47, 48, 49, 50, 51, 52, 53, 54, 55, 56, 57, 58, 59, 60, 61, 62, 63, 64, 65, 66, 67, 68, 69, 70, 71, 72, 73, 74, 75, 76, 77, 78, 79, 80, 81, 82, 83, 84, 85, 86, 87, 88, 89, 90, 91, 92, 93, 94, 95, 96, 97, 98, 99, 100, 101, 102, 103, 104, 105, 106, 107, 108, 109, 110, 111, 112, 113, 114, 115, 116, 117, 118, 119, 120, 121, 122]
Epoch 123/150 	Time: 49초               	Train_Loss: 0.0190 	Val_Loss: 0.0196
	[70/282] 	Train_Loss: 0.0156
	[140/282] 	Train_Loss: 0.0192
	[210/282] 	Train_Loss: 0.0208
	[280/282] 	Train_Loss: 0.0168
[0, 1, 2, 3, 4, 5, 6, 7, 8, 9, 10, 11, 12, 13, 14, 15, 16, 17, 18, 19, 20, 21, 22, 23, 24, 25, 26, 27, 28, 29, 30, 31, 32, 33, 34, 35, 36, 37, 38, 39, 40, 41, 42, 43, 44, 45, 46, 47, 48, 49, 50, 51, 52, 53, 54, 55, 56, 57, 58, 59, 60, 61, 62, 63, 64, 65, 66, 67, 68, 69, 70, 71, 72, 73, 74, 75, 76, 77, 78, 79, 80, 81, 82, 83, 84, 85, 86, 87, 88, 89, 90, 91, 92, 93, 94, 95, 96, 97, 98, 99, 100, 101, 102, 103, 104, 105, 106, 107, 108, 109, 110, 111, 112, 113, 114, 115, 116, 117, 118, 119, 120, 121, 122, 123]
Epoch 124/150 	Time: 49초               	Train_Loss: 0.0184 	Val_Loss: 0.0191
	[70/282] 	Train_Loss: 0.0148
	[140/282] 	Train_Loss: 0.0169
	[210/282] 	Train_Loss: 0.0148
	[280/282] 	Train_Loss: 0.0158
[0, 1, 2, 3, 4, 5, 6, 7, 8, 9, 10, 11, 12, 13, 14, 15, 16, 17, 18, 19, 20, 21, 22, 23, 24, 25, 26, 27, 28, 29, 30, 31, 32, 33, 34, 35, 36, 37, 38, 39, 40, 41, 42, 43, 44, 45, 46, 47, 48, 49, 50, 51, 52, 53, 54, 55, 56, 57, 58, 59, 60, 61, 62, 63, 64, 65, 66, 67, 68, 69, 70, 71, 72, 73, 74, 75, 76, 77, 78, 79, 80, 81, 82, 83, 84, 85, 86, 87, 88, 89, 90, 91, 92, 93, 94, 95, 96, 97, 98, 99, 100, 101, 102, 103, 104, 105, 106, 107, 108, 109, 110, 111, 112, 113, 114, 115, 116, 117, 118, 119, 120, 121, 122, 123, 124]
Epoch 125/150 	Time: 49초               	Train_Loss: 0.0190 	Val_Loss: 0.0198
	[70/282] 	Train_Loss: 0.0164
	[140/282] 	Train_Loss: 0.0141
	[210/282] 	Train_Loss: 0.0203
	[280/282] 	Train_Loss: 0.0188
[0, 1, 2, 3, 4, 5, 6, 7, 8, 9, 10, 11, 12, 13, 14, 15, 16, 17, 18, 19, 20, 21, 22, 23, 24, 25, 26, 27, 28, 29, 30, 31, 32, 33, 34, 35, 36, 37, 38, 39, 40, 41, 42, 43, 44, 45, 46, 47, 48, 49, 50, 51, 52, 53, 54, 55, 56, 57, 58, 59, 60, 61, 62, 63, 64, 65, 66, 67, 68, 69, 70, 71, 72, 73, 74, 75, 76, 77, 78, 79, 80, 81, 82, 83, 84, 85, 86, 87, 88, 89, 90, 91, 92, 93, 94, 95, 96, 97, 98, 99, 100, 101, 102, 103, 104, 105, 106, 107, 108, 109, 110, 111, 112, 113, 114, 115, 116, 117, 118, 119, 120, 121, 122, 123, 124, 125]
Epoch 126/150 	Time: 49초               	Train_Loss: 0.0230 	Val_Loss: 0.0225
	[70/282] 	Train_Loss: 0.0188
	[140/282] 	Train_Loss: 0.0240
	[210/282] 	Train_Loss: 0.0181
	[280/282] 	Train_Loss: 0.0137
[0, 1, 2, 3, 4, 5, 6, 7, 8, 9, 10, 11, 12, 13, 14, 15, 16, 17, 18, 19, 20, 21, 22, 23, 24, 25, 26, 27, 28, 29, 30, 31, 32, 33, 34, 35, 36, 37, 38, 39, 40, 41, 42, 43, 44, 45, 46, 47, 48, 49, 50, 51, 52, 53, 54, 55, 56, 57, 58, 59, 60, 61, 62, 63, 64, 65, 66, 67, 68, 69, 70, 71, 72, 73, 74, 75, 76, 77, 78, 79, 80, 81, 82, 83, 84, 85, 86, 87, 88, 89, 90, 91, 92, 93, 94, 95, 96, 97, 98, 99, 100, 101, 102, 103, 104, 105, 106, 107, 108, 109, 110, 111, 112, 113, 114, 115, 116, 117, 118, 119, 120, 121, 122, 123, 124, 125, 126]
Epoch 127/150 	Time: 49초               	Train_Loss: 0.0209 	Val_Loss: 0.0218
	[70/282] 	Train_Loss: 0.0220
	[140/282] 	Train_Loss: 0.0265
	[210/282] 	Train_Loss: 0.0238
	[280/282] 	Train_Loss: 0.0192
[0, 1, 2, 3, 4, 5, 6, 7, 8, 9, 10, 11, 12, 13, 14, 15, 16, 17, 18, 19, 20, 21, 22, 23, 24, 25, 26, 27, 28, 29, 30, 31, 32, 33, 34, 35, 36, 37, 38, 39, 40, 41, 42, 43, 44, 45, 46, 47, 48, 49, 50, 51, 52, 53, 54, 55, 56, 57, 58, 59, 60, 61, 62, 63, 64, 65, 66, 67, 68, 69, 70, 71, 72, 73, 74, 75, 76, 77, 78, 79, 80, 81, 82, 83, 84, 85, 86, 87, 88, 89, 90, 91, 92, 93, 94, 95, 96, 97, 98, 99, 100, 101, 102, 103, 104, 105, 106, 107, 108, 109, 110, 111, 112, 113, 114, 115, 116, 117, 118, 119, 120, 121, 122, 123, 124, 125, 126, 127]
Epoch 128/150 	Time: 49초               	Train_Loss: 0.0199 	Val_Loss: 0.0194
	[70/282] 	Train_Loss: 0.0184
	[140/282] 	Train_Loss: 0.0213
	[210/282] 	Train_Loss: 0.0162
	[280/282] 	Train_Loss: 0.0166
[0, 1, 2, 3, 4, 5, 6, 7, 8, 9, 10, 11, 12, 13, 14, 15, 16, 17, 18, 19, 20, 21, 22, 23, 24, 25, 26, 27, 28, 29, 30, 31, 32, 33, 34, 35, 36, 37, 38, 39, 40, 41, 42, 43, 44, 45, 46, 47, 48, 49, 50, 51, 52, 53, 54, 55, 56, 57, 58, 59, 60, 61, 62, 63, 64, 65, 66, 67, 68, 69, 70, 71, 72, 73, 74, 75, 76, 77, 78, 79, 80, 81, 82, 83, 84, 85, 86, 87, 88, 89, 90, 91, 92, 93, 94, 95, 96, 97, 98, 99, 100, 101, 102, 103, 104, 105, 106, 107, 108, 109, 110, 111, 112, 113, 114, 115, 116, 117, 118, 119, 120, 121, 122, 123, 124, 125, 126, 127, 128]
Epoch 129/150 	Time: 49초               	Train_Loss: 0.0196 	Val_Loss: 0.0182
	[70/282] 	Train_Loss: 0.0207
	[140/282] 	Train_Loss: 0.0237
	[210/282] 	Train_Loss: 0.0152
	[280/282] 	Train_Loss: 0.0177
[0, 1, 2, 3, 4, 5, 6, 7, 8, 9, 10, 11, 12, 13, 14, 15, 16, 17, 18, 19, 20, 21, 22, 23, 24, 25, 26, 27, 28, 29, 30, 31, 32, 33, 34, 35, 36, 37, 38, 39, 40, 41, 42, 43, 44, 45, 46, 47, 48, 49, 50, 51, 52, 53, 54, 55, 56, 57, 58, 59, 60, 61, 62, 63, 64, 65, 66, 67, 68, 69, 70, 71, 72, 73, 74, 75, 76, 77, 78, 79, 80, 81, 82, 83, 84, 85, 86, 87, 88, 89, 90, 91, 92, 93, 94, 95, 96, 97, 98, 99, 100, 101, 102, 103, 104, 105, 106, 107, 108, 109, 110, 111, 112, 113, 114, 115, 116, 117, 118, 119, 120, 121, 122, 123, 124, 125, 126, 127, 128, 129]
Epoch 130/150 	Time: 49초               	Train_Loss: 0.0192 	Val_Loss: 0.0192
	[70/282] 	Train_Loss: 0.0359
	[140/282] 	Train_Loss: 0.0151
	[210/282] 	Train_Loss: 0.0263
	[280/282] 	Train_Loss: 0.0201
[0, 1, 2, 3, 4, 5, 6, 7, 8, 9, 10, 11, 12, 13, 14, 15, 16, 17, 18, 19, 20, 21, 22, 23, 24, 25, 26, 27, 28, 29, 30, 31, 32, 33, 34, 35, 36, 37, 38, 39, 40, 41, 42, 43, 44, 45, 46, 47, 48, 49, 50, 51, 52, 53, 54, 55, 56, 57, 58, 59, 60, 61, 62, 63, 64, 65, 66, 67, 68, 69, 70, 71, 72, 73, 74, 75, 76, 77, 78, 79, 80, 81, 82, 83, 84, 85, 86, 87, 88, 89, 90, 91, 92, 93, 94, 95, 96, 97, 98, 99, 100, 101, 102, 103, 104, 105, 106, 107, 108, 109, 110, 111, 112, 113, 114, 115, 116, 117, 118, 119, 120, 121, 122, 123, 124, 125, 126, 127, 128, 129, 130]
Epoch 131/150 	Time: 49초               	Train_Loss: 0.0194 	Val_Loss: 0.0190
	[70/282] 	Train_Loss: 0.0217
	[140/282] 	Train_Loss: 0.0185
	[210/282] 	Train_Loss: 0.0188
	[280/282] 	Train_Loss: 0.0188
[0, 1, 2, 3, 4, 5, 6, 7, 8, 9, 10, 11, 12, 13, 14, 15, 16, 17, 18, 19, 20, 21, 22, 23, 24, 25, 26, 27, 28, 29, 30, 31, 32, 33, 34, 35, 36, 37, 38, 39, 40, 41, 42, 43, 44, 45, 46, 47, 48, 49, 50, 51, 52, 53, 54, 55, 56, 57, 58, 59, 60, 61, 62, 63, 64, 65, 66, 67, 68, 69, 70, 71, 72, 73, 74, 75, 76, 77, 78, 79, 80, 81, 82, 83, 84, 85, 86, 87, 88, 89, 90, 91, 92, 93, 94, 95, 96, 97, 98, 99, 100, 101, 102, 103, 104, 105, 106, 107, 108, 109, 110, 111, 112, 113, 114, 115, 116, 117, 118, 119, 120, 121, 122, 123, 124, 125, 126, 127, 128, 129, 130, 131]
Epoch 132/150 	Time: 49초               	Train_Loss: 0.0191 	Val_Loss: 0.0178
	[70/282] 	Train_Loss: 0.0347
	[140/282] 	Train_Loss: 0.0152
	[210/282] 	Train_Loss: 0.0193
	[280/282] 	Train_Loss: 0.0341
[0, 1, 2, 3, 4, 5, 6, 7, 8, 9, 10, 11, 12, 13, 14, 15, 16, 17, 18, 19, 20, 21, 22, 23, 24, 25, 26, 27, 28, 29, 30, 31, 32, 33, 34, 35, 36, 37, 38, 39, 40, 41, 42, 43, 44, 45, 46, 47, 48, 49, 50, 51, 52, 53, 54, 55, 56, 57, 58, 59, 60, 61, 62, 63, 64, 65, 66, 67, 68, 69, 70, 71, 72, 73, 74, 75, 76, 77, 78, 79, 80, 81, 82, 83, 84, 85, 86, 87, 88, 89, 90, 91, 92, 93, 94, 95, 96, 97, 98, 99, 100, 101, 102, 103, 104, 105, 106, 107, 108, 109, 110, 111, 112, 113, 114, 115, 116, 117, 118, 119, 120, 121, 122, 123, 124, 125, 126, 127, 128, 129, 130, 131, 132]
Epoch 133/150 	Time: 49초               	Train_Loss: 0.0187 	Val_Loss: 0.0191
	[70/282] 	Train_Loss: 0.0164
	[140/282] 	Train_Loss: 0.0225
	[210/282] 	Train_Loss: 0.0256
	[280/282] 	Train_Loss: 0.0184
[0, 1, 2, 3, 4, 5, 6, 7, 8, 9, 10, 11, 12, 13, 14, 15, 16, 17, 18, 19, 20, 21, 22, 23, 24, 25, 26, 27, 28, 29, 30, 31, 32, 33, 34, 35, 36, 37, 38, 39, 40, 41, 42, 43, 44, 45, 46, 47, 48, 49, 50, 51, 52, 53, 54, 55, 56, 57, 58, 59, 60, 61, 62, 63, 64, 65, 66, 67, 68, 69, 70, 71, 72, 73, 74, 75, 76, 77, 78, 79, 80, 81, 82, 83, 84, 85, 86, 87, 88, 89, 90, 91, 92, 93, 94, 95, 96, 97, 98, 99, 100, 101, 102, 103, 104, 105, 106, 107, 108, 109, 110, 111, 112, 113, 114, 115, 116, 117, 118, 119, 120, 121, 122, 123, 124, 125, 126, 127, 128, 129, 130, 131, 132, 133]
Epoch 134/150 	Time: 49초               	Train_Loss: 0.0188 	Val_Loss: 0.0187
	[70/282] 	Train_Loss: 0.0296
	[140/282] 	Train_Loss: 0.0123
	[210/282] 	Train_Loss: 0.0124
	[280/282] 	Train_Loss: 0.0190
[0, 1, 2, 3, 4, 5, 6, 7, 8, 9, 10, 11, 12, 13, 14, 15, 16, 17, 18, 19, 20, 21, 22, 23, 24, 25, 26, 27, 28, 29, 30, 31, 32, 33, 34, 35, 36, 37, 38, 39, 40, 41, 42, 43, 44, 45, 46, 47, 48, 49, 50, 51, 52, 53, 54, 55, 56, 57, 58, 59, 60, 61, 62, 63, 64, 65, 66, 67, 68, 69, 70, 71, 72, 73, 74, 75, 76, 77, 78, 79, 80, 81, 82, 83, 84, 85, 86, 87, 88, 89, 90, 91, 92, 93, 94, 95, 96, 97, 98, 99, 100, 101, 102, 103, 104, 105, 106, 107, 108, 109, 110, 111, 112, 113, 114, 115, 116, 117, 118, 119, 120, 121, 122, 123, 124, 125, 126, 127, 128, 129, 130, 131, 132, 133, 134]
Epoch 135/150 	Time: 49초               	Train_Loss: 0.0191 	Val_Loss: 0.0185
	[70/282] 	Train_Loss: 0.0194
	[140/282] 	Train_Loss: 0.0194
	[210/282] 	Train_Loss: 0.0187
	[280/282] 	Train_Loss: 0.0246
[0, 1, 2, 3, 4, 5, 6, 7, 8, 9, 10, 11, 12, 13, 14, 15, 16, 17, 18, 19, 20, 21, 22, 23, 24, 25, 26, 27, 28, 29, 30, 31, 32, 33, 34, 35, 36, 37, 38, 39, 40, 41, 42, 43, 44, 45, 46, 47, 48, 49, 50, 51, 52, 53, 54, 55, 56, 57, 58, 59, 60, 61, 62, 63, 64, 65, 66, 67, 68, 69, 70, 71, 72, 73, 74, 75, 76, 77, 78, 79, 80, 81, 82, 83, 84, 85, 86, 87, 88, 89, 90, 91, 92, 93, 94, 95, 96, 97, 98, 99, 100, 101, 102, 103, 104, 105, 106, 107, 108, 109, 110, 111, 112, 113, 114, 115, 116, 117, 118, 119, 120, 121, 122, 123, 124, 125, 126, 127, 128, 129, 130, 131, 132, 133, 134, 135]
Epoch 136/150 	Time: 49초               	Train_Loss: 0.0191 	Val_Loss: 0.0187
	[70/282] 	Train_Loss: 0.0188
	[140/282] 	Train_Loss: 0.0217
	[210/282] 	Train_Loss: 0.0182
	[280/282] 	Train_Loss: 0.0148
[0, 1, 2, 3, 4, 5, 6, 7, 8, 9, 10, 11, 12, 13, 14, 15, 16, 17, 18, 19, 20, 21, 22, 23, 24, 25, 26, 27, 28, 29, 30, 31, 32, 33, 34, 35, 36, 37, 38, 39, 40, 41, 42, 43, 44, 45, 46, 47, 48, 49, 50, 51, 52, 53, 54, 55, 56, 57, 58, 59, 60, 61, 62, 63, 64, 65, 66, 67, 68, 69, 70, 71, 72, 73, 74, 75, 76, 77, 78, 79, 80, 81, 82, 83, 84, 85, 86, 87, 88, 89, 90, 91, 92, 93, 94, 95, 96, 97, 98, 99, 100, 101, 102, 103, 104, 105, 106, 107, 108, 109, 110, 111, 112, 113, 114, 115, 116, 117, 118, 119, 120, 121, 122, 123, 124, 125, 126, 127, 128, 129, 130, 131, 132, 133, 134, 135, 136]
Epoch 137/150 	Time: 49초               	Train_Loss: 0.0190 	Val_Loss: 0.0199
	[70/282] 	Train_Loss: 0.0150
	[140/282] 	Train_Loss: 0.0160
	[210/282] 	Train_Loss: 0.0153
	[280/282] 	Train_Loss: 0.0239
[0, 1, 2, 3, 4, 5, 6, 7, 8, 9, 10, 11, 12, 13, 14, 15, 16, 17, 18, 19, 20, 21, 22, 23, 24, 25, 26, 27, 28, 29, 30, 31, 32, 33, 34, 35, 36, 37, 38, 39, 40, 41, 42, 43, 44, 45, 46, 47, 48, 49, 50, 51, 52, 53, 54, 55, 56, 57, 58, 59, 60, 61, 62, 63, 64, 65, 66, 67, 68, 69, 70, 71, 72, 73, 74, 75, 76, 77, 78, 79, 80, 81, 82, 83, 84, 85, 86, 87, 88, 89, 90, 91, 92, 93, 94, 95, 96, 97, 98, 99, 100, 101, 102, 103, 104, 105, 106, 107, 108, 109, 110, 111, 112, 113, 114, 115, 116, 117, 118, 119, 120, 121, 122, 123, 124, 125, 126, 127, 128, 129, 130, 131, 132, 133, 134, 135, 136, 137]
Epoch 138/150 	Time: 49초               	Train_Loss: 0.0187 	Val_Loss: 0.0189
	[70/282] 	Train_Loss: 0.0208
	[140/282] 	Train_Loss: 0.0189
	[210/282] 	Train_Loss: 0.0129
	[280/282] 	Train_Loss: 0.0199
[0, 1, 2, 3, 4, 5, 6, 7, 8, 9, 10, 11, 12, 13, 14, 15, 16, 17, 18, 19, 20, 21, 22, 23, 24, 25, 26, 27, 28, 29, 30, 31, 32, 33, 34, 35, 36, 37, 38, 39, 40, 41, 42, 43, 44, 45, 46, 47, 48, 49, 50, 51, 52, 53, 54, 55, 56, 57, 58, 59, 60, 61, 62, 63, 64, 65, 66, 67, 68, 69, 70, 71, 72, 73, 74, 75, 76, 77, 78, 79, 80, 81, 82, 83, 84, 85, 86, 87, 88, 89, 90, 91, 92, 93, 94, 95, 96, 97, 98, 99, 100, 101, 102, 103, 104, 105, 106, 107, 108, 109, 110, 111, 112, 113, 114, 115, 116, 117, 118, 119, 120, 121, 122, 123, 124, 125, 126, 127, 128, 129, 130, 131, 132, 133, 134, 135, 136, 137, 138]
Epoch 139/150 	Time: 49초               	Train_Loss: 0.0188 	Val_Loss: 0.0185
	[70/282] 	Train_Loss: 0.0189
	[140/282] 	Train_Loss: 0.0215
	[210/282] 	Train_Loss: 0.0188
	[280/282] 	Train_Loss: 0.0128
[0, 1, 2, 3, 4, 5, 6, 7, 8, 9, 10, 11, 12, 13, 14, 15, 16, 17, 18, 19, 20, 21, 22, 23, 24, 25, 26, 27, 28, 29, 30, 31, 32, 33, 34, 35, 36, 37, 38, 39, 40, 41, 42, 43, 44, 45, 46, 47, 48, 49, 50, 51, 52, 53, 54, 55, 56, 57, 58, 59, 60, 61, 62, 63, 64, 65, 66, 67, 68, 69, 70, 71, 72, 73, 74, 75, 76, 77, 78, 79, 80, 81, 82, 83, 84, 85, 86, 87, 88, 89, 90, 91, 92, 93, 94, 95, 96, 97, 98, 99, 100, 101, 102, 103, 104, 105, 106, 107, 108, 109, 110, 111, 112, 113, 114, 115, 116, 117, 118, 119, 120, 121, 122, 123, 124, 125, 126, 127, 128, 129, 130, 131, 132, 133, 134, 135, 136, 137, 138, 139]
Epoch 140/150 	Time: 49초               	Train_Loss: 0.0190 	Val_Loss: 0.0193
	[70/282] 	Train_Loss: 0.0226
	[140/282] 	Train_Loss: 0.0174
	[210/282] 	Train_Loss: 0.0217
	[280/282] 	Train_Loss: 0.0184
[0, 1, 2, 3, 4, 5, 6, 7, 8, 9, 10, 11, 12, 13, 14, 15, 16, 17, 18, 19, 20, 21, 22, 23, 24, 25, 26, 27, 28, 29, 30, 31, 32, 33, 34, 35, 36, 37, 38, 39, 40, 41, 42, 43, 44, 45, 46, 47, 48, 49, 50, 51, 52, 53, 54, 55, 56, 57, 58, 59, 60, 61, 62, 63, 64, 65, 66, 67, 68, 69, 70, 71, 72, 73, 74, 75, 76, 77, 78, 79, 80, 81, 82, 83, 84, 85, 86, 87, 88, 89, 90, 91, 92, 93, 94, 95, 96, 97, 98, 99, 100, 101, 102, 103, 104, 105, 106, 107, 108, 109, 110, 111, 112, 113, 114, 115, 116, 117, 118, 119, 120, 121, 122, 123, 124, 125, 126, 127, 128, 129, 130, 131, 132, 133, 134, 135, 136, 137, 138, 139, 140]
Epoch 141/150 	Time: 49초               	Train_Loss: 0.0186 	Val_Loss: 0.0185
	[70/282] 	Train_Loss: 0.0159
	[140/282] 	Train_Loss: 0.0149
	[210/282] 	Train_Loss: 0.0174
	[280/282] 	Train_Loss: 0.0300
[0, 1, 2, 3, 4, 5, 6, 7, 8, 9, 10, 11, 12, 13, 14, 15, 16, 17, 18, 19, 20, 21, 22, 23, 24, 25, 26, 27, 28, 29, 30, 31, 32, 33, 34, 35, 36, 37, 38, 39, 40, 41, 42, 43, 44, 45, 46, 47, 48, 49, 50, 51, 52, 53, 54, 55, 56, 57, 58, 59, 60, 61, 62, 63, 64, 65, 66, 67, 68, 69, 70, 71, 72, 73, 74, 75, 76, 77, 78, 79, 80, 81, 82, 83, 84, 85, 86, 87, 88, 89, 90, 91, 92, 93, 94, 95, 96, 97, 98, 99, 100, 101, 102, 103, 104, 105, 106, 107, 108, 109, 110, 111, 112, 113, 114, 115, 116, 117, 118, 119, 120, 121, 122, 123, 124, 125, 126, 127, 128, 129, 130, 131, 132, 133, 134, 135, 136, 137, 138, 139, 140, 141]
Epoch 142/150 	Time: 49초               	Train_Loss: 0.0189 	Val_Loss: 0.0197
	[70/282] 	Train_Loss: 0.0227
	[140/282] 	Train_Loss: 0.0119
	[210/282] 	Train_Loss: 0.0186
	[280/282] 	Train_Loss: 0.0193
[0, 1, 2, 3, 4, 5, 6, 7, 8, 9, 10, 11, 12, 13, 14, 15, 16, 17, 18, 19, 20, 21, 22, 23, 24, 25, 26, 27, 28, 29, 30, 31, 32, 33, 34, 35, 36, 37, 38, 39, 40, 41, 42, 43, 44, 45, 46, 47, 48, 49, 50, 51, 52, 53, 54, 55, 56, 57, 58, 59, 60, 61, 62, 63, 64, 65, 66, 67, 68, 69, 70, 71, 72, 73, 74, 75, 76, 77, 78, 79, 80, 81, 82, 83, 84, 85, 86, 87, 88, 89, 90, 91, 92, 93, 94, 95, 96, 97, 98, 99, 100, 101, 102, 103, 104, 105, 106, 107, 108, 109, 110, 111, 112, 113, 114, 115, 116, 117, 118, 119, 120, 121, 122, 123, 124, 125, 126, 127, 128, 129, 130, 131, 132, 133, 134, 135, 136, 137, 138, 139, 140, 141, 142]
Epoch 143/150 	Time: 49초               	Train_Loss: 0.0191 	Val_Loss: 0.0186
	[70/282] 	Train_Loss: 0.0185
	[140/282] 	Train_Loss: 0.0252
	[210/282] 	Train_Loss: 0.0116
	[280/282] 	Train_Loss: 0.0244
[0, 1, 2, 3, 4, 5, 6, 7, 8, 9, 10, 11, 12, 13, 14, 15, 16, 17, 18, 19, 20, 21, 22, 23, 24, 25, 26, 27, 28, 29, 30, 31, 32, 33, 34, 35, 36, 37, 38, 39, 40, 41, 42, 43, 44, 45, 46, 47, 48, 49, 50, 51, 52, 53, 54, 55, 56, 57, 58, 59, 60, 61, 62, 63, 64, 65, 66, 67, 68, 69, 70, 71, 72, 73, 74, 75, 76, 77, 78, 79, 80, 81, 82, 83, 84, 85, 86, 87, 88, 89, 90, 91, 92, 93, 94, 95, 96, 97, 98, 99, 100, 101, 102, 103, 104, 105, 106, 107, 108, 109, 110, 111, 112, 113, 114, 115, 116, 117, 118, 119, 120, 121, 122, 123, 124, 125, 126, 127, 128, 129, 130, 131, 132, 133, 134, 135, 136, 137, 138, 139, 140, 141, 142, 143]
Epoch 144/150 	Time: 49초               	Train_Loss: 0.0190 	Val_Loss: 0.0197
	[70/282] 	Train_Loss: 0.0203
	[140/282] 	Train_Loss: 0.0175
	[210/282] 	Train_Loss: 0.0188
	[280/282] 	Train_Loss: 0.0175
[0, 1, 2, 3, 4, 5, 6, 7, 8, 9, 10, 11, 12, 13, 14, 15, 16, 17, 18, 19, 20, 21, 22, 23, 24, 25, 26, 27, 28, 29, 30, 31, 32, 33, 34, 35, 36, 37, 38, 39, 40, 41, 42, 43, 44, 45, 46, 47, 48, 49, 50, 51, 52, 53, 54, 55, 56, 57, 58, 59, 60, 61, 62, 63, 64, 65, 66, 67, 68, 69, 70, 71, 72, 73, 74, 75, 76, 77, 78, 79, 80, 81, 82, 83, 84, 85, 86, 87, 88, 89, 90, 91, 92, 93, 94, 95, 96, 97, 98, 99, 100, 101, 102, 103, 104, 105, 106, 107, 108, 109, 110, 111, 112, 113, 114, 115, 116, 117, 118, 119, 120, 121, 122, 123, 124, 125, 126, 127, 128, 129, 130, 131, 132, 133, 134, 135, 136, 137, 138, 139, 140, 141, 142, 143, 144]
Epoch 145/150 	Time: 49초               	Train_Loss: 0.0193 	Val_Loss: 0.0198
	[70/282] 	Train_Loss: 0.0238
	[140/282] 	Train_Loss: 0.0154
	[210/282] 	Train_Loss: 0.0279
	[280/282] 	Train_Loss: 0.0137
[0, 1, 2, 3, 4, 5, 6, 7, 8, 9, 10, 11, 12, 13, 14, 15, 16, 17, 18, 19, 20, 21, 22, 23, 24, 25, 26, 27, 28, 29, 30, 31, 32, 33, 34, 35, 36, 37, 38, 39, 40, 41, 42, 43, 44, 45, 46, 47, 48, 49, 50, 51, 52, 53, 54, 55, 56, 57, 58, 59, 60, 61, 62, 63, 64, 65, 66, 67, 68, 69, 70, 71, 72, 73, 74, 75, 76, 77, 78, 79, 80, 81, 82, 83, 84, 85, 86, 87, 88, 89, 90, 91, 92, 93, 94, 95, 96, 97, 98, 99, 100, 101, 102, 103, 104, 105, 106, 107, 108, 109, 110, 111, 112, 113, 114, 115, 116, 117, 118, 119, 120, 121, 122, 123, 124, 125, 126, 127, 128, 129, 130, 131, 132, 133, 134, 135, 136, 137, 138, 139, 140, 141, 142, 143, 144, 145]
Epoch 146/150 	Time: 49초               	Train_Loss: 0.0190 	Val_Loss: 0.0185
	[70/282] 	Train_Loss: 0.0168
	[140/282] 	Train_Loss: 0.0142
	[210/282] 	Train_Loss: 0.0186
	[280/282] 	Train_Loss: 0.0256
[0, 1, 2, 3, 4, 5, 6, 7, 8, 9, 10, 11, 12, 13, 14, 15, 16, 17, 18, 19, 20, 21, 22, 23, 24, 25, 26, 27, 28, 29, 30, 31, 32, 33, 34, 35, 36, 37, 38, 39, 40, 41, 42, 43, 44, 45, 46, 47, 48, 49, 50, 51, 52, 53, 54, 55, 56, 57, 58, 59, 60, 61, 62, 63, 64, 65, 66, 67, 68, 69, 70, 71, 72, 73, 74, 75, 76, 77, 78, 79, 80, 81, 82, 83, 84, 85, 86, 87, 88, 89, 90, 91, 92, 93, 94, 95, 96, 97, 98, 99, 100, 101, 102, 103, 104, 105, 106, 107, 108, 109, 110, 111, 112, 113, 114, 115, 116, 117, 118, 119, 120, 121, 122, 123, 124, 125, 126, 127, 128, 129, 130, 131, 132, 133, 134, 135, 136, 137, 138, 139, 140, 141, 142, 143, 144, 145, 146]
Epoch 147/150 	Time: 49초               	Train_Loss: 0.0189 	Val_Loss: 0.0188
	[70/282] 	Train_Loss: 0.0206
	[140/282] 	Train_Loss: 0.0180
	[210/282] 	Train_Loss: 0.0174
	[280/282] 	Train_Loss: 0.0127
[0, 1, 2, 3, 4, 5, 6, 7, 8, 9, 10, 11, 12, 13, 14, 15, 16, 17, 18, 19, 20, 21, 22, 23, 24, 25, 26, 27, 28, 29, 30, 31, 32, 33, 34, 35, 36, 37, 38, 39, 40, 41, 42, 43, 44, 45, 46, 47, 48, 49, 50, 51, 52, 53, 54, 55, 56, 57, 58, 59, 60, 61, 62, 63, 64, 65, 66, 67, 68, 69, 70, 71, 72, 73, 74, 75, 76, 77, 78, 79, 80, 81, 82, 83, 84, 85, 86, 87, 88, 89, 90, 91, 92, 93, 94, 95, 96, 97, 98, 99, 100, 101, 102, 103, 104, 105, 106, 107, 108, 109, 110, 111, 112, 113, 114, 115, 116, 117, 118, 119, 120, 121, 122, 123, 124, 125, 126, 127, 128, 129, 130, 131, 132, 133, 134, 135, 136, 137, 138, 139, 140, 141, 142, 143, 144, 145, 146, 147]
Epoch 148/150 	Time: 49초               	Train_Loss: 0.0191 	Val_Loss: 0.0188
	[70/282] 	Train_Loss: 0.0161
	[140/282] 	Train_Loss: 0.0164
	[210/282] 	Train_Loss: 0.0167
	[280/282] 	Train_Loss: 0.0188
[0, 1, 2, 3, 4, 5, 6, 7, 8, 9, 10, 11, 12, 13, 14, 15, 16, 17, 18, 19, 20, 21, 22, 23, 24, 25, 26, 27, 28, 29, 30, 31, 32, 33, 34, 35, 36, 37, 38, 39, 40, 41, 42, 43, 44, 45, 46, 47, 48, 49, 50, 51, 52, 53, 54, 55, 56, 57, 58, 59, 60, 61, 62, 63, 64, 65, 66, 67, 68, 69, 70, 71, 72, 73, 74, 75, 76, 77, 78, 79, 80, 81, 82, 83, 84, 85, 86, 87, 88, 89, 90, 91, 92, 93, 94, 95, 96, 97, 98, 99, 100, 101, 102, 103, 104, 105, 106, 107, 108, 109, 110, 111, 112, 113, 114, 115, 116, 117, 118, 119, 120, 121, 122, 123, 124, 125, 126, 127, 128, 129, 130, 131, 132, 133, 134, 135, 136, 137, 138, 139, 140, 141, 142, 143, 144, 145, 146, 147, 148]
Epoch 149/150 	Time: 49초               	Train_Loss: 0.0186 	Val_Loss: 0.0191
	[70/282] 	Train_Loss: 0.0255
	[140/282] 	Train_Loss: 0.0331
	[210/282] 	Train_Loss: 0.0201
	[280/282] 	Train_Loss: 0.0325
[0, 1, 2, 3, 4, 5, 6, 7, 8, 9, 10, 11, 12, 13, 14, 15, 16, 17, 18, 19, 20, 21, 22, 23, 24, 25, 26, 27, 28, 29, 30, 31, 32, 33, 34, 35, 36, 37, 38, 39, 40, 41, 42, 43, 44, 45, 46, 47, 48, 49, 50, 51, 52, 53, 54, 55, 56, 57, 58, 59, 60, 61, 62, 63, 64, 65, 66, 67, 68, 69, 70, 71, 72, 73, 74, 75, 76, 77, 78, 79, 80, 81, 82, 83, 84, 85, 86, 87, 88, 89, 90, 91, 92, 93, 94, 95, 96, 97, 98, 99, 100, 101, 102, 103, 104, 105, 106, 107, 108, 109, 110, 111, 112, 113, 114, 115, 116, 117, 118, 119, 120, 121, 122, 123, 124, 125, 126, 127, 128, 129, 130, 131, 132, 133, 134, 135, 136, 137, 138, 139, 140, 141, 142, 143, 144, 145, 146, 147, 148, 149]
Epoch 150/150 	Time: 49초               	Train_Loss: 0.0188 	Val_Loss: 0.0195
훈련 소요 시간: 2시간 2분 15초
done
