activate torch environment
mlp Activated Successfully
20230521-12:24:16
running: cuda, 	Model: DnCNN 	epoch: 150,            	batch: 32, 	lr: 0.001 	Summary: False
./save/best_DnCNN_model4.pth
./loss/DnCNN_model1.pth
Train Size : 9000 	Validattion Size : 1000
모든 parameter 개수기준임
Number of parameters: 559363
10M 1천만보다 9440637개 여유 있음...
grad인 parameter 개수기준임
Number of parameters: 559363
10M 1천만보다 9440637개 여유 있음...
모델 학습 시작
torch.Size([32, 3, 128, 128]) torch.Size([32, 3, 128, 128])
	[70/282] 	Train_Loss: 0.0430
	[140/282] 	Train_Loss: 0.0467
	[210/282] 	Train_Loss: 0.0329
	[280/282] 	Train_Loss: 0.0346
Epoch 1/150 	Time: 52초               	Train_Loss: 0.0398 	Val_Loss: 0.0407
1epoch 모델 저장 완료
	[70/282] 	Train_Loss: 0.0315
	[140/282] 	Train_Loss: 0.0378
	[210/282] 	Train_Loss: 0.0288
	[280/282] 	Train_Loss: 0.0262
Epoch 2/150 	Time: 49초               	Train_Loss: 0.0347 	Val_Loss: 0.0336
2epoch 모델 저장 완료
	[70/282] 	Train_Loss: 0.0266
	[140/282] 	Train_Loss: 0.0267
	[210/282] 	Train_Loss: 0.0290
	[280/282] 	Train_Loss: 0.0311
Epoch 3/150 	Time: 49초               	Train_Loss: 0.0328 	Val_Loss: 0.0330
3epoch 모델 저장 완료
	[70/282] 	Train_Loss: 0.0286
	[140/282] 	Train_Loss: 0.0208
	[210/282] 	Train_Loss: 0.0285
	[280/282] 	Train_Loss: 0.0311
Epoch 4/150 	Time: 49초               	Train_Loss: 0.0309 	Val_Loss: 0.0304
4epoch 모델 저장 완료
	[70/282] 	Train_Loss: 0.0252
	[140/282] 	Train_Loss: 0.0189
	[210/282] 	Train_Loss: 0.0349
	[280/282] 	Train_Loss: 0.0320
Epoch 5/150 	Time: 49초               	Train_Loss: 0.0290 	Val_Loss: 0.0305
	[70/282] 	Train_Loss: 0.0348
	[140/282] 	Train_Loss: 0.0249
	[210/282] 	Train_Loss: 0.0237
	[280/282] 	Train_Loss: 0.0300
Epoch 6/150 	Time: 49초               	Train_Loss: 0.0294 	Val_Loss: 0.0329
	[70/282] 	Train_Loss: 0.0254
	[140/282] 	Train_Loss: 0.0288
	[210/282] 	Train_Loss: 0.0328
	[280/282] 	Train_Loss: 0.0239
Epoch 7/150 	Time: 49초               	Train_Loss: 0.0283 	Val_Loss: 0.0318
	[70/282] 	Train_Loss: 0.0301
	[140/282] 	Train_Loss: 0.0381
	[210/282] 	Train_Loss: 0.0351
	[280/282] 	Train_Loss: 0.0350
Epoch 8/150 	Time: 49초               	Train_Loss: 0.0282 	Val_Loss: 0.0287
8epoch 모델 저장 완료
	[70/282] 	Train_Loss: 0.0263
	[140/282] 	Train_Loss: 0.0201
	[210/282] 	Train_Loss: 0.0236
	[280/282] 	Train_Loss: 0.0172
Epoch 9/150 	Time: 49초               	Train_Loss: 0.0268 	Val_Loss: 0.0269
9epoch 모델 저장 완료
	[70/282] 	Train_Loss: 0.0276
	[140/282] 	Train_Loss: 0.0269
	[210/282] 	Train_Loss: 0.0318
	[280/282] 	Train_Loss: 0.0227
Epoch 10/150 	Time: 49초               	Train_Loss: 0.0275 	Val_Loss: 0.0259
10epoch 모델 저장 완료
	[70/282] 	Train_Loss: 0.0304
	[140/282] 	Train_Loss: 0.0362
	[210/282] 	Train_Loss: 0.0343
	[280/282] 	Train_Loss: 0.0287
Epoch 11/150 	Time: 49초               	Train_Loss: 0.0265 	Val_Loss: 0.0293
	[70/282] 	Train_Loss: 0.0387
	[140/282] 	Train_Loss: 0.0263
	[210/282] 	Train_Loss: 0.0210
	[280/282] 	Train_Loss: 0.0208
Epoch 12/150 	Time: 49초               	Train_Loss: 0.0264 	Val_Loss: 0.0271
	[70/282] 	Train_Loss: 0.0239
	[140/282] 	Train_Loss: 0.0253
	[210/282] 	Train_Loss: 0.0274
	[280/282] 	Train_Loss: 0.0246
Epoch 13/150 	Time: 49초               	Train_Loss: 0.0271 	Val_Loss: 0.0282
	[70/282] 	Train_Loss: 0.0170
	[140/282] 	Train_Loss: 0.0219
	[210/282] 	Train_Loss: 0.0223
	[280/282] 	Train_Loss: 0.0263
Epoch 14/150 	Time: 49초               	Train_Loss: 0.0258 	Val_Loss: 0.0287
	[70/282] 	Train_Loss: 0.0246
	[140/282] 	Train_Loss: 0.0154
	[210/282] 	Train_Loss: 0.0183
	[280/282] 	Train_Loss: 0.0230
Epoch 15/150 	Time: 49초               	Train_Loss: 0.0256 	Val_Loss: 0.0481
	[70/282] 	Train_Loss: 0.0391
	[140/282] 	Train_Loss: 0.0278
	[210/282] 	Train_Loss: 0.0389
	[280/282] 	Train_Loss: 0.0239
Epoch 16/150 	Time: 49초               	Train_Loss: 0.0258 	Val_Loss: 0.0287
	[70/282] 	Train_Loss: 0.0243
	[140/282] 	Train_Loss: 0.0192
	[210/282] 	Train_Loss: 0.0213
	[280/282] 	Train_Loss: 0.0218
Epoch 17/150 	Time: 49초               	Train_Loss: 0.0255 	Val_Loss: 0.0252
17epoch 모델 저장 완료
	[70/282] 	Train_Loss: 0.0197
	[140/282] 	Train_Loss: 0.0288
	[210/282] 	Train_Loss: 0.0185
	[280/282] 	Train_Loss: 0.0199
Epoch 18/150 	Time: 49초               	Train_Loss: 0.0259 	Val_Loss: 0.0238
18epoch 모델 저장 완료
	[70/282] 	Train_Loss: 0.0247
	[140/282] 	Train_Loss: 0.0228
	[210/282] 	Train_Loss: 0.0268
	[280/282] 	Train_Loss: 0.0322
Epoch 19/150 	Time: 49초               	Train_Loss: 0.0252 	Val_Loss: 0.0273
	[70/282] 	Train_Loss: 0.0191
	[140/282] 	Train_Loss: 0.0333
	[210/282] 	Train_Loss: 0.0267
	[280/282] 	Train_Loss: 0.0219
Epoch 20/150 	Time: 49초               	Train_Loss: 0.0259 	Val_Loss: 0.0260
	[70/282] 	Train_Loss: 0.0222
	[140/282] 	Train_Loss: 0.0146
	[210/282] 	Train_Loss: 0.0218
	[280/282] 	Train_Loss: 0.0205
Epoch 21/150 	Time: 49초               	Train_Loss: 0.0247 	Val_Loss: 0.0252
	[70/282] 	Train_Loss: 0.0246
	[140/282] 	Train_Loss: 0.0313
	[210/282] 	Train_Loss: 0.0179
	[280/282] 	Train_Loss: 0.0229
Epoch 22/150 	Time: 49초               	Train_Loss: 0.0251 	Val_Loss: 0.0238
	[70/282] 	Train_Loss: 0.0216
	[140/282] 	Train_Loss: 0.0314
	[210/282] 	Train_Loss: 0.0234
	[280/282] 	Train_Loss: 0.0193
Epoch 23/150 	Time: 49초               	Train_Loss: 0.0247 	Val_Loss: 0.0261
	[70/282] 	Train_Loss: 0.0245
	[140/282] 	Train_Loss: 0.0192
	[210/282] 	Train_Loss: 0.0244
	[280/282] 	Train_Loss: 0.0162
Epoch 24/150 	Time: 49초               	Train_Loss: 0.0243 	Val_Loss: 0.0295
	[70/282] 	Train_Loss: 0.0193
	[140/282] 	Train_Loss: 0.0181
	[210/282] 	Train_Loss: 0.0218
	[280/282] 	Train_Loss: 0.0188
Epoch 25/150 	Time: 49초               	Train_Loss: 0.0243 	Val_Loss: 0.0240
	[70/282] 	Train_Loss: 0.0233
	[140/282] 	Train_Loss: 0.0191
	[210/282] 	Train_Loss: 0.0309
	[280/282] 	Train_Loss: 0.0240
Epoch 26/150 	Time: 49초               	Train_Loss: 0.0237 	Val_Loss: 0.0360
	[70/282] 	Train_Loss: 0.0253
	[140/282] 	Train_Loss: 0.0231
	[210/282] 	Train_Loss: 0.0208
	[280/282] 	Train_Loss: 0.0174
Epoch 27/150 	Time: 49초               	Train_Loss: 0.0239 	Val_Loss: 0.0240
	[70/282] 	Train_Loss: 0.0189
	[140/282] 	Train_Loss: 0.0191
	[210/282] 	Train_Loss: 0.0214
	[280/282] 	Train_Loss: 0.0332
Epoch 28/150 	Time: 49초               	Train_Loss: 0.0239 	Val_Loss: 0.0250
	[70/282] 	Train_Loss: 0.0172
	[140/282] 	Train_Loss: 0.0204
	[210/282] 	Train_Loss: 0.0239
	[280/282] 	Train_Loss: 0.0263
Epoch 29/150 	Time: 49초               	Train_Loss: 0.0238 	Val_Loss: 0.0251
	[70/282] 	Train_Loss: 0.0165
	[140/282] 	Train_Loss: 0.0282
	[210/282] 	Train_Loss: 0.0245
	[280/282] 	Train_Loss: 0.0269
Epoch 30/150 	Time: 49초               	Train_Loss: 0.0234 	Val_Loss: 0.0229
30epoch 모델 저장 완료
	[70/282] 	Train_Loss: 0.0202
	[140/282] 	Train_Loss: 0.0157
	[210/282] 	Train_Loss: 0.0164
	[280/282] 	Train_Loss: 0.0207
Epoch 31/150 	Time: 49초               	Train_Loss: 0.0238 	Val_Loss: 0.0255
	[70/282] 	Train_Loss: 0.0316
	[140/282] 	Train_Loss: 0.0182
	[210/282] 	Train_Loss: 0.0226
	[280/282] 	Train_Loss: 0.0216
Epoch 32/150 	Time: 49초               	Train_Loss: 0.0238 	Val_Loss: 0.0266
	[70/282] 	Train_Loss: 0.0205
	[140/282] 	Train_Loss: 0.0189
	[210/282] 	Train_Loss: 0.0237
	[280/282] 	Train_Loss: 0.0192
Epoch 33/150 	Time: 49초               	Train_Loss: 0.0229 	Val_Loss: 0.0245
	[70/282] 	Train_Loss: 0.0290
	[140/282] 	Train_Loss: 0.0280
	[210/282] 	Train_Loss: 0.0259
	[280/282] 	Train_Loss: 0.0282
Epoch 34/150 	Time: 49초               	Train_Loss: 0.0234 	Val_Loss: 0.0234
	[70/282] 	Train_Loss: 0.0203
	[140/282] 	Train_Loss: 0.0193
	[210/282] 	Train_Loss: 0.0230
	[280/282] 	Train_Loss: 0.0287
Epoch 35/150 	Time: 49초               	Train_Loss: 0.0233 	Val_Loss: 0.0237
	[70/282] 	Train_Loss: 0.0203
	[140/282] 	Train_Loss: 0.0218
	[210/282] 	Train_Loss: 0.0182
	[280/282] 	Train_Loss: 0.0216
Epoch 36/150 	Time: 49초               	Train_Loss: 0.0229 	Val_Loss: 0.0229
	[70/282] 	Train_Loss: 0.0217
	[140/282] 	Train_Loss: 0.0199
	[210/282] 	Train_Loss: 0.0212
	[280/282] 	Train_Loss: 0.0284
Epoch 37/150 	Time: 49초               	Train_Loss: 0.0232 	Val_Loss: 0.0241
	[70/282] 	Train_Loss: 0.0201
	[140/282] 	Train_Loss: 0.0273
	[210/282] 	Train_Loss: 0.0153
	[280/282] 	Train_Loss: 0.0232
Epoch 38/150 	Time: 49초               	Train_Loss: 0.0223 	Val_Loss: 0.0225
38epoch 모델 저장 완료
	[70/282] 	Train_Loss: 0.0267
	[140/282] 	Train_Loss: 0.0212
	[210/282] 	Train_Loss: 0.0232
	[280/282] 	Train_Loss: 0.0319
Epoch 39/150 	Time: 49초               	Train_Loss: 0.0222 	Val_Loss: 0.0236
	[70/282] 	Train_Loss: 0.0236
	[140/282] 	Train_Loss: 0.0173
	[210/282] 	Train_Loss: 0.0223
	[280/282] 	Train_Loss: 0.0226
Epoch 40/150 	Time: 49초               	Train_Loss: 0.0225 	Val_Loss: 0.0241
	[70/282] 	Train_Loss: 0.0249
	[140/282] 	Train_Loss: 0.0270
	[210/282] 	Train_Loss: 0.0207
	[280/282] 	Train_Loss: 0.0211
Epoch 41/150 	Time: 49초               	Train_Loss: 0.0220 	Val_Loss: 0.0229
	[70/282] 	Train_Loss: 0.0163
	[140/282] 	Train_Loss: 0.0184
	[210/282] 	Train_Loss: 0.0198
	[280/282] 	Train_Loss: 0.0276
Epoch 42/150 	Time: 49초               	Train_Loss: 0.0215 	Val_Loss: 0.0234
	[70/282] 	Train_Loss: 0.0350
	[140/282] 	Train_Loss: 0.0154
	[210/282] 	Train_Loss: 0.0176
	[280/282] 	Train_Loss: 0.0348
Epoch 43/150 	Time: 49초               	Train_Loss: 0.0216 	Val_Loss: 0.0209
43epoch 모델 저장 완료
	[70/282] 	Train_Loss: 0.0173
	[140/282] 	Train_Loss: 0.0216
	[210/282] 	Train_Loss: 0.0250
	[280/282] 	Train_Loss: 0.0236
Epoch 44/150 	Time: 49초               	Train_Loss: 0.0216 	Val_Loss: 0.0215
	[70/282] 	Train_Loss: 0.0171
	[140/282] 	Train_Loss: 0.0213
	[210/282] 	Train_Loss: 0.0210
	[280/282] 	Train_Loss: 0.0379
Epoch 45/150 	Time: 49초               	Train_Loss: 0.0217 	Val_Loss: 0.0225
	[70/282] 	Train_Loss: 0.0218
	[140/282] 	Train_Loss: 0.0332
	[210/282] 	Train_Loss: 0.0297
	[280/282] 	Train_Loss: 0.0290
Epoch 46/150 	Time: 49초               	Train_Loss: 0.0219 	Val_Loss: 0.0219
	[70/282] 	Train_Loss: 0.0204
	[140/282] 	Train_Loss: 0.0336
	[210/282] 	Train_Loss: 0.0217
	[280/282] 	Train_Loss: 0.0184
Epoch 47/150 	Time: 49초               	Train_Loss: 0.0214 	Val_Loss: 0.0233
	[70/282] 	Train_Loss: 0.0213
	[140/282] 	Train_Loss: 0.0209
	[210/282] 	Train_Loss: 0.0246
	[280/282] 	Train_Loss: 0.0173
Epoch 48/150 	Time: 49초               	Train_Loss: 0.0214 	Val_Loss: 0.0234
	[70/282] 	Train_Loss: 0.0215
	[140/282] 	Train_Loss: 0.0183
	[210/282] 	Train_Loss: 0.0218
	[280/282] 	Train_Loss: 0.0266
Epoch 49/150 	Time: 49초               	Train_Loss: 0.0209 	Val_Loss: 0.0216
	[70/282] 	Train_Loss: 0.0202
	[140/282] 	Train_Loss: 0.0202
	[210/282] 	Train_Loss: 0.0200
	[280/282] 	Train_Loss: 0.0144
Epoch 50/150 	Time: 49초               	Train_Loss: 0.0215 	Val_Loss: 0.0230
	[70/282] 	Train_Loss: 0.0180
	[140/282] 	Train_Loss: 0.0258
	[210/282] 	Train_Loss: 0.0167
	[280/282] 	Train_Loss: 0.0290
Epoch 51/150 	Time: 49초               	Train_Loss: 0.0212 	Val_Loss: 0.0217
	[70/282] 	Train_Loss: 0.0208
	[140/282] 	Train_Loss: 0.0335
	[210/282] 	Train_Loss: 0.0210
	[280/282] 	Train_Loss: 0.0205
Epoch 52/150 	Time: 49초               	Train_Loss: 0.0209 	Val_Loss: 0.0215
	[70/282] 	Train_Loss: 0.0198
	[140/282] 	Train_Loss: 0.0135
	[210/282] 	Train_Loss: 0.0198
	[280/282] 	Train_Loss: 0.0172
Epoch 53/150 	Time: 49초               	Train_Loss: 0.0211 	Val_Loss: 0.0221
	[70/282] 	Train_Loss: 0.0256
	[140/282] 	Train_Loss: 0.0205
	[210/282] 	Train_Loss: 0.0174
	[280/282] 	Train_Loss: 0.0371
Epoch 54/150 	Time: 49초               	Train_Loss: 0.0217 	Val_Loss: 0.0214
	[70/282] 	Train_Loss: 0.0169
	[140/282] 	Train_Loss: 0.0213
	[210/282] 	Train_Loss: 0.0186
	[280/282] 	Train_Loss: 0.0258
Epoch 55/150 	Time: 49초               	Train_Loss: 0.0205 	Val_Loss: 0.0213
	[70/282] 	Train_Loss: 0.0170
	[140/282] 	Train_Loss: 0.0338
	[210/282] 	Train_Loss: 0.0162
	[280/282] 	Train_Loss: 0.0255
Epoch 56/150 	Time: 49초               	Train_Loss: 0.0210 	Val_Loss: 0.0218
	[70/282] 	Train_Loss: 0.0233
	[140/282] 	Train_Loss: 0.0267
	[210/282] 	Train_Loss: 0.0187
	[280/282] 	Train_Loss: 0.0337
Epoch 57/150 	Time: 49초               	Train_Loss: 0.0206 	Val_Loss: 0.0227
	[70/282] 	Train_Loss: 0.0188
	[140/282] 	Train_Loss: 0.0197
	[210/282] 	Train_Loss: 0.0209
	[280/282] 	Train_Loss: 0.0227
Epoch 58/150 	Time: 49초               	Train_Loss: 0.0205 	Val_Loss: 0.0215
	[70/282] 	Train_Loss: 0.0175
	[140/282] 	Train_Loss: 0.0166
	[210/282] 	Train_Loss: 0.0256
	[280/282] 	Train_Loss: 0.0217
Epoch 59/150 	Time: 49초               	Train_Loss: 0.0211 	Val_Loss: 0.0225
	[70/282] 	Train_Loss: 0.0178
	[140/282] 	Train_Loss: 0.0146
	[210/282] 	Train_Loss: 0.0180
	[280/282] 	Train_Loss: 0.0345
Epoch 60/150 	Time: 49초               	Train_Loss: 0.0205 	Val_Loss: 0.0216
	[70/282] 	Train_Loss: 0.0420
	[140/282] 	Train_Loss: 0.0167
	[210/282] 	Train_Loss: 0.0170
	[280/282] 	Train_Loss: 0.0140
Epoch 61/150 	Time: 49초               	Train_Loss: 0.0209 	Val_Loss: 0.0248
	[70/282] 	Train_Loss: 0.0244
	[140/282] 	Train_Loss: 0.0278
	[210/282] 	Train_Loss: 0.0195
	[280/282] 	Train_Loss: 0.0161
Epoch 62/150 	Time: 49초               	Train_Loss: 0.0208 	Val_Loss: 0.0209
	[70/282] 	Train_Loss: 0.0242
	[140/282] 	Train_Loss: 0.0211
	[210/282] 	Train_Loss: 0.0182
	[280/282] 	Train_Loss: 0.0217
Epoch 63/150 	Time: 49초               	Train_Loss: 0.0208 	Val_Loss: 0.0203
63epoch 모델 저장 완료
	[70/282] 	Train_Loss: 0.0226
	[140/282] 	Train_Loss: 0.0207
	[210/282] 	Train_Loss: 0.0229
	[280/282] 	Train_Loss: 0.0249
Epoch 64/150 	Time: 49초               	Train_Loss: 0.0206 	Val_Loss: 0.0210
	[70/282] 	Train_Loss: 0.0207
	[140/282] 	Train_Loss: 0.0224
	[210/282] 	Train_Loss: 0.0162
	[280/282] 	Train_Loss: 0.0211
Epoch 65/150 	Time: 49초               	Train_Loss: 0.0198 	Val_Loss: 0.0210
	[70/282] 	Train_Loss: 0.0181
	[140/282] 	Train_Loss: 0.0167
	[210/282] 	Train_Loss: 0.0196
	[280/282] 	Train_Loss: 0.0280
Epoch 66/150 	Time: 49초               	Train_Loss: 0.0205 	Val_Loss: 0.0210
	[70/282] 	Train_Loss: 0.0283
	[140/282] 	Train_Loss: 0.0149
	[210/282] 	Train_Loss: 0.0274
	[280/282] 	Train_Loss: 0.0146
Epoch 67/150 	Time: 49초               	Train_Loss: 0.0203 	Val_Loss: 0.0208
	[70/282] 	Train_Loss: 0.0174
	[140/282] 	Train_Loss: 0.0158
	[210/282] 	Train_Loss: 0.0212
	[280/282] 	Train_Loss: 0.0188
Epoch 68/150 	Time: 49초               	Train_Loss: 0.0201 	Val_Loss: 0.0211
	[70/282] 	Train_Loss: 0.0187
	[140/282] 	Train_Loss: 0.0183
	[210/282] 	Train_Loss: 0.0164
	[280/282] 	Train_Loss: 0.0200
Epoch 69/150 	Time: 49초               	Train_Loss: 0.0206 	Val_Loss: 0.0224
	[70/282] 	Train_Loss: 0.0165
	[140/282] 	Train_Loss: 0.0250
	[210/282] 	Train_Loss: 0.0215
	[280/282] 	Train_Loss: 0.0155
Epoch 70/150 	Time: 49초               	Train_Loss: 0.0200 	Val_Loss: 0.0217
	[70/282] 	Train_Loss: 0.0196
	[140/282] 	Train_Loss: 0.0235
	[210/282] 	Train_Loss: 0.0271
	[280/282] 	Train_Loss: 0.0209
Epoch 71/150 	Time: 49초               	Train_Loss: 0.0202 	Val_Loss: 0.0207
	[70/282] 	Train_Loss: 0.0179
	[140/282] 	Train_Loss: 0.0165
	[210/282] 	Train_Loss: 0.0180
	[280/282] 	Train_Loss: 0.0246
Epoch 72/150 	Time: 49초               	Train_Loss: 0.0195 	Val_Loss: 0.0211
	[70/282] 	Train_Loss: 0.0214
	[140/282] 	Train_Loss: 0.0275
	[210/282] 	Train_Loss: 0.0205
	[280/282] 	Train_Loss: 0.0214
Epoch 73/150 	Time: 49초               	Train_Loss: 0.0199 	Val_Loss: 0.0194
73epoch 모델 저장 완료
	[70/282] 	Train_Loss: 0.0196
	[140/282] 	Train_Loss: 0.0313
	[210/282] 	Train_Loss: 0.0191
	[280/282] 	Train_Loss: 0.0244
Epoch 74/150 	Time: 49초               	Train_Loss: 0.0203 	Val_Loss: 0.0211
	[70/282] 	Train_Loss: 0.0177
	[140/282] 	Train_Loss: 0.0258
	[210/282] 	Train_Loss: 0.0180
	[280/282] 	Train_Loss: 0.0178
Epoch 75/150 	Time: 49초               	Train_Loss: 0.0203 	Val_Loss: 0.0212
	[70/282] 	Train_Loss: 0.0351
	[140/282] 	Train_Loss: 0.0185
	[210/282] 	Train_Loss: 0.0170
	[280/282] 	Train_Loss: 0.0211
Epoch 76/150 	Time: 49초               	Train_Loss: 0.0202 	Val_Loss: 0.0209
	[70/282] 	Train_Loss: 0.0159
	[140/282] 	Train_Loss: 0.0376
	[210/282] 	Train_Loss: 0.0209
	[280/282] 	Train_Loss: 0.0190
Epoch 77/150 	Time: 49초               	Train_Loss: 0.0199 	Val_Loss: 0.0217
	[70/282] 	Train_Loss: 0.0307
	[140/282] 	Train_Loss: 0.0161
	[210/282] 	Train_Loss: 0.0167
	[280/282] 	Train_Loss: 0.0246
Epoch 78/150 	Time: 49초               	Train_Loss: 0.0200 	Val_Loss: 0.0191
78epoch 모델 저장 완료
	[70/282] 	Train_Loss: 0.0270
	[140/282] 	Train_Loss: 0.0187
	[210/282] 	Train_Loss: 0.0158
	[280/282] 	Train_Loss: 0.0231
Epoch 79/150 	Time: 49초               	Train_Loss: 0.0203 	Val_Loss: 0.0205
	[70/282] 	Train_Loss: 0.0174
	[140/282] 	Train_Loss: 0.0215
	[210/282] 	Train_Loss: 0.0166
	[280/282] 	Train_Loss: 0.0225
Epoch 80/150 	Time: 49초               	Train_Loss: 0.0195 	Val_Loss: 0.0210
	[70/282] 	Train_Loss: 0.0179
	[140/282] 	Train_Loss: 0.0184
	[210/282] 	Train_Loss: 0.0167
	[280/282] 	Train_Loss: 0.0192
Epoch 81/150 	Time: 49초               	Train_Loss: 0.0196 	Val_Loss: 0.0200
	[70/282] 	Train_Loss: 0.0223
	[140/282] 	Train_Loss: 0.0237
	[210/282] 	Train_Loss: 0.0401
	[280/282] 	Train_Loss: 0.0195
Epoch 82/150 	Time: 49초               	Train_Loss: 0.0200 	Val_Loss: 0.0192
	[70/282] 	Train_Loss: 0.0163
	[140/282] 	Train_Loss: 0.0270
	[210/282] 	Train_Loss: 0.0180
	[280/282] 	Train_Loss: 0.0155
Epoch 83/150 	Time: 49초               	Train_Loss: 0.0195 	Val_Loss: 0.0212
	[70/282] 	Train_Loss: 0.0227
	[140/282] 	Train_Loss: 0.0184
	[210/282] 	Train_Loss: 0.0139
	[280/282] 	Train_Loss: 0.0152
Epoch 84/150 	Time: 49초               	Train_Loss: 0.0192 	Val_Loss: 0.0198
	[70/282] 	Train_Loss: 0.0191
	[140/282] 	Train_Loss: 0.0292
	[210/282] 	Train_Loss: 0.0312
	[280/282] 	Train_Loss: 0.0197
Epoch 85/150 	Time: 49초               	Train_Loss: 0.0197 	Val_Loss: 0.0188
85epoch 모델 저장 완료
	[70/282] 	Train_Loss: 0.0148
	[140/282] 	Train_Loss: 0.0209
	[210/282] 	Train_Loss: 0.0212
	[280/282] 	Train_Loss: 0.0175
Epoch 86/150 	Time: 49초               	Train_Loss: 0.0199 	Val_Loss: 0.0188
	[70/282] 	Train_Loss: 0.0190
	[140/282] 	Train_Loss: 0.0154
	[210/282] 	Train_Loss: 0.0159
	[280/282] 	Train_Loss: 0.0135
Epoch 87/150 	Time: 49초               	Train_Loss: 0.0196 	Val_Loss: 0.0196
	[70/282] 	Train_Loss: 0.0170
	[140/282] 	Train_Loss: 0.0208
	[210/282] 	Train_Loss: 0.0192
	[280/282] 	Train_Loss: 0.0190
Epoch 88/150 	Time: 49초               	Train_Loss: 0.0190 	Val_Loss: 0.0197
	[70/282] 	Train_Loss: 0.0177
	[140/282] 	Train_Loss: 0.0167
	[210/282] 	Train_Loss: 0.0238
	[280/282] 	Train_Loss: 0.0228
Epoch 89/150 	Time: 49초               	Train_Loss: 0.0197 	Val_Loss: 0.0187
89epoch 모델 저장 완료
	[70/282] 	Train_Loss: 0.0129
	[140/282] 	Train_Loss: 0.0205
	[210/282] 	Train_Loss: 0.0160
	[280/282] 	Train_Loss: 0.0218
Epoch 90/150 	Time: 49초               	Train_Loss: 0.0193 	Val_Loss: 0.0192
	[70/282] 	Train_Loss: 0.0150
	[140/282] 	Train_Loss: 0.0183
	[210/282] 	Train_Loss: 0.0152
	[280/282] 	Train_Loss: 0.0295
Epoch 91/150 	Time: 49초               	Train_Loss: 0.0197 	Val_Loss: 0.0198
	[70/282] 	Train_Loss: 0.0159
	[140/282] 	Train_Loss: 0.0167
	[210/282] 	Train_Loss: 0.0247
	[280/282] 	Train_Loss: 0.0221
Epoch 92/150 	Time: 49초               	Train_Loss: 0.0194 	Val_Loss: 0.0202
	[70/282] 	Train_Loss: 0.0232
	[140/282] 	Train_Loss: 0.0258
	[210/282] 	Train_Loss: 0.0110
	[280/282] 	Train_Loss: 0.0155
Epoch 93/150 	Time: 49초               	Train_Loss: 0.0192 	Val_Loss: 0.0200
	[70/282] 	Train_Loss: 0.0301
	[140/282] 	Train_Loss: 0.0200
	[210/282] 	Train_Loss: 0.0236
	[280/282] 	Train_Loss: 0.0198
Epoch 94/150 	Time: 49초               	Train_Loss: 0.0193 	Val_Loss: 0.0267
	[70/282] 	Train_Loss: 0.0205
	[140/282] 	Train_Loss: 0.0148
	[210/282] 	Train_Loss: 0.0208
	[280/282] 	Train_Loss: 0.0181
Epoch 95/150 	Time: 49초               	Train_Loss: 0.0192 	Val_Loss: 0.0201
	[70/282] 	Train_Loss: 0.0244
	[140/282] 	Train_Loss: 0.0291
	[210/282] 	Train_Loss: 0.0175
	[280/282] 	Train_Loss: 0.0235
Epoch 96/150 	Time: 49초               	Train_Loss: 0.0195 	Val_Loss: 0.0187
	[70/282] 	Train_Loss: 0.0131
	[140/282] 	Train_Loss: 0.0137
	[210/282] 	Train_Loss: 0.0279
	[280/282] 	Train_Loss: 0.0227
Epoch 97/150 	Time: 49초               	Train_Loss: 0.0197 	Val_Loss: 0.0195
	[70/282] 	Train_Loss: 0.0210
	[140/282] 	Train_Loss: 0.0212
	[210/282] 	Train_Loss: 0.0165
	[280/282] 	Train_Loss: 0.0148
Epoch 98/150 	Time: 49초               	Train_Loss: 0.0197 	Val_Loss: 0.0196
	[70/282] 	Train_Loss: 0.0183
	[140/282] 	Train_Loss: 0.0158
	[210/282] 	Train_Loss: 0.0162
	[280/282] 	Train_Loss: 0.0214
Epoch 99/150 	Time: 49초               	Train_Loss: 0.0191 	Val_Loss: 0.0194
	[70/282] 	Train_Loss: 0.0237
	[140/282] 	Train_Loss: 0.0165
	[210/282] 	Train_Loss: 0.0174
	[280/282] 	Train_Loss: 0.0160
Epoch 100/150 	Time: 49초               	Train_Loss: 0.0194 	Val_Loss: 0.0203
	[70/282] 	Train_Loss: 0.0127
	[140/282] 	Train_Loss: 0.0207
	[210/282] 	Train_Loss: 0.0176
	[280/282] 	Train_Loss: 0.0164
Epoch 101/150 	Time: 49초               	Train_Loss: 0.0195 	Val_Loss: 0.0204
	[70/282] 	Train_Loss: 0.0173
	[140/282] 	Train_Loss: 0.0247
	[210/282] 	Train_Loss: 0.0150
	[280/282] 	Train_Loss: 0.0172
Epoch 102/150 	Time: 49초               	Train_Loss: 0.0191 	Val_Loss: 0.0198
	[70/282] 	Train_Loss: 0.0173
	[140/282] 	Train_Loss: 0.0156
	[210/282] 	Train_Loss: 0.0267
	[280/282] 	Train_Loss: 0.0174
Epoch 103/150 	Time: 49초               	Train_Loss: 0.0193 	Val_Loss: 0.0202
	[70/282] 	Train_Loss: 0.0157
	[140/282] 	Train_Loss: 0.0123
	[210/282] 	Train_Loss: 0.0193
	[280/282] 	Train_Loss: 0.0126
Epoch 104/150 	Time: 49초               	Train_Loss: 0.0197 	Val_Loss: 0.0197
	[70/282] 	Train_Loss: 0.0213
	[140/282] 	Train_Loss: 0.0235
	[210/282] 	Train_Loss: 0.0142
	[280/282] 	Train_Loss: 0.0177
Epoch 105/150 	Time: 49초               	Train_Loss: 0.0190 	Val_Loss: 0.0207
	[70/282] 	Train_Loss: 0.0164
	[140/282] 	Train_Loss: 0.0162
	[210/282] 	Train_Loss: 0.0240
	[280/282] 	Train_Loss: 0.0145
Epoch 106/150 	Time: 49초               	Train_Loss: 0.0194 	Val_Loss: 0.0189
	[70/282] 	Train_Loss: 0.0176
	[140/282] 	Train_Loss: 0.0146
	[210/282] 	Train_Loss: 0.0118
	[280/282] 	Train_Loss: 0.0228
Epoch 107/150 	Time: 49초               	Train_Loss: 0.0189 	Val_Loss: 0.0190
	[70/282] 	Train_Loss: 0.0130
	[140/282] 	Train_Loss: 0.0176
	[210/282] 	Train_Loss: 0.0199
	[280/282] 	Train_Loss: 0.0287
Epoch 108/150 	Time: 49초               	Train_Loss: 0.0195 	Val_Loss: 0.0200
	[70/282] 	Train_Loss: 0.0119
	[140/282] 	Train_Loss: 0.0157
	[210/282] 	Train_Loss: 0.0231
	[280/282] 	Train_Loss: 0.0198
Epoch 109/150 	Time: 49초               	Train_Loss: 0.0189 	Val_Loss: 0.0198
	[70/282] 	Train_Loss: 0.0160
	[140/282] 	Train_Loss: 0.0162
	[210/282] 	Train_Loss: 0.0261
	[280/282] 	Train_Loss: 0.0196
Epoch 110/150 	Time: 49초               	Train_Loss: 0.0188 	Val_Loss: 0.0183
110epoch 모델 저장 완료
	[70/282] 	Train_Loss: 0.0269
	[140/282] 	Train_Loss: 0.0185
	[210/282] 	Train_Loss: 0.0192
	[280/282] 	Train_Loss: 0.0191
Epoch 111/150 	Time: 49초               	Train_Loss: 0.0192 	Val_Loss: 0.0221
	[70/282] 	Train_Loss: 0.0154
	[140/282] 	Train_Loss: 0.0185
	[210/282] 	Train_Loss: 0.0170
	[280/282] 	Train_Loss: 0.0200
Epoch 112/150 	Time: 49초               	Train_Loss: 0.0192 	Val_Loss: 0.0208
	[70/282] 	Train_Loss: 0.0224
	[140/282] 	Train_Loss: 0.0194
	[210/282] 	Train_Loss: 0.0154
	[280/282] 	Train_Loss: 0.0138
Epoch 113/150 	Time: 49초               	Train_Loss: 0.0189 	Val_Loss: 0.0195
	[70/282] 	Train_Loss: 0.0247
	[140/282] 	Train_Loss: 0.0192
	[210/282] 	Train_Loss: 0.0200
	[280/282] 	Train_Loss: 0.0152
Epoch 114/150 	Time: 49초               	Train_Loss: 0.0188 	Val_Loss: 0.0205
	[70/282] 	Train_Loss: 0.0207
	[140/282] 	Train_Loss: 0.0166
	[210/282] 	Train_Loss: 0.0141
	[280/282] 	Train_Loss: 0.0193
Epoch 115/150 	Time: 49초               	Train_Loss: 0.0190 	Val_Loss: 0.0183
115epoch 모델 저장 완료
	[70/282] 	Train_Loss: 0.0186
	[140/282] 	Train_Loss: 0.0182
	[210/282] 	Train_Loss: 0.0210
	[280/282] 	Train_Loss: 0.0158
Epoch 116/150 	Time: 49초               	Train_Loss: 0.0189 	Val_Loss: 0.0192
	[70/282] 	Train_Loss: 0.0218
	[140/282] 	Train_Loss: 0.0192
	[210/282] 	Train_Loss: 0.0159
	[280/282] 	Train_Loss: 0.0191
Epoch 117/150 	Time: 49초               	Train_Loss: 0.0190 	Val_Loss: 0.0193
	[70/282] 	Train_Loss: 0.0202
	[140/282] 	Train_Loss: 0.0194
	[210/282] 	Train_Loss: 0.0174
	[280/282] 	Train_Loss: 0.0269
Epoch 118/150 	Time: 49초               	Train_Loss: 0.0190 	Val_Loss: 0.0178
118epoch 모델 저장 완료
	[70/282] 	Train_Loss: 0.0147
	[140/282] 	Train_Loss: 0.0203
	[210/282] 	Train_Loss: 0.0156
	[280/282] 	Train_Loss: 0.0219
Epoch 119/150 	Time: 49초               	Train_Loss: 0.0187 	Val_Loss: 0.0219
	[70/282] 	Train_Loss: 0.0195
	[140/282] 	Train_Loss: 0.0123
	[210/282] 	Train_Loss: 0.0152
	[280/282] 	Train_Loss: 0.0183
Epoch 120/150 	Time: 49초               	Train_Loss: 0.0187 	Val_Loss: 0.0182
	[70/282] 	Train_Loss: 0.0197
	[140/282] 	Train_Loss: 0.0177
	[210/282] 	Train_Loss: 0.0275
	[280/282] 	Train_Loss: 0.0186
Epoch 121/150 	Time: 49초               	Train_Loss: 0.0186 	Val_Loss: 0.0196
	[70/282] 	Train_Loss: 0.0112
	[140/282] 	Train_Loss: 0.0146
	[210/282] 	Train_Loss: 0.0161
	[280/282] 	Train_Loss: 0.0149
Epoch 122/150 	Time: 49초               	Train_Loss: 0.0190 	Val_Loss: 0.0189
	[70/282] 	Train_Loss: 0.0165
	[140/282] 	Train_Loss: 0.0188
	[210/282] 	Train_Loss: 0.0149
	[280/282] 	Train_Loss: 0.0166
Epoch 123/150 	Time: 49초               	Train_Loss: 0.0190 	Val_Loss: 0.0194
	[70/282] 	Train_Loss: 0.0195
	[140/282] 	Train_Loss: 0.0213
	[210/282] 	Train_Loss: 0.0203
	[280/282] 	Train_Loss: 0.0178
Epoch 124/150 	Time: 49초               	Train_Loss: 0.0186 	Val_Loss: 0.0190
	[70/282] 	Train_Loss: 0.0164
	[140/282] 	Train_Loss: 0.0184
	[210/282] 	Train_Loss: 0.0220
	[280/282] 	Train_Loss: 0.0228
Epoch 125/150 	Time: 49초               	Train_Loss: 0.0185 	Val_Loss: 0.0192
	[70/282] 	Train_Loss: 0.0130
	[140/282] 	Train_Loss: 0.0279
	[210/282] 	Train_Loss: 0.0118
	[280/282] 	Train_Loss: 0.0165
Epoch 126/150 	Time: 49초               	Train_Loss: 0.0191 	Val_Loss: 0.0208
	[70/282] 	Train_Loss: 0.0122
	[140/282] 	Train_Loss: 0.0266
	[210/282] 	Train_Loss: 0.0141
	[280/282] 	Train_Loss: 0.0204
Epoch 127/150 	Time: 49초               	Train_Loss: 0.0188 	Val_Loss: 0.0192
	[70/282] 	Train_Loss: 0.0173
	[140/282] 	Train_Loss: 0.0170
	[210/282] 	Train_Loss: 0.0201
	[280/282] 	Train_Loss: 0.0214
Epoch 128/150 	Time: 49초               	Train_Loss: 0.0190 	Val_Loss: 0.0213
	[70/282] 	Train_Loss: 0.0172
	[140/282] 	Train_Loss: 0.0284
	[210/282] 	Train_Loss: 0.0231
	[280/282] 	Train_Loss: 0.0248
Epoch 129/150 	Time: 49초               	Train_Loss: 0.0189 	Val_Loss: 0.0188
	[70/282] 	Train_Loss: 0.0196
	[140/282] 	Train_Loss: 0.0127
	[210/282] 	Train_Loss: 0.0309
	[280/282] 	Train_Loss: 0.0123
Epoch 130/150 	Time: 49초               	Train_Loss: 0.0190 	Val_Loss: 0.0192
	[70/282] 	Train_Loss: 0.0257
	[140/282] 	Train_Loss: 0.0215
	[210/282] 	Train_Loss: 0.0159
	[280/282] 	Train_Loss: 0.0176
Epoch 131/150 	Time: 49초               	Train_Loss: 0.0186 	Val_Loss: 0.0183
	[70/282] 	Train_Loss: 0.0195
	[140/282] 	Train_Loss: 0.0175
	[210/282] 	Train_Loss: 0.0171
	[280/282] 	Train_Loss: 0.0258
Epoch 132/150 	Time: 49초               	Train_Loss: 0.0186 	Val_Loss: 0.0189
	[70/282] 	Train_Loss: 0.0194
	[140/282] 	Train_Loss: 0.0144
	[210/282] 	Train_Loss: 0.0249
	[280/282] 	Train_Loss: 0.0207
Epoch 133/150 	Time: 49초               	Train_Loss: 0.0188 	Val_Loss: 0.0191
	[70/282] 	Train_Loss: 0.0245
	[140/282] 	Train_Loss: 0.0200
	[210/282] 	Train_Loss: 0.0241
	[280/282] 	Train_Loss: 0.0134
Epoch 134/150 	Time: 49초               	Train_Loss: 0.0189 	Val_Loss: 0.0189
	[70/282] 	Train_Loss: 0.0182
	[140/282] 	Train_Loss: 0.0181
	[210/282] 	Train_Loss: 0.0223
	[280/282] 	Train_Loss: 0.0189
Epoch 135/150 	Time: 49초               	Train_Loss: 0.0182 	Val_Loss: 0.0198
	[70/282] 	Train_Loss: 0.0189
	[140/282] 	Train_Loss: 0.0148
	[210/282] 	Train_Loss: 0.0177
	[280/282] 	Train_Loss: 0.0191
Epoch 136/150 	Time: 49초               	Train_Loss: 0.0186 	Val_Loss: 0.0188
	[70/282] 	Train_Loss: 0.0148
	[140/282] 	Train_Loss: 0.0366
	[210/282] 	Train_Loss: 0.0214
	[280/282] 	Train_Loss: 0.0114
Epoch 137/150 	Time: 49초               	Train_Loss: 0.0185 	Val_Loss: 0.0194
	[70/282] 	Train_Loss: 0.0179
	[140/282] 	Train_Loss: 0.0182
	[210/282] 	Train_Loss: 0.0154
	[280/282] 	Train_Loss: 0.0220
Epoch 138/150 	Time: 49초               	Train_Loss: 0.0183 	Val_Loss: 0.0206
	[70/282] 	Train_Loss: 0.0144
	[140/282] 	Train_Loss: 0.0366
	[210/282] 	Train_Loss: 0.0214
	[280/282] 	Train_Loss: 0.0202
Epoch 139/150 	Time: 49초               	Train_Loss: 0.0184 	Val_Loss: 0.0182
	[70/282] 	Train_Loss: 0.0134
	[140/282] 	Train_Loss: 0.0145
	[210/282] 	Train_Loss: 0.0224
	[280/282] 	Train_Loss: 0.0180
Epoch 140/150 	Time: 49초               	Train_Loss: 0.0187 	Val_Loss: 0.0196
	[70/282] 	Train_Loss: 0.0196
	[140/282] 	Train_Loss: 0.0222
	[210/282] 	Train_Loss: 0.0156
	[280/282] 	Train_Loss: 0.0162
Epoch 141/150 	Time: 49초               	Train_Loss: 0.0187 	Val_Loss: 0.0190
	[70/282] 	Train_Loss: 0.0114
	[140/282] 	Train_Loss: 0.0199
	[210/282] 	Train_Loss: 0.0104
	[280/282] 	Train_Loss: 0.0141
Epoch 142/150 	Time: 49초               	Train_Loss: 0.0184 	Val_Loss: 0.0200
	[70/282] 	Train_Loss: 0.0148
	[140/282] 	Train_Loss: 0.0280
	[210/282] 	Train_Loss: 0.0191
	[280/282] 	Train_Loss: 0.0183
Epoch 143/150 	Time: 49초               	Train_Loss: 0.0186 	Val_Loss: 0.0191
	[70/282] 	Train_Loss: 0.0125
	[140/282] 	Train_Loss: 0.0143
	[210/282] 	Train_Loss: 0.0209
	[280/282] 	Train_Loss: 0.0166
Epoch 144/150 	Time: 49초               	Train_Loss: 0.0185 	Val_Loss: 0.0194
	[70/282] 	Train_Loss: 0.0168
	[140/282] 	Train_Loss: 0.0180
	[210/282] 	Train_Loss: 0.0245
	[280/282] 	Train_Loss: 0.0159
Epoch 145/150 	Time: 49초               	Train_Loss: 0.0183 	Val_Loss: 0.0246
	[70/282] 	Train_Loss: 0.0229
	[140/282] 	Train_Loss: 0.0162
	[210/282] 	Train_Loss: 0.0204
	[280/282] 	Train_Loss: 0.0225
Epoch 146/150 	Time: 49초               	Train_Loss: 0.0183 	Val_Loss: 0.0205
	[70/282] 	Train_Loss: 0.0241
	[140/282] 	Train_Loss: 0.0275
	[210/282] 	Train_Loss: 0.0182
	[280/282] 	Train_Loss: 0.0587
Epoch 147/150 	Time: 49초               	Train_Loss: 0.0188 	Val_Loss: 0.0192
	[70/282] 	Train_Loss: 0.0232
	[140/282] 	Train_Loss: 0.0206
	[210/282] 	Train_Loss: 0.0184
	[280/282] 	Train_Loss: 0.0191
Epoch 148/150 	Time: 49초               	Train_Loss: 0.0185 	Val_Loss: 0.0183
	[70/282] 	Train_Loss: 0.0185
	[140/282] 	Train_Loss: 0.0195
	[210/282] 	Train_Loss: 0.0121
	[280/282] 	Train_Loss: 0.0134
Epoch 149/150 	Time: 49초               	Train_Loss: 0.0181 	Val_Loss: 0.0189
	[70/282] 	Train_Loss: 0.0228
	[140/282] 	Train_Loss: 0.0152
	[210/282] 	Train_Loss: 0.0208
	[280/282] 	Train_Loss: 0.0133
Epoch 150/150 	Time: 49초               	Train_Loss: 0.0186 	Val_Loss: 0.0184
훈련 소요 시간: 2시간 2분 43초
done
