activate torch environment
mlp Activated Successfully

20230520-06:31:49
running: cuda, 	epoch: 150, 	batch: 64, 	lr: 0.004
----------------------------------------------------------------
        Layer (type)               Output Shape         Param #
================================================================
            Conv2d-1         [-1, 64, 128, 128]           1,792
              ReLU-2         [-1, 64, 128, 128]               0
            Conv2d-3         [-1, 64, 128, 128]          36,928
       BatchNorm2d-4         [-1, 64, 128, 128]             128
              ReLU-5         [-1, 64, 128, 128]               0
            Conv2d-6         [-1, 64, 128, 128]          36,928
       BatchNorm2d-7         [-1, 64, 128, 128]             128
              ReLU-8         [-1, 64, 128, 128]               0
            Conv2d-9         [-1, 64, 128, 128]          36,928
      BatchNorm2d-10         [-1, 64, 128, 128]             128
             ReLU-11         [-1, 64, 128, 128]               0
           Conv2d-12         [-1, 64, 128, 128]          36,928
      BatchNorm2d-13         [-1, 64, 128, 128]             128
             ReLU-14         [-1, 64, 128, 128]               0
           Conv2d-15         [-1, 64, 128, 128]          36,928
      BatchNorm2d-16         [-1, 64, 128, 128]             128
             ReLU-17         [-1, 64, 128, 128]               0
           Conv2d-18         [-1, 64, 128, 128]          36,928
      BatchNorm2d-19         [-1, 64, 128, 128]             128
             ReLU-20         [-1, 64, 128, 128]               0
           Conv2d-21         [-1, 64, 128, 128]          36,928
      BatchNorm2d-22         [-1, 64, 128, 128]             128
             ReLU-23         [-1, 64, 128, 128]               0
           Conv2d-24         [-1, 64, 128, 128]          36,928
      BatchNorm2d-25         [-1, 64, 128, 128]             128
             ReLU-26         [-1, 64, 128, 128]               0
           Conv2d-27         [-1, 64, 128, 128]          36,928
      BatchNorm2d-28         [-1, 64, 128, 128]             128
             ReLU-29         [-1, 64, 128, 128]               0
           Conv2d-30         [-1, 64, 128, 128]          36,928
      BatchNorm2d-31         [-1, 64, 128, 128]             128
             ReLU-32         [-1, 64, 128, 128]               0
           Conv2d-33         [-1, 64, 128, 128]          36,928
      BatchNorm2d-34         [-1, 64, 128, 128]             128
             ReLU-35         [-1, 64, 128, 128]               0
           Conv2d-36         [-1, 64, 128, 128]          36,928
      BatchNorm2d-37         [-1, 64, 128, 128]             128
             ReLU-38         [-1, 64, 128, 128]               0
           Conv2d-39         [-1, 64, 128, 128]          36,928
      BatchNorm2d-40         [-1, 64, 128, 128]             128
             ReLU-41         [-1, 64, 128, 128]               0
           Conv2d-42         [-1, 64, 128, 128]          36,928
      BatchNorm2d-43         [-1, 64, 128, 128]             128
             ReLU-44         [-1, 64, 128, 128]               0
           Conv2d-45         [-1, 64, 128, 128]          36,928
      BatchNorm2d-46         [-1, 64, 128, 128]             128
             ReLU-47         [-1, 64, 128, 128]               0
           Conv2d-48          [-1, 3, 128, 128]           1,731
================================================================
Total params: 559,363
Trainable params: 559,363
Non-trainable params: 0
----------------------------------------------------------------
Input size (MB): 0.19
Forward/backward pass size (MB): 376.38
Params size (MB): 2.13
Estimated Total Size (MB): 378.70
----------------------------------------------------------------
None
모델 학습 시작
Time: 50초 	Epoch 1/150, 	Loss: 0.0738
1epoch 모델 저장 완료
Time: 50초 	Epoch 2/150, 	Loss: 0.0353
2epoch 모델 저장 완료
Time: 50초 	Epoch 3/150, 	Loss: 0.0347
3epoch 모델 저장 완료
Time: 50초 	Epoch 4/150, 	Loss: 0.0345
4epoch 모델 저장 완료
Time: 50초 	Epoch 5/150, 	Loss: 0.0332
5epoch 모델 저장 완료
Time: 50초 	Epoch 6/150, 	Loss: 0.0332
Time: 50초 	Epoch 7/150, 	Loss: 0.0326
7epoch 모델 저장 완료
Time: 50초 	Epoch 8/150, 	Loss: 0.0324
8epoch 모델 저장 완료
Time: 50초 	Epoch 9/150, 	Loss: 0.0317
9epoch 모델 저장 완료
Time: 50초 	Epoch 10/150, 	Loss: 0.0301
10epoch 모델 저장 완료
Time: 50초 	Epoch 11/150, 	Loss: 0.0298
11epoch 모델 저장 완료
Time: 50초 	Epoch 12/150, 	Loss: 0.0283
12epoch 모델 저장 완료
Time: 50초 	Epoch 13/150, 	Loss: 0.0290
Time: 50초 	Epoch 14/150, 	Loss: 0.0277
14epoch 모델 저장 완료
Time: 50초 	Epoch 15/150, 	Loss: 0.0281
Time: 50초 	Epoch 16/150, 	Loss: 0.0269
16epoch 모델 저장 완료
Time: 50초 	Epoch 17/150, 	Loss: 0.0261
17epoch 모델 저장 완료
Time: 50초 	Epoch 18/150, 	Loss: 0.0268
Time: 50초 	Epoch 19/150, 	Loss: 0.0262
Time: 50초 	Epoch 20/150, 	Loss: 0.0257
20epoch 모델 저장 완료
Time: 50초 	Epoch 21/150, 	Loss: 0.0256
21epoch 모델 저장 완료
Time: 50초 	Epoch 22/150, 	Loss: 0.0253
22epoch 모델 저장 완료
Time: 50초 	Epoch 23/150, 	Loss: 0.0257
Time: 50초 	Epoch 24/150, 	Loss: 0.0248
24epoch 모델 저장 완료
Time: 50초 	Epoch 25/150, 	Loss: 0.0249
Time: 50초 	Epoch 26/150, 	Loss: 0.0250
Time: 50초 	Epoch 27/150, 	Loss: 0.0252
Time: 50초 	Epoch 28/150, 	Loss: 0.0239
28epoch 모델 저장 완료
Time: 50초 	Epoch 29/150, 	Loss: 0.0245
Time: 50초 	Epoch 30/150, 	Loss: 0.0246
Time: 50초 	Epoch 31/150, 	Loss: 0.0246
Time: 50초 	Epoch 32/150, 	Loss: 0.0238
32epoch 모델 저장 완료
Time: 50초 	Epoch 33/150, 	Loss: 0.0242
Time: 50초 	Epoch 34/150, 	Loss: 0.0239
Time: 50초 	Epoch 35/150, 	Loss: 0.0240
Time: 50초 	Epoch 36/150, 	Loss: 0.0234
36epoch 모델 저장 완료
Time: 50초 	Epoch 37/150, 	Loss: 0.0237
Time: 50초 	Epoch 38/150, 	Loss: 0.0237
Time: 50초 	Epoch 39/150, 	Loss: 0.0231
39epoch 모델 저장 완료
Time: 50초 	Epoch 40/150, 	Loss: 0.0233
Time: 50초 	Epoch 41/150, 	Loss: 0.0234
Time: 50초 	Epoch 42/150, 	Loss: 0.0236
Time: 50초 	Epoch 43/150, 	Loss: 0.0231
Time: 50초 	Epoch 44/150, 	Loss: 0.0229
44epoch 모델 저장 완료
Time: 50초 	Epoch 45/150, 	Loss: 0.0232
Time: 50초 	Epoch 46/150, 	Loss: 0.0229
46epoch 모델 저장 완료
Time: 50초 	Epoch 47/150, 	Loss: 0.0230
Time: 50초 	Epoch 48/150, 	Loss: 0.0231
Time: 50초 	Epoch 49/150, 	Loss: 0.0227
49epoch 모델 저장 완료
Time: 50초 	Epoch 50/150, 	Loss: 0.0228
Time: 50초 	Epoch 51/150, 	Loss: 0.0228
Time: 50초 	Epoch 52/150, 	Loss: 0.0228
Time: 50초 	Epoch 53/150, 	Loss: 0.0236
Time: 50초 	Epoch 54/150, 	Loss: 0.0233
Time: 50초 	Epoch 55/150, 	Loss: 0.0225
55epoch 모델 저장 완료
Time: 50초 	Epoch 56/150, 	Loss: 0.0226
Time: 50초 	Epoch 57/150, 	Loss: 0.0223
57epoch 모델 저장 완료
Time: 50초 	Epoch 58/150, 	Loss: 0.0221
58epoch 모델 저장 완료
Time: 50초 	Epoch 59/150, 	Loss: 0.0220
59epoch 모델 저장 완료
Time: 50초 	Epoch 60/150, 	Loss: 0.0232
Time: 50초 	Epoch 61/150, 	Loss: 0.0246
Time: 50초 	Epoch 62/150, 	Loss: 0.0232
Time: 50초 	Epoch 63/150, 	Loss: 0.0226
Time: 50초 	Epoch 64/150, 	Loss: 0.0219
64epoch 모델 저장 완료
Time: 50초 	Epoch 65/150, 	Loss: 0.0218
65epoch 모델 저장 완료
Time: 50초 	Epoch 66/150, 	Loss: 0.0218
66epoch 모델 저장 완료
Time: 50초 	Epoch 67/150, 	Loss: 0.0218
67epoch 모델 저장 완료
Time: 50초 	Epoch 68/150, 	Loss: 0.0216
68epoch 모델 저장 완료
Time: 50초 	Epoch 69/150, 	Loss: 0.0217
Time: 50초 	Epoch 70/150, 	Loss: 0.0224
Time: 50초 	Epoch 71/150, 	Loss: 0.0219
Time: 50초 	Epoch 72/150, 	Loss: 0.0211
72epoch 모델 저장 완료
Time: 50초 	Epoch 73/150, 	Loss: 0.0220
Time: 50초 	Epoch 74/150, 	Loss: 0.0212
Time: 50초 	Epoch 75/150, 	Loss: 0.0210
75epoch 모델 저장 완료
Time: 50초 	Epoch 76/150, 	Loss: 0.0216
Time: 50초 	Epoch 77/150, 	Loss: 0.0213
Time: 50초 	Epoch 78/150, 	Loss: 0.0210
Time: 50초 	Epoch 79/150, 	Loss: 0.0213
Time: 50초 	Epoch 80/150, 	Loss: 0.0209
80epoch 모델 저장 완료
Time: 50초 	Epoch 81/150, 	Loss: 0.0210
Time: 50초 	Epoch 82/150, 	Loss: 0.0208
82epoch 모델 저장 완료
Time: 50초 	Epoch 83/150, 	Loss: 0.0214
Time: 50초 	Epoch 84/150, 	Loss: 0.0209
Time: 50초 	Epoch 85/150, 	Loss: 0.0203
85epoch 모델 저장 완료
Time: 50초 	Epoch 86/150, 	Loss: 0.0207
Time: 50초 	Epoch 87/150, 	Loss: 0.0230
Time: 50초 	Epoch 88/150, 	Loss: 0.0229
Time: 50초 	Epoch 89/150, 	Loss: 0.0219
Time: 50초 	Epoch 90/150, 	Loss: 0.0213
Time: 50초 	Epoch 91/150, 	Loss: 0.0208
Time: 50초 	Epoch 92/150, 	Loss: 0.0208
Time: 50초 	Epoch 93/150, 	Loss: 0.0206
Time: 50초 	Epoch 94/150, 	Loss: 0.0208
Time: 50초 	Epoch 95/150, 	Loss: 0.0208
Time: 50초 	Epoch 96/150, 	Loss: 0.0204
Time: 50초 	Epoch 97/150, 	Loss: 0.0205
Time: 50초 	Epoch 98/150, 	Loss: 0.0201
98epoch 모델 저장 완료
Time: 50초 	Epoch 99/150, 	Loss: 0.0207
Time: 50초 	Epoch 100/150, 	Loss: 0.0205
Time: 50초 	Epoch 101/150, 	Loss: 0.0202
Time: 50초 	Epoch 102/150, 	Loss: 0.0198
102epoch 모델 저장 완료
Time: 50초 	Epoch 103/150, 	Loss: 0.0205
Time: 50초 	Epoch 104/150, 	Loss: 0.0202
Time: 50초 	Epoch 105/150, 	Loss: 0.0204
Time: 50초 	Epoch 106/150, 	Loss: 0.0206
Time: 50초 	Epoch 107/150, 	Loss: 0.0203
Time: 50초 	Epoch 108/150, 	Loss: 0.0199
Time: 50초 	Epoch 109/150, 	Loss: 0.0195
109epoch 모델 저장 완료
Time: 50초 	Epoch 110/150, 	Loss: 0.0197
Time: 50초 	Epoch 111/150, 	Loss: 0.0195
Time: 50초 	Epoch 112/150, 	Loss: 0.0199
Time: 50초 	Epoch 113/150, 	Loss: 0.0202
Time: 50초 	Epoch 114/150, 	Loss: 0.0196
Time: 50초 	Epoch 115/150, 	Loss: 0.0200
Time: 50초 	Epoch 116/150, 	Loss: 0.0195
116epoch 모델 저장 완료
Time: 50초 	Epoch 117/150, 	Loss: 0.0195
Time: 50초 	Epoch 118/150, 	Loss: 0.0196
Time: 50초 	Epoch 119/150, 	Loss: 0.0197
Time: 50초 	Epoch 120/150, 	Loss: 0.0193
120epoch 모델 저장 완료
Time: 50초 	Epoch 121/150, 	Loss: 0.0194
Time: 50초 	Epoch 122/150, 	Loss: 0.0193
Time: 50초 	Epoch 123/150, 	Loss: 0.0194
Time: 50초 	Epoch 124/150, 	Loss: 0.0191
124epoch 모델 저장 완료
Time: 50초 	Epoch 125/150, 	Loss: 0.0197
Time: 50초 	Epoch 126/150, 	Loss: 0.0197
Time: 50초 	Epoch 127/150, 	Loss: 0.0198
Time: 50초 	Epoch 128/150, 	Loss: 0.0198
Time: 50초 	Epoch 129/150, 	Loss: 0.0193
Time: 50초 	Epoch 130/150, 	Loss: 0.0192
Time: 50초 	Epoch 131/150, 	Loss: 0.0198
Time: 50초 	Epoch 132/150, 	Loss: 0.0193
Time: 50초 	Epoch 133/150, 	Loss: 0.0190
133epoch 모델 저장 완료
Time: 50초 	Epoch 134/150, 	Loss: 0.0192
Time: 50초 	Epoch 135/150, 	Loss: 0.0190
Time: 50초 	Epoch 136/150, 	Loss: 0.0193
Time: 50초 	Epoch 137/150, 	Loss: 0.0194
Time: 50초 	Epoch 138/150, 	Loss: 0.0194
Time: 50초 	Epoch 139/150, 	Loss: 0.0194
Time: 50초 	Epoch 140/150, 	Loss: 0.0195
Time: 50초 	Epoch 141/150, 	Loss: 0.0188
141epoch 모델 저장 완료
Time: 50초 	Epoch 142/150, 	Loss: 0.0191
Time: 50초 	Epoch 143/150, 	Loss: 0.0191
Time: 50초 	Epoch 144/150, 	Loss: 0.0189
Time: 50초 	Epoch 145/150, 	Loss: 0.0188
145epoch 모델 저장 완료
Time: 50초 	Epoch 146/150, 	Loss: 0.0191
Time: 50초 	Epoch 147/150, 	Loss: 0.0188
Time: 50초 	Epoch 148/150, 	Loss: 0.0193
Time: 50초 	Epoch 149/150, 	Loss: 0.0188
Time: 50초 	Epfr
훈련 소요 시간: 2시간 4분 54초
done
